[ 2014-08-15T14:55:09+08:00 ] 0.0.0.0 /tp_jun/
INFO: [ app_begin ] --START--
INFO: Run ReadHtmlCache Behavior [ RunTime:0.001803s ]
INFO: [ app_begin ] --END-- [ RunTime:0.002453s ]
SQL: SHOW COLUMNS FROM `tp_workdynamic` [ RunTime:0.010148s ]
SQL: SELECT * FROM `tp_workdynamic` WHERE ( id<11 )  [ RunTime:0.002254s ]
INFO: [ view_template ] --START--
INFO: Run LocationTemplate Behavior [ RunTime:0.001744s ]
INFO: [ view_template ] --END-- [ RunTime:0.001911s ]
INFO: [ view_parse ] --START--
INFO: Run ParseTemplate Behavior [ RunTime:0.019083s ]
INFO: [ view_parse ] --END-- [ RunTime:0.019245s ]
INFO: [ view_filter ] --START--
INFO: Run ContentReplace Behavior [ RunTime:0.001043s ]
INFO: Run TokenBuild Behavior [ RunTime:0.001244s ]
INFO: Run WriteHtmlCache Behavior [ RunTime:0.001144s ]
INFO: Run ShowRuntime Behavior [ RunTime:0.001234s ]
INFO: [ view_filter ] --END-- [ RunTime:0.005121s ]
INFO: [ view_end ] --START--
INFO: Run ShowPageTrace Behavior [ RunTime:0.001093s ]
INFO: [ view_end ] --END-- [ RunTime:0.001202s ]

[ 2014-08-15T14:55:32+08:00 ] 0.0.0.0 /tp_jun/index.php/Work/index
INFO: [ route_check ] --START--
INFO: Run CheckRoute Behavior [ RunTime:0.001405s ]
INFO: [ route_check ] --END-- [ RunTime:0.001555s ]
INFO: [ app_begin ] --START--
INFO: Run ReadHtmlCache Behavior [ RunTime:0.000626s ]
INFO: [ app_begin ] --END-- [ RunTime:0.000722s ]
SQL: SHOW COLUMNS FROM `tp_workdynamic` [ RunTime:0.002537s ]
SQL: SELECT COUNT(*) AS tp_count FROM `tp_workdynamic` LIMIT 1   [ RunTime:0.000842s ]
SQL: SELECT * FROM `tp_workdynamic` ORDER BY id LIMIT 0,14   [ RunTime:0.000669s ]
INFO: [ view_template ] --START--
INFO: Run LocationTemplate Behavior [ RunTime:0.001257s ]
INFO: [ view_template ] --END-- [ RunTime:0.001387s ]
INFO: [ view_parse ] --START--
INFO: Run ParseTemplate Behavior [ RunTime:0.010783s ]
INFO: [ view_parse ] --END-- [ RunTime:0.010890s ]
INFO: [ view_filter ] --START--
INFO: Run ContentReplace Behavior [ RunTime:0.000573s ]
INFO: Run TokenBuild Behavior [ RunTime:0.000462s ]
INFO: Run WriteHtmlCache Behavior [ RunTime:0.000377s ]
INFO: Run ShowRuntime Behavior [ RunTime:0.000532s ]
INFO: [ view_filter ] --END-- [ RunTime:0.002179s ]
INFO: [ view_end ] --START--
INFO: Run ShowPageTrace Behavior [ RunTime:0.000725s ]
INFO: [ view_end ] --END-- [ RunTime:0.000818s ]

[ 2014-08-15T14:55:34+08:00 ] 0.0.0.0 /tp_jun/index.php/Work/docontent/?id=3
INFO: [ route_check ] --START--
INFO: Run CheckRoute Behavior [ RunTime:0.000877s ]
INFO: [ route_check ] --END-- [ RunTime:0.001016s ]
INFO: [ app_begin ] --START--
INFO: Run ReadHtmlCache Behavior [ RunTime:0.000579s ]
INFO: [ app_begin ] --END-- [ RunTime:0.000693s ]
SQL: SHOW COLUMNS FROM `tp_workdynamic` [ RunTime:0.002622s ]
SQL: SELECT `content` FROM `tp_workdynamic` WHERE ( `id` = 3 ) LIMIT 1   [ RunTime:0.000982s ]
INFO: [ view_template ] --START--
INFO: Run LocationTemplate Behavior [ RunTime:0.001250s ]
INFO: [ view_template ] --END-- [ RunTime:0.001424s ]
INFO: [ view_parse ] --START--
INFO: Run ParseTemplate Behavior [ RunTime:0.008403s ]
INFO: [ view_parse ] --END-- [ RunTime:0.008574s ]
INFO: [ view_filter ] --START--
INFO: Run ContentReplace Behavior [ RunTime:0.000484s ]
INFO: Run TokenBuild Behavior [ RunTime:0.000421s ]
INFO: Run WriteHtmlCache Behavior [ RunTime:0.000311s ]
INFO: Run ShowRuntime Behavior [ RunTime:0.000529s ]
INFO: [ view_filter ] --END-- [ RunTime:0.002027s ]
INFO: [ view_end ] --START--
INFO: Run ShowPageTrace Behavior [ RunTime:0.000668s ]
INFO: [ view_end ] --END-- [ RunTime:0.000768s ]

[ 2014-08-15T14:55:36+08:00 ] 0.0.0.0 /tp_jun/index.php/Work/index
INFO: [ route_check ] --START--
INFO: Run CheckRoute Behavior [ RunTime:0.000885s ]
INFO: [ route_check ] --END-- [ RunTime:0.001061s ]
INFO: [ app_begin ] --START--
INFO: Run ReadHtmlCache Behavior [ RunTime:0.000623s ]
INFO: [ app_begin ] --END-- [ RunTime:0.000739s ]
SQL: SHOW COLUMNS FROM `tp_workdynamic` [ RunTime:0.002524s ]
SQL: SELECT COUNT(*) AS tp_count FROM `tp_workdynamic` LIMIT 1   [ RunTime:0.000173s ]
SQL: SELECT * FROM `tp_workdynamic` ORDER BY id LIMIT 0,14   [ RunTime:0.000519s ]
INFO: [ view_template ] --START--
INFO: Run LocationTemplate Behavior [ RunTime:0.000619s ]
INFO: [ view_template ] --END-- [ RunTime:0.000744s ]
INFO: [ view_parse ] --START--
INFO: Run ParseTemplate Behavior [ RunTime:0.010267s ]
INFO: [ view_parse ] --END-- [ RunTime:0.010481s ]
INFO: [ view_filter ] --START--
INFO: Run ContentReplace Behavior [ RunTime:0.000731s ]
INFO: Run TokenBuild Behavior [ RunTime:0.000436s ]
INFO: Run WriteHtmlCache Behavior [ RunTime:0.000303s ]
INFO: Run ShowRuntime Behavior [ RunTime:0.000590s ]
INFO: [ view_filter ] --END-- [ RunTime:0.002386s ]
INFO: [ view_end ] --START--
INFO: Run ShowPageTrace Behavior [ RunTime:0.000671s ]
INFO: [ view_end ] --END-- [ RunTime:0.000771s ]

[ 2014-08-15T14:55:37+08:00 ] 0.0.0.0 /tp_jun/index.php/Work/docontent/?id=4
INFO: [ route_check ] --START--
INFO: Run CheckRoute Behavior [ RunTime:0.000804s ]
INFO: [ route_check ] --END-- [ RunTime:0.000933s ]
INFO: [ app_begin ] --START--
INFO: Run ReadHtmlCache Behavior [ RunTime:0.000598s ]
INFO: [ app_begin ] --END-- [ RunTime:0.000740s ]
SQL: SHOW COLUMNS FROM `tp_workdynamic` [ RunTime:0.002758s ]
SQL: SELECT `content` FROM `tp_workdynamic` WHERE ( `id` = 4 ) LIMIT 1   [ RunTime:0.000256s ]
INFO: [ view_template ] --START--
INFO: Run LocationTemplate Behavior [ RunTime:0.000636s ]
INFO: [ view_template ] --END-- [ RunTime:0.000751s ]
INFO: [ view_parse ] --START--
INFO: Run ParseTemplate Behavior [ RunTime:0.008747s ]
INFO: [ view_parse ] --END-- [ RunTime:0.008915s ]
INFO: [ view_filter ] --START--
INFO: Run ContentReplace Behavior [ RunTime:0.000482s ]
INFO: Run TokenBuild Behavior [ RunTime:0.000437s ]
INFO: Run WriteHtmlCache Behavior [ RunTime:0.000334s ]
INFO: Run ShowRuntime Behavior [ RunTime:0.000629s ]
INFO: [ view_filter ] --END-- [ RunTime:0.002246s ]
INFO: [ view_end ] --START--
INFO: Run ShowPageTrace Behavior [ RunTime:0.000669s ]
INFO: [ view_end ] --END-- [ RunTime:0.000770s ]

[ 2014-08-15T14:55:40+08:00 ] 0.0.0.0 /tp_jun/index.php/Work/index
INFO: [ route_check ] --START--
INFO: Run CheckRoute Behavior [ RunTime:0.000796s ]
INFO: [ route_check ] --END-- [ RunTime:0.000901s ]
INFO: [ app_begin ] --START--
INFO: Run ReadHtmlCache Behavior [ RunTime:0.000490s ]
INFO: [ app_begin ] --END-- [ RunTime:0.000577s ]
SQL: SHOW COLUMNS FROM `tp_workdynamic` [ RunTime:0.002581s ]
SQL: SELECT COUNT(*) AS tp_count FROM `tp_workdynamic` LIMIT 1   [ RunTime:0.000169s ]
SQL: SELECT * FROM `tp_workdynamic` ORDER BY id LIMIT 0,14   [ RunTime:0.000439s ]
INFO: [ view_template ] --START--
INFO: Run LocationTemplate Behavior [ RunTime:0.000548s ]
INFO: [ view_template ] --END-- [ RunTime:0.000656s ]
INFO: [ view_parse ] --START--
INFO: Run ParseTemplate Behavior [ RunTime:0.010105s ]
INFO: [ view_parse ] --END-- [ RunTime:0.010240s ]
INFO: [ view_filter ] --START--
INFO: Run ContentReplace Behavior [ RunTime:0.000490s ]
INFO: Run TokenBuild Behavior [ RunTime:0.000428s ]
INFO: Run WriteHtmlCache Behavior [ RunTime:0.000288s ]
INFO: Run ShowRuntime Behavior [ RunTime:0.000520s ]
INFO: [ view_filter ] --END-- [ RunTime:0.001999s ]
INFO: [ view_end ] --START--
INFO: Run ShowPageTrace Behavior [ RunTime:0.000659s ]
INFO: [ view_end ] --END-- [ RunTime:0.000780s ]

[ 2014-08-15T14:55:42+08:00 ] 0.0.0.0 /tp_jun/index.php/Work/docontent/?id=4
INFO: [ route_check ] --START--
INFO: Run CheckRoute Behavior [ RunTime:0.000865s ]
INFO: [ route_check ] --END-- [ RunTime:0.001005s ]
INFO: [ app_begin ] --START--
INFO: Run ReadHtmlCache Behavior [ RunTime:0.000569s ]
INFO: [ app_begin ] --END-- [ RunTime:0.000683s ]
SQL: SHOW COLUMNS FROM `tp_workdynamic` [ RunTime:0.002480s ]
SQL: SELECT `content` FROM `tp_workdynamic` WHERE ( `id` = 4 ) LIMIT 1   [ RunTime:0.000265s ]
INFO: [ view_template ] --START--
INFO: Run LocationTemplate Behavior [ RunTime:0.000699s ]
INFO: [ view_template ] --END-- [ RunTime:0.000817s ]
INFO: [ view_parse ] --START--
INFO: Run ParseTemplate Behavior [ RunTime:0.008146s ]
INFO: [ view_parse ] --END-- [ RunTime:0.008319s ]
INFO: [ view_filter ] --START--
INFO: Run ContentReplace Behavior [ RunTime:0.000739s ]
INFO: Run TokenBuild Behavior [ RunTime:0.000663s ]
INFO: Run WriteHtmlCache Behavior [ RunTime:0.000308s ]
INFO: Run ShowRuntime Behavior [ RunTime:0.000814s ]
INFO: [ view_filter ] --END-- [ RunTime:0.002891s ]
INFO: [ view_end ] --START--
INFO: Run ShowPageTrace Behavior [ RunTime:0.000557s ]
INFO: [ view_end ] --END-- [ RunTime:0.000638s ]

[ 2014-08-15T14:55:47+08:00 ] 0.0.0.0 /tp_jun/index.php/Serve/index
INFO: [ route_check ] --START--
INFO: Run CheckRoute Behavior [ RunTime:0.000771s ]
INFO: [ route_check ] --END-- [ RunTime:0.000902s ]
INFO: [ app_begin ] --START--
INFO: Run ReadHtmlCache Behavior [ RunTime:0.000584s ]
INFO: [ app_begin ] --END-- [ RunTime:0.000699s ]
INFO: [ view_template ] --START--
INFO: Run LocationTemplate Behavior [ RunTime:0.000955s ]
INFO: [ view_template ] --END-- [ RunTime:0.001121s ]
INFO: [ view_parse ] --START--
INFO: Run ParseTemplate Behavior [ RunTime:0.009639s ]
INFO: [ view_parse ] --END-- [ RunTime:0.009790s ]
INFO: [ view_filter ] --START--
INFO: Run ContentReplace Behavior [ RunTime:0.000490s ]
INFO: Run TokenBuild Behavior [ RunTime:0.000525s ]
INFO: Run WriteHtmlCache Behavior [ RunTime:0.000341s ]
INFO: Run ShowRuntime Behavior [ RunTime:0.000519s ]
INFO: [ view_filter ] --END-- [ RunTime:0.002153s ]
INFO: [ view_end ] --START--
INFO: Run ShowPageTrace Behavior [ RunTime:0.000604s ]
INFO: [ view_end ] --END-- [ RunTime:0.000696s ]

[ 2014-08-15T14:55:47+08:00 ] 0.0.0.0 /tp_jun/index.php/Public/code
INFO: [ route_check ] --START--
INFO: Run CheckRoute Behavior [ RunTime:0.001670s ]
INFO: [ route_check ] --END-- [ RunTime:0.001923s ]
INFO: [ app_begin ] --START--
INFO: Run ReadHtmlCache Behavior [ RunTime:0.000967s ]
INFO: [ app_begin ] --END-- [ RunTime:0.001166s ]

[ 2014-08-15T14:57:27+08:00 ] 0.0.0.0 /tp_jun/index.php/Index/index
INFO: [ route_check ] --START--
INFO: Run CheckRoute Behavior [ RunTime:0.000759s ]
INFO: [ route_check ] --END-- [ RunTime:0.000931s ]
INFO: [ app_begin ] --START--
INFO: Run ReadHtmlCache Behavior [ RunTime:0.000737s ]
INFO: [ app_begin ] --END-- [ RunTime:0.000905s ]
SQL: SHOW COLUMNS FROM `tp_workdynamic` [ RunTime:0.003152s ]
SQL: SELECT * FROM `tp_workdynamic` WHERE ( id<11 )  [ RunTime:0.000762s ]
INFO: [ view_template ] --START--
INFO: Run LocationTemplate Behavior [ RunTime:0.001083s ]
INFO: [ view_template ] --END-- [ RunTime:0.001214s ]
INFO: [ view_parse ] --START--
INFO: Run ParseTemplate Behavior [ RunTime:0.016761s ]
INFO: [ view_parse ] --END-- [ RunTime:0.016931s ]
INFO: [ view_filter ] --START--
INFO: Run ContentReplace Behavior [ RunTime:0.000763s ]
INFO: Run TokenBuild Behavior [ RunTime:0.000658s ]
INFO: Run WriteHtmlCache Behavior [ RunTime:0.000429s ]
INFO: Run ShowRuntime Behavior [ RunTime:0.000721s ]
INFO: [ view_filter ] --END-- [ RunTime:0.002979s ]
INFO: [ view_end ] --START--
INFO: Run ShowPageTrace Behavior [ RunTime:0.000730s ]
INFO: [ view_end ] --END-- [ RunTime:0.000886s ]

[ 2014-08-15T14:58:10+08:00 ] 0.0.0.0 /tp_jun/index.php
INFO: [ app_begin ] --START--
INFO: Run ReadHtmlCache Behavior [ RunTime:0.000656s ]
INFO: [ app_begin ] --END-- [ RunTime:0.000808s ]
SQL: SHOW COLUMNS FROM `tp_workdynamic` [ RunTime:0.002619s ]
SQL: SELECT * FROM `tp_workdynamic` WHERE ( id<11 )  [ RunTime:0.000509s ]
INFO: [ view_template ] --START--
INFO: Run LocationTemplate Behavior [ RunTime:0.000889s ]
INFO: [ view_template ] --END-- [ RunTime:0.001017s ]
INFO: [ view_parse ] --START--
INFO: Run ParseTemplate Behavior [ RunTime:0.011340s ]
INFO: [ view_parse ] --END-- [ RunTime:0.011464s ]
INFO: [ view_filter ] --START--
INFO: Run ContentReplace Behavior [ RunTime:0.000461s ]
INFO: Run TokenBuild Behavior [ RunTime:0.000387s ]
INFO: Run WriteHtmlCache Behavior [ RunTime:0.000266s ]
INFO: Run ShowRuntime Behavior [ RunTime:0.000499s ]
INFO: [ view_filter ] --END-- [ RunTime:0.001911s ]
INFO: [ view_end ] --START--
INFO: Run ShowPageTrace Behavior [ RunTime:0.000519s ]
INFO: [ view_end ] --END-- [ RunTime:0.000640s ]

