[ 2014-09-08T18:31:15+08:00 ] 0.0.0.0 /tp_jun/
INFO: [ app_begin ] --START--
INFO: Run ReadHtmlCache Behavior [ RunTime:0.001458s ]
INFO: [ app_begin ] --END-- [ RunTime:0.002651s ]
SQL: SHOW COLUMNS FROM `tp_workdynamic` [ RunTime:0.014107s ]
SQL: SELECT * FROM `tp_workdynamic` ORDER BY time LIMIT 8   [ RunTime:0.002282s ]
SQL: SHOW COLUMNS FROM `tp_education` [ RunTime:0.006873s ]
SQL: SELECT * FROM `tp_education` ORDER BY time LIMIT 8   [ RunTime:0.001429s ]
SQL: SHOW COLUMNS FROM `tp_notice` [ RunTime:0.004695s ]
SQL: SELECT * FROM `tp_notice` ORDER BY time LIMIT 8   [ RunTime:0.000591s ]
SQL: SHOW COLUMNS FROM `tp_military` [ RunTime:0.003812s ]
SQL: SELECT * FROM `tp_military` ORDER BY time LIMIT 8   [ RunTime:0.000867s ]
SQL: SHOW COLUMNS FROM `tp_photo` [ RunTime:0.003035s ]
ERR: Table 'web_jxt.tp_photo' doesn't exist
 [ SQL语句 ] : SHOW COLUMNS FROM `tp_photo`
SQL: SELECT * FROM `tp_photo`  [ RunTime:0.000289s ]
ERR: Table 'web_jxt.tp_photo' doesn't exist
 [ SQL语句 ] : SELECT * FROM `tp_photo` 
INFO: [ view_template ] --START--
INFO: Run LocationTemplate Behavior [ RunTime:0.001152s ]
INFO: [ view_template ] --END-- [ RunTime:0.001259s ]
INFO: [ view_parse ] --START--
INFO: Run ParseTemplate Behavior [ RunTime:0.031341s ]
INFO: [ view_parse ] --END-- [ RunTime:0.031554s ]
INFO: [ view_filter ] --START--
INFO: Run ContentReplace Behavior [ RunTime:0.001167s ]
INFO: Run TokenBuild Behavior [ RunTime:0.000992s ]
INFO: Run WriteHtmlCache Behavior [ RunTime:0.001072s ]
INFO: Run ShowRuntime Behavior [ RunTime:0.000892s ]
INFO: [ view_filter ] --END-- [ RunTime:0.004660s ]
INFO: [ view_end ] --START--
INFO: Run ShowPageTrace Behavior [ RunTime:0.000880s ]
INFO: [ view_end ] --END-- [ RunTime:0.000986s ]

[ 2014-09-08T18:31:30+08:00 ] 0.0.0.0 /tp_jun/index.php/Index/index
INFO: [ route_check ] --START--
INFO: Run CheckRoute Behavior [ RunTime:0.001703s ]
INFO: [ route_check ] --END-- [ RunTime:0.001930s ]
INFO: [ app_begin ] --START--
INFO: Run ReadHtmlCache Behavior [ RunTime:0.001269s ]
INFO: [ app_begin ] --END-- [ RunTime:0.001456s ]
SQL: SHOW COLUMNS FROM `tp_workdynamic` [ RunTime:0.002201s ]
SQL: SELECT * FROM `tp_workdynamic` ORDER BY time LIMIT 8   [ RunTime:0.000547s ]
SQL: SHOW COLUMNS FROM `tp_education` [ RunTime:0.002416s ]
SQL: SELECT * FROM `tp_education` ORDER BY time LIMIT 8   [ RunTime:0.000453s ]
SQL: SHOW COLUMNS FROM `tp_notice` [ RunTime:0.002232s ]
SQL: SELECT * FROM `tp_notice` ORDER BY time LIMIT 8   [ RunTime:0.000283s ]
SQL: SHOW COLUMNS FROM `tp_military` [ RunTime:0.002399s ]
SQL: SELECT * FROM `tp_military` ORDER BY time LIMIT 8   [ RunTime:0.000370s ]
SQL: SHOW COLUMNS FROM `tp_photo` [ RunTime:0.001948s ]
ERR: Table 'web_jxt.tp_photo' doesn't exist
 [ SQL语句 ] : SHOW COLUMNS FROM `tp_photo`
SQL: SELECT * FROM `tp_photo`  [ RunTime:0.000279s ]
ERR: Table 'web_jxt.tp_photo' doesn't exist
 [ SQL语句 ] : SELECT * FROM `tp_photo` 
INFO: [ view_template ] --START--
INFO: Run LocationTemplate Behavior [ RunTime:0.000978s ]
INFO: [ view_template ] --END-- [ RunTime:0.001168s ]
INFO: [ view_parse ] --START--
INFO: Run ParseTemplate Behavior [ RunTime:0.022789s ]
INFO: [ view_parse ] --END-- [ RunTime:0.022926s ]
INFO: [ view_filter ] --START--
INFO: Run ContentReplace Behavior [ RunTime:0.000631s ]
INFO: Run TokenBuild Behavior [ RunTime:0.000501s ]
INFO: Run WriteHtmlCache Behavior [ RunTime:0.000836s ]
INFO: Run ShowRuntime Behavior [ RunTime:0.000973s ]
INFO: [ view_filter ] --END-- [ RunTime:0.003298s ]
INFO: [ view_end ] --START--
INFO: Run ShowPageTrace Behavior [ RunTime:0.000793s ]
INFO: [ view_end ] --END-- [ RunTime:0.000911s ]

[ 2014-09-08T18:31:32+08:00 ] 0.0.0.0 /tp_jun/index.php/Brief/index
INFO: [ route_check ] --START--
INFO: Run CheckRoute Behavior [ RunTime:0.000936s ]
INFO: [ route_check ] --END-- [ RunTime:0.001082s ]
INFO: [ app_begin ] --START--
INFO: Run ReadHtmlCache Behavior [ RunTime:0.000550s ]
INFO: [ app_begin ] --END-- [ RunTime:0.000652s ]
INFO: [ view_template ] --START--
INFO: Run LocationTemplate Behavior [ RunTime:0.000635s ]
INFO: [ view_template ] --END-- [ RunTime:0.000742s ]
INFO: [ view_parse ] --START--
INFO: Run ParseTemplate Behavior [ RunTime:0.007515s ]
INFO: [ view_parse ] --END-- [ RunTime:0.007664s ]
INFO: [ view_filter ] --START--
INFO: Run ContentReplace Behavior [ RunTime:0.000639s ]
INFO: Run TokenBuild Behavior [ RunTime:0.000593s ]
INFO: Run WriteHtmlCache Behavior [ RunTime:0.000731s ]
INFO: Run ShowRuntime Behavior [ RunTime:0.000708s ]
INFO: [ view_filter ] --END-- [ RunTime:0.003071s ]
INFO: [ view_end ] --START--
INFO: Run ShowPageTrace Behavior [ RunTime:0.000856s ]
INFO: [ view_end ] --END-- [ RunTime:0.001017s ]

[ 2014-09-08T18:31:34+08:00 ] 0.0.0.0 /tp_jun/index.php/Military/index
INFO: [ route_check ] --START--
INFO: Run CheckRoute Behavior [ RunTime:0.001124s ]
INFO: [ route_check ] --END-- [ RunTime:0.001330s ]
INFO: [ app_begin ] --START--
INFO: Run ReadHtmlCache Behavior [ RunTime:0.000857s ]
INFO: [ app_begin ] --END-- [ RunTime:0.001036s ]
SQL: SHOW COLUMNS FROM `tp_military` [ RunTime:0.003357s ]
SQL: SELECT COUNT(*) AS tp_count FROM `tp_military` LIMIT 1   [ RunTime:0.002726s ]
SQL: SELECT * FROM `tp_military` ORDER BY id LIMIT 0,14   [ RunTime:0.000500s ]
INFO: [ view_template ] --START--
INFO: Run LocationTemplate Behavior [ RunTime:0.001138s ]
INFO: [ view_template ] --END-- [ RunTime:0.001309s ]
INFO: [ view_parse ] --START--
INFO: Run ParseTemplate Behavior [ RunTime:0.015754s ]
INFO: [ view_parse ] --END-- [ RunTime:0.015939s ]
INFO: [ view_filter ] --START--
INFO: Run ContentReplace Behavior [ RunTime:0.000690s ]
INFO: Run TokenBuild Behavior [ RunTime:0.000827s ]
INFO: Run WriteHtmlCache Behavior [ RunTime:0.000521s ]
INFO: Run ShowRuntime Behavior [ RunTime:0.000742s ]
INFO: [ view_filter ] --END-- [ RunTime:0.003188s ]
INFO: [ view_end ] --START--
INFO: Run ShowPageTrace Behavior [ RunTime:0.000613s ]
INFO: [ view_end ] --END-- [ RunTime:0.000745s ]

[ 2014-09-08T18:31:36+08:00 ] 0.0.0.0 /tp_jun/index.php/Education/index
INFO: [ route_check ] --START--
INFO: Run CheckRoute Behavior [ RunTime:0.001056s ]
INFO: [ route_check ] --END-- [ RunTime:0.001250s ]
INFO: [ app_begin ] --START--
INFO: Run ReadHtmlCache Behavior [ RunTime:0.000530s ]
INFO: [ app_begin ] --END-- [ RunTime:0.000631s ]
SQL: SHOW COLUMNS FROM `tp_education` [ RunTime:0.002372s ]
SQL: SELECT COUNT(*) AS tp_count FROM `tp_education` LIMIT 1   [ RunTime:0.000230s ]
SQL: SELECT * FROM `tp_education` ORDER BY id LIMIT 0,14   [ RunTime:0.000423s ]
INFO: [ view_template ] --START--
INFO: Run LocationTemplate Behavior [ RunTime:0.000734s ]
INFO: [ view_template ] --END-- [ RunTime:0.000836s ]
INFO: [ view_parse ] --START--
INFO: Run ParseTemplate Behavior [ RunTime:0.011170s ]
INFO: [ view_parse ] --END-- [ RunTime:0.011323s ]
INFO: [ view_filter ] --START--
INFO: Run ContentReplace Behavior [ RunTime:0.000693s ]
INFO: Run TokenBuild Behavior [ RunTime:0.000639s ]
INFO: Run WriteHtmlCache Behavior [ RunTime:0.000403s ]
INFO: Run ShowRuntime Behavior [ RunTime:0.000716s ]
INFO: [ view_filter ] --END-- [ RunTime:0.002959s ]
INFO: [ view_end ] --START--
INFO: Run ShowPageTrace Behavior [ RunTime:0.000828s ]
INFO: [ view_end ] --END-- [ RunTime:0.000997s ]

[ 2014-09-08T18:31:39+08:00 ] 0.0.0.0 /tp_jun/index.php/Album/index
INFO: [ route_check ] --START--
INFO: Run CheckRoute Behavior [ RunTime:0.001087s ]
INFO: [ route_check ] --END-- [ RunTime:0.001286s ]
INFO: [ app_begin ] --START--
INFO: Run ReadHtmlCache Behavior [ RunTime:0.000928s ]
INFO: [ app_begin ] --END-- [ RunTime:0.001127s ]
SQL: SHOW COLUMNS FROM `tp_photofc` [ RunTime:0.004146s ]
SQL: SELECT * FROM `tp_photofc`  [ RunTime:0.000404s ]
INFO: [ view_template ] --START--
INFO: Run LocationTemplate Behavior [ RunTime:0.001125s ]
INFO: [ view_template ] --END-- [ RunTime:0.001395s ]
INFO: [ view_parse ] --START--
INFO: Run ParseTemplate Behavior [ RunTime:0.009214s ]
INFO: [ view_parse ] --END-- [ RunTime:0.009426s ]
INFO: [ view_filter ] --START--
INFO: Run ContentReplace Behavior [ RunTime:0.000793s ]
INFO: Run TokenBuild Behavior [ RunTime:0.000670s ]
INFO: Run WriteHtmlCache Behavior [ RunTime:0.000468s ]
INFO: Run ShowRuntime Behavior [ RunTime:0.000817s ]
INFO: [ view_filter ] --END-- [ RunTime:0.003216s ]
INFO: [ view_end ] --START--
INFO: Run ShowPageTrace Behavior [ RunTime:0.000913s ]
INFO: [ view_end ] --END-- [ RunTime:0.001076s ]

[ 2014-09-08T18:31:42+08:00 ] 0.0.0.0 /tp_jun/index.php/Work/index
INFO: [ route_check ] --START--
INFO: Run CheckRoute Behavior [ RunTime:0.001083s ]
INFO: [ route_check ] --END-- [ RunTime:0.001275s ]
INFO: [ app_begin ] --START--
INFO: Run ReadHtmlCache Behavior [ RunTime:0.000897s ]
INFO: [ app_begin ] --END-- [ RunTime:0.001063s ]
SQL: SHOW COLUMNS FROM `tp_workdynamic` [ RunTime:0.002606s ]
SQL: SELECT COUNT(*) AS tp_count FROM `tp_workdynamic` LIMIT 1   [ RunTime:0.000241s ]
SQL: SELECT * FROM `tp_workdynamic` ORDER BY id LIMIT 0,14   [ RunTime:0.000570s ]
INFO: [ view_template ] --START--
INFO: Run LocationTemplate Behavior [ RunTime:0.001217s ]
INFO: [ view_template ] --END-- [ RunTime:0.001386s ]
INFO: [ view_parse ] --START--
INFO: Run ParseTemplate Behavior [ RunTime:0.015808s ]
INFO: [ view_parse ] --END-- [ RunTime:0.015997s ]
INFO: [ view_filter ] --START--
INFO: Run ContentReplace Behavior [ RunTime:0.000696s ]
INFO: Run TokenBuild Behavior [ RunTime:0.000615s ]
INFO: Run WriteHtmlCache Behavior [ RunTime:0.000480s ]
INFO: Run ShowRuntime Behavior [ RunTime:0.000821s ]
INFO: [ view_filter ] --END-- [ RunTime:0.003057s ]
INFO: [ view_end ] --START--
INFO: Run ShowPageTrace Behavior [ RunTime:0.000956s ]
INFO: [ view_end ] --END-- [ RunTime:0.001127s ]

[ 2014-09-08T18:31:44+08:00 ] 0.0.0.0 /tp_jun/index.php/Notice/index
INFO: [ route_check ] --START--
INFO: Run CheckRoute Behavior [ RunTime:0.001303s ]
INFO: [ route_check ] --END-- [ RunTime:0.001544s ]
INFO: [ app_begin ] --START--
INFO: Run ReadHtmlCache Behavior [ RunTime:0.000902s ]
INFO: [ app_begin ] --END-- [ RunTime:0.001109s ]
SQL: SHOW COLUMNS FROM `tp_notice` [ RunTime:0.003377s ]
SQL: SELECT COUNT(*) AS tp_count FROM `tp_notice` LIMIT 1   [ RunTime:0.000293s ]
SQL: SELECT * FROM `tp_notice` ORDER BY id LIMIT 0,14   [ RunTime:0.000488s ]
INFO: [ view_template ] --START--
INFO: Run LocationTemplate Behavior [ RunTime:0.001212s ]
INFO: [ view_template ] --END-- [ RunTime:0.001401s ]
INFO: [ view_parse ] --START--
INFO: Run ParseTemplate Behavior [ RunTime:0.015953s ]
INFO: [ view_parse ] --END-- [ RunTime:0.016160s ]
INFO: [ view_filter ] --START--
INFO: Run ContentReplace Behavior [ RunTime:0.000732s ]
INFO: Run TokenBuild Behavior [ RunTime:0.000672s ]
INFO: Run WriteHtmlCache Behavior [ RunTime:0.000457s ]
INFO: Run ShowRuntime Behavior [ RunTime:0.000766s ]
INFO: [ view_filter ] --END-- [ RunTime:0.003074s ]
INFO: [ view_end ] --START--
INFO: Run ShowPageTrace Behavior [ RunTime:0.000896s ]
INFO: [ view_end ] --END-- [ RunTime:0.001102s ]

[ 2014-09-08T18:31:46+08:00 ] 0.0.0.0 /tp_jun/index.php/Serve/index
INFO: [ route_check ] --START--
INFO: Run CheckRoute Behavior [ RunTime:0.001151s ]
INFO: [ route_check ] --END-- [ RunTime:0.001361s ]
INFO: [ app_begin ] --START--
INFO: Run ReadHtmlCache Behavior [ RunTime:0.000839s ]
INFO: [ app_begin ] --END-- [ RunTime:0.001009s ]
INFO: [ view_template ] --START--
INFO: Run LocationTemplate Behavior [ RunTime:0.001177s ]
INFO: [ view_template ] --END-- [ RunTime:0.001379s ]
INFO: [ view_parse ] --START--
INFO: Run ParseTemplate Behavior [ RunTime:0.013648s ]
INFO: [ view_parse ] --END-- [ RunTime:0.013868s ]
INFO: [ view_filter ] --START--
INFO: Run ContentReplace Behavior [ RunTime:0.000751s ]
INFO: Run TokenBuild Behavior [ RunTime:0.000668s ]
INFO: Run WriteHtmlCache Behavior [ RunTime:0.000469s ]
INFO: Run ShowRuntime Behavior [ RunTime:0.000805s ]
INFO: [ view_filter ] --END-- [ RunTime:0.003184s ]
INFO: [ view_end ] --START--
INFO: Run ShowPageTrace Behavior [ RunTime:0.001010s ]
INFO: [ view_end ] --END-- [ RunTime:0.001175s ]

[ 2014-09-08T18:31:46+08:00 ] 0.0.0.0 /tp_jun/index.php/Public/code
INFO: [ route_check ] --START--
INFO: Run CheckRoute Behavior [ RunTime:0.001639s ]
INFO: [ route_check ] --END-- [ RunTime:0.001886s ]
INFO: [ app_begin ] --START--
INFO: Run ReadHtmlCache Behavior [ RunTime:0.001084s ]
INFO: [ app_begin ] --END-- [ RunTime:0.001294s ]

[ 2014-09-08T18:31:56+08:00 ] 0.0.0.0 /tp_jun/index.php/Serve/view.html
INFO: [ route_check ] --START--
INFO: Run CheckRoute Behavior [ RunTime:0.000687s ]
INFO: [ route_check ] --END-- [ RunTime:0.000804s ]
INFO: [ app_begin ] --START--
INFO: Run ReadHtmlCache Behavior [ RunTime:0.000728s ]
INFO: [ app_begin ] --END-- [ RunTime:0.000855s ]
SQL: SHOW COLUMNS FROM `tp_message` [ RunTime:0.004543s ]
SQL: SELECT COUNT(*) AS tp_count FROM `tp_message` LIMIT 1   [ RunTime:0.000182s ]
SQL: SELECT * FROM `tp_message` ORDER BY time desc LIMIT 0,6   [ RunTime:0.000483s ]
INFO: [ view_template ] --START--
INFO: Run LocationTemplate Behavior [ RunTime:0.000809s ]
INFO: [ view_template ] --END-- [ RunTime:0.000927s ]
INFO: [ view_parse ] --START--
INFO: Run ParseTemplate Behavior [ RunTime:0.010453s ]
INFO: [ view_parse ] --END-- [ RunTime:0.010572s ]
INFO: [ view_filter ] --START--
INFO: Run ContentReplace Behavior [ RunTime:0.000544s ]
INFO: Run TokenBuild Behavior [ RunTime:0.000567s ]
INFO: Run WriteHtmlCache Behavior [ RunTime:0.000358s ]
INFO: Run ShowRuntime Behavior [ RunTime:0.001031s ]
INFO: [ view_filter ] --END-- [ RunTime:0.002800s ]
INFO: [ view_end ] --START--
INFO: Run ShowPageTrace Behavior [ RunTime:0.000980s ]
INFO: [ view_end ] --END-- [ RunTime:0.001175s ]

[ 2014-09-08T18:32:00+08:00 ] 0.0.0.0 /tp_jun/index.php/Serve/index
INFO: [ route_check ] --START--
INFO: Run CheckRoute Behavior [ RunTime:0.001171s ]
INFO: [ route_check ] --END-- [ RunTime:0.001370s ]
INFO: [ app_begin ] --START--
INFO: Run ReadHtmlCache Behavior [ RunTime:0.000881s ]
INFO: [ app_begin ] --END-- [ RunTime:0.001069s ]
INFO: [ view_template ] --START--
INFO: Run LocationTemplate Behavior [ RunTime:0.000973s ]
INFO: [ view_template ] --END-- [ RunTime:0.001203s ]
INFO: [ view_parse ] --START--
INFO: Run ParseTemplate Behavior [ RunTime:0.011795s ]
INFO: [ view_parse ] --END-- [ RunTime:0.012008s ]
INFO: [ view_filter ] --START--
INFO: Run ContentReplace Behavior [ RunTime:0.000564s ]
INFO: Run TokenBuild Behavior [ RunTime:0.000607s ]
INFO: Run WriteHtmlCache Behavior [ RunTime:0.000505s ]
INFO: Run ShowRuntime Behavior [ RunTime:0.001007s ]
INFO: [ view_filter ] --END-- [ RunTime:0.003113s ]
INFO: [ view_end ] --START--
INFO: Run ShowPageTrace Behavior [ RunTime:0.001255s ]
INFO: [ view_end ] --END-- [ RunTime:0.001422s ]

[ 2014-09-08T18:32:00+08:00 ] 0.0.0.0 /tp_jun/index.php/Public/code
INFO: [ route_check ] --START--
INFO: Run CheckRoute Behavior [ RunTime:0.001149s ]
INFO: [ route_check ] --END-- [ RunTime:0.001360s ]
INFO: [ app_begin ] --START--
INFO: Run ReadHtmlCache Behavior [ RunTime:0.001268s ]
INFO: [ app_begin ] --END-- [ RunTime:0.001534s ]

[ 2014-09-08T18:32:05+08:00 ] 0.0.0.0 /tp_jun/index.php/Album/index
INFO: [ route_check ] --START--
INFO: Run CheckRoute Behavior [ RunTime:0.001125s ]
INFO: [ route_check ] --END-- [ RunTime:0.001322s ]
INFO: [ app_begin ] --START--
INFO: Run ReadHtmlCache Behavior [ RunTime:0.000821s ]
INFO: [ app_begin ] --END-- [ RunTime:0.000991s ]
SQL: SHOW COLUMNS FROM `tp_photofc` [ RunTime:0.002997s ]
SQL: SELECT * FROM `tp_photofc`  [ RunTime:0.000218s ]
INFO: [ view_template ] --START--
INFO: Run LocationTemplate Behavior [ RunTime:0.000709s ]
INFO: [ view_template ] --END-- [ RunTime:0.000818s ]
INFO: [ view_parse ] --START--
INFO: Run ParseTemplate Behavior [ RunTime:0.012982s ]
INFO: [ view_parse ] --END-- [ RunTime:0.013202s ]
INFO: [ view_filter ] --START--
INFO: Run ContentReplace Behavior [ RunTime:0.000700s ]
INFO: Run TokenBuild Behavior [ RunTime:0.000703s ]
INFO: Run WriteHtmlCache Behavior [ RunTime:0.000494s ]
INFO: Run ShowRuntime Behavior [ RunTime:0.001040s ]
INFO: [ view_filter ] --END-- [ RunTime:0.003458s ]
INFO: [ view_end ] --START--
INFO: Run ShowPageTrace Behavior [ RunTime:0.001097s ]
INFO: [ view_end ] --END-- [ RunTime:0.001255s ]

[ 2014-09-08T18:32:07+08:00 ] 0.0.0.0 /tp_jun/index.php/Album/index
INFO: [ route_check ] --START--
INFO: Run CheckRoute Behavior [ RunTime:0.000682s ]
INFO: [ route_check ] --END-- [ RunTime:0.000813s ]
INFO: [ app_begin ] --START--
INFO: Run ReadHtmlCache Behavior [ RunTime:0.000560s ]
INFO: [ app_begin ] --END-- [ RunTime:0.000671s ]
SQL: SHOW COLUMNS FROM `tp_photofc` [ RunTime:0.002280s ]
SQL: SELECT * FROM `tp_photofc`  [ RunTime:0.000263s ]
INFO: [ view_template ] --START--
INFO: Run LocationTemplate Behavior [ RunTime:0.001039s ]
INFO: [ view_template ] --END-- [ RunTime:0.001243s ]
INFO: [ view_parse ] --START--
INFO: Run ParseTemplate Behavior [ RunTime:0.012331s ]
INFO: [ view_parse ] --END-- [ RunTime:0.012490s ]
INFO: [ view_filter ] --START--
INFO: Run ContentReplace Behavior [ RunTime:0.000483s ]
INFO: Run TokenBuild Behavior [ RunTime:0.000417s ]
INFO: Run WriteHtmlCache Behavior [ RunTime:0.000331s ]
INFO: Run ShowRuntime Behavior [ RunTime:0.000611s ]
INFO: [ view_filter ] --END-- [ RunTime:0.002115s ]
INFO: [ view_end ] --START--
INFO: Run ShowPageTrace Behavior [ RunTime:0.000728s ]
INFO: [ view_end ] --END-- [ RunTime:0.000822s ]

[ 2014-09-08T18:32:08+08:00 ] 0.0.0.0 /tp_jun/index.php/Album/jctp
INFO: [ route_check ] --START--
INFO: Run CheckRoute Behavior [ RunTime:0.001093s ]
INFO: [ route_check ] --END-- [ RunTime:0.001315s ]
INFO: [ app_begin ] --START--
INFO: Run ReadHtmlCache Behavior [ RunTime:0.000830s ]
INFO: [ app_begin ] --END-- [ RunTime:0.001003s ]
INFO: [ view_template ] --START--
INFO: Run LocationTemplate Behavior [ RunTime:0.000633s ]
INFO: [ view_template ] --END-- [ RunTime:0.000741s ]
INFO: [ view_parse ] --START--
NOTIC: [8] Undefined variable: data C:\wamp\www\tp_jun\Home\Runtime\Cache\0568d8b11699877b687fb952ebf9f7fc.php 第 51 行.
INFO: Run ParseTemplate Behavior [ RunTime:0.025487s ]
INFO: [ view_parse ] --END-- [ RunTime:0.025636s ]
INFO: [ view_filter ] --START--
INFO: Run ContentReplace Behavior [ RunTime:0.000605s ]
INFO: Run TokenBuild Behavior [ RunTime:0.000418s ]
INFO: Run WriteHtmlCache Behavior [ RunTime:0.000336s ]
INFO: Run ShowRuntime Behavior [ RunTime:0.000611s ]
INFO: [ view_filter ] --END-- [ RunTime:0.002277s ]
INFO: [ view_end ] --START--
INFO: Run ShowPageTrace Behavior [ RunTime:0.001024s ]
INFO: [ view_end ] --END-- [ RunTime:0.001154s ]

[ 2014-09-08T18:32:08+08:00 ] 0.0.0.0 /tp_jun/index.php/Album/slzx
INFO: [ route_check ] --START--
INFO: Run CheckRoute Behavior [ RunTime:0.000817s ]
INFO: [ route_check ] --END-- [ RunTime:0.000940s ]
INFO: [ app_begin ] --START--
INFO: Run ReadHtmlCache Behavior [ RunTime:0.000793s ]
INFO: [ app_begin ] --END-- [ RunTime:0.000933s ]
INFO: [ view_template ] --START--
INFO: Run LocationTemplate Behavior [ RunTime:0.000939s ]
INFO: [ view_template ] --END-- [ RunTime:0.001107s ]
INFO: [ view_parse ] --START--
NOTIC: [8] Undefined variable: data C:\wamp\www\tp_jun\Home\Runtime\Cache\f2e2102caf63956b34039322d543b0d0.php 第 51 行.
INFO: Run ParseTemplate Behavior [ RunTime:0.014981s ]
INFO: [ view_parse ] --END-- [ RunTime:0.015228s ]
INFO: [ view_filter ] --START--
INFO: Run ContentReplace Behavior [ RunTime:0.000703s ]
INFO: Run TokenBuild Behavior [ RunTime:0.000646s ]
INFO: Run WriteHtmlCache Behavior [ RunTime:0.000511s ]
INFO: Run ShowRuntime Behavior [ RunTime:0.001030s ]
INFO: [ view_filter ] --END-- [ RunTime:0.003357s ]
INFO: [ view_end ] --START--
INFO: Run ShowPageTrace Behavior [ RunTime:0.001243s ]
INFO: [ view_end ] --END-- [ RunTime:0.001474s ]

[ 2014-09-08T18:32:17+08:00 ] 0.0.0.0 /tp_jun/
INFO: [ app_begin ] --START--
INFO: Run ReadHtmlCache Behavior [ RunTime:0.000809s ]
INFO: [ app_begin ] --END-- [ RunTime:0.000928s ]
SQL: SHOW COLUMNS FROM `tp_workdynamic` [ RunTime:0.003002s ]
SQL: SELECT * FROM `tp_workdynamic` ORDER BY time LIMIT 8   [ RunTime:0.000640s ]
SQL: SHOW COLUMNS FROM `tp_education` [ RunTime:0.002469s ]
SQL: SELECT * FROM `tp_education` ORDER BY time LIMIT 8   [ RunTime:0.000488s ]
SQL: SHOW COLUMNS FROM `tp_notice` [ RunTime:0.002210s ]
SQL: SELECT * FROM `tp_notice` ORDER BY time LIMIT 8   [ RunTime:0.000341s ]
SQL: SHOW COLUMNS FROM `tp_military` [ RunTime:0.002307s ]
SQL: SELECT * FROM `tp_military` ORDER BY time LIMIT 8   [ RunTime:0.000367s ]
SQL: SHOW COLUMNS FROM `tp_photo` [ RunTime:0.001925s ]
ERR: Table 'web_jxt.tp_photo' doesn't exist
 [ SQL语句 ] : SHOW COLUMNS FROM `tp_photo`
SQL: SELECT * FROM `tp_photo`  [ RunTime:0.000425s ]
ERR: Table 'web_jxt.tp_photo' doesn't exist
 [ SQL语句 ] : SELECT * FROM `tp_photo` 
INFO: [ view_template ] --START--
INFO: Run LocationTemplate Behavior [ RunTime:0.001130s ]
INFO: [ view_template ] --END-- [ RunTime:0.001287s ]
INFO: [ view_parse ] --START--
INFO: Run ParseTemplate Behavior [ RunTime:0.022862s ]
INFO: [ view_parse ] --END-- [ RunTime:0.023024s ]
INFO: [ view_filter ] --START--
INFO: Run ContentReplace Behavior [ RunTime:0.000596s ]
INFO: Run TokenBuild Behavior [ RunTime:0.000480s ]
INFO: Run WriteHtmlCache Behavior [ RunTime:0.000350s ]
INFO: Run ShowRuntime Behavior [ RunTime:0.000592s ]
INFO: [ view_filter ] --END-- [ RunTime:0.002284s ]
INFO: [ view_end ] --START--
INFO: Run ShowPageTrace Behavior [ RunTime:0.000726s ]
INFO: [ view_end ] --END-- [ RunTime:0.000830s ]

[ 2014-09-08T18:35:44+08:00 ] 0.0.0.0 /tp_jun/index.php/Album/index
INFO: [ route_check ] --START--
INFO: Run CheckRoute Behavior [ RunTime:0.001850s ]
INFO: [ route_check ] --END-- [ RunTime:0.002130s ]
INFO: [ app_begin ] --START--
INFO: Run ReadHtmlCache Behavior [ RunTime:0.001171s ]
INFO: [ app_begin ] --END-- [ RunTime:0.001556s ]
SQL: SHOW COLUMNS FROM `tp_photofc` [ RunTime:0.002855s ]
SQL: SELECT * FROM `tp_photofc`  [ RunTime:0.000313s ]
INFO: [ view_template ] --START--
INFO: Run LocationTemplate Behavior [ RunTime:0.001037s ]
INFO: [ view_template ] --END-- [ RunTime:0.001208s ]
INFO: [ view_parse ] --START--
INFO: Run ParseTemplate Behavior [ RunTime:0.015166s ]
INFO: [ view_parse ] --END-- [ RunTime:0.015377s ]
INFO: [ view_filter ] --START--
INFO: Run ContentReplace Behavior [ RunTime:0.000792s ]
INFO: Run TokenBuild Behavior [ RunTime:0.000751s ]
INFO: Run WriteHtmlCache Behavior [ RunTime:0.000554s ]
INFO: Run ShowRuntime Behavior [ RunTime:0.000879s ]
INFO: [ view_filter ] --END-- [ RunTime:0.003408s ]
INFO: [ view_end ] --START--
INFO: Run ShowPageTrace Behavior [ RunTime:0.000978s ]
INFO: [ view_end ] --END-- [ RunTime:0.001137s ]

[ 2014-09-08T18:35:58+08:00 ] 0.0.0.0 /tp_jun/index.php/Album/index
INFO: [ route_check ] --START--
INFO: Run CheckRoute Behavior [ RunTime:0.000679s ]
INFO: [ route_check ] --END-- [ RunTime:0.000795s ]
INFO: [ app_begin ] --START--
INFO: Run ReadHtmlCache Behavior [ RunTime:0.000517s ]
INFO: [ app_begin ] --END-- [ RunTime:0.000646s ]
SQL: SHOW COLUMNS FROM `tp_photofc` [ RunTime:0.002357s ]
SQL: SELECT * FROM `tp_photofc`  [ RunTime:0.000216s ]
INFO: [ view_template ] --START--
INFO: Run LocationTemplate Behavior [ RunTime:0.000530s ]
INFO: [ view_template ] --END-- [ RunTime:0.000638s ]
INFO: [ view_parse ] --START--
INFO: Run ParseTemplate Behavior [ RunTime:0.009446s ]
INFO: [ view_parse ] --END-- [ RunTime:0.009606s ]
INFO: [ view_filter ] --START--
INFO: Run ContentReplace Behavior [ RunTime:0.000541s ]
INFO: Run TokenBuild Behavior [ RunTime:0.000403s ]
INFO: Run WriteHtmlCache Behavior [ RunTime:0.000289s ]
INFO: Run ShowRuntime Behavior [ RunTime:0.000479s ]
INFO: [ view_filter ] --END-- [ RunTime:0.002009s ]
INFO: [ view_end ] --START--
INFO: Run ShowPageTrace Behavior [ RunTime:0.000554s ]
INFO: [ view_end ] --END-- [ RunTime:0.000644s ]

[ 2014-09-08T18:37:49+08:00 ] 0.0.0.0 /tp_jun/index.php/Brief/index
INFO: [ route_check ] --START--
INFO: Run CheckRoute Behavior [ RunTime:0.001282s ]
INFO: [ route_check ] --END-- [ RunTime:0.001405s ]
INFO: [ app_begin ] --START--
INFO: Run ReadHtmlCache Behavior [ RunTime:0.000594s ]
INFO: [ app_begin ] --END-- [ RunTime:0.000698s ]
INFO: [ view_template ] --START--
INFO: Run LocationTemplate Behavior [ RunTime:0.000817s ]
INFO: [ view_template ] --END-- [ RunTime:0.000926s ]
INFO: [ view_parse ] --START--
INFO: Run ParseTemplate Behavior [ RunTime:0.008123s ]
INFO: [ view_parse ] --END-- [ RunTime:0.008240s ]
INFO: [ view_filter ] --START--
INFO: Run ContentReplace Behavior [ RunTime:0.000753s ]
INFO: Run TokenBuild Behavior [ RunTime:0.000828s ]
INFO: Run WriteHtmlCache Behavior [ RunTime:0.000419s ]
INFO: Run ShowRuntime Behavior [ RunTime:0.000567s ]
INFO: [ view_filter ] --END-- [ RunTime:0.002961s ]
INFO: [ view_end ] --START--
INFO: Run ShowPageTrace Behavior [ RunTime:0.000699s ]
INFO: [ view_end ] --END-- [ RunTime:0.000794s ]

[ 2014-09-08T18:41:27+08:00 ] 0.0.0.0 /tp_jun/index.php/Brief/index
INFO: [ route_check ] --START--
INFO: Run CheckRoute Behavior [ RunTime:0.001383s ]
INFO: [ route_check ] --END-- [ RunTime:0.001576s ]
INFO: [ app_begin ] --START--
INFO: Run ReadHtmlCache Behavior [ RunTime:0.000987s ]
INFO: [ app_begin ] --END-- [ RunTime:0.001153s ]
INFO: [ view_template ] --START--
INFO: Run LocationTemplate Behavior [ RunTime:0.001560s ]
INFO: [ view_template ] --END-- [ RunTime:0.001775s ]
INFO: [ view_parse ] --START--
INFO: Run ParseTemplate Behavior [ RunTime:0.011779s ]
INFO: [ view_parse ] --END-- [ RunTime:0.011940s ]
INFO: [ view_filter ] --START--
INFO: Run ContentReplace Behavior [ RunTime:0.000540s ]
INFO: Run TokenBuild Behavior [ RunTime:0.000938s ]
INFO: Run WriteHtmlCache Behavior [ RunTime:0.000439s ]
INFO: Run ShowRuntime Behavior [ RunTime:0.000910s ]
INFO: [ view_filter ] --END-- [ RunTime:0.003461s ]
INFO: [ view_end ] --START--
INFO: Run ShowPageTrace Behavior [ RunTime:0.001554s ]
INFO: [ view_end ] --END-- [ RunTime:0.001807s ]

[ 2014-09-08T19:00:56+08:00 ] 0.0.0.0 /tp_jun/index.php/Index/index
INFO: [ route_check ] --START--
INFO: Run CheckRoute Behavior [ RunTime:0.001409s ]
INFO: [ route_check ] --END-- [ RunTime:0.001635s ]
INFO: [ app_begin ] --START--
INFO: Run ReadHtmlCache Behavior [ RunTime:0.002087s ]
INFO: [ app_begin ] --END-- [ RunTime:0.002491s ]
SQL: SHOW COLUMNS FROM `tp_workdynamic` [ RunTime:0.005065s ]
SQL: SELECT * FROM `tp_workdynamic` ORDER BY time LIMIT 8   [ RunTime:0.000730s ]
SQL: SHOW COLUMNS FROM `tp_education` [ RunTime:0.005164s ]
SQL: SELECT * FROM `tp_education` ORDER BY time LIMIT 8   [ RunTime:0.000924s ]
SQL: SHOW COLUMNS FROM `tp_notice` [ RunTime:0.004668s ]
SQL: SELECT * FROM `tp_notice` ORDER BY time LIMIT 8   [ RunTime:0.000475s ]
SQL: SHOW COLUMNS FROM `tp_military` [ RunTime:0.005253s ]
SQL: SELECT * FROM `tp_military` ORDER BY time LIMIT 8   [ RunTime:0.000574s ]
SQL: SHOW COLUMNS FROM `tp_photo` [ RunTime:0.003874s ]
ERR: Table 'web_jxt.tp_photo' doesn't exist
 [ SQL语句 ] : SHOW COLUMNS FROM `tp_photo`
SQL: SELECT * FROM `tp_photo`  [ RunTime:0.000489s ]
ERR: Table 'web_jxt.tp_photo' doesn't exist
 [ SQL语句 ] : SELECT * FROM `tp_photo` 
INFO: [ view_template ] --START--
INFO: Run LocationTemplate Behavior [ RunTime:0.001570s ]
INFO: [ view_template ] --END-- [ RunTime:0.001759s ]
INFO: [ view_parse ] --START--
INFO: Run ParseTemplate Behavior [ RunTime:0.031943s ]
INFO: [ view_parse ] --END-- [ RunTime:0.032133s ]
INFO: [ view_filter ] --START--
INFO: Run ContentReplace Behavior [ RunTime:0.001046s ]
INFO: Run TokenBuild Behavior [ RunTime:0.000996s ]
INFO: Run WriteHtmlCache Behavior [ RunTime:0.000765s ]
INFO: Run ShowRuntime Behavior [ RunTime:0.001047s ]
INFO: [ view_filter ] --END-- [ RunTime:0.004358s ]
INFO: [ view_end ] --START--
INFO: Run ShowPageTrace Behavior [ RunTime:0.001041s ]
INFO: [ view_end ] --END-- [ RunTime:0.001187s ]

[ 2014-09-08T19:00:57+08:00 ] 0.0.0.0 /tp_jun/index.php/Brief/index
INFO: [ route_check ] --START--
INFO: Run CheckRoute Behavior [ RunTime:0.001370s ]
INFO: [ route_check ] --END-- [ RunTime:0.001591s ]
INFO: [ app_begin ] --START--
INFO: Run ReadHtmlCache Behavior [ RunTime:0.000882s ]
INFO: [ app_begin ] --END-- [ RunTime:0.001021s ]
SQL: SHOW COLUMNS FROM `tp_brief` [ RunTime:0.004369s ]
SQL: SELECT * FROM `tp_brief`  [ RunTime:0.000374s ]
INFO: [ view_template ] --START--
INFO: Run LocationTemplate Behavior [ RunTime:0.001322s ]
INFO: [ view_template ] --END-- [ RunTime:0.001500s ]
INFO: [ view_parse ] --START--
NOTIC: [8] Undefined index: content C:\wamp\www\tp_jun\Home\Runtime\Cache\0c1a2508fbb068275029724a5a3ac962.php 第 50 行.
INFO: Run ParseTemplate Behavior [ RunTime:0.015455s ]
INFO: [ view_parse ] --END-- [ RunTime:0.015633s ]
INFO: [ view_filter ] --START--
INFO: Run ContentReplace Behavior [ RunTime:0.000985s ]
INFO: Run TokenBuild Behavior [ RunTime:0.000860s ]
INFO: Run WriteHtmlCache Behavior [ RunTime:0.000784s ]
INFO: Run ShowRuntime Behavior [ RunTime:0.001527s ]
INFO: [ view_filter ] --END-- [ RunTime:0.004696s ]
INFO: [ view_end ] --START--
INFO: Run ShowPageTrace Behavior [ RunTime:0.001170s ]
INFO: [ view_end ] --END-- [ RunTime:0.001337s ]

[ 2014-09-08T19:00:59+08:00 ] 0.0.0.0 /tp_jun/index.php/Brief/index
INFO: [ route_check ] --START--
INFO: Run CheckRoute Behavior [ RunTime:0.001502s ]
INFO: [ route_check ] --END-- [ RunTime:0.001744s ]
INFO: [ app_begin ] --START--
INFO: Run ReadHtmlCache Behavior [ RunTime:0.001059s ]
INFO: [ app_begin ] --END-- [ RunTime:0.001290s ]
SQL: SHOW COLUMNS FROM `tp_brief` [ RunTime:0.004226s ]
SQL: SELECT * FROM `tp_brief`  [ RunTime:0.000463s ]
INFO: [ view_template ] --START--
INFO: Run LocationTemplate Behavior [ RunTime:0.001438s ]
INFO: [ view_template ] --END-- [ RunTime:0.001635s ]
INFO: [ view_parse ] --START--
NOTIC: [8] Undefined index: content C:\wamp\www\tp_jun\Home\Runtime\Cache\0c1a2508fbb068275029724a5a3ac962.php 第 50 行.
INFO: Run ParseTemplate Behavior [ RunTime:0.017006s ]
INFO: [ view_parse ] --END-- [ RunTime:0.017186s ]
INFO: [ view_filter ] --START--
INFO: Run ContentReplace Behavior [ RunTime:0.000879s ]
INFO: Run TokenBuild Behavior [ RunTime:0.000801s ]
INFO: Run WriteHtmlCache Behavior [ RunTime:0.000617s ]
INFO: Run ShowRuntime Behavior [ RunTime:0.001012s ]
INFO: [ view_filter ] --END-- [ RunTime:0.003783s ]
INFO: [ view_end ] --START--
INFO: Run ShowPageTrace Behavior [ RunTime:0.001228s ]
INFO: [ view_end ] --END-- [ RunTime:0.001408s ]

[ 2014-09-08T19:01:00+08:00 ] 0.0.0.0 /tp_jun/index.php/Brief/index
INFO: [ route_check ] --START--
INFO: Run CheckRoute Behavior [ RunTime:0.001237s ]
INFO: [ route_check ] --END-- [ RunTime:0.001449s ]
INFO: [ app_begin ] --START--
INFO: Run ReadHtmlCache Behavior [ RunTime:0.001081s ]
INFO: [ app_begin ] --END-- [ RunTime:0.001294s ]
SQL: SHOW COLUMNS FROM `tp_brief` [ RunTime:0.003389s ]
SQL: SELECT * FROM `tp_brief`  [ RunTime:0.000339s ]
INFO: [ view_template ] --START--
INFO: Run LocationTemplate Behavior [ RunTime:0.002149s ]
INFO: [ view_template ] --END-- [ RunTime:0.002357s ]
INFO: [ view_parse ] --START--
NOTIC: [8] Undefined index: content C:\wamp\www\tp_jun\Home\Runtime\Cache\0c1a2508fbb068275029724a5a3ac962.php 第 50 行.
INFO: Run ParseTemplate Behavior [ RunTime:0.016756s ]
INFO: [ view_parse ] --END-- [ RunTime:0.016928s ]
INFO: [ view_filter ] --START--
INFO: Run ContentReplace Behavior [ RunTime:0.000785s ]
INFO: Run TokenBuild Behavior [ RunTime:0.000735s ]
INFO: Run WriteHtmlCache Behavior [ RunTime:0.000884s ]
INFO: Run ShowRuntime Behavior [ RunTime:0.000968s ]
INFO: [ view_filter ] --END-- [ RunTime:0.003798s ]
INFO: [ view_end ] --START--
INFO: Run ShowPageTrace Behavior [ RunTime:0.000824s ]
INFO: [ view_end ] --END-- [ RunTime:0.000966s ]

[ 2014-09-08T19:01:00+08:00 ] 0.0.0.0 /tp_jun/index.php/Brief/index
INFO: [ route_check ] --START--
INFO: Run CheckRoute Behavior [ RunTime:0.001191s ]
INFO: [ route_check ] --END-- [ RunTime:0.001347s ]
INFO: [ app_begin ] --START--
INFO: Run ReadHtmlCache Behavior [ RunTime:0.000690s ]
INFO: [ app_begin ] --END-- [ RunTime:0.000794s ]
SQL: SHOW COLUMNS FROM `tp_brief` [ RunTime:0.002805s ]
SQL: SELECT * FROM `tp_brief`  [ RunTime:0.000258s ]
INFO: [ view_template ] --START--
INFO: Run LocationTemplate Behavior [ RunTime:0.000889s ]
INFO: [ view_template ] --END-- [ RunTime:0.000995s ]
INFO: [ view_parse ] --START--
NOTIC: [8] Undefined index: content C:\wamp\www\tp_jun\Home\Runtime\Cache\0c1a2508fbb068275029724a5a3ac962.php 第 50 行.
INFO: Run ParseTemplate Behavior [ RunTime:0.013896s ]
INFO: [ view_parse ] --END-- [ RunTime:0.014033s ]
INFO: [ view_filter ] --START--
INFO: Run ContentReplace Behavior [ RunTime:0.000833s ]
INFO: Run TokenBuild Behavior [ RunTime:0.000802s ]
INFO: Run WriteHtmlCache Behavior [ RunTime:0.000452s ]
INFO: Run ShowRuntime Behavior [ RunTime:0.000647s ]
INFO: [ view_filter ] --END-- [ RunTime:0.003122s ]
INFO: [ view_end ] --START--
INFO: Run ShowPageTrace Behavior [ RunTime:0.000744s ]
INFO: [ view_end ] --END-- [ RunTime:0.000839s ]

[ 2014-09-08T19:03:47+08:00 ] 0.0.0.0 /tp_jun/index.php/Work/index
INFO: [ route_check ] --START--
INFO: Run CheckRoute Behavior [ RunTime:0.001759s ]
INFO: [ route_check ] --END-- [ RunTime:0.001975s ]
INFO: [ app_begin ] --START--
INFO: Run ReadHtmlCache Behavior [ RunTime:0.001856s ]
INFO: [ app_begin ] --END-- [ RunTime:0.002069s ]
SQL: SHOW COLUMNS FROM `tp_workdynamic` [ RunTime:0.003859s ]
SQL: SELECT COUNT(*) AS tp_count FROM `tp_workdynamic` LIMIT 1   [ RunTime:0.000267s ]
SQL: SELECT * FROM `tp_workdynamic` ORDER BY id LIMIT 0,14   [ RunTime:0.000661s ]
INFO: [ view_template ] --START--
INFO: Run LocationTemplate Behavior [ RunTime:0.001144s ]
INFO: [ view_template ] --END-- [ RunTime:0.001272s ]
INFO: [ view_parse ] --START--
INFO: Run ParseTemplate Behavior [ RunTime:0.015845s ]
INFO: [ view_parse ] --END-- [ RunTime:0.016083s ]
INFO: [ view_filter ] --START--
INFO: Run ContentReplace Behavior [ RunTime:0.000702s ]
INFO: Run TokenBuild Behavior [ RunTime:0.000887s ]
INFO: Run WriteHtmlCache Behavior [ RunTime:0.000804s ]
INFO: Run ShowRuntime Behavior [ RunTime:0.000963s ]
INFO: [ view_filter ] --END-- [ RunTime:0.003825s ]
INFO: [ view_end ] --START--
INFO: Run ShowPageTrace Behavior [ RunTime:0.000754s ]
INFO: [ view_end ] --END-- [ RunTime:0.000878s ]

[ 2014-09-08T19:03:49+08:00 ] 0.0.0.0 /tp_jun/index.php/Work/docontent/?id=3
INFO: [ route_check ] --START--
INFO: Run CheckRoute Behavior [ RunTime:0.001055s ]
INFO: [ route_check ] --END-- [ RunTime:0.001219s ]
INFO: [ app_begin ] --START--
INFO: Run ReadHtmlCache Behavior [ RunTime:0.001051s ]
INFO: [ app_begin ] --END-- [ RunTime:0.001241s ]
SQL: SHOW COLUMNS FROM `tp_workdynamic` [ RunTime:0.002885s ]
SQL: SELECT `content` FROM `tp_workdynamic` WHERE ( `id` = 3 ) LIMIT 1   [ RunTime:0.024773s ]
INFO: [ view_template ] --START--
INFO: Run LocationTemplate Behavior [ RunTime:0.001786s ]
INFO: [ view_template ] --END-- [ RunTime:0.001975s ]
INFO: [ view_parse ] --START--
INFO: Run ParseTemplate Behavior [ RunTime:0.010677s ]
INFO: [ view_parse ] --END-- [ RunTime:0.010796s ]
INFO: [ view_filter ] --START--
INFO: Run ContentReplace Behavior [ RunTime:0.000584s ]
INFO: Run TokenBuild Behavior [ RunTime:0.000511s ]
INFO: Run WriteHtmlCache Behavior [ RunTime:0.000377s ]
INFO: Run ShowRuntime Behavior [ RunTime:0.000708s ]
INFO: [ view_filter ] --END-- [ RunTime:0.002447s ]
INFO: [ view_end ] --START--
INFO: Run ShowPageTrace Behavior [ RunTime:0.001095s ]
INFO: [ view_end ] --END-- [ RunTime:0.001231s ]

[ 2014-09-08T19:03:52+08:00 ] 0.0.0.0 /tp_jun/index.php/Work/index
INFO: [ route_check ] --START--
INFO: Run CheckRoute Behavior [ RunTime:0.001578s ]
INFO: [ route_check ] --END-- [ RunTime:0.001797s ]
INFO: [ app_begin ] --START--
INFO: Run ReadHtmlCache Behavior [ RunTime:0.001142s ]
INFO: [ app_begin ] --END-- [ RunTime:0.001345s ]
SQL: SHOW COLUMNS FROM `tp_workdynamic` [ RunTime:0.003672s ]
SQL: SELECT COUNT(*) AS tp_count FROM `tp_workdynamic` LIMIT 1   [ RunTime:0.000278s ]
SQL: SELECT * FROM `tp_workdynamic` ORDER BY id LIMIT 0,14   [ RunTime:0.000721s ]
INFO: [ view_template ] --START--
INFO: Run LocationTemplate Behavior [ RunTime:0.001149s ]
INFO: [ view_template ] --END-- [ RunTime:0.001298s ]
INFO: [ view_parse ] --START--
INFO: Run ParseTemplate Behavior [ RunTime:0.021872s ]
INFO: [ view_parse ] --END-- [ RunTime:0.022096s ]
INFO: [ view_filter ] --START--
INFO: Run ContentReplace Behavior [ RunTime:0.001469s ]
INFO: Run TokenBuild Behavior [ RunTime:0.001101s ]
INFO: Run WriteHtmlCache Behavior [ RunTime:0.000662s ]
INFO: Run ShowRuntime Behavior [ RunTime:0.001003s ]
INFO: [ view_filter ] --END-- [ RunTime:0.004750s ]
INFO: [ view_end ] --START--
INFO: Run ShowPageTrace Behavior [ RunTime:0.001164s ]
INFO: [ view_end ] --END-- [ RunTime:0.001331s ]

[ 2014-09-08T19:03:53+08:00 ] 0.0.0.0 /tp_jun/index.php/Work/docontent/?id=4
INFO: [ route_check ] --START--
INFO: Run CheckRoute Behavior [ RunTime:0.001465s ]
INFO: [ route_check ] --END-- [ RunTime:0.001727s ]
INFO: [ app_begin ] --START--
INFO: Run ReadHtmlCache Behavior [ RunTime:0.001018s ]
INFO: [ app_begin ] --END-- [ RunTime:0.001239s ]
SQL: SHOW COLUMNS FROM `tp_workdynamic` [ RunTime:0.003849s ]
SQL: SELECT `content` FROM `tp_workdynamic` WHERE ( `id` = 4 ) LIMIT 1   [ RunTime:0.000357s ]
INFO: [ view_template ] --START--
INFO: Run LocationTemplate Behavior [ RunTime:0.001372s ]
INFO: [ view_template ] --END-- [ RunTime:0.001564s ]
INFO: [ view_parse ] --START--
INFO: Run ParseTemplate Behavior [ RunTime:0.019545s ]
INFO: [ view_parse ] --END-- [ RunTime:0.019735s ]
INFO: [ view_filter ] --START--
INFO: Run ContentReplace Behavior [ RunTime:0.001153s ]
INFO: Run TokenBuild Behavior [ RunTime:0.001353s ]
INFO: Run WriteHtmlCache Behavior [ RunTime:0.000662s ]
INFO: Run ShowRuntime Behavior [ RunTime:0.001218s ]
INFO: [ view_filter ] --END-- [ RunTime:0.004929s ]
INFO: [ view_end ] --START--
INFO: Run ShowPageTrace Behavior [ RunTime:0.001063s ]
INFO: [ view_end ] --END-- [ RunTime:0.001213s ]

[ 2014-09-08T19:12:27+08:00 ] 0.0.0.0 /tp_jun/index.php/Brief/index
INFO: [ route_check ] --START--
INFO: Run CheckRoute Behavior [ RunTime:0.001791s ]
INFO: [ route_check ] --END-- [ RunTime:0.002000s ]
INFO: [ app_begin ] --START--
INFO: Run ReadHtmlCache Behavior [ RunTime:0.001462s ]
INFO: [ app_begin ] --END-- [ RunTime:0.001675s ]
SQL: SHOW COLUMNS FROM `tp_brief` [ RunTime:0.005430s ]
SQL: SELECT * FROM `tp_brief` ORDER BY id LIMIT 1   [ RunTime:0.000424s ]
INFO: [ view_template ] --START--
INFO: Run LocationTemplate Behavior [ RunTime:0.001707s ]
INFO: [ view_template ] --END-- [ RunTime:0.001918s ]
INFO: [ view_parse ] --START--
INFO: Run ParseTemplate Behavior [ RunTime:0.020566s ]
INFO: [ view_parse ] --END-- [ RunTime:0.021035s ]
INFO: [ view_filter ] --START--
INFO: Run ContentReplace Behavior [ RunTime:0.001197s ]
INFO: Run TokenBuild Behavior [ RunTime:0.001029s ]
INFO: Run WriteHtmlCache Behavior [ RunTime:0.000944s ]
INFO: Run ShowRuntime Behavior [ RunTime:0.001230s ]
INFO: [ view_filter ] --END-- [ RunTime:0.005026s ]
INFO: [ view_end ] --START--
INFO: Run ShowPageTrace Behavior [ RunTime:0.001481s ]
INFO: [ view_end ] --END-- [ RunTime:0.001655s ]

[ 2014-09-08T19:12:29+08:00 ] 0.0.0.0 /tp_jun/index.php/Brief/index
INFO: [ route_check ] --START--
INFO: Run CheckRoute Behavior [ RunTime:0.001034s ]
INFO: [ route_check ] --END-- [ RunTime:0.001193s ]
INFO: [ app_begin ] --START--
INFO: Run ReadHtmlCache Behavior [ RunTime:0.001083s ]
INFO: [ app_begin ] --END-- [ RunTime:0.001299s ]
SQL: SHOW COLUMNS FROM `tp_brief` [ RunTime:0.002927s ]
SQL: SELECT * FROM `tp_brief` ORDER BY id LIMIT 1   [ RunTime:0.000232s ]
INFO: [ view_template ] --START--
INFO: Run LocationTemplate Behavior [ RunTime:0.000853s ]
INFO: [ view_template ] --END-- [ RunTime:0.000960s ]
INFO: [ view_parse ] --START--
INFO: Run ParseTemplate Behavior [ RunTime:0.011892s ]
INFO: [ view_parse ] --END-- [ RunTime:0.012015s ]
INFO: [ view_filter ] --START--
INFO: Run ContentReplace Behavior [ RunTime:0.000593s ]
INFO: Run TokenBuild Behavior [ RunTime:0.000531s ]
INFO: Run WriteHtmlCache Behavior [ RunTime:0.000425s ]
INFO: Run ShowRuntime Behavior [ RunTime:0.000633s ]
INFO: [ view_filter ] --END-- [ RunTime:0.002468s ]
INFO: [ view_end ] --START--
INFO: Run ShowPageTrace Behavior [ RunTime:0.000738s ]
INFO: [ view_end ] --END-- [ RunTime:0.000841s ]

[ 2014-09-08T19:14:12+08:00 ] 0.0.0.0 /tp_jun/index.php/Brief/index
INFO: [ route_check ] --START--
INFO: Run CheckRoute Behavior [ RunTime:0.001942s ]
INFO: [ route_check ] --END-- [ RunTime:0.002660s ]
INFO: [ app_begin ] --START--
INFO: Run ReadHtmlCache Behavior [ RunTime:0.002230s ]
INFO: [ app_begin ] --END-- [ RunTime:0.002400s ]
SQL: SHOW COLUMNS FROM `tp_brief` [ RunTime:0.003635s ]
SQL: SELECT * FROM `tp_brief` ORDER BY id LIMIT 1   [ RunTime:0.000347s ]
SQL: SELECT * FROM `tp_brief`  [ RunTime:0.000283s ]
INFO: [ view_template ] --START--
INFO: Run LocationTemplate Behavior [ RunTime:0.001764s ]
INFO: [ view_template ] --END-- [ RunTime:0.001989s ]
INFO: [ view_parse ] --START--
INFO: Run ParseTemplate Behavior [ RunTime:0.016145s ]
INFO: [ view_parse ] --END-- [ RunTime:0.016360s ]
INFO: [ view_filter ] --START--
INFO: Run ContentReplace Behavior [ RunTime:0.001783s ]
INFO: Run TokenBuild Behavior [ RunTime:0.001063s ]
INFO: Run WriteHtmlCache Behavior [ RunTime:0.000653s ]
INFO: Run ShowRuntime Behavior [ RunTime:0.001061s ]
INFO: [ view_filter ] --END-- [ RunTime:0.005115s ]
INFO: [ view_end ] --START--
INFO: Run ShowPageTrace Behavior [ RunTime:0.001288s ]
INFO: [ view_end ] --END-- [ RunTime:0.001488s ]

