[ 2014-09-16T10:09:23+08:00 ] 0.0.0.0 /tp_jun/
INFO: [ app_begin ] --START--
INFO: Run ReadHtmlCache Behavior [ RunTime:0.001793s ]
INFO: [ app_begin ] --END-- [ RunTime:0.002447s ]
SQL: SHOW COLUMNS FROM `tp_workdynamic` [ RunTime:0.011568s ]
SQL: SELECT * FROM `tp_workdynamic` ORDER BY time LIMIT 8   [ RunTime:0.001334s ]
SQL: SHOW COLUMNS FROM `tp_education` [ RunTime:0.005297s ]
SQL: SELECT * FROM `tp_education` ORDER BY time LIMIT 8   [ RunTime:0.001416s ]
SQL: SHOW COLUMNS FROM `tp_notice` [ RunTime:0.006935s ]
SQL: SELECT * FROM `tp_notice` ORDER BY time LIMIT 8   [ RunTime:0.000788s ]
SQL: SHOW COLUMNS FROM `tp_military` [ RunTime:0.005257s ]
SQL: SELECT * FROM `tp_military` ORDER BY time LIMIT 8   [ RunTime:0.001000s ]
SQL: SHOW COLUMNS FROM `tp_photo` [ RunTime:0.002760s ]
ERR: Table 'web_jxt.tp_photo' doesn't exist
 [ SQL语句 ] : SHOW COLUMNS FROM `tp_photo`
SQL: SELECT * FROM `tp_photo`  [ RunTime:0.000412s ]
ERR: Table 'web_jxt.tp_photo' doesn't exist
 [ SQL语句 ] : SELECT * FROM `tp_photo` 
INFO: [ view_template ] --START--
INFO: Run LocationTemplate Behavior [ RunTime:0.003563s ]
INFO: [ view_template ] --END-- [ RunTime:0.003836s ]
INFO: [ view_parse ] --START--
INFO: Run ParseTemplate Behavior [ RunTime:0.025818s ]
INFO: [ view_parse ] --END-- [ RunTime:0.026031s ]
INFO: [ view_filter ] --START--
INFO: Run ContentReplace Behavior [ RunTime:0.001298s ]
INFO: Run TokenBuild Behavior [ RunTime:0.000979s ]
INFO: Run WriteHtmlCache Behavior [ RunTime:0.000841s ]
INFO: Run ShowRuntime Behavior [ RunTime:0.000890s ]
INFO: [ view_filter ] --END-- [ RunTime:0.004398s ]
INFO: [ view_end ] --START--
INFO: Run ShowPageTrace Behavior [ RunTime:0.000937s ]
INFO: [ view_end ] --END-- [ RunTime:0.001029s ]

[ 2014-09-16T10:09:42+08:00 ] 0.0.0.0 /tp_jun/index.php/Index/index
INFO: [ route_check ] --START--
INFO: Run CheckRoute Behavior [ RunTime:0.005131s ]
INFO: [ route_check ] --END-- [ RunTime:0.005327s ]
INFO: [ app_begin ] --START--
INFO: Run ReadHtmlCache Behavior [ RunTime:0.001923s ]
INFO: [ app_begin ] --END-- [ RunTime:0.002077s ]
SQL: SHOW COLUMNS FROM `tp_workdynamic` [ RunTime:0.002615s ]
SQL: SELECT * FROM `tp_workdynamic` ORDER BY time LIMIT 8   [ RunTime:0.001443s ]
SQL: SHOW COLUMNS FROM `tp_education` [ RunTime:0.003624s ]
SQL: SELECT * FROM `tp_education` ORDER BY time LIMIT 8   [ RunTime:0.000522s ]
SQL: SHOW COLUMNS FROM `tp_notice` [ RunTime:0.003543s ]
SQL: SELECT * FROM `tp_notice` ORDER BY time LIMIT 8   [ RunTime:0.000533s ]
SQL: SHOW COLUMNS FROM `tp_military` [ RunTime:0.003199s ]
SQL: SELECT * FROM `tp_military` ORDER BY time LIMIT 8   [ RunTime:0.001896s ]
SQL: SHOW COLUMNS FROM `tp_photo` [ RunTime:0.003186s ]
ERR: Table 'web_jxt.tp_photo' doesn't exist
 [ SQL语句 ] : SHOW COLUMNS FROM `tp_photo`
SQL: SELECT * FROM `tp_photo`  [ RunTime:0.000722s ]
ERR: Table 'web_jxt.tp_photo' doesn't exist
 [ SQL语句 ] : SELECT * FROM `tp_photo` 
INFO: [ view_template ] --START--
INFO: Run LocationTemplate Behavior [ RunTime:0.000966s ]
INFO: [ view_template ] --END-- [ RunTime:0.001102s ]
INFO: [ view_parse ] --START--
INFO: Run ParseTemplate Behavior [ RunTime:0.018639s ]
INFO: [ view_parse ] --END-- [ RunTime:0.018816s ]
INFO: [ view_filter ] --START--
INFO: Run ContentReplace Behavior [ RunTime:0.000717s ]
INFO: Run TokenBuild Behavior [ RunTime:0.000713s ]
INFO: Run WriteHtmlCache Behavior [ RunTime:0.000570s ]
INFO: Run ShowRuntime Behavior [ RunTime:0.000565s ]
INFO: [ view_filter ] --END-- [ RunTime:0.002916s ]
INFO: [ view_end ] --START--
INFO: Run ShowPageTrace Behavior [ RunTime:0.000679s ]
INFO: [ view_end ] --END-- [ RunTime:0.000780s ]

[ 2014-09-16T10:09:43+08:00 ] 0.0.0.0 /tp_jun/index.php/Brief/index
INFO: [ route_check ] --START--
INFO: Run CheckRoute Behavior [ RunTime:0.000999s ]
INFO: [ route_check ] --END-- [ RunTime:0.001115s ]
INFO: [ app_begin ] --START--
INFO: Run ReadHtmlCache Behavior [ RunTime:0.000570s ]
INFO: [ app_begin ] --END-- [ RunTime:0.000694s ]
SQL: SHOW COLUMNS FROM `tp_brief` [ RunTime:0.005973s ]
SQL: SELECT * FROM `tp_brief` WHERE ( id=1 ) LIMIT 1   [ RunTime:0.001908s ]
INFO: [ view_template ] --START--
INFO: Run LocationTemplate Behavior [ RunTime:0.001279s ]
INFO: [ view_template ] --END-- [ RunTime:0.001392s ]
INFO: [ view_parse ] --START--
INFO: Run ParseTemplate Behavior [ RunTime:0.010930s ]
INFO: [ view_parse ] --END-- [ RunTime:0.011044s ]
INFO: [ view_filter ] --START--
INFO: Run ContentReplace Behavior [ RunTime:0.000516s ]
INFO: Run TokenBuild Behavior [ RunTime:0.000412s ]
INFO: Run WriteHtmlCache Behavior [ RunTime:0.000263s ]
INFO: Run ShowRuntime Behavior [ RunTime:0.000521s ]
INFO: [ view_filter ] --END-- [ RunTime:0.001977s ]
INFO: [ view_end ] --START--
INFO: Run ShowPageTrace Behavior [ RunTime:0.000896s ]
INFO: [ view_end ] --END-- [ RunTime:0.001049s ]

[ 2014-09-16T10:09:53+08:00 ] 0.0.0.0 /tp_jun/index.php/Military/index
INFO: [ route_check ] --START--
INFO: Run CheckRoute Behavior [ RunTime:0.000826s ]
INFO: [ route_check ] --END-- [ RunTime:0.000931s ]
INFO: [ app_begin ] --START--
INFO: Run ReadHtmlCache Behavior [ RunTime:0.000670s ]
INFO: [ app_begin ] --END-- [ RunTime:0.000783s ]
SQL: SHOW COLUMNS FROM `tp_military` [ RunTime:0.002649s ]
SQL: SELECT COUNT(*) AS tp_count FROM `tp_military` LIMIT 1   [ RunTime:0.000719s ]
SQL: SELECT * FROM `tp_military` ORDER BY id LIMIT 0,14   [ RunTime:0.000471s ]
INFO: [ view_template ] --START--
INFO: Run LocationTemplate Behavior [ RunTime:0.001858s ]
INFO: [ view_template ] --END-- [ RunTime:0.002040s ]
INFO: [ view_parse ] --START--
INFO: Run ParseTemplate Behavior [ RunTime:0.012294s ]
INFO: [ view_parse ] --END-- [ RunTime:0.012421s ]
INFO: [ view_filter ] --START--
INFO: Run ContentReplace Behavior [ RunTime:0.000659s ]
INFO: Run TokenBuild Behavior [ RunTime:0.000447s ]
INFO: Run WriteHtmlCache Behavior [ RunTime:0.000620s ]
INFO: Run ShowRuntime Behavior [ RunTime:0.000678s ]
INFO: [ view_filter ] --END-- [ RunTime:0.002672s ]
INFO: [ view_end ] --START--
INFO: Run ShowPageTrace Behavior [ RunTime:0.000598s ]
INFO: [ view_end ] --END-- [ RunTime:0.000680s ]

[ 2014-09-16T10:09:58+08:00 ] 0.0.0.0 /tp_jun/index.php/Military/index
INFO: [ route_check ] --START--
INFO: Run CheckRoute Behavior [ RunTime:0.001002s ]
INFO: [ route_check ] --END-- [ RunTime:0.001129s ]
INFO: [ app_begin ] --START--
INFO: Run ReadHtmlCache Behavior [ RunTime:0.000508s ]
INFO: [ app_begin ] --END-- [ RunTime:0.000599s ]
SQL: SHOW COLUMNS FROM `tp_military` [ RunTime:0.002796s ]
SQL: SELECT COUNT(*) AS tp_count FROM `tp_military` LIMIT 1   [ RunTime:0.000211s ]
SQL: SELECT * FROM `tp_military` ORDER BY id LIMIT 0,14   [ RunTime:0.000556s ]
INFO: [ view_template ] --START--
INFO: Run LocationTemplate Behavior [ RunTime:0.000659s ]
INFO: [ view_template ] --END-- [ RunTime:0.000779s ]
INFO: [ view_parse ] --START--
INFO: Run ParseTemplate Behavior [ RunTime:0.010180s ]
INFO: [ view_parse ] --END-- [ RunTime:0.010289s ]
INFO: [ view_filter ] --START--
INFO: Run ContentReplace Behavior [ RunTime:0.000410s ]
INFO: Run TokenBuild Behavior [ RunTime:0.000437s ]
INFO: Run WriteHtmlCache Behavior [ RunTime:0.000260s ]
INFO: Run ShowRuntime Behavior [ RunTime:0.000430s ]
INFO: [ view_filter ] --END-- [ RunTime:0.001815s ]
INFO: [ view_end ] --START--
INFO: Run ShowPageTrace Behavior [ RunTime:0.000489s ]
INFO: [ view_end ] --END-- [ RunTime:0.000568s ]

[ 2014-09-16T10:10:00+08:00 ] 0.0.0.0 /tp_jun/index.php/Education/index
INFO: [ route_check ] --START--
INFO: Run CheckRoute Behavior [ RunTime:0.000818s ]
INFO: [ route_check ] --END-- [ RunTime:0.000923s ]
INFO: [ app_begin ] --START--
INFO: Run ReadHtmlCache Behavior [ RunTime:0.000653s ]
INFO: [ app_begin ] --END-- [ RunTime:0.000751s ]
SQL: SHOW COLUMNS FROM `tp_education` [ RunTime:0.003070s ]
SQL: SELECT COUNT(*) AS tp_count FROM `tp_education` LIMIT 1   [ RunTime:0.000257s ]
SQL: SELECT * FROM `tp_education` ORDER BY id LIMIT 0,14   [ RunTime:0.000582s ]
INFO: [ view_template ] --START--
INFO: Run LocationTemplate Behavior [ RunTime:0.001384s ]
INFO: [ view_template ] --END-- [ RunTime:0.001601s ]
INFO: [ view_parse ] --START--
INFO: Run ParseTemplate Behavior [ RunTime:0.011199s ]
INFO: [ view_parse ] --END-- [ RunTime:0.011561s ]
INFO: [ view_filter ] --START--
INFO: Run ContentReplace Behavior [ RunTime:0.000520s ]
INFO: Run TokenBuild Behavior [ RunTime:0.000364s ]
INFO: Run WriteHtmlCache Behavior [ RunTime:0.000301s ]
INFO: Run ShowRuntime Behavior [ RunTime:0.000433s ]
INFO: [ view_filter ] --END-- [ RunTime:0.001857s ]
INFO: [ view_end ] --START--
INFO: Run ShowPageTrace Behavior [ RunTime:0.000619s ]
INFO: [ view_end ] --END-- [ RunTime:0.000720s ]

[ 2014-09-16T10:10:03+08:00 ] 0.0.0.0 /tp_jun/index.php/Album/index
INFO: [ route_check ] --START--
INFO: Run CheckRoute Behavior [ RunTime:0.000779s ]
INFO: [ route_check ] --END-- [ RunTime:0.000906s ]
INFO: [ app_begin ] --START--
INFO: Run ReadHtmlCache Behavior [ RunTime:0.000528s ]
INFO: [ app_begin ] --END-- [ RunTime:0.000635s ]
SQL: SHOW COLUMNS FROM `tp_photofc` [ RunTime:0.005917s ]
SQL: SELECT * FROM `tp_photofc`  [ RunTime:0.000336s ]
INFO: [ view_template ] --START--
INFO: Run LocationTemplate Behavior [ RunTime:0.001524s ]
INFO: [ view_template ] --END-- [ RunTime:0.001736s ]
INFO: [ view_parse ] --START--
INFO: Run ParseTemplate Behavior [ RunTime:0.010501s ]
INFO: [ view_parse ] --END-- [ RunTime:0.010691s ]
INFO: [ view_filter ] --START--
INFO: Run ContentReplace Behavior [ RunTime:0.000726s ]
INFO: Run TokenBuild Behavior [ RunTime:0.000674s ]
INFO: Run WriteHtmlCache Behavior [ RunTime:0.000451s ]
INFO: Run ShowRuntime Behavior [ RunTime:0.000658s ]
INFO: [ view_filter ] --END-- [ RunTime:0.002946s ]
INFO: [ view_end ] --START--
INFO: Run ShowPageTrace Behavior [ RunTime:0.000963s ]
INFO: [ view_end ] --END-- [ RunTime:0.001094s ]

[ 2014-09-16T10:10:06+08:00 ] 0.0.0.0 /tp_jun/index.php/Album/index
INFO: [ route_check ] --START--
INFO: Run CheckRoute Behavior [ RunTime:0.000885s ]
INFO: [ route_check ] --END-- [ RunTime:0.000994s ]
INFO: [ app_begin ] --START--
INFO: Run ReadHtmlCache Behavior [ RunTime:0.000534s ]
INFO: [ app_begin ] --END-- [ RunTime:0.000625s ]
SQL: SHOW COLUMNS FROM `tp_photofc` [ RunTime:0.002783s ]
SQL: SELECT * FROM `tp_photofc`  [ RunTime:0.000312s ]
INFO: [ view_template ] --START--
INFO: Run LocationTemplate Behavior [ RunTime:0.000902s ]
INFO: [ view_template ] --END-- [ RunTime:0.001001s ]
INFO: [ view_parse ] --START--
INFO: Run ParseTemplate Behavior [ RunTime:0.009924s ]
INFO: [ view_parse ] --END-- [ RunTime:0.010031s ]
INFO: [ view_filter ] --START--
INFO: Run ContentReplace Behavior [ RunTime:0.000561s ]
INFO: Run TokenBuild Behavior [ RunTime:0.000609s ]
INFO: Run WriteHtmlCache Behavior [ RunTime:0.000372s ]
INFO: Run ShowRuntime Behavior [ RunTime:0.000580s ]
INFO: [ view_filter ] --END-- [ RunTime:0.002396s ]
INFO: [ view_end ] --START--
INFO: Run ShowPageTrace Behavior [ RunTime:0.000674s ]
INFO: [ view_end ] --END-- [ RunTime:0.000755s ]

[ 2014-09-16T10:10:06+08:00 ] 0.0.0.0 /tp_jun/index.php/Album/jctp
INFO: [ route_check ] --START--
INFO: Run CheckRoute Behavior [ RunTime:0.000756s ]
INFO: [ route_check ] --END-- [ RunTime:0.000881s ]
INFO: [ app_begin ] --START--
INFO: Run ReadHtmlCache Behavior [ RunTime:0.000583s ]
INFO: [ app_begin ] --END-- [ RunTime:0.000699s ]
INFO: [ view_template ] --START--
INFO: Run LocationTemplate Behavior [ RunTime:0.005147s ]
INFO: [ view_template ] --END-- [ RunTime:0.005315s ]
INFO: [ view_parse ] --START--
NOTIC: [8] Undefined variable: data C:\wamp\www\tp_jun\Home\Runtime\Cache\0568d8b11699877b687fb952ebf9f7fc.php 第 51 行.
INFO: Run ParseTemplate Behavior [ RunTime:0.011311s ]
INFO: [ view_parse ] --END-- [ RunTime:0.011437s ]
INFO: [ view_filter ] --START--
INFO: Run ContentReplace Behavior [ RunTime:0.000428s ]
INFO: Run TokenBuild Behavior [ RunTime:0.000418s ]
INFO: Run WriteHtmlCache Behavior [ RunTime:0.000367s ]
INFO: Run ShowRuntime Behavior [ RunTime:0.000689s ]
INFO: [ view_filter ] --END-- [ RunTime:0.002187s ]
INFO: [ view_end ] --START--
INFO: Run ShowPageTrace Behavior [ RunTime:0.000858s ]
INFO: [ view_end ] --END-- [ RunTime:0.000984s ]

[ 2014-09-16T10:10:07+08:00 ] 0.0.0.0 /tp_jun/index.php/Album/slzx
INFO: [ route_check ] --START--
INFO: Run CheckRoute Behavior [ RunTime:0.001117s ]
INFO: [ route_check ] --END-- [ RunTime:0.001348s ]
INFO: [ app_begin ] --START--
INFO: Run ReadHtmlCache Behavior [ RunTime:0.000859s ]
INFO: [ app_begin ] --END-- [ RunTime:0.001047s ]
INFO: [ view_template ] --START--
INFO: Run LocationTemplate Behavior [ RunTime:0.001197s ]
INFO: [ view_template ] --END-- [ RunTime:0.001380s ]
INFO: [ view_parse ] --START--
NOTIC: [8] Undefined variable: data C:\wamp\www\tp_jun\Home\Runtime\Cache\f2e2102caf63956b34039322d543b0d0.php 第 51 行.
INFO: Run ParseTemplate Behavior [ RunTime:0.013057s ]
INFO: [ view_parse ] --END-- [ RunTime:0.013196s ]
INFO: [ view_filter ] --START--
INFO: Run ContentReplace Behavior [ RunTime:0.001458s ]
INFO: Run TokenBuild Behavior [ RunTime:0.000683s ]
INFO: Run WriteHtmlCache Behavior [ RunTime:0.000451s ]
INFO: Run ShowRuntime Behavior [ RunTime:0.000651s ]
INFO: [ view_filter ] --END-- [ RunTime:0.003643s ]
INFO: [ view_end ] --START--
INFO: Run ShowPageTrace Behavior [ RunTime:0.000571s ]
INFO: [ view_end ] --END-- [ RunTime:0.000662s ]

[ 2014-09-16T10:10:07+08:00 ] 0.0.0.0 /tp_jun/index.php/Work/index
INFO: [ route_check ] --START--
INFO: Run CheckRoute Behavior [ RunTime:0.000822s ]
INFO: [ route_check ] --END-- [ RunTime:0.000938s ]
INFO: [ app_begin ] --START--
INFO: Run ReadHtmlCache Behavior [ RunTime:0.000563s ]
INFO: [ app_begin ] --END-- [ RunTime:0.000663s ]
SQL: SHOW COLUMNS FROM `tp_workdynamic` [ RunTime:0.002689s ]
SQL: SELECT COUNT(*) AS tp_count FROM `tp_workdynamic` LIMIT 1   [ RunTime:0.000213s ]
SQL: SELECT * FROM `tp_workdynamic` ORDER BY id LIMIT 0,14   [ RunTime:0.000525s ]
INFO: [ view_template ] --START--
INFO: Run LocationTemplate Behavior [ RunTime:0.000921s ]
INFO: [ view_template ] --END-- [ RunTime:0.001029s ]
INFO: [ view_parse ] --START--
INFO: Run ParseTemplate Behavior [ RunTime:0.012378s ]
INFO: [ view_parse ] --END-- [ RunTime:0.012512s ]
INFO: [ view_filter ] --START--
INFO: Run ContentReplace Behavior [ RunTime:0.000575s ]
INFO: Run TokenBuild Behavior [ RunTime:0.000597s ]
INFO: Run WriteHtmlCache Behavior [ RunTime:0.000323s ]
INFO: Run ShowRuntime Behavior [ RunTime:0.000590s ]
INFO: [ view_filter ] --END-- [ RunTime:0.002386s ]
INFO: [ view_end ] --START--
INFO: Run ShowPageTrace Behavior [ RunTime:0.000779s ]
INFO: [ view_end ] --END-- [ RunTime:0.000956s ]

[ 2014-09-16T10:10:12+08:00 ] 0.0.0.0 /tp_jun/index.php/Work/index
INFO: [ route_check ] --START--
INFO: Run CheckRoute Behavior [ RunTime:0.000721s ]
INFO: [ route_check ] --END-- [ RunTime:0.000889s ]
INFO: [ app_begin ] --START--
INFO: Run ReadHtmlCache Behavior [ RunTime:0.000563s ]
INFO: [ app_begin ] --END-- [ RunTime:0.000688s ]
SQL: SHOW COLUMNS FROM `tp_workdynamic` [ RunTime:0.002534s ]
SQL: SELECT COUNT(*) AS tp_count FROM `tp_workdynamic` LIMIT 1   [ RunTime:0.000218s ]
SQL: SELECT * FROM `tp_workdynamic` ORDER BY id LIMIT 0,14   [ RunTime:0.000495s ]
INFO: [ view_template ] --START--
INFO: Run LocationTemplate Behavior [ RunTime:0.000931s ]
INFO: [ view_template ] --END-- [ RunTime:0.001065s ]
INFO: [ view_parse ] --START--
INFO: Run ParseTemplate Behavior [ RunTime:0.010801s ]
INFO: [ view_parse ] --END-- [ RunTime:0.010981s ]
INFO: [ view_filter ] --START--
INFO: Run ContentReplace Behavior [ RunTime:0.000580s ]
INFO: Run TokenBuild Behavior [ RunTime:0.000376s ]
INFO: Run WriteHtmlCache Behavior [ RunTime:0.000258s ]
INFO: Run ShowRuntime Behavior [ RunTime:0.000572s ]
INFO: [ view_filter ] --END-- [ RunTime:0.002031s ]
INFO: [ view_end ] --START--
INFO: Run ShowPageTrace Behavior [ RunTime:0.000756s ]
INFO: [ view_end ] --END-- [ RunTime:0.000870s ]

[ 2014-09-16T10:10:13+08:00 ] 0.0.0.0 /tp_jun/index.php/Notice/index
INFO: [ route_check ] --START--
INFO: Run CheckRoute Behavior [ RunTime:0.000826s ]
INFO: [ route_check ] --END-- [ RunTime:0.000956s ]
INFO: [ app_begin ] --START--
INFO: Run ReadHtmlCache Behavior [ RunTime:0.000545s ]
INFO: [ app_begin ] --END-- [ RunTime:0.000646s ]
SQL: SHOW COLUMNS FROM `tp_notice` [ RunTime:0.002910s ]
SQL: SELECT COUNT(*) AS tp_count FROM `tp_notice` LIMIT 1   [ RunTime:0.000247s ]
SQL: SELECT * FROM `tp_notice` ORDER BY id LIMIT 0,14   [ RunTime:0.000310s ]
INFO: [ view_template ] --START--
INFO: Run LocationTemplate Behavior [ RunTime:0.000882s ]
INFO: [ view_template ] --END-- [ RunTime:0.000979s ]
INFO: [ view_parse ] --START--
INFO: Run ParseTemplate Behavior [ RunTime:0.011297s ]
INFO: [ view_parse ] --END-- [ RunTime:0.011501s ]
INFO: [ view_filter ] --START--
INFO: Run ContentReplace Behavior [ RunTime:0.000514s ]
INFO: Run TokenBuild Behavior [ RunTime:0.000428s ]
INFO: Run WriteHtmlCache Behavior [ RunTime:0.000296s ]
INFO: Run ShowRuntime Behavior [ RunTime:0.000508s ]
INFO: [ view_filter ] --END-- [ RunTime:0.002019s ]
INFO: [ view_end ] --START--
INFO: Run ShowPageTrace Behavior [ RunTime:0.000643s ]
INFO: [ view_end ] --END-- [ RunTime:0.000735s ]

[ 2014-09-16T10:10:15+08:00 ] 0.0.0.0 /tp_jun/index.php/Serve/index
INFO: [ route_check ] --START--
INFO: Run CheckRoute Behavior [ RunTime:0.000696s ]
INFO: [ route_check ] --END-- [ RunTime:0.000854s ]
INFO: [ app_begin ] --START--
INFO: Run ReadHtmlCache Behavior [ RunTime:0.000600s ]
INFO: [ app_begin ] --END-- [ RunTime:0.000764s ]
INFO: [ view_template ] --START--
INFO: Run LocationTemplate Behavior [ RunTime:0.001359s ]
INFO: [ view_template ] --END-- [ RunTime:0.001583s ]
INFO: [ view_parse ] --START--
INFO: Run ParseTemplate Behavior [ RunTime:0.010528s ]
INFO: [ view_parse ] --END-- [ RunTime:0.010667s ]
INFO: [ view_filter ] --START--
INFO: Run ContentReplace Behavior [ RunTime:0.000422s ]
INFO: Run TokenBuild Behavior [ RunTime:0.000408s ]
INFO: Run WriteHtmlCache Behavior [ RunTime:0.000259s ]
INFO: Run ShowRuntime Behavior [ RunTime:0.000470s ]
INFO: [ view_filter ] --END-- [ RunTime:0.001793s ]
INFO: [ view_end ] --START--
INFO: Run ShowPageTrace Behavior [ RunTime:0.000540s ]
INFO: [ view_end ] --END-- [ RunTime:0.000619s ]

[ 2014-09-16T10:10:15+08:00 ] 0.0.0.0 /tp_jun/index.php/Public/code
INFO: [ route_check ] --START--
INFO: Run CheckRoute Behavior [ RunTime:0.001192s ]
INFO: [ route_check ] --END-- [ RunTime:0.001395s ]
INFO: [ app_begin ] --START--
INFO: Run ReadHtmlCache Behavior [ RunTime:0.000902s ]
INFO: [ app_begin ] --END-- [ RunTime:0.001080s ]

[ 2014-09-16T10:10:18+08:00 ] 0.0.0.0 /tp_jun/index.php/Notice/index
INFO: [ route_check ] --START--
INFO: Run CheckRoute Behavior [ RunTime:0.000768s ]
INFO: [ route_check ] --END-- [ RunTime:0.000944s ]
INFO: [ app_begin ] --START--
INFO: Run ReadHtmlCache Behavior [ RunTime:0.000625s ]
INFO: [ app_begin ] --END-- [ RunTime:0.000755s ]
SQL: SHOW COLUMNS FROM `tp_notice` [ RunTime:0.004571s ]
SQL: SELECT COUNT(*) AS tp_count FROM `tp_notice` LIMIT 1   [ RunTime:0.000247s ]
SQL: SELECT * FROM `tp_notice` ORDER BY id LIMIT 0,14   [ RunTime:0.000354s ]
INFO: [ view_template ] --START--
INFO: Run LocationTemplate Behavior [ RunTime:0.000731s ]
INFO: [ view_template ] --END-- [ RunTime:0.000826s ]
INFO: [ view_parse ] --START--
INFO: Run ParseTemplate Behavior [ RunTime:0.010221s ]
INFO: [ view_parse ] --END-- [ RunTime:0.010356s ]
INFO: [ view_filter ] --START--
INFO: Run ContentReplace Behavior [ RunTime:0.001217s ]
INFO: Run TokenBuild Behavior [ RunTime:0.000479s ]
INFO: Run WriteHtmlCache Behavior [ RunTime:0.000262s ]
INFO: Run ShowRuntime Behavior [ RunTime:0.000549s ]
INFO: [ view_filter ] --END-- [ RunTime:0.002816s ]
INFO: [ view_end ] --START--
INFO: Run ShowPageTrace Behavior [ RunTime:0.000735s ]
INFO: [ view_end ] --END-- [ RunTime:0.000850s ]

[ 2014-09-16T10:10:19+08:00 ] 0.0.0.0 /tp_jun/index.php/Serve/index
INFO: [ route_check ] --START--
INFO: Run CheckRoute Behavior [ RunTime:0.000615s ]
INFO: [ route_check ] --END-- [ RunTime:0.000719s ]
INFO: [ app_begin ] --START--
INFO: Run ReadHtmlCache Behavior [ RunTime:0.000643s ]
INFO: [ app_begin ] --END-- [ RunTime:0.000768s ]
INFO: [ view_template ] --START--
INFO: Run LocationTemplate Behavior [ RunTime:0.000611s ]
INFO: [ view_template ] --END-- [ RunTime:0.000705s ]
INFO: [ view_parse ] --START--
INFO: Run ParseTemplate Behavior [ RunTime:0.008567s ]
INFO: [ view_parse ] --END-- [ RunTime:0.008688s ]
INFO: [ view_filter ] --START--
INFO: Run ContentReplace Behavior [ RunTime:0.000498s ]
INFO: Run TokenBuild Behavior [ RunTime:0.000412s ]
INFO: Run WriteHtmlCache Behavior [ RunTime:0.000301s ]
INFO: Run ShowRuntime Behavior [ RunTime:0.000522s ]
INFO: [ view_filter ] --END-- [ RunTime:0.002003s ]
INFO: [ view_end ] --START--
INFO: Run ShowPageTrace Behavior [ RunTime:0.000606s ]
INFO: [ view_end ] --END-- [ RunTime:0.000697s ]

[ 2014-09-16T10:10:19+08:00 ] 0.0.0.0 /tp_jun/index.php/Public/code
INFO: [ route_check ] --START--
INFO: Run CheckRoute Behavior [ RunTime:0.001622s ]
INFO: [ route_check ] --END-- [ RunTime:0.002089s ]
INFO: [ app_begin ] --START--
INFO: Run ReadHtmlCache Behavior [ RunTime:0.001521s ]
INFO: [ app_begin ] --END-- [ RunTime:0.001776s ]

[ 2014-09-16T10:13:07+08:00 ] 0.0.0.0 /tp_jun/index.php/Serve/index
INFO: [ route_check ] --START--
INFO: Run CheckRoute Behavior [ RunTime:0.000985s ]
INFO: [ route_check ] --END-- [ RunTime:0.001113s ]
INFO: [ app_begin ] --START--
INFO: Run ReadHtmlCache Behavior [ RunTime:0.000588s ]
INFO: [ app_begin ] --END-- [ RunTime:0.000688s ]
INFO: [ view_template ] --START--
INFO: Run LocationTemplate Behavior [ RunTime:0.001253s ]
INFO: [ view_template ] --END-- [ RunTime:0.001642s ]
INFO: [ view_parse ] --START--
INFO: Run ParseTemplate Behavior [ RunTime:0.020857s ]
INFO: [ view_parse ] --END-- [ RunTime:0.021306s ]
INFO: [ view_filter ] --START--
INFO: Run ContentReplace Behavior [ RunTime:0.003537s ]
INFO: Run TokenBuild Behavior [ RunTime:0.000731s ]
INFO: Run WriteHtmlCache Behavior [ RunTime:0.000336s ]
INFO: Run ShowRuntime Behavior [ RunTime:0.000540s ]
INFO: [ view_filter ] --END-- [ RunTime:0.005634s ]
INFO: [ view_end ] --START--
INFO: Run ShowPageTrace Behavior [ RunTime:0.000940s ]
INFO: [ view_end ] --END-- [ RunTime:0.001050s ]

[ 2014-09-16T10:13:07+08:00 ] 0.0.0.0 /tp_jun/index.php/Public/code
INFO: [ route_check ] --START--
INFO: Run CheckRoute Behavior [ RunTime:0.001426s ]
INFO: [ route_check ] --END-- [ RunTime:0.001618s ]
INFO: [ app_begin ] --START--
INFO: Run ReadHtmlCache Behavior [ RunTime:0.000818s ]
INFO: [ app_begin ] --END-- [ RunTime:0.000954s ]

[ 2014-09-16T10:13:35+08:00 ] 0.0.0.0 /tp_jun/index.php/Serve/index
INFO: [ route_check ] --START--
INFO: Run CheckRoute Behavior [ RunTime:0.001256s ]
INFO: [ route_check ] --END-- [ RunTime:0.001382s ]
INFO: [ app_begin ] --START--
INFO: Run ReadHtmlCache Behavior [ RunTime:0.000700s ]
INFO: [ app_begin ] --END-- [ RunTime:0.000827s ]
INFO: [ view_template ] --START--
INFO: Run LocationTemplate Behavior [ RunTime:0.000666s ]
INFO: [ view_template ] --END-- [ RunTime:0.000758s ]
INFO: [ view_parse ] --START--
INFO: Run ParseTemplate Behavior [ RunTime:0.009489s ]
INFO: [ view_parse ] --END-- [ RunTime:0.009604s ]
INFO: [ view_filter ] --START--
INFO: Run ContentReplace Behavior [ RunTime:0.000609s ]
INFO: Run TokenBuild Behavior [ RunTime:0.000436s ]
INFO: Run WriteHtmlCache Behavior [ RunTime:0.000359s ]
INFO: Run ShowRuntime Behavior [ RunTime:0.000668s ]
INFO: [ view_filter ] --END-- [ RunTime:0.002391s ]
INFO: [ view_end ] --START--
INFO: Run ShowPageTrace Behavior [ RunTime:0.001683s ]
INFO: [ view_end ] --END-- [ RunTime:0.001817s ]

[ 2014-09-16T10:13:35+08:00 ] 0.0.0.0 /tp_jun/index.php/Public/code
INFO: [ route_check ] --START--
INFO: Run CheckRoute Behavior [ RunTime:0.001202s ]
INFO: [ route_check ] --END-- [ RunTime:0.001394s ]
INFO: [ app_begin ] --START--
INFO: Run ReadHtmlCache Behavior [ RunTime:0.000844s ]
INFO: [ app_begin ] --END-- [ RunTime:0.001047s ]

[ 2014-09-16T10:13:37+08:00 ] 0.0.0.0 /tp_jun/index.php/Serve/index
INFO: [ route_check ] --START--
INFO: Run CheckRoute Behavior [ RunTime:0.000673s ]
INFO: [ route_check ] --END-- [ RunTime:0.000783s ]
INFO: [ app_begin ] --START--
INFO: Run ReadHtmlCache Behavior [ RunTime:0.000543s ]
INFO: [ app_begin ] --END-- [ RunTime:0.000673s ]
INFO: [ view_template ] --START--
INFO: Run LocationTemplate Behavior [ RunTime:0.000731s ]
INFO: [ view_template ] --END-- [ RunTime:0.000839s ]
INFO: [ view_parse ] --START--
INFO: Run ParseTemplate Behavior [ RunTime:0.009403s ]
INFO: [ view_parse ] --END-- [ RunTime:0.009513s ]
INFO: [ view_filter ] --START--
INFO: Run ContentReplace Behavior [ RunTime:0.000524s ]
INFO: Run TokenBuild Behavior [ RunTime:0.000436s ]
INFO: Run WriteHtmlCache Behavior [ RunTime:0.000366s ]
INFO: Run ShowRuntime Behavior [ RunTime:0.000570s ]
INFO: [ view_filter ] --END-- [ RunTime:0.002129s ]
INFO: [ view_end ] --START--
INFO: Run ShowPageTrace Behavior [ RunTime:0.000870s ]
INFO: [ view_end ] --END-- [ RunTime:0.000963s ]

[ 2014-09-16T10:13:37+08:00 ] 0.0.0.0 /tp_jun/index.php/Public/code
INFO: [ route_check ] --START--
INFO: Run CheckRoute Behavior [ RunTime:0.000722s ]
INFO: [ route_check ] --END-- [ RunTime:0.000845s ]
INFO: [ app_begin ] --START--
INFO: Run ReadHtmlCache Behavior [ RunTime:0.000539s ]
INFO: [ app_begin ] --END-- [ RunTime:0.000639s ]

[ 2014-09-16T10:13:51+08:00 ] 0.0.0.0 /tp_jun/index.php/Serve/index
INFO: [ route_check ] --START--
INFO: Run CheckRoute Behavior [ RunTime:0.001460s ]
INFO: [ route_check ] --END-- [ RunTime:0.001653s ]
INFO: [ app_begin ] --START--
INFO: Run ReadHtmlCache Behavior [ RunTime:0.001095s ]
INFO: [ app_begin ] --END-- [ RunTime:0.001300s ]
INFO: [ view_template ] --START--
INFO: Run LocationTemplate Behavior [ RunTime:0.001535s ]
INFO: [ view_template ] --END-- [ RunTime:0.001748s ]
INFO: [ view_parse ] --START--
INFO: Run ParseTemplate Behavior [ RunTime:0.016012s ]
INFO: [ view_parse ] --END-- [ RunTime:0.016254s ]
INFO: [ view_filter ] --START--
INFO: Run ContentReplace Behavior [ RunTime:0.001342s ]
INFO: Run TokenBuild Behavior [ RunTime:0.001399s ]
INFO: Run WriteHtmlCache Behavior [ RunTime:0.000810s ]
INFO: Run ShowRuntime Behavior [ RunTime:0.001085s ]
INFO: [ view_filter ] --END-- [ RunTime:0.005194s ]
INFO: [ view_end ] --START--
INFO: Run ShowPageTrace Behavior [ RunTime:0.001144s ]
INFO: [ view_end ] --END-- [ RunTime:0.001434s ]

[ 2014-09-16T10:13:51+08:00 ] 0.0.0.0 /tp_jun/index.php/Public/code
INFO: [ route_check ] --START--
INFO: Run CheckRoute Behavior [ RunTime:0.000781s ]
INFO: [ route_check ] --END-- [ RunTime:0.000938s ]
INFO: [ app_begin ] --START--
INFO: Run ReadHtmlCache Behavior [ RunTime:0.000596s ]
INFO: [ app_begin ] --END-- [ RunTime:0.000705s ]

[ 2014-09-16T10:14:58+08:00 ] 0.0.0.0 /tp_jun/index.php/Serve/index
INFO: [ route_check ] --START--
INFO: Run CheckRoute Behavior [ RunTime:0.000677s ]
INFO: [ route_check ] --END-- [ RunTime:0.000811s ]
INFO: [ app_begin ] --START--
INFO: Run ReadHtmlCache Behavior [ RunTime:0.000497s ]
INFO: [ app_begin ] --END-- [ RunTime:0.000585s ]
INFO: [ view_template ] --START--
INFO: Run LocationTemplate Behavior [ RunTime:0.000499s ]
INFO: [ view_template ] --END-- [ RunTime:0.000615s ]
INFO: [ view_parse ] --START--
INFO: Run ParseTemplate Behavior [ RunTime:0.008227s ]
INFO: [ view_parse ] --END-- [ RunTime:0.008361s ]
INFO: [ view_filter ] --START--
INFO: Run ContentReplace Behavior [ RunTime:0.000470s ]
INFO: Run TokenBuild Behavior [ RunTime:0.000490s ]
INFO: Run WriteHtmlCache Behavior [ RunTime:0.000266s ]
INFO: Run ShowRuntime Behavior [ RunTime:0.000478s ]
INFO: [ view_filter ] --END-- [ RunTime:0.001950s ]
INFO: [ view_end ] --START--
INFO: Run ShowPageTrace Behavior [ RunTime:0.000760s ]
INFO: [ view_end ] --END-- [ RunTime:0.000858s ]

[ 2014-09-16T10:14:58+08:00 ] 0.0.0.0 /tp_jun/index.php/Public/code
INFO: [ route_check ] --START--
INFO: Run CheckRoute Behavior [ RunTime:0.000740s ]
INFO: [ route_check ] --END-- [ RunTime:0.000866s ]
INFO: [ app_begin ] --START--
INFO: Run ReadHtmlCache Behavior [ RunTime:0.000744s ]
INFO: [ app_begin ] --END-- [ RunTime:0.000882s ]

[ 2014-09-16T10:16:01+08:00 ] 0.0.0.0 /tp_jun/index.php/Serve/index
INFO: [ route_check ] --START--
INFO: Run CheckRoute Behavior [ RunTime:0.000825s ]
INFO: [ route_check ] --END-- [ RunTime:0.000928s ]
INFO: [ app_begin ] --START--
INFO: Run ReadHtmlCache Behavior [ RunTime:0.000558s ]
INFO: [ app_begin ] --END-- [ RunTime:0.000645s ]
INFO: [ view_template ] --START--
INFO: Run LocationTemplate Behavior [ RunTime:0.000761s ]
INFO: [ view_template ] --END-- [ RunTime:0.000898s ]
INFO: [ view_parse ] --START--
INFO: Run ParseTemplate Behavior [ RunTime:0.009068s ]
INFO: [ view_parse ] --END-- [ RunTime:0.009185s ]
INFO: [ view_filter ] --START--
INFO: Run ContentReplace Behavior [ RunTime:0.000574s ]
INFO: Run TokenBuild Behavior [ RunTime:0.000470s ]
INFO: Run WriteHtmlCache Behavior [ RunTime:0.000334s ]
INFO: Run ShowRuntime Behavior [ RunTime:0.000543s ]
INFO: [ view_filter ] --END-- [ RunTime:0.002170s ]
INFO: [ view_end ] --START--
INFO: Run ShowPageTrace Behavior [ RunTime:0.000570s ]
INFO: [ view_end ] --END-- [ RunTime:0.000647s ]

[ 2014-09-16T10:16:01+08:00 ] 0.0.0.0 /tp_jun/index.php/Public/code
INFO: [ route_check ] --START--
INFO: Run CheckRoute Behavior [ RunTime:0.001124s ]
INFO: [ route_check ] --END-- [ RunTime:0.001323s ]
INFO: [ app_begin ] --START--
INFO: Run ReadHtmlCache Behavior [ RunTime:0.000559s ]
INFO: [ app_begin ] --END-- [ RunTime:0.000661s ]

[ 2014-09-16T10:16:12+08:00 ] 0.0.0.0 /tp_jun/index.php/Serve/index
INFO: [ route_check ] --START--
INFO: Run CheckRoute Behavior [ RunTime:0.001784s ]
INFO: [ route_check ] --END-- [ RunTime:0.001913s ]
INFO: [ app_begin ] --START--
INFO: Run ReadHtmlCache Behavior [ RunTime:0.000609s ]
INFO: [ app_begin ] --END-- [ RunTime:0.000698s ]
INFO: [ view_template ] --START--
INFO: Run LocationTemplate Behavior [ RunTime:0.000700s ]
INFO: [ view_template ] --END-- [ RunTime:0.000804s ]
INFO: [ view_parse ] --START--
INFO: Run ParseTemplate Behavior [ RunTime:0.009391s ]
INFO: [ view_parse ] --END-- [ RunTime:0.009504s ]
INFO: [ view_filter ] --START--
INFO: Run ContentReplace Behavior [ RunTime:0.000535s ]
INFO: Run TokenBuild Behavior [ RunTime:0.000473s ]
INFO: Run WriteHtmlCache Behavior [ RunTime:0.000382s ]
INFO: Run ShowRuntime Behavior [ RunTime:0.001000s ]
INFO: [ view_filter ] --END-- [ RunTime:0.002650s ]
INFO: [ view_end ] --START--
INFO: Run ShowPageTrace Behavior [ RunTime:0.000625s ]
INFO: [ view_end ] --END-- [ RunTime:0.000704s ]

[ 2014-09-16T10:16:12+08:00 ] 0.0.0.0 /tp_jun/index.php/Public/code
INFO: [ route_check ] --START--
INFO: Run CheckRoute Behavior [ RunTime:0.001445s ]
INFO: [ route_check ] --END-- [ RunTime:0.001688s ]
INFO: [ app_begin ] --START--
INFO: Run ReadHtmlCache Behavior [ RunTime:0.001001s ]
INFO: [ app_begin ] --END-- [ RunTime:0.001205s ]

[ 2014-09-16T10:16:18+08:00 ] 0.0.0.0 /tp_jun/index.php/Serve/index
INFO: [ route_check ] --START--
INFO: Run CheckRoute Behavior [ RunTime:0.001038s ]
INFO: [ route_check ] --END-- [ RunTime:0.001184s ]
INFO: [ app_begin ] --START--
INFO: Run ReadHtmlCache Behavior [ RunTime:0.000671s ]
INFO: [ app_begin ] --END-- [ RunTime:0.000782s ]
INFO: [ view_template ] --START--
INFO: Run LocationTemplate Behavior [ RunTime:0.000670s ]
INFO: [ view_template ] --END-- [ RunTime:0.000765s ]
INFO: [ view_parse ] --START--
INFO: Run ParseTemplate Behavior [ RunTime:0.009418s ]
INFO: [ view_parse ] --END-- [ RunTime:0.009556s ]
INFO: [ view_filter ] --START--
INFO: Run ContentReplace Behavior [ RunTime:0.000498s ]
INFO: Run TokenBuild Behavior [ RunTime:0.000465s ]
INFO: Run WriteHtmlCache Behavior [ RunTime:0.000330s ]
INFO: Run ShowRuntime Behavior [ RunTime:0.000789s ]
INFO: [ view_filter ] --END-- [ RunTime:0.002358s ]
INFO: [ view_end ] --START--
INFO: Run ShowPageTrace Behavior [ RunTime:0.001086s ]
INFO: [ view_end ] --END-- [ RunTime:0.001245s ]

[ 2014-09-16T10:16:18+08:00 ] 0.0.0.0 /tp_jun/index.php/Public/code
INFO: [ route_check ] --START--
INFO: Run CheckRoute Behavior [ RunTime:0.000710s ]
INFO: [ route_check ] --END-- [ RunTime:0.000828s ]
INFO: [ app_begin ] --START--
INFO: Run ReadHtmlCache Behavior [ RunTime:0.000774s ]
INFO: [ app_begin ] --END-- [ RunTime:0.000932s ]

[ 2014-09-16T10:16:26+08:00 ] 0.0.0.0 /tp_jun/index.php/Serve/index
INFO: [ route_check ] --START--
INFO: Run CheckRoute Behavior [ RunTime:0.000660s ]
INFO: [ route_check ] --END-- [ RunTime:0.000763s ]
INFO: [ app_begin ] --START--
INFO: Run ReadHtmlCache Behavior [ RunTime:0.000761s ]
INFO: [ app_begin ] --END-- [ RunTime:0.000906s ]
INFO: [ view_template ] --START--
INFO: Run LocationTemplate Behavior [ RunTime:0.001104s ]
INFO: [ view_template ] --END-- [ RunTime:0.001585s ]
INFO: [ view_parse ] --START--
INFO: Run ParseTemplate Behavior [ RunTime:0.009661s ]
INFO: [ view_parse ] --END-- [ RunTime:0.009828s ]
INFO: [ view_filter ] --START--
INFO: Run ContentReplace Behavior [ RunTime:0.000535s ]
INFO: Run TokenBuild Behavior [ RunTime:0.000392s ]
INFO: Run WriteHtmlCache Behavior [ RunTime:0.000259s ]
INFO: Run ShowRuntime Behavior [ RunTime:0.000439s ]
INFO: [ view_filter ] --END-- [ RunTime:0.001890s ]
INFO: [ view_end ] --START--
INFO: Run ShowPageTrace Behavior [ RunTime:0.000618s ]
INFO: [ view_end ] --END-- [ RunTime:0.000747s ]

[ 2014-09-16T10:16:26+08:00 ] 0.0.0.0 /tp_jun/index.php/Public/code
INFO: [ route_check ] --START--
INFO: Run CheckRoute Behavior [ RunTime:0.001253s ]
INFO: [ route_check ] --END-- [ RunTime:0.001508s ]
INFO: [ app_begin ] --START--
INFO: Run ReadHtmlCache Behavior [ RunTime:0.001734s ]
INFO: [ app_begin ] --END-- [ RunTime:0.002182s ]

[ 2014-09-16T10:16:33+08:00 ] 0.0.0.0 /tp_jun/index.php/Serve/index
INFO: [ route_check ] --START--
INFO: Run CheckRoute Behavior [ RunTime:0.000674s ]
INFO: [ route_check ] --END-- [ RunTime:0.000779s ]
INFO: [ app_begin ] --START--
INFO: Run ReadHtmlCache Behavior [ RunTime:0.000486s ]
INFO: [ app_begin ] --END-- [ RunTime:0.000591s ]
INFO: [ view_template ] --START--
INFO: Run LocationTemplate Behavior [ RunTime:0.000395s ]
INFO: [ view_template ] --END-- [ RunTime:0.000484s ]
INFO: [ view_parse ] --START--
INFO: Run ParseTemplate Behavior [ RunTime:0.009296s ]
INFO: [ view_parse ] --END-- [ RunTime:0.009413s ]
INFO: [ view_filter ] --START--
INFO: Run ContentReplace Behavior [ RunTime:0.000534s ]
INFO: Run TokenBuild Behavior [ RunTime:0.000604s ]
INFO: Run WriteHtmlCache Behavior [ RunTime:0.000419s ]
INFO: Run ShowRuntime Behavior [ RunTime:0.000460s ]
INFO: [ view_filter ] --END-- [ RunTime:0.002333s ]
INFO: [ view_end ] --START--
INFO: Run ShowPageTrace Behavior [ RunTime:0.000591s ]
INFO: [ view_end ] --END-- [ RunTime:0.000676s ]

[ 2014-09-16T10:16:33+08:00 ] 0.0.0.0 /tp_jun/index.php/Public/code
INFO: [ route_check ] --START--
INFO: Run CheckRoute Behavior [ RunTime:0.001042s ]
INFO: [ route_check ] --END-- [ RunTime:0.001204s ]
INFO: [ app_begin ] --START--
INFO: Run ReadHtmlCache Behavior [ RunTime:0.000633s ]
INFO: [ app_begin ] --END-- [ RunTime:0.000741s ]

[ 2014-09-16T10:16:37+08:00 ] 0.0.0.0 /tp_jun/index.php/Serve/index
INFO: [ route_check ] --START--
INFO: Run CheckRoute Behavior [ RunTime:0.000794s ]
INFO: [ route_check ] --END-- [ RunTime:0.000918s ]
INFO: [ app_begin ] --START--
INFO: Run ReadHtmlCache Behavior [ RunTime:0.000536s ]
INFO: [ app_begin ] --END-- [ RunTime:0.000624s ]
INFO: [ view_template ] --START--
INFO: Run LocationTemplate Behavior [ RunTime:0.000972s ]
INFO: [ view_template ] --END-- [ RunTime:0.001140s ]
INFO: [ view_parse ] --START--
INFO: Run ParseTemplate Behavior [ RunTime:0.011299s ]
INFO: [ view_parse ] --END-- [ RunTime:0.011450s ]
INFO: [ view_filter ] --START--
INFO: Run ContentReplace Behavior [ RunTime:0.000786s ]
INFO: Run TokenBuild Behavior [ RunTime:0.000625s ]
INFO: Run WriteHtmlCache Behavior [ RunTime:0.000639s ]
INFO: Run ShowRuntime Behavior [ RunTime:0.000604s ]
INFO: [ view_filter ] --END-- [ RunTime:0.003082s ]
INFO: [ view_end ] --START--
INFO: Run ShowPageTrace Behavior [ RunTime:0.000676s ]
INFO: [ view_end ] --END-- [ RunTime:0.000756s ]

[ 2014-09-16T10:16:37+08:00 ] 0.0.0.0 /tp_jun/index.php/Public/code
INFO: [ route_check ] --START--
INFO: Run CheckRoute Behavior [ RunTime:0.000746s ]
INFO: [ route_check ] --END-- [ RunTime:0.000866s ]
INFO: [ app_begin ] --START--
INFO: Run ReadHtmlCache Behavior [ RunTime:0.000952s ]
INFO: [ app_begin ] --END-- [ RunTime:0.001138s ]

[ 2014-09-16T10:16:45+08:00 ] 0.0.0.0 /tp_jun/index.php/Serve/index
INFO: [ route_check ] --START--
INFO: Run CheckRoute Behavior [ RunTime:0.000642s ]
INFO: [ route_check ] --END-- [ RunTime:0.000746s ]
INFO: [ app_begin ] --START--
INFO: Run ReadHtmlCache Behavior [ RunTime:0.000474s ]
INFO: [ app_begin ] --END-- [ RunTime:0.000576s ]
INFO: [ view_template ] --START--
INFO: Run LocationTemplate Behavior [ RunTime:0.000443s ]
INFO: [ view_template ] --END-- [ RunTime:0.000551s ]
INFO: [ view_parse ] --START--
INFO: Run ParseTemplate Behavior [ RunTime:0.011322s ]
INFO: [ view_parse ] --END-- [ RunTime:0.013023s ]
INFO: [ view_filter ] --START--
INFO: Run ContentReplace Behavior [ RunTime:0.001554s ]
INFO: Run TokenBuild Behavior [ RunTime:0.001643s ]
INFO: Run WriteHtmlCache Behavior [ RunTime:0.001125s ]
INFO: Run ShowRuntime Behavior [ RunTime:0.001085s ]
INFO: [ view_filter ] --END-- [ RunTime:0.006129s ]
INFO: [ view_end ] --START--
INFO: Run ShowPageTrace Behavior [ RunTime:0.002931s ]
INFO: [ view_end ] --END-- [ RunTime:0.003100s ]

[ 2014-09-16T10:16:45+08:00 ] 0.0.0.0 /tp_jun/index.php/Public/code
INFO: [ route_check ] --START--
INFO: Run CheckRoute Behavior [ RunTime:0.001259s ]
INFO: [ route_check ] --END-- [ RunTime:0.001474s ]
INFO: [ app_begin ] --START--
INFO: Run ReadHtmlCache Behavior [ RunTime:0.000698s ]
INFO: [ app_begin ] --END-- [ RunTime:0.000819s ]

[ 2014-09-16T10:17:02+08:00 ] 0.0.0.0 /tp_jun/index.php/Serve/index
INFO: [ route_check ] --START--
INFO: Run CheckRoute Behavior [ RunTime:0.000763s ]
INFO: [ route_check ] --END-- [ RunTime:0.000887s ]
INFO: [ app_begin ] --START--
INFO: Run ReadHtmlCache Behavior [ RunTime:0.000618s ]
INFO: [ app_begin ] --END-- [ RunTime:0.000729s ]
INFO: [ view_template ] --START--
INFO: Run LocationTemplate Behavior [ RunTime:0.000571s ]
INFO: [ view_template ] --END-- [ RunTime:0.000690s ]
INFO: [ view_parse ] --START--
INFO: Run ParseTemplate Behavior [ RunTime:0.008485s ]
INFO: [ view_parse ] --END-- [ RunTime:0.008595s ]
INFO: [ view_filter ] --START--
INFO: Run ContentReplace Behavior [ RunTime:0.000425s ]
INFO: Run TokenBuild Behavior [ RunTime:0.000360s ]
INFO: Run WriteHtmlCache Behavior [ RunTime:0.000302s ]
INFO: Run ShowRuntime Behavior [ RunTime:0.000501s ]
INFO: [ view_filter ] --END-- [ RunTime:0.001838s ]
INFO: [ view_end ] --START--
INFO: Run ShowPageTrace Behavior [ RunTime:0.000663s ]
INFO: [ view_end ] --END-- [ RunTime:0.000792s ]

[ 2014-09-16T10:17:02+08:00 ] 0.0.0.0 /tp_jun/index.php/Public/code
INFO: [ route_check ] --START--
INFO: Run CheckRoute Behavior [ RunTime:0.000776s ]
INFO: [ route_check ] --END-- [ RunTime:0.000904s ]
INFO: [ app_begin ] --START--
INFO: Run ReadHtmlCache Behavior [ RunTime:0.000834s ]
INFO: [ app_begin ] --END-- [ RunTime:0.001020s ]

[ 2014-09-16T10:17:04+08:00 ] 0.0.0.0 /tp_jun/index.php/Serve/index.html
INFO: [ route_check ] --START--
INFO: Run CheckRoute Behavior [ RunTime:0.000656s ]
INFO: [ route_check ] --END-- [ RunTime:0.000761s ]
INFO: [ app_begin ] --START--
INFO: Run ReadHtmlCache Behavior [ RunTime:0.000463s ]
INFO: [ app_begin ] --END-- [ RunTime:0.000564s ]
INFO: [ view_template ] --START--
INFO: Run LocationTemplate Behavior [ RunTime:0.000389s ]
INFO: [ view_template ] --END-- [ RunTime:0.000480s ]
INFO: [ view_parse ] --START--
INFO: Run ParseTemplate Behavior [ RunTime:0.008357s ]
INFO: [ view_parse ] --END-- [ RunTime:0.008500s ]
INFO: [ view_filter ] --START--
INFO: Run ContentReplace Behavior [ RunTime:0.000460s ]
INFO: Run TokenBuild Behavior [ RunTime:0.000361s ]
INFO: Run WriteHtmlCache Behavior [ RunTime:0.000254s ]
INFO: Run ShowRuntime Behavior [ RunTime:0.000481s ]
INFO: [ view_filter ] --END-- [ RunTime:0.001788s ]
INFO: [ view_end ] --START--
INFO: Run ShowPageTrace Behavior [ RunTime:0.000537s ]
INFO: [ view_end ] --END-- [ RunTime:0.000617s ]

[ 2014-09-16T10:17:04+08:00 ] 0.0.0.0 /tp_jun/index.php/Public/code
INFO: [ route_check ] --START--
INFO: Run CheckRoute Behavior [ RunTime:0.001434s ]
INFO: [ route_check ] --END-- [ RunTime:0.001694s ]
INFO: [ app_begin ] --START--
INFO: Run ReadHtmlCache Behavior [ RunTime:0.000908s ]
INFO: [ app_begin ] --END-- [ RunTime:0.001237s ]

[ 2014-09-16T10:17:05+08:00 ] 0.0.0.0 /tp_jun/index.php/Serve/view.html
INFO: [ route_check ] --START--
INFO: Run CheckRoute Behavior [ RunTime:0.000639s ]
INFO: [ route_check ] --END-- [ RunTime:0.000775s ]
INFO: [ app_begin ] --START--
INFO: Run ReadHtmlCache Behavior [ RunTime:0.000613s ]
INFO: [ app_begin ] --END-- [ RunTime:0.000711s ]
SQL: SHOW COLUMNS FROM `tp_message` [ RunTime:0.009629s ]
SQL: SELECT COUNT(*) AS tp_count FROM `tp_message` LIMIT 1   [ RunTime:0.000274s ]
SQL: SELECT * FROM `tp_message` ORDER BY time desc LIMIT 0,6   [ RunTime:0.000558s ]
INFO: [ view_template ] --START--
INFO: Run LocationTemplate Behavior [ RunTime:0.000721s ]
INFO: [ view_template ] --END-- [ RunTime:0.000858s ]
INFO: [ view_parse ] --START--
INFO: Run ParseTemplate Behavior [ RunTime:0.009860s ]
INFO: [ view_parse ] --END-- [ RunTime:0.009982s ]
INFO: [ view_filter ] --START--
INFO: Run ContentReplace Behavior [ RunTime:0.000554s ]
INFO: Run TokenBuild Behavior [ RunTime:0.000556s ]
INFO: Run WriteHtmlCache Behavior [ RunTime:0.000478s ]
INFO: Run ShowRuntime Behavior [ RunTime:0.000536s ]
INFO: [ view_filter ] --END-- [ RunTime:0.002428s ]
INFO: [ view_end ] --START--
INFO: Run ShowPageTrace Behavior [ RunTime:0.000567s ]
INFO: [ view_end ] --END-- [ RunTime:0.000656s ]

[ 2014-09-16T10:17:05+08:00 ] 0.0.0.0 /tp_jun/index.php/Serve/index
INFO: [ route_check ] --START--
INFO: Run CheckRoute Behavior [ RunTime:0.000725s ]
INFO: [ route_check ] --END-- [ RunTime:0.000833s ]
INFO: [ app_begin ] --START--
INFO: Run ReadHtmlCache Behavior [ RunTime:0.000520s ]
INFO: [ app_begin ] --END-- [ RunTime:0.000620s ]
INFO: [ view_template ] --START--
INFO: Run LocationTemplate Behavior [ RunTime:0.000402s ]
INFO: [ view_template ] --END-- [ RunTime:0.000519s ]
INFO: [ view_parse ] --START--
INFO: Run ParseTemplate Behavior [ RunTime:0.007917s ]
INFO: [ view_parse ] --END-- [ RunTime:0.008042s ]
INFO: [ view_filter ] --START--
INFO: Run ContentReplace Behavior [ RunTime:0.000550s ]
INFO: Run TokenBuild Behavior [ RunTime:0.000457s ]
INFO: Run WriteHtmlCache Behavior [ RunTime:0.000385s ]
INFO: Run ShowRuntime Behavior [ RunTime:0.000689s ]
INFO: [ view_filter ] --END-- [ RunTime:0.002361s ]
INFO: [ view_end ] --START--
INFO: Run ShowPageTrace Behavior [ RunTime:0.000506s ]
INFO: [ view_end ] --END-- [ RunTime:0.000588s ]

[ 2014-09-16T10:17:05+08:00 ] 0.0.0.0 /tp_jun/index.php/Public/code
INFO: [ route_check ] --START--
INFO: Run CheckRoute Behavior [ RunTime:0.002219s ]
INFO: [ route_check ] --END-- [ RunTime:0.002477s ]
INFO: [ app_begin ] --START--
INFO: Run ReadHtmlCache Behavior [ RunTime:0.001114s ]
INFO: [ app_begin ] --END-- [ RunTime:0.001352s ]

[ 2014-09-16T10:17:06+08:00 ] 0.0.0.0 /tp_jun/index.php/Serve/view.html
INFO: [ route_check ] --START--
INFO: Run CheckRoute Behavior [ RunTime:0.000737s ]
INFO: [ route_check ] --END-- [ RunTime:0.000852s ]
INFO: [ app_begin ] --START--
INFO: Run ReadHtmlCache Behavior [ RunTime:0.000535s ]
INFO: [ app_begin ] --END-- [ RunTime:0.000634s ]
SQL: SHOW COLUMNS FROM `tp_message` [ RunTime:0.002520s ]
SQL: SELECT COUNT(*) AS tp_count FROM `tp_message` LIMIT 1   [ RunTime:0.000213s ]
SQL: SELECT * FROM `tp_message` ORDER BY time desc LIMIT 0,6   [ RunTime:0.000374s ]
INFO: [ view_template ] --START--
INFO: Run LocationTemplate Behavior [ RunTime:0.000673s ]
INFO: [ view_template ] --END-- [ RunTime:0.000786s ]
INFO: [ view_parse ] --START--
INFO: Run ParseTemplate Behavior [ RunTime:0.010189s ]
INFO: [ view_parse ] --END-- [ RunTime:0.010293s ]
INFO: [ view_filter ] --START--
INFO: Run ContentReplace Behavior [ RunTime:0.000506s ]
INFO: Run TokenBuild Behavior [ RunTime:0.000367s ]
INFO: Run WriteHtmlCache Behavior [ RunTime:0.000325s ]
INFO: Run ShowRuntime Behavior [ RunTime:0.000510s ]
INFO: [ view_filter ] --END-- [ RunTime:0.002030s ]
INFO: [ view_end ] --START--
INFO: Run ShowPageTrace Behavior [ RunTime:0.000669s ]
INFO: [ view_end ] --END-- [ RunTime:0.000749s ]

[ 2014-09-16T10:17:06+08:00 ] 0.0.0.0 /tp_jun/index.php/Serve/index
INFO: [ route_check ] --START--
INFO: Run CheckRoute Behavior [ RunTime:0.000693s ]
INFO: [ route_check ] --END-- [ RunTime:0.000806s ]
INFO: [ app_begin ] --START--
INFO: Run ReadHtmlCache Behavior [ RunTime:0.000543s ]
INFO: [ app_begin ] --END-- [ RunTime:0.000650s ]
INFO: [ view_template ] --START--
INFO: Run LocationTemplate Behavior [ RunTime:0.000494s ]
INFO: [ view_template ] --END-- [ RunTime:0.000706s ]
INFO: [ view_parse ] --START--
INFO: Run ParseTemplate Behavior [ RunTime:0.008507s ]
INFO: [ view_parse ] --END-- [ RunTime:0.008636s ]
INFO: [ view_filter ] --START--
INFO: Run ContentReplace Behavior [ RunTime:0.000471s ]
INFO: Run TokenBuild Behavior [ RunTime:0.000411s ]
INFO: Run WriteHtmlCache Behavior [ RunTime:0.000288s ]
INFO: Run ShowRuntime Behavior [ RunTime:0.000536s ]
INFO: [ view_filter ] --END-- [ RunTime:0.001982s ]
INFO: [ view_end ] --START--
INFO: Run ShowPageTrace Behavior [ RunTime:0.000661s ]
INFO: [ view_end ] --END-- [ RunTime:0.000779s ]

[ 2014-09-16T10:17:06+08:00 ] 0.0.0.0 /tp_jun/index.php/Public/code
INFO: [ route_check ] --START--
INFO: Run CheckRoute Behavior [ RunTime:0.001581s ]
INFO: [ route_check ] --END-- [ RunTime:0.001849s ]
INFO: [ app_begin ] --START--
INFO: Run ReadHtmlCache Behavior [ RunTime:0.000946s ]
INFO: [ app_begin ] --END-- [ RunTime:0.001348s ]

[ 2014-09-16T10:17:07+08:00 ] 0.0.0.0 /tp_jun/index.php/Notice/index
INFO: [ route_check ] --START--
INFO: Run CheckRoute Behavior [ RunTime:0.000856s ]
INFO: [ route_check ] --END-- [ RunTime:0.000984s ]
INFO: [ app_begin ] --START--
INFO: Run ReadHtmlCache Behavior [ RunTime:0.000457s ]
INFO: [ app_begin ] --END-- [ RunTime:0.000544s ]
SQL: SHOW COLUMNS FROM `tp_notice` [ RunTime:0.002724s ]
SQL: SELECT COUNT(*) AS tp_count FROM `tp_notice` LIMIT 1   [ RunTime:0.000220s ]
SQL: SELECT * FROM `tp_notice` ORDER BY id LIMIT 0,14   [ RunTime:0.000369s ]
INFO: [ view_template ] --START--
INFO: Run LocationTemplate Behavior [ RunTime:0.000895s ]
INFO: [ view_template ] --END-- [ RunTime:0.001021s ]
INFO: [ view_parse ] --START--
INFO: Run ParseTemplate Behavior [ RunTime:0.011695s ]
INFO: [ view_parse ] --END-- [ RunTime:0.011876s ]
INFO: [ view_filter ] --START--
INFO: Run ContentReplace Behavior [ RunTime:0.000549s ]
INFO: Run TokenBuild Behavior [ RunTime:0.000446s ]
INFO: Run WriteHtmlCache Behavior [ RunTime:0.000310s ]
INFO: Run ShowRuntime Behavior [ RunTime:0.000546s ]
INFO: [ view_filter ] --END-- [ RunTime:0.002138s ]
INFO: [ view_end ] --START--
INFO: Run ShowPageTrace Behavior [ RunTime:0.000609s ]
INFO: [ view_end ] --END-- [ RunTime:0.000709s ]

[ 2014-09-16T10:17:08+08:00 ] 0.0.0.0 /tp_jun/index.php/Serve/index
INFO: [ route_check ] --START--
INFO: Run CheckRoute Behavior [ RunTime:0.000997s ]
INFO: [ route_check ] --END-- [ RunTime:0.001143s ]
INFO: [ app_begin ] --START--
INFO: Run ReadHtmlCache Behavior [ RunTime:0.000694s ]
INFO: [ app_begin ] --END-- [ RunTime:0.000802s ]
INFO: [ view_template ] --START--
INFO: Run LocationTemplate Behavior [ RunTime:0.000494s ]
INFO: [ view_template ] --END-- [ RunTime:0.000629s ]
INFO: [ view_parse ] --START--
INFO: Run ParseTemplate Behavior [ RunTime:0.008482s ]
INFO: [ view_parse ] --END-- [ RunTime:0.008637s ]
INFO: [ view_filter ] --START--
INFO: Run ContentReplace Behavior [ RunTime:0.000503s ]
INFO: Run TokenBuild Behavior [ RunTime:0.000454s ]
INFO: Run WriteHtmlCache Behavior [ RunTime:0.000299s ]
INFO: Run ShowRuntime Behavior [ RunTime:0.000515s ]
INFO: [ view_filter ] --END-- [ RunTime:0.002073s ]
INFO: [ view_end ] --START--
INFO: Run ShowPageTrace Behavior [ RunTime:0.000720s ]
INFO: [ view_end ] --END-- [ RunTime:0.000817s ]

[ 2014-09-16T10:17:08+08:00 ] 0.0.0.0 /tp_jun/index.php/Public/code
INFO: [ route_check ] --START--
INFO: Run CheckRoute Behavior [ RunTime:0.001289s ]
INFO: [ route_check ] --END-- [ RunTime:0.001557s ]
INFO: [ app_begin ] --START--
INFO: Run ReadHtmlCache Behavior [ RunTime:0.000809s ]
INFO: [ app_begin ] --END-- [ RunTime:0.001032s ]

[ 2014-09-16T10:17:46+08:00 ] 0.0.0.0 /tp_jun/index.php/Serve/index
INFO: [ route_check ] --START--
INFO: Run CheckRoute Behavior [ RunTime:0.000791s ]
INFO: [ route_check ] --END-- [ RunTime:0.000953s ]
INFO: [ app_begin ] --START--
INFO: Run ReadHtmlCache Behavior [ RunTime:0.000814s ]
INFO: [ app_begin ] --END-- [ RunTime:0.001026s ]
INFO: [ view_template ] --START--
INFO: Run LocationTemplate Behavior [ RunTime:0.000833s ]
INFO: [ view_template ] --END-- [ RunTime:0.000983s ]
INFO: [ view_parse ] --START--
INFO: Run ParseTemplate Behavior [ RunTime:0.009420s ]
INFO: [ view_parse ] --END-- [ RunTime:0.009560s ]
INFO: [ view_filter ] --START--
INFO: Run ContentReplace Behavior [ RunTime:0.000556s ]
INFO: Run TokenBuild Behavior [ RunTime:0.000659s ]
INFO: Run WriteHtmlCache Behavior [ RunTime:0.000333s ]
INFO: Run ShowRuntime Behavior [ RunTime:0.000572s ]
INFO: [ view_filter ] --END-- [ RunTime:0.002472s ]
INFO: [ view_end ] --START--
INFO: Run ShowPageTrace Behavior [ RunTime:0.000828s ]
INFO: [ view_end ] --END-- [ RunTime:0.000950s ]

[ 2014-09-16T10:17:47+08:00 ] 0.0.0.0 /tp_jun/index.php/Public/code
INFO: [ route_check ] --START--
INFO: Run CheckRoute Behavior [ RunTime:0.001304s ]
INFO: [ route_check ] --END-- [ RunTime:0.001505s ]
INFO: [ app_begin ] --START--
INFO: Run ReadHtmlCache Behavior [ RunTime:0.000899s ]
INFO: [ app_begin ] --END-- [ RunTime:0.001066s ]

[ 2014-09-16T10:18:25+08:00 ] 0.0.0.0 /tp_jun/index.php/Serve/index
INFO: [ route_check ] --START--
INFO: Run CheckRoute Behavior [ RunTime:0.003115s ]
INFO: [ route_check ] --END-- [ RunTime:0.003445s ]
INFO: [ app_begin ] --START--
INFO: Run ReadHtmlCache Behavior [ RunTime:0.002819s ]
INFO: [ app_begin ] --END-- [ RunTime:0.003271s ]
INFO: [ view_template ] --START--
INFO: Run LocationTemplate Behavior [ RunTime:0.002709s ]
INFO: [ view_template ] --END-- [ RunTime:0.003067s ]
INFO: [ view_parse ] --START--
INFO: Run ParseTemplate Behavior [ RunTime:0.021007s ]
INFO: [ view_parse ] --END-- [ RunTime:0.021314s ]
INFO: [ view_filter ] --START--
INFO: Run ContentReplace Behavior [ RunTime:0.001090s ]
INFO: Run TokenBuild Behavior [ RunTime:0.000939s ]
INFO: Run WriteHtmlCache Behavior [ RunTime:0.000716s ]
INFO: Run ShowRuntime Behavior [ RunTime:0.001090s ]
INFO: [ view_filter ] --END-- [ RunTime:0.004377s ]
INFO: [ view_end ] --START--
INFO: Run ShowPageTrace Behavior [ RunTime:0.002758s ]
INFO: [ view_end ] --END-- [ RunTime:0.002965s ]

[ 2014-09-16T10:18:25+08:00 ] 0.0.0.0 /tp_jun/index.php/Public/code
INFO: [ route_check ] --START--
INFO: Run CheckRoute Behavior [ RunTime:0.000911s ]
INFO: [ route_check ] --END-- [ RunTime:0.001042s ]
INFO: [ app_begin ] --START--
INFO: Run ReadHtmlCache Behavior [ RunTime:0.000953s ]
INFO: [ app_begin ] --END-- [ RunTime:0.001162s ]

[ 2014-09-16T10:18:46+08:00 ] 0.0.0.0 /tp_jun/index.php/Serve/index
INFO: [ route_check ] --START--
INFO: Run CheckRoute Behavior [ RunTime:0.000969s ]
INFO: [ route_check ] --END-- [ RunTime:0.001123s ]
INFO: [ app_begin ] --START--
INFO: Run ReadHtmlCache Behavior [ RunTime:0.000609s ]
INFO: [ app_begin ] --END-- [ RunTime:0.000711s ]
INFO: [ view_template ] --START--
INFO: Run LocationTemplate Behavior [ RunTime:0.001023s ]
INFO: [ view_template ] --END-- [ RunTime:0.001147s ]
INFO: [ view_parse ] --START--
INFO: Run ParseTemplate Behavior [ RunTime:0.008726s ]
INFO: [ view_parse ] --END-- [ RunTime:0.008858s ]
INFO: [ view_filter ] --START--
INFO: Run ContentReplace Behavior [ RunTime:0.000481s ]
INFO: Run TokenBuild Behavior [ RunTime:0.000695s ]
INFO: Run WriteHtmlCache Behavior [ RunTime:0.000413s ]
INFO: Run ShowRuntime Behavior [ RunTime:0.000592s ]
INFO: [ view_filter ] --END-- [ RunTime:0.002468s ]
INFO: [ view_end ] --START--
INFO: Run ShowPageTrace Behavior [ RunTime:0.001138s ]
INFO: [ view_end ] --END-- [ RunTime:0.001241s ]

[ 2014-09-16T10:18:46+08:00 ] 0.0.0.0 /tp_jun/index.php/Public/code
INFO: [ route_check ] --START--
INFO: Run CheckRoute Behavior [ RunTime:0.000715s ]
INFO: [ route_check ] --END-- [ RunTime:0.000840s ]
INFO: [ app_begin ] --START--
INFO: Run ReadHtmlCache Behavior [ RunTime:0.000537s ]
INFO: [ app_begin ] --END-- [ RunTime:0.000637s ]

[ 2014-09-16T10:18:55+08:00 ] 0.0.0.0 /tp_jun/index.php/Serve/index
INFO: [ route_check ] --START--
INFO: Run CheckRoute Behavior [ RunTime:0.000987s ]
INFO: [ route_check ] --END-- [ RunTime:0.001174s ]
INFO: [ app_begin ] --START--
INFO: Run ReadHtmlCache Behavior [ RunTime:0.000993s ]
INFO: [ app_begin ] --END-- [ RunTime:0.001140s ]
INFO: [ view_template ] --START--
INFO: Run LocationTemplate Behavior [ RunTime:0.001176s ]
INFO: [ view_template ] --END-- [ RunTime:0.001371s ]
INFO: [ view_parse ] --START--
INFO: Run ParseTemplate Behavior [ RunTime:0.008985s ]
INFO: [ view_parse ] --END-- [ RunTime:0.009105s ]
INFO: [ view_filter ] --START--
INFO: Run ContentReplace Behavior [ RunTime:0.000581s ]
INFO: Run TokenBuild Behavior [ RunTime:0.000437s ]
INFO: Run WriteHtmlCache Behavior [ RunTime:0.000391s ]
INFO: Run ShowRuntime Behavior [ RunTime:0.000958s ]
INFO: [ view_filter ] --END-- [ RunTime:0.002719s ]
INFO: [ view_end ] --START--
INFO: Run ShowPageTrace Behavior [ RunTime:0.000937s ]
INFO: [ view_end ] --END-- [ RunTime:0.001025s ]

[ 2014-09-16T10:18:55+08:00 ] 0.0.0.0 /tp_jun/index.php/Public/code
INFO: [ route_check ] --START--
INFO: Run CheckRoute Behavior [ RunTime:0.001468s ]
INFO: [ route_check ] --END-- [ RunTime:0.001654s ]
INFO: [ app_begin ] --START--
INFO: Run ReadHtmlCache Behavior [ RunTime:0.000864s ]
INFO: [ app_begin ] --END-- [ RunTime:0.001001s ]

[ 2014-09-16T10:18:57+08:00 ] 0.0.0.0 /tp_jun/index.php/Serve/index
INFO: [ route_check ] --START--
INFO: Run CheckRoute Behavior [ RunTime:0.000789s ]
INFO: [ route_check ] --END-- [ RunTime:0.000927s ]
INFO: [ app_begin ] --START--
INFO: Run ReadHtmlCache Behavior [ RunTime:0.000586s ]
INFO: [ app_begin ] --END-- [ RunTime:0.000702s ]
INFO: [ view_template ] --START--
INFO: Run LocationTemplate Behavior [ RunTime:0.000844s ]
INFO: [ view_template ] --END-- [ RunTime:0.001000s ]
INFO: [ view_parse ] --START--
INFO: Run ParseTemplate Behavior [ RunTime:0.010784s ]
INFO: [ view_parse ] --END-- [ RunTime:0.010964s ]
INFO: [ view_filter ] --START--
INFO: Run ContentReplace Behavior [ RunTime:0.000685s ]
INFO: Run TokenBuild Behavior [ RunTime:0.000508s ]
INFO: Run WriteHtmlCache Behavior [ RunTime:0.000329s ]
INFO: Run ShowRuntime Behavior [ RunTime:0.000549s ]
INFO: [ view_filter ] --END-- [ RunTime:0.002339s ]
INFO: [ view_end ] --START--
INFO: Run ShowPageTrace Behavior [ RunTime:0.000661s ]
INFO: [ view_end ] --END-- [ RunTime:0.000741s ]

[ 2014-09-16T10:18:57+08:00 ] 0.0.0.0 /tp_jun/index.php/Public/code
INFO: [ route_check ] --START--
INFO: Run CheckRoute Behavior [ RunTime:0.002245s ]
INFO: [ route_check ] --END-- [ RunTime:0.002611s ]
INFO: [ app_begin ] --START--
INFO: Run ReadHtmlCache Behavior [ RunTime:0.001171s ]
INFO: [ app_begin ] --END-- [ RunTime:0.001395s ]

[ 2014-09-16T10:18:58+08:00 ] 0.0.0.0 /tp_jun/index.php/Serve/view.html
INFO: [ route_check ] --START--
INFO: Run CheckRoute Behavior [ RunTime:0.000802s ]
INFO: [ route_check ] --END-- [ RunTime:0.000991s ]
INFO: [ app_begin ] --START--
INFO: Run ReadHtmlCache Behavior [ RunTime:0.000583s ]
INFO: [ app_begin ] --END-- [ RunTime:0.000725s ]
SQL: SHOW COLUMNS FROM `tp_message` [ RunTime:0.002642s ]
SQL: SELECT COUNT(*) AS tp_count FROM `tp_message` LIMIT 1   [ RunTime:0.000275s ]
SQL: SELECT * FROM `tp_message` ORDER BY time desc LIMIT 0,6   [ RunTime:0.000364s ]
INFO: [ view_template ] --START--
INFO: Run LocationTemplate Behavior [ RunTime:0.001989s ]
INFO: [ view_template ] --END-- [ RunTime:0.002129s ]
INFO: [ view_parse ] --START--
INFO: Run ParseTemplate Behavior [ RunTime:0.012615s ]
INFO: [ view_parse ] --END-- [ RunTime:0.012755s ]
INFO: [ view_filter ] --START--
INFO: Run ContentReplace Behavior [ RunTime:0.000621s ]
INFO: Run TokenBuild Behavior [ RunTime:0.000534s ]
INFO: Run WriteHtmlCache Behavior [ RunTime:0.000557s ]
INFO: Run ShowRuntime Behavior [ RunTime:0.001312s ]
INFO: [ view_filter ] --END-- [ RunTime:0.003380s ]
INFO: [ view_end ] --START--
INFO: Run ShowPageTrace Behavior [ RunTime:0.000990s ]
INFO: [ view_end ] --END-- [ RunTime:0.001105s ]

[ 2014-09-16T10:18:59+08:00 ] 0.0.0.0 /tp_jun/index.php/Serve/index
INFO: [ route_check ] --START--
INFO: Run CheckRoute Behavior [ RunTime:0.000676s ]
INFO: [ route_check ] --END-- [ RunTime:0.000783s ]
INFO: [ app_begin ] --START--
INFO: Run ReadHtmlCache Behavior [ RunTime:0.000720s ]
INFO: [ app_begin ] --END-- [ RunTime:0.000844s ]
INFO: [ view_template ] --START--
INFO: Run LocationTemplate Behavior [ RunTime:0.000563s ]
INFO: [ view_template ] --END-- [ RunTime:0.000657s ]
INFO: [ view_parse ] --START--
INFO: Run ParseTemplate Behavior [ RunTime:0.007644s ]
INFO: [ view_parse ] --END-- [ RunTime:0.007748s ]
INFO: [ view_filter ] --START--
INFO: Run ContentReplace Behavior [ RunTime:0.000414s ]
INFO: Run TokenBuild Behavior [ RunTime:0.000406s ]
INFO: Run WriteHtmlCache Behavior [ RunTime:0.000257s ]
INFO: Run ShowRuntime Behavior [ RunTime:0.000442s ]
INFO: [ view_filter ] --END-- [ RunTime:0.001746s ]
INFO: [ view_end ] --START--
INFO: Run ShowPageTrace Behavior [ RunTime:0.000711s ]
INFO: [ view_end ] --END-- [ RunTime:0.000792s ]

[ 2014-09-16T10:18:59+08:00 ] 0.0.0.0 /tp_jun/index.php/Public/code
INFO: [ route_check ] --START--
INFO: Run CheckRoute Behavior [ RunTime:0.001189s ]
INFO: [ route_check ] --END-- [ RunTime:0.001399s ]
INFO: [ app_begin ] --START--
INFO: Run ReadHtmlCache Behavior [ RunTime:0.000731s ]
INFO: [ app_begin ] --END-- [ RunTime:0.000875s ]

[ 2014-09-16T10:19:04+08:00 ] 0.0.0.0 /tp_jun/index.php/Index/index
INFO: [ route_check ] --START--
INFO: Run CheckRoute Behavior [ RunTime:0.000979s ]
INFO: [ route_check ] --END-- [ RunTime:0.001130s ]
INFO: [ app_begin ] --START--
INFO: Run ReadHtmlCache Behavior [ RunTime:0.000514s ]
INFO: [ app_begin ] --END-- [ RunTime:0.000603s ]
SQL: SHOW COLUMNS FROM `tp_workdynamic` [ RunTime:0.003133s ]
SQL: SELECT * FROM `tp_workdynamic` ORDER BY time LIMIT 8   [ RunTime:0.000504s ]
SQL: SHOW COLUMNS FROM `tp_education` [ RunTime:0.002717s ]
SQL: SELECT * FROM `tp_education` ORDER BY time LIMIT 8   [ RunTime:0.001117s ]
SQL: SHOW COLUMNS FROM `tp_notice` [ RunTime:0.002725s ]
SQL: SELECT * FROM `tp_notice` ORDER BY time LIMIT 8   [ RunTime:0.000329s ]
SQL: SHOW COLUMNS FROM `tp_military` [ RunTime:0.002726s ]
SQL: SELECT * FROM `tp_military` ORDER BY time LIMIT 8   [ RunTime:0.000437s ]
SQL: SHOW COLUMNS FROM `tp_photo` [ RunTime:0.002828s ]
ERR: Table 'web_jxt.tp_photo' doesn't exist
 [ SQL语句 ] : SHOW COLUMNS FROM `tp_photo`
SQL: SELECT * FROM `tp_photo`  [ RunTime:0.000399s ]
ERR: Table 'web_jxt.tp_photo' doesn't exist
 [ SQL语句 ] : SELECT * FROM `tp_photo` 
INFO: [ view_template ] --START--
INFO: Run LocationTemplate Behavior [ RunTime:0.000977s ]
INFO: [ view_template ] --END-- [ RunTime:0.001116s ]
INFO: [ view_parse ] --START--
INFO: Run ParseTemplate Behavior [ RunTime:0.015763s ]
INFO: [ view_parse ] --END-- [ RunTime:0.015894s ]
INFO: [ view_filter ] --START--
INFO: Run ContentReplace Behavior [ RunTime:0.000466s ]
INFO: Run TokenBuild Behavior [ RunTime:0.000400s ]
INFO: Run WriteHtmlCache Behavior [ RunTime:0.000255s ]
INFO: Run ShowRuntime Behavior [ RunTime:0.000469s ]
INFO: [ view_filter ] --END-- [ RunTime:0.001826s ]
INFO: [ view_end ] --START--
INFO: Run ShowPageTrace Behavior [ RunTime:0.000615s ]
INFO: [ view_end ] --END-- [ RunTime:0.000708s ]

[ 2014-09-16T10:19:05+08:00 ] 0.0.0.0 /tp_jun/index.php/Brief/index
INFO: [ route_check ] --START--
INFO: Run CheckRoute Behavior [ RunTime:0.000816s ]
INFO: [ route_check ] --END-- [ RunTime:0.000957s ]
INFO: [ app_begin ] --START--
INFO: Run ReadHtmlCache Behavior [ RunTime:0.000581s ]
INFO: [ app_begin ] --END-- [ RunTime:0.000705s ]
SQL: SHOW COLUMNS FROM `tp_brief` [ RunTime:0.003143s ]
SQL: SELECT * FROM `tp_brief` WHERE ( id=1 ) LIMIT 1   [ RunTime:0.000356s ]
INFO: [ view_template ] --START--
INFO: Run LocationTemplate Behavior [ RunTime:0.001664s ]
INFO: [ view_template ] --END-- [ RunTime:0.001781s ]
INFO: [ view_parse ] --START--
INFO: Run ParseTemplate Behavior [ RunTime:0.009163s ]
INFO: [ view_parse ] --END-- [ RunTime:0.009327s ]
INFO: [ view_filter ] --START--
INFO: Run ContentReplace Behavior [ RunTime:0.001955s ]
INFO: Run TokenBuild Behavior [ RunTime:0.000563s ]
INFO: Run WriteHtmlCache Behavior [ RunTime:0.000363s ]
INFO: Run ShowRuntime Behavior [ RunTime:0.000625s ]
INFO: [ view_filter ] --END-- [ RunTime:0.003883s ]
INFO: [ view_end ] --START--
INFO: Run ShowPageTrace Behavior [ RunTime:0.000997s ]
INFO: [ view_end ] --END-- [ RunTime:0.001114s ]

[ 2014-09-16T10:19:07+08:00 ] 0.0.0.0 /tp_jun/index.php/Brief/second
INFO: [ route_check ] --START--
INFO: Run CheckRoute Behavior [ RunTime:0.000708s ]
INFO: [ route_check ] --END-- [ RunTime:0.000843s ]
INFO: [ app_begin ] --START--
INFO: Run ReadHtmlCache Behavior [ RunTime:0.000479s ]
INFO: [ app_begin ] --END-- [ RunTime:0.000586s ]
SQL: SHOW COLUMNS FROM `tp_brief` [ RunTime:0.002833s ]
SQL: SELECT * FROM `tp_brief` WHERE ( id=2 ) LIMIT 1   [ RunTime:0.000308s ]
INFO: [ view_template ] --START--
INFO: Run LocationTemplate Behavior [ RunTime:0.002062s ]
INFO: [ view_template ] --END-- [ RunTime:0.002233s ]
INFO: [ view_parse ] --START--
INFO: Run ParseTemplate Behavior [ RunTime:0.014343s ]
INFO: [ view_parse ] --END-- [ RunTime:0.014541s ]
INFO: [ view_filter ] --START--
INFO: Run ContentReplace Behavior [ RunTime:0.000568s ]
INFO: Run TokenBuild Behavior [ RunTime:0.001100s ]
INFO: Run WriteHtmlCache Behavior [ RunTime:0.000337s ]
INFO: Run ShowRuntime Behavior [ RunTime:0.000435s ]
INFO: [ view_filter ] --END-- [ RunTime:0.002715s ]
INFO: [ view_end ] --START--
INFO: Run ShowPageTrace Behavior [ RunTime:0.000665s ]
INFO: [ view_end ] --END-- [ RunTime:0.000747s ]

[ 2014-09-16T10:19:08+08:00 ] 0.0.0.0 /tp_jun/index.php/Brief/third
INFO: [ route_check ] --START--
INFO: Run CheckRoute Behavior [ RunTime:0.000749s ]
INFO: [ route_check ] --END-- [ RunTime:0.000866s ]
INFO: [ app_begin ] --START--
INFO: Run ReadHtmlCache Behavior [ RunTime:0.000557s ]
INFO: [ app_begin ] --END-- [ RunTime:0.000657s ]
SQL: SHOW COLUMNS FROM `tp_brief` [ RunTime:0.002756s ]
SQL: SELECT * FROM `tp_brief` WHERE ( id=3 ) LIMIT 1   [ RunTime:0.000244s ]
INFO: [ view_template ] --START--
INFO: Run LocationTemplate Behavior [ RunTime:0.005038s ]
INFO: [ view_template ] --END-- [ RunTime:0.005174s ]
INFO: [ view_parse ] --START--
INFO: Run ParseTemplate Behavior [ RunTime:0.010803s ]
INFO: [ view_parse ] --END-- [ RunTime:0.010978s ]
INFO: [ view_filter ] --START--
INFO: Run ContentReplace Behavior [ RunTime:0.000755s ]
INFO: Run TokenBuild Behavior [ RunTime:0.000549s ]
INFO: Run WriteHtmlCache Behavior [ RunTime:0.000383s ]
INFO: Run ShowRuntime Behavior [ RunTime:0.000700s ]
INFO: [ view_filter ] --END-- [ RunTime:0.002815s ]
INFO: [ view_end ] --START--
INFO: Run ShowPageTrace Behavior [ RunTime:0.001015s ]
INFO: [ view_end ] --END-- [ RunTime:0.001146s ]

[ 2014-09-16T10:19:10+08:00 ] 0.0.0.0 /tp_jun/index.php/Military/index
INFO: [ route_check ] --START--
INFO: Run CheckRoute Behavior [ RunTime:0.000803s ]
INFO: [ route_check ] --END-- [ RunTime:0.000909s ]
INFO: [ app_begin ] --START--
INFO: Run ReadHtmlCache Behavior [ RunTime:0.000518s ]
INFO: [ app_begin ] --END-- [ RunTime:0.000607s ]
SQL: SHOW COLUMNS FROM `tp_military` [ RunTime:0.002703s ]
SQL: SELECT COUNT(*) AS tp_count FROM `tp_military` LIMIT 1   [ RunTime:0.000195s ]
SQL: SELECT * FROM `tp_military` ORDER BY id LIMIT 0,14   [ RunTime:0.000518s ]
INFO: [ view_template ] --START--
INFO: Run LocationTemplate Behavior [ RunTime:0.000870s ]
INFO: [ view_template ] --END-- [ RunTime:0.000977s ]
INFO: [ view_parse ] --START--
INFO: Run ParseTemplate Behavior [ RunTime:0.011018s ]
INFO: [ view_parse ] --END-- [ RunTime:0.011126s ]
INFO: [ view_filter ] --START--
INFO: Run ContentReplace Behavior [ RunTime:0.000442s ]
INFO: Run TokenBuild Behavior [ RunTime:0.000398s ]
INFO: Run WriteHtmlCache Behavior [ RunTime:0.000262s ]
INFO: Run ShowRuntime Behavior [ RunTime:0.000704s ]
INFO: [ view_filter ] --END-- [ RunTime:0.002116s ]
INFO: [ view_end ] --START--
INFO: Run ShowPageTrace Behavior [ RunTime:0.000925s ]
INFO: [ view_end ] --END-- [ RunTime:0.001078s ]

[ 2014-09-16T10:19:11+08:00 ] 0.0.0.0 /tp_jun/index.php/Education/index
INFO: [ route_check ] --START--
INFO: Run CheckRoute Behavior [ RunTime:0.000785s ]
INFO: [ route_check ] --END-- [ RunTime:0.000914s ]
INFO: [ app_begin ] --START--
INFO: Run ReadHtmlCache Behavior [ RunTime:0.000637s ]
INFO: [ app_begin ] --END-- [ RunTime:0.000761s ]
SQL: SHOW COLUMNS FROM `tp_education` [ RunTime:0.002645s ]
SQL: SELECT COUNT(*) AS tp_count FROM `tp_education` LIMIT 1   [ RunTime:0.000334s ]
SQL: SELECT * FROM `tp_education` ORDER BY id LIMIT 0,14   [ RunTime:0.000493s ]
INFO: [ view_template ] --START--
INFO: Run LocationTemplate Behavior [ RunTime:0.000753s ]
INFO: [ view_template ] --END-- [ RunTime:0.000862s ]
INFO: [ view_parse ] --START--
INFO: Run ParseTemplate Behavior [ RunTime:0.010773s ]
INFO: [ view_parse ] --END-- [ RunTime:0.010882s ]
INFO: [ view_filter ] --START--
INFO: Run ContentReplace Behavior [ RunTime:0.000710s ]
INFO: Run TokenBuild Behavior [ RunTime:0.001626s ]
INFO: Run WriteHtmlCache Behavior [ RunTime:0.000407s ]
INFO: Run ShowRuntime Behavior [ RunTime:0.000699s ]
INFO: [ view_filter ] --END-- [ RunTime:0.004064s ]
INFO: [ view_end ] --START--
INFO: Run ShowPageTrace Behavior [ RunTime:0.000661s ]
INFO: [ view_end ] --END-- [ RunTime:0.000745s ]

[ 2014-09-16T10:19:12+08:00 ] 0.0.0.0 /tp_jun/index.php/Album/index
INFO: [ route_check ] --START--
INFO: Run CheckRoute Behavior [ RunTime:0.000761s ]
INFO: [ route_check ] --END-- [ RunTime:0.000887s ]
INFO: [ app_begin ] --START--
INFO: Run ReadHtmlCache Behavior [ RunTime:0.000543s ]
INFO: [ app_begin ] --END-- [ RunTime:0.000645s ]
SQL: SHOW COLUMNS FROM `tp_photofc` [ RunTime:0.004671s ]
SQL: SELECT * FROM `tp_photofc`  [ RunTime:0.000278s ]
INFO: [ view_template ] --START--
INFO: Run LocationTemplate Behavior [ RunTime:0.000727s ]
INFO: [ view_template ] --END-- [ RunTime:0.000836s ]
INFO: [ view_parse ] --START--
INFO: Run ParseTemplate Behavior [ RunTime:0.009372s ]
INFO: [ view_parse ] --END-- [ RunTime:0.009545s ]
INFO: [ view_filter ] --START--
INFO: Run ContentReplace Behavior [ RunTime:0.000496s ]
INFO: Run TokenBuild Behavior [ RunTime:0.000428s ]
INFO: Run WriteHtmlCache Behavior [ RunTime:0.000256s ]
INFO: Run ShowRuntime Behavior [ RunTime:0.000463s ]
INFO: [ view_filter ] --END-- [ RunTime:0.001873s ]
INFO: [ view_end ] --START--
INFO: Run ShowPageTrace Behavior [ RunTime:0.000635s ]
INFO: [ view_end ] --END-- [ RunTime:0.000718s ]

[ 2014-09-16T10:19:12+08:00 ] 0.0.0.0 /tp_jun/index.php/Work/index
INFO: [ route_check ] --START--
INFO: Run CheckRoute Behavior [ RunTime:0.000781s ]
INFO: [ route_check ] --END-- [ RunTime:0.000903s ]
INFO: [ app_begin ] --START--
INFO: Run ReadHtmlCache Behavior [ RunTime:0.000561s ]
INFO: [ app_begin ] --END-- [ RunTime:0.000664s ]
SQL: SHOW COLUMNS FROM `tp_workdynamic` [ RunTime:0.003398s ]
SQL: SELECT COUNT(*) AS tp_count FROM `tp_workdynamic` LIMIT 1   [ RunTime:0.000300s ]
SQL: SELECT * FROM `tp_workdynamic` ORDER BY id LIMIT 0,14   [ RunTime:0.000507s ]
INFO: [ view_template ] --START--
INFO: Run LocationTemplate Behavior [ RunTime:0.001210s ]
INFO: [ view_template ] --END-- [ RunTime:0.001377s ]
INFO: [ view_parse ] --START--
INFO: Run ParseTemplate Behavior [ RunTime:0.012665s ]
INFO: [ view_parse ] --END-- [ RunTime:0.012794s ]
INFO: [ view_filter ] --START--
INFO: Run ContentReplace Behavior [ RunTime:0.000508s ]
INFO: Run TokenBuild Behavior [ RunTime:0.000386s ]
INFO: Run WriteHtmlCache Behavior [ RunTime:0.000254s ]
INFO: Run ShowRuntime Behavior [ RunTime:0.000456s ]
INFO: [ view_filter ] --END-- [ RunTime:0.001850s ]
INFO: [ view_end ] --START--
INFO: Run ShowPageTrace Behavior [ RunTime:0.000772s ]
INFO: [ view_end ] --END-- [ RunTime:0.000897s ]

[ 2014-09-16T10:19:13+08:00 ] 0.0.0.0 /tp_jun/index.php/Notice/index
INFO: [ route_check ] --START--
INFO: Run CheckRoute Behavior [ RunTime:0.000824s ]
INFO: [ route_check ] --END-- [ RunTime:0.000954s ]
INFO: [ app_begin ] --START--
INFO: Run ReadHtmlCache Behavior [ RunTime:0.000567s ]
INFO: [ app_begin ] --END-- [ RunTime:0.000687s ]
SQL: SHOW COLUMNS FROM `tp_notice` [ RunTime:0.003358s ]
SQL: SELECT COUNT(*) AS tp_count FROM `tp_notice` LIMIT 1   [ RunTime:0.000224s ]
SQL: SELECT * FROM `tp_notice` ORDER BY id LIMIT 0,14   [ RunTime:0.000326s ]
INFO: [ view_template ] --START--
INFO: Run LocationTemplate Behavior [ RunTime:0.000699s ]
INFO: [ view_template ] --END-- [ RunTime:0.000791s ]
INFO: [ view_parse ] --START--
INFO: Run ParseTemplate Behavior [ RunTime:0.013656s ]
INFO: [ view_parse ] --END-- [ RunTime:0.013839s ]
INFO: [ view_filter ] --START--
INFO: Run ContentReplace Behavior [ RunTime:0.000591s ]
INFO: Run TokenBuild Behavior [ RunTime:0.000450s ]
INFO: Run WriteHtmlCache Behavior [ RunTime:0.000306s ]
INFO: Run ShowRuntime Behavior [ RunTime:0.000581s ]
INFO: [ view_filter ] --END-- [ RunTime:0.002227s ]
INFO: [ view_end ] --START--
INFO: Run ShowPageTrace Behavior [ RunTime:0.000721s ]
INFO: [ view_end ] --END-- [ RunTime:0.000804s ]

[ 2014-09-16T10:19:13+08:00 ] 0.0.0.0 /tp_jun/index.php/Serve/index
INFO: [ route_check ] --START--
INFO: Run CheckRoute Behavior [ RunTime:0.000852s ]
INFO: [ route_check ] --END-- [ RunTime:0.000991s ]
INFO: [ app_begin ] --START--
INFO: Run ReadHtmlCache Behavior [ RunTime:0.000584s ]
INFO: [ app_begin ] --END-- [ RunTime:0.000698s ]
INFO: [ view_template ] --START--
INFO: Run LocationTemplate Behavior [ RunTime:0.000710s ]
INFO: [ view_template ] --END-- [ RunTime:0.000866s ]
INFO: [ view_parse ] --START--
INFO: Run ParseTemplate Behavior [ RunTime:0.010409s ]
INFO: [ view_parse ] --END-- [ RunTime:0.010599s ]
INFO: [ view_filter ] --START--
INFO: Run ContentReplace Behavior [ RunTime:0.000643s ]
INFO: Run TokenBuild Behavior [ RunTime:0.000427s ]
INFO: Run WriteHtmlCache Behavior [ RunTime:0.000290s ]
INFO: Run ShowRuntime Behavior [ RunTime:0.000536s ]
INFO: [ view_filter ] --END-- [ RunTime:0.002242s ]
INFO: [ view_end ] --START--
INFO: Run ShowPageTrace Behavior [ RunTime:0.000789s ]
INFO: [ view_end ] --END-- [ RunTime:0.000881s ]

[ 2014-09-16T10:19:13+08:00 ] 0.0.0.0 /tp_jun/index.php/Public/code
INFO: [ route_check ] --START--
INFO: Run CheckRoute Behavior [ RunTime:0.001977s ]
INFO: [ route_check ] --END-- [ RunTime:0.002241s ]
INFO: [ app_begin ] --START--
INFO: Run ReadHtmlCache Behavior [ RunTime:0.001320s ]
INFO: [ app_begin ] --END-- [ RunTime:0.001583s ]

[ 2014-09-16T10:19:34+08:00 ] 0.0.0.0 /tp_jun/
INFO: [ app_begin ] --START--
INFO: Run ReadHtmlCache Behavior [ RunTime:0.000546s ]
INFO: [ app_begin ] --END-- [ RunTime:0.000649s ]
SQL: SHOW COLUMNS FROM `tp_workdynamic` [ RunTime:0.002937s ]
SQL: SELECT * FROM `tp_workdynamic` ORDER BY time LIMIT 8   [ RunTime:0.000513s ]
SQL: SHOW COLUMNS FROM `tp_education` [ RunTime:0.003430s ]
SQL: SELECT * FROM `tp_education` ORDER BY time LIMIT 8   [ RunTime:0.000476s ]
SQL: SHOW COLUMNS FROM `tp_notice` [ RunTime:0.002880s ]
SQL: SELECT * FROM `tp_notice` ORDER BY time LIMIT 8   [ RunTime:0.000334s ]
SQL: SHOW COLUMNS FROM `tp_military` [ RunTime:0.002976s ]
SQL: SELECT * FROM `tp_military` ORDER BY time LIMIT 8   [ RunTime:0.000401s ]
SQL: SHOW COLUMNS FROM `tp_photo` [ RunTime:0.002716s ]
ERR: Table 'web_jxt.tp_photo' doesn't exist
 [ SQL语句 ] : SHOW COLUMNS FROM `tp_photo`
SQL: SELECT * FROM `tp_photo`  [ RunTime:0.000390s ]
ERR: Table 'web_jxt.tp_photo' doesn't exist
 [ SQL语句 ] : SELECT * FROM `tp_photo` 
INFO: [ view_template ] --START--
INFO: Run LocationTemplate Behavior [ RunTime:0.000834s ]
INFO: [ view_template ] --END-- [ RunTime:0.000962s ]
INFO: [ view_parse ] --START--
INFO: Run ParseTemplate Behavior [ RunTime:0.016759s ]
INFO: [ view_parse ] --END-- [ RunTime:0.016882s ]
INFO: [ view_filter ] --START--
INFO: Run ContentReplace Behavior [ RunTime:0.000558s ]
INFO: Run TokenBuild Behavior [ RunTime:0.000373s ]
INFO: Run WriteHtmlCache Behavior [ RunTime:0.000292s ]
INFO: Run ShowRuntime Behavior [ RunTime:0.000434s ]
INFO: [ view_filter ] --END-- [ RunTime:0.001881s ]
INFO: [ view_end ] --START--
INFO: Run ShowPageTrace Behavior [ RunTime:0.000605s ]
INFO: [ view_end ] --END-- [ RunTime:0.000686s ]

[ 2014-09-16T10:20:40+08:00 ] 0.0.0.0 /tp_jun/index.php/Military/index
INFO: [ route_check ] --START--
INFO: Run CheckRoute Behavior [ RunTime:0.001345s ]
INFO: [ route_check ] --END-- [ RunTime:0.001497s ]
INFO: [ app_begin ] --START--
INFO: Run ReadHtmlCache Behavior [ RunTime:0.000599s ]
INFO: [ app_begin ] --END-- [ RunTime:0.000692s ]
SQL: SHOW COLUMNS FROM `tp_military` [ RunTime:0.003263s ]
SQL: SELECT COUNT(*) AS tp_count FROM `tp_military` LIMIT 1   [ RunTime:0.000252s ]
SQL: SELECT * FROM `tp_military` ORDER BY id LIMIT 0,14   [ RunTime:0.000389s ]
INFO: [ view_template ] --START--
INFO: Run LocationTemplate Behavior [ RunTime:0.000946s ]
INFO: [ view_template ] --END-- [ RunTime:0.001051s ]
INFO: [ view_parse ] --START--
INFO: Run ParseTemplate Behavior [ RunTime:0.008926s ]
INFO: [ view_parse ] --END-- [ RunTime:0.009066s ]
INFO: [ view_filter ] --START--
INFO: Run ContentReplace Behavior [ RunTime:0.000574s ]
INFO: Run TokenBuild Behavior [ RunTime:0.000514s ]
INFO: Run WriteHtmlCache Behavior [ RunTime:0.000315s ]
INFO: Run ShowRuntime Behavior [ RunTime:0.000458s ]
INFO: [ view_filter ] --END-- [ RunTime:0.002157s ]
INFO: [ view_end ] --START--
INFO: Run ShowPageTrace Behavior [ RunTime:0.000535s ]
INFO: [ view_end ] --END-- [ RunTime:0.000616s ]

[ 2014-09-16T10:20:41+08:00 ] 0.0.0.0 /tp_jun/index.php/Album/index
INFO: [ route_check ] --START--
INFO: Run CheckRoute Behavior [ RunTime:0.000634s ]
INFO: [ route_check ] --END-- [ RunTime:0.000738s ]
INFO: [ app_begin ] --START--
INFO: Run ReadHtmlCache Behavior [ RunTime:0.000488s ]
INFO: [ app_begin ] --END-- [ RunTime:0.000575s ]
SQL: SHOW COLUMNS FROM `tp_photofc` [ RunTime:0.002887s ]
SQL: SELECT * FROM `tp_photofc`  [ RunTime:0.000216s ]
INFO: [ view_template ] --START--
INFO: Run LocationTemplate Behavior [ RunTime:0.000766s ]
INFO: [ view_template ] --END-- [ RunTime:0.000864s ]
INFO: [ view_parse ] --START--
INFO: Run ParseTemplate Behavior [ RunTime:0.009057s ]
INFO: [ view_parse ] --END-- [ RunTime:0.009164s ]
INFO: [ view_filter ] --START--
INFO: Run ContentReplace Behavior [ RunTime:0.000407s ]
INFO: Run TokenBuild Behavior [ RunTime:0.000398s ]
INFO: Run WriteHtmlCache Behavior [ RunTime:0.000263s ]
INFO: Run ShowRuntime Behavior [ RunTime:0.000520s ]
INFO: [ view_filter ] --END-- [ RunTime:0.001846s ]
INFO: [ view_end ] --START--
INFO: Run ShowPageTrace Behavior [ RunTime:0.000749s ]
INFO: [ view_end ] --END-- [ RunTime:0.000867s ]

[ 2014-09-16T10:22:28+08:00 ] 0.0.0.0 /tp_jun/index.php/Education/index
INFO: [ route_check ] --START--
INFO: Run CheckRoute Behavior [ RunTime:0.000821s ]
INFO: [ route_check ] --END-- [ RunTime:0.000926s ]
INFO: [ app_begin ] --START--
INFO: Run ReadHtmlCache Behavior [ RunTime:0.000558s ]
INFO: [ app_begin ] --END-- [ RunTime:0.000648s ]
SQL: SHOW COLUMNS FROM `tp_education` [ RunTime:0.003046s ]
SQL: SELECT COUNT(*) AS tp_count FROM `tp_education` LIMIT 1   [ RunTime:0.000295s ]
SQL: SELECT * FROM `tp_education` ORDER BY id LIMIT 0,14   [ RunTime:0.000587s ]
INFO: [ view_template ] --START--
INFO: Run LocationTemplate Behavior [ RunTime:0.001231s ]
INFO: [ view_template ] --END-- [ RunTime:0.001344s ]
INFO: [ view_parse ] --START--
INFO: Run ParseTemplate Behavior [ RunTime:0.010919s ]
INFO: [ view_parse ] --END-- [ RunTime:0.011030s ]
INFO: [ view_filter ] --START--
INFO: Run ContentReplace Behavior [ RunTime:0.000523s ]
INFO: Run TokenBuild Behavior [ RunTime:0.000430s ]
INFO: Run WriteHtmlCache Behavior [ RunTime:0.000386s ]
INFO: Run ShowRuntime Behavior [ RunTime:0.000501s ]
INFO: [ view_filter ] --END-- [ RunTime:0.002071s ]
INFO: [ view_end ] --START--
INFO: Run ShowPageTrace Behavior [ RunTime:0.000646s ]
INFO: [ view_end ] --END-- [ RunTime:0.000726s ]

[ 2014-09-16T10:22:30+08:00 ] 0.0.0.0 /tp_jun/index.php/Album/index
INFO: [ route_check ] --START--
INFO: Run CheckRoute Behavior [ RunTime:0.001527s ]
INFO: [ route_check ] --END-- [ RunTime:0.001747s ]
INFO: [ app_begin ] --START--
INFO: Run ReadHtmlCache Behavior [ RunTime:0.000631s ]
INFO: [ app_begin ] --END-- [ RunTime:0.000784s ]
SQL: SHOW COLUMNS FROM `tp_photofc` [ RunTime:0.002877s ]
SQL: SELECT * FROM `tp_photofc`  [ RunTime:0.000277s ]
INFO: [ view_template ] --START--
INFO: Run LocationTemplate Behavior [ RunTime:0.001180s ]
INFO: [ view_template ] --END-- [ RunTime:0.001306s ]
INFO: [ view_parse ] --START--
INFO: Run ParseTemplate Behavior [ RunTime:0.010464s ]
INFO: [ view_parse ] --END-- [ RunTime:0.010607s ]
INFO: [ view_filter ] --START--
INFO: Run ContentReplace Behavior [ RunTime:0.000560s ]
INFO: Run TokenBuild Behavior [ RunTime:0.000425s ]
INFO: Run WriteHtmlCache Behavior [ RunTime:0.000326s ]
INFO: Run ShowRuntime Behavior [ RunTime:0.000539s ]
INFO: [ view_filter ] --END-- [ RunTime:0.002185s ]
INFO: [ view_end ] --START--
INFO: Run ShowPageTrace Behavior [ RunTime:0.000823s ]
INFO: [ view_end ] --END-- [ RunTime:0.000932s ]

[ 2014-09-16T10:34:57+08:00 ] 0.0.0.0 /tp_jun/index.php/Index/index
INFO: [ route_check ] --START--
INFO: Run CheckRoute Behavior [ RunTime:0.001998s ]
INFO: [ route_check ] --END-- [ RunTime:0.002152s ]
INFO: [ app_begin ] --START--
INFO: Run ReadHtmlCache Behavior [ RunTime:0.001379s ]
INFO: [ app_begin ] --END-- [ RunTime:0.001521s ]
SQL: SHOW COLUMNS FROM `tp_workdynamic` [ RunTime:0.005399s ]
SQL: SELECT * FROM `tp_workdynamic` ORDER BY time LIMIT 8   [ RunTime:0.001385s ]
SQL: SHOW COLUMNS FROM `tp_education` [ RunTime:0.003524s ]
SQL: SELECT * FROM `tp_education` ORDER BY time LIMIT 8   [ RunTime:0.001198s ]
SQL: SHOW COLUMNS FROM `tp_notice` [ RunTime:0.004784s ]
SQL: SELECT * FROM `tp_notice` ORDER BY time LIMIT 8   [ RunTime:0.000673s ]
SQL: SHOW COLUMNS FROM `tp_military` [ RunTime:0.004129s ]
SQL: SELECT * FROM `tp_military` ORDER BY time LIMIT 8   [ RunTime:0.000822s ]
SQL: SHOW COLUMNS FROM `tp_photo` [ RunTime:0.002670s ]
ERR: Table 'web_jxt.tp_photo' doesn't exist
 [ SQL语句 ] : SHOW COLUMNS FROM `tp_photo`
SQL: SELECT * FROM `tp_photo`  [ RunTime:0.000407s ]
ERR: Table 'web_jxt.tp_photo' doesn't exist
 [ SQL语句 ] : SELECT * FROM `tp_photo` 
INFO: [ view_template ] --START--
INFO: Run LocationTemplate Behavior [ RunTime:0.002393s ]
INFO: [ view_template ] --END-- [ RunTime:0.002559s ]
INFO: [ view_parse ] --START--
INFO: Run ParseTemplate Behavior [ RunTime:0.023947s ]
INFO: [ view_parse ] --END-- [ RunTime:0.024108s ]
INFO: [ view_filter ] --START--
INFO: Run ContentReplace Behavior [ RunTime:0.001182s ]
INFO: Run TokenBuild Behavior [ RunTime:0.000954s ]
INFO: Run WriteHtmlCache Behavior [ RunTime:0.000687s ]
INFO: Run ShowRuntime Behavior [ RunTime:0.001134s ]
INFO: [ view_filter ] --END-- [ RunTime:0.004351s ]
INFO: [ view_end ] --START--
INFO: Run ShowPageTrace Behavior [ RunTime:0.001245s ]
INFO: [ view_end ] --END-- [ RunTime:0.001346s ]

