[ 2014-10-14T17:33:29+08:00 ] 0.0.0.0 /tp_jun/
INFO: [ app_begin ] --START--
INFO: Run ReadHtmlCache Behavior [ RunTime:0.001613s ]
INFO: [ app_begin ] --END-- [ RunTime:0.001772s ]
SQL: SHOW COLUMNS FROM `tp_workdynamic` [ RunTime:0.006564s ]
SQL: SELECT * FROM `tp_workdynamic` ORDER BY time desc LIMIT 8   [ RunTime:0.001835s ]
SQL: SHOW COLUMNS FROM `tp_education` [ RunTime:0.005605s ]
SQL: SELECT * FROM `tp_education` ORDER BY time desc LIMIT 8   [ RunTime:0.001074s ]
SQL: SHOW COLUMNS FROM `tp_notice` [ RunTime:0.005548s ]
SQL: SELECT * FROM `tp_notice` ORDER BY time desc LIMIT 8   [ RunTime:0.000770s ]
SQL: SHOW COLUMNS FROM `tp_military` [ RunTime:0.004495s ]
SQL: SELECT * FROM `tp_military` ORDER BY time desc LIMIT 8   [ RunTime:0.000819s ]
SQL: SHOW COLUMNS FROM `tp_photo` [ RunTime:0.002328s ]
ERR: Table 'web_jxt.tp_photo' doesn't exist
 [ SQL语句 ] : SHOW COLUMNS FROM `tp_photo`
SQL: SELECT * FROM `tp_photo`  [ RunTime:0.000505s ]
ERR: Table 'web_jxt.tp_photo' doesn't exist
 [ SQL语句 ] : SELECT * FROM `tp_photo` 
INFO: [ view_template ] --START--
INFO: Run LocationTemplate Behavior [ RunTime:0.001424s ]
INFO: [ view_template ] --END-- [ RunTime:0.001548s ]
INFO: [ view_parse ] --START--
INFO: Run ParseTemplate Behavior [ RunTime:0.020137s ]
INFO: [ view_parse ] --END-- [ RunTime:0.020264s ]
INFO: [ view_filter ] --START--
INFO: Run ContentReplace Behavior [ RunTime:0.001258s ]
INFO: Run TokenBuild Behavior [ RunTime:0.000963s ]
INFO: Run WriteHtmlCache Behavior [ RunTime:0.000925s ]
INFO: Run ShowRuntime Behavior [ RunTime:0.001018s ]
INFO: [ view_filter ] --END-- [ RunTime:0.004468s ]
INFO: [ view_end ] --START--
INFO: Run ShowPageTrace Behavior [ RunTime:0.001016s ]
INFO: [ view_end ] --END-- [ RunTime:0.001131s ]

