[ 2014-10-12T21:03:01+08:00 ] 0.0.0.0 /tp_jun/
INFO: [ app_begin ] --START--
INFO: Run ReadHtmlCache Behavior [ RunTime:0.001606s ]
INFO: [ app_begin ] --END-- [ RunTime:0.001743s ]
SQL: SHOW COLUMNS FROM `tp_workdynamic` [ RunTime:0.013296s ]
SQL: SELECT * FROM `tp_workdynamic` ORDER BY time desc LIMIT 8   [ RunTime:0.002080s ]
SQL: SHOW COLUMNS FROM `tp_education` [ RunTime:0.006076s ]
SQL: SELECT * FROM `tp_education` ORDER BY time desc LIMIT 8   [ RunTime:0.001130s ]
SQL: SHOW COLUMNS FROM `tp_notice` [ RunTime:0.005739s ]
SQL: SELECT * FROM `tp_notice` ORDER BY time desc LIMIT 8   [ RunTime:0.000801s ]
SQL: SHOW COLUMNS FROM `tp_military` [ RunTime:0.005628s ]
SQL: SELECT * FROM `tp_military` ORDER BY time desc LIMIT 8   [ RunTime:0.000937s ]
SQL: SHOW COLUMNS FROM `tp_photo` [ RunTime:0.002921s ]
ERR: Table 'web_jxt.tp_photo' doesn't exist
 [ SQL语句 ] : SHOW COLUMNS FROM `tp_photo`
SQL: SELECT * FROM `tp_photo`  [ RunTime:0.000355s ]
ERR: Table 'web_jxt.tp_photo' doesn't exist
 [ SQL语句 ] : SELECT * FROM `tp_photo` 
INFO: [ view_template ] --START--
INFO: Run LocationTemplate Behavior [ RunTime:0.001819s ]
INFO: [ view_template ] --END-- [ RunTime:0.001963s ]
INFO: [ view_parse ] --START--
INFO: Run ParseTemplate Behavior [ RunTime:0.029847s ]
INFO: [ view_parse ] --END-- [ RunTime:0.030003s ]
INFO: [ view_filter ] --START--
INFO: Run ContentReplace Behavior [ RunTime:0.001187s ]
INFO: Run TokenBuild Behavior [ RunTime:0.002122s ]
INFO: Run WriteHtmlCache Behavior [ RunTime:0.000926s ]
INFO: Run ShowRuntime Behavior [ RunTime:0.001304s ]
INFO: [ view_filter ] --END-- [ RunTime:0.006232s ]
INFO: [ view_end ] --START--
INFO: Run ShowPageTrace Behavior [ RunTime:0.001393s ]
INFO: [ view_end ] --END-- [ RunTime:0.001504s ]

