[ 2014-10-07T18:15:29+08:00 ] 0.0.0.0 /tp_jun/
INFO: [ app_begin ] --START--
INFO: Run ReadHtmlCache Behavior [ RunTime:0.002055s ]
INFO: [ app_begin ] --END-- [ RunTime:0.002771s ]
SQL: SHOW COLUMNS FROM `tp_workdynamic` [ RunTime:0.010299s ]
SQL: SELECT * FROM `tp_workdynamic` ORDER BY time LIMIT 8   [ RunTime:0.001271s ]
SQL: SHOW COLUMNS FROM `tp_education` [ RunTime:0.005436s ]
SQL: SELECT * FROM `tp_education` ORDER BY time LIMIT 8   [ RunTime:0.001242s ]
SQL: SHOW COLUMNS FROM `tp_notice` [ RunTime:0.006719s ]
SQL: SELECT * FROM `tp_notice` ORDER BY time LIMIT 8   [ RunTime:0.000752s ]
SQL: SHOW COLUMNS FROM `tp_military` [ RunTime:0.005477s ]
SQL: SELECT * FROM `tp_military` ORDER BY time LIMIT 8   [ RunTime:0.001140s ]
SQL: SHOW COLUMNS FROM `tp_photo` [ RunTime:0.002784s ]
ERR: Table 'web_jxt.tp_photo' doesn't exist
 [ SQL语句 ] : SHOW COLUMNS FROM `tp_photo`
SQL: SELECT * FROM `tp_photo`  [ RunTime:0.000345s ]
ERR: Table 'web_jxt.tp_photo' doesn't exist
 [ SQL语句 ] : SELECT * FROM `tp_photo` 
INFO: [ view_template ] --START--
INFO: Run LocationTemplate Behavior [ RunTime:0.002230s ]
INFO: [ view_template ] --END-- [ RunTime:0.002380s ]
INFO: [ view_parse ] --START--
INFO: Run ParseTemplate Behavior [ RunTime:0.020463s ]
INFO: [ view_parse ] --END-- [ RunTime:0.020623s ]
INFO: [ view_filter ] --START--
INFO: Run ContentReplace Behavior [ RunTime:0.001074s ]
INFO: Run TokenBuild Behavior [ RunTime:0.000915s ]
INFO: Run WriteHtmlCache Behavior [ RunTime:0.001046s ]
INFO: Run ShowRuntime Behavior [ RunTime:0.001163s ]
INFO: [ view_filter ] --END-- [ RunTime:0.004598s ]
INFO: [ view_end ] --START--
INFO: Run ShowPageTrace Behavior [ RunTime:0.001095s ]
INFO: [ view_end ] --END-- [ RunTime:0.001221s ]

[ 2014-10-07T18:15:35+08:00 ] 0.0.0.0 /tp_jun/index.php/Serve/index
INFO: [ route_check ] --START--
INFO: Run CheckRoute Behavior [ RunTime:0.006822s ]
INFO: [ route_check ] --END-- [ RunTime:0.007339s ]
INFO: [ app_begin ] --START--
INFO: Run ReadHtmlCache Behavior [ RunTime:0.001125s ]
INFO: [ app_begin ] --END-- [ RunTime:0.001330s ]
INFO: [ view_template ] --START--
INFO: Run LocationTemplate Behavior [ RunTime:0.001536s ]
INFO: [ view_template ] --END-- [ RunTime:0.001716s ]
INFO: [ view_parse ] --START--
INFO: Run ParseTemplate Behavior [ RunTime:0.015516s ]
INFO: [ view_parse ] --END-- [ RunTime:0.015731s ]
INFO: [ view_filter ] --START--
INFO: Run ContentReplace Behavior [ RunTime:0.000882s ]
INFO: Run TokenBuild Behavior [ RunTime:0.000543s ]
INFO: Run WriteHtmlCache Behavior [ RunTime:0.000411s ]
INFO: Run ShowRuntime Behavior [ RunTime:0.000715s ]
INFO: [ view_filter ] --END-- [ RunTime:0.002952s ]
INFO: [ view_end ] --START--
INFO: Run ShowPageTrace Behavior [ RunTime:0.001698s ]
INFO: [ view_end ] --END-- [ RunTime:0.001908s ]

[ 2014-10-07T18:15:35+08:00 ] 0.0.0.0 /tp_jun/index.php/Public/code
INFO: [ route_check ] --START--
INFO: Run CheckRoute Behavior [ RunTime:0.001046s ]
INFO: [ route_check ] --END-- [ RunTime:0.001248s ]
INFO: [ app_begin ] --START--
INFO: Run ReadHtmlCache Behavior [ RunTime:0.001033s ]
INFO: [ app_begin ] --END-- [ RunTime:0.001241s ]

[ 2014-10-07T18:15:42+08:00 ] 0.0.0.0 /tp_jun/index.php/Index/index
INFO: [ route_check ] --START--
INFO: Run CheckRoute Behavior [ RunTime:0.000733s ]
INFO: [ route_check ] --END-- [ RunTime:0.000854s ]
INFO: [ app_begin ] --START--
INFO: Run ReadHtmlCache Behavior [ RunTime:0.000501s ]
INFO: [ app_begin ] --END-- [ RunTime:0.000628s ]
SQL: SHOW COLUMNS FROM `tp_workdynamic` [ RunTime:0.002443s ]
SQL: SELECT * FROM `tp_workdynamic` ORDER BY time LIMIT 8   [ RunTime:0.000499s ]
SQL: SHOW COLUMNS FROM `tp_education` [ RunTime:0.007368s ]
SQL: SELECT * FROM `tp_education` ORDER BY time LIMIT 8   [ RunTime:0.000503s ]
SQL: SHOW COLUMNS FROM `tp_notice` [ RunTime:0.002765s ]
SQL: SELECT * FROM `tp_notice` ORDER BY time LIMIT 8   [ RunTime:0.000309s ]
SQL: SHOW COLUMNS FROM `tp_military` [ RunTime:0.002410s ]
SQL: SELECT * FROM `tp_military` ORDER BY time LIMIT 8   [ RunTime:0.000401s ]
SQL: SHOW COLUMNS FROM `tp_photo` [ RunTime:0.002533s ]
ERR: Table 'web_jxt.tp_photo' doesn't exist
 [ SQL语句 ] : SHOW COLUMNS FROM `tp_photo`
SQL: SELECT * FROM `tp_photo`  [ RunTime:0.000367s ]
ERR: Table 'web_jxt.tp_photo' doesn't exist
 [ SQL语句 ] : SELECT * FROM `tp_photo` 
INFO: [ view_template ] --START--
INFO: Run LocationTemplate Behavior [ RunTime:0.000536s ]
INFO: [ view_template ] --END-- [ RunTime:0.000636s ]
INFO: [ view_parse ] --START--
INFO: Run ParseTemplate Behavior [ RunTime:0.016319s ]
INFO: [ view_parse ] --END-- [ RunTime:0.016435s ]
INFO: [ view_filter ] --START--
INFO: Run ContentReplace Behavior [ RunTime:0.000581s ]
INFO: Run TokenBuild Behavior [ RunTime:0.000619s ]
INFO: Run WriteHtmlCache Behavior [ RunTime:0.000286s ]
INFO: Run ShowRuntime Behavior [ RunTime:0.000485s ]
INFO: [ view_filter ] --END-- [ RunTime:0.002251s ]
INFO: [ view_end ] --START--
INFO: Run ShowPageTrace Behavior [ RunTime:0.000597s ]
INFO: [ view_end ] --END-- [ RunTime:0.000677s ]

[ 2014-10-07T18:17:30+08:00 ] 0.0.0.0 /tp_jun/index.php/Album/index
INFO: [ route_check ] --START--
INFO: Run CheckRoute Behavior [ RunTime:0.000672s ]
INFO: [ route_check ] --END-- [ RunTime:0.000784s ]
INFO: [ app_begin ] --START--
INFO: Run ReadHtmlCache Behavior [ RunTime:0.000656s ]
INFO: [ app_begin ] --END-- [ RunTime:0.000765s ]
SQL: SHOW COLUMNS FROM `tp_photofc` [ RunTime:0.010238s ]
SQL: SELECT * FROM `tp_photofc`  [ RunTime:0.000334s ]
INFO: [ view_template ] --START--
INFO: Run LocationTemplate Behavior [ RunTime:0.000985s ]
INFO: [ view_template ] --END-- [ RunTime:0.001087s ]
INFO: [ view_parse ] --START--
INFO: Run ParseTemplate Behavior [ RunTime:0.011654s ]
INFO: [ view_parse ] --END-- [ RunTime:0.011828s ]
INFO: [ view_filter ] --START--
INFO: Run ContentReplace Behavior [ RunTime:0.000678s ]
INFO: Run TokenBuild Behavior [ RunTime:0.000537s ]
INFO: Run WriteHtmlCache Behavior [ RunTime:0.000351s ]
INFO: Run ShowRuntime Behavior [ RunTime:0.000620s ]
INFO: [ view_filter ] --END-- [ RunTime:0.002479s ]
INFO: [ view_end ] --START--
INFO: Run ShowPageTrace Behavior [ RunTime:0.000675s ]
INFO: [ view_end ] --END-- [ RunTime:0.000757s ]

[ 2014-10-07T18:17:55+08:00 ] 0.0.0.0 /tp_jun/index.php/Index/index
INFO: [ route_check ] --START--
INFO: Run CheckRoute Behavior [ RunTime:0.000794s ]
INFO: [ route_check ] --END-- [ RunTime:0.000900s ]
INFO: [ app_begin ] --START--
INFO: Run ReadHtmlCache Behavior [ RunTime:0.000513s ]
INFO: [ app_begin ] --END-- [ RunTime:0.000620s ]
SQL: SHOW COLUMNS FROM `tp_workdynamic` [ RunTime:0.003014s ]
SQL: SELECT * FROM `tp_workdynamic` ORDER BY time LIMIT 8   [ RunTime:0.000754s ]
SQL: SHOW COLUMNS FROM `tp_education` [ RunTime:0.002886s ]
SQL: SELECT * FROM `tp_education` ORDER BY time LIMIT 8   [ RunTime:0.000522s ]
SQL: SHOW COLUMNS FROM `tp_notice` [ RunTime:0.003219s ]
SQL: SELECT * FROM `tp_notice` ORDER BY time LIMIT 8   [ RunTime:0.000376s ]
SQL: SHOW COLUMNS FROM `tp_military` [ RunTime:0.002962s ]
SQL: SELECT * FROM `tp_military` ORDER BY time LIMIT 8   [ RunTime:0.000423s ]
SQL: SHOW COLUMNS FROM `tp_photo` [ RunTime:0.002383s ]
ERR: Table 'web_jxt.tp_photo' doesn't exist
 [ SQL语句 ] : SHOW COLUMNS FROM `tp_photo`
SQL: SELECT * FROM `tp_photo`  [ RunTime:0.000328s ]
ERR: Table 'web_jxt.tp_photo' doesn't exist
 [ SQL语句 ] : SELECT * FROM `tp_photo` 
INFO: [ view_template ] --START--
INFO: Run LocationTemplate Behavior [ RunTime:0.000820s ]
INFO: [ view_template ] --END-- [ RunTime:0.000921s ]
INFO: [ view_parse ] --START--
INFO: Run ParseTemplate Behavior [ RunTime:0.016655s ]
INFO: [ view_parse ] --END-- [ RunTime:0.016777s ]
INFO: [ view_filter ] --START--
INFO: Run ContentReplace Behavior [ RunTime:0.000581s ]
INFO: Run TokenBuild Behavior [ RunTime:0.000487s ]
INFO: Run WriteHtmlCache Behavior [ RunTime:0.000332s ]
INFO: Run ShowRuntime Behavior [ RunTime:0.000549s ]
INFO: [ view_filter ] --END-- [ RunTime:0.002203s ]
INFO: [ view_end ] --START--
INFO: Run ShowPageTrace Behavior [ RunTime:0.000677s ]
INFO: [ view_end ] --END-- [ RunTime:0.000770s ]

[ 2014-10-07T18:18:04+08:00 ] 0.0.0.0 /tp_jun/index.php/Album/index
INFO: [ route_check ] --START--
INFO: Run CheckRoute Behavior [ RunTime:0.000688s ]
INFO: [ route_check ] --END-- [ RunTime:0.000834s ]
INFO: [ app_begin ] --START--
INFO: Run ReadHtmlCache Behavior [ RunTime:0.000730s ]
INFO: [ app_begin ] --END-- [ RunTime:0.000887s ]
SQL: SHOW COLUMNS FROM `tp_photofc` [ RunTime:0.002748s ]
SQL: SELECT * FROM `tp_photofc`  [ RunTime:0.000343s ]
INFO: [ view_template ] --START--
INFO: Run LocationTemplate Behavior [ RunTime:0.000939s ]
INFO: [ view_template ] --END-- [ RunTime:0.001100s ]
INFO: [ view_parse ] --START--
INFO: Run ParseTemplate Behavior [ RunTime:0.013340s ]
INFO: [ view_parse ] --END-- [ RunTime:0.013504s ]
INFO: [ view_filter ] --START--
INFO: Run ContentReplace Behavior [ RunTime:0.000638s ]
INFO: Run TokenBuild Behavior [ RunTime:0.000551s ]
INFO: Run WriteHtmlCache Behavior [ RunTime:0.000355s ]
INFO: Run ShowRuntime Behavior [ RunTime:0.000501s ]
INFO: [ view_filter ] --END-- [ RunTime:0.002391s ]
INFO: [ view_end ] --START--
INFO: Run ShowPageTrace Behavior [ RunTime:0.000601s ]
INFO: [ view_end ] --END-- [ RunTime:0.000695s ]

[ 2014-10-07T18:19:44+08:00 ] 0.0.0.0 /tp_jun/
INFO: [ app_begin ] --START--
INFO: Run ReadHtmlCache Behavior [ RunTime:0.000750s ]
INFO: [ app_begin ] --END-- [ RunTime:0.000866s ]
SQL: SHOW COLUMNS FROM `tp_workdynamic` [ RunTime:0.002812s ]
SQL: SELECT * FROM `tp_workdynamic` ORDER BY time LIMIT 8   [ RunTime:0.000536s ]
SQL: SHOW COLUMNS FROM `tp_education` [ RunTime:0.002474s ]
SQL: SELECT * FROM `tp_education` ORDER BY time LIMIT 8   [ RunTime:0.000533s ]
SQL: SHOW COLUMNS FROM `tp_notice` [ RunTime:0.003263s ]
SQL: SELECT * FROM `tp_notice` ORDER BY time LIMIT 8   [ RunTime:0.000397s ]
SQL: SHOW COLUMNS FROM `tp_military` [ RunTime:0.002523s ]
SQL: SELECT * FROM `tp_military` ORDER BY time LIMIT 8   [ RunTime:0.000398s ]
SQL: SHOW COLUMNS FROM `tp_photo` [ RunTime:0.002361s ]
ERR: Table 'web_jxt.tp_photo' doesn't exist
 [ SQL语句 ] : SHOW COLUMNS FROM `tp_photo`
SQL: SELECT * FROM `tp_photo`  [ RunTime:0.000361s ]
ERR: Table 'web_jxt.tp_photo' doesn't exist
 [ SQL语句 ] : SELECT * FROM `tp_photo` 
INFO: [ view_template ] --START--
INFO: Run LocationTemplate Behavior [ RunTime:0.000825s ]
INFO: [ view_template ] --END-- [ RunTime:0.000935s ]
INFO: [ view_parse ] --START--
INFO: Run ParseTemplate Behavior [ RunTime:0.017570s ]
INFO: [ view_parse ] --END-- [ RunTime:0.017687s ]
INFO: [ view_filter ] --START--
INFO: Run ContentReplace Behavior [ RunTime:0.000558s ]
INFO: Run TokenBuild Behavior [ RunTime:0.000499s ]
INFO: Run WriteHtmlCache Behavior [ RunTime:0.000320s ]
INFO: Run ShowRuntime Behavior [ RunTime:0.000528s ]
INFO: [ view_filter ] --END-- [ RunTime:0.002183s ]
INFO: [ view_end ] --START--
INFO: Run ShowPageTrace Behavior [ RunTime:0.000771s ]
INFO: [ view_end ] --END-- [ RunTime:0.000922s ]

[ 2014-10-07T18:19:46+08:00 ] 0.0.0.0 /tp_jun/index.php/Brief/index
INFO: [ route_check ] --START--
INFO: Run CheckRoute Behavior [ RunTime:0.000722s ]
INFO: [ route_check ] --END-- [ RunTime:0.000826s ]
INFO: [ app_begin ] --START--
INFO: Run ReadHtmlCache Behavior [ RunTime:0.000586s ]
INFO: [ app_begin ] --END-- [ RunTime:0.000681s ]
SQL: SHOW COLUMNS FROM `tp_brief` [ RunTime:0.002809s ]
SQL: SELECT * FROM `tp_brief` WHERE ( id=1 ) LIMIT 1   [ RunTime:0.000675s ]
INFO: [ view_template ] --START--
INFO: Run LocationTemplate Behavior [ RunTime:0.000846s ]
INFO: [ view_template ] --END-- [ RunTime:0.000957s ]
INFO: [ view_parse ] --START--
INFO: Run ParseTemplate Behavior [ RunTime:0.008905s ]
INFO: [ view_parse ] --END-- [ RunTime:0.009024s ]
INFO: [ view_filter ] --START--
INFO: Run ContentReplace Behavior [ RunTime:0.000657s ]
INFO: Run TokenBuild Behavior [ RunTime:0.000620s ]
INFO: Run WriteHtmlCache Behavior [ RunTime:0.000467s ]
INFO: Run ShowRuntime Behavior [ RunTime:0.000434s ]
INFO: [ view_filter ] --END-- [ RunTime:0.002523s ]
INFO: [ view_end ] --START--
INFO: Run ShowPageTrace Behavior [ RunTime:0.000505s ]
INFO: [ view_end ] --END-- [ RunTime:0.000599s ]

[ 2014-10-07T18:20:00+08:00 ] 0.0.0.0 /tp_jun/index.php/Brief/second
INFO: [ route_check ] --START--
INFO: Run CheckRoute Behavior [ RunTime:0.001177s ]
INFO: [ route_check ] --END-- [ RunTime:0.001380s ]
INFO: [ app_begin ] --START--
INFO: Run ReadHtmlCache Behavior [ RunTime:0.000655s ]
INFO: [ app_begin ] --END-- [ RunTime:0.000765s ]
SQL: SHOW COLUMNS FROM `tp_brief` [ RunTime:0.003498s ]
SQL: SELECT * FROM `tp_brief` WHERE ( id=2 ) LIMIT 1   [ RunTime:0.000339s ]
INFO: [ view_template ] --START--
INFO: Run LocationTemplate Behavior [ RunTime:0.005981s ]
INFO: [ view_template ] --END-- [ RunTime:0.006140s ]
INFO: [ view_parse ] --START--
INFO: Run ParseTemplate Behavior [ RunTime:0.008158s ]
INFO: [ view_parse ] --END-- [ RunTime:0.008303s ]
INFO: [ view_filter ] --START--
INFO: Run ContentReplace Behavior [ RunTime:0.000607s ]
INFO: Run TokenBuild Behavior [ RunTime:0.000443s ]
INFO: Run WriteHtmlCache Behavior [ RunTime:0.000358s ]
INFO: Run ShowRuntime Behavior [ RunTime:0.000493s ]
INFO: [ view_filter ] --END-- [ RunTime:0.002141s ]
INFO: [ view_end ] --START--
INFO: Run ShowPageTrace Behavior [ RunTime:0.000792s ]
INFO: [ view_end ] --END-- [ RunTime:0.000885s ]

[ 2014-10-07T18:20:03+08:00 ] 0.0.0.0 /tp_jun/index.php/Brief/third
INFO: [ route_check ] --START--
INFO: Run CheckRoute Behavior [ RunTime:0.000658s ]
INFO: [ route_check ] --END-- [ RunTime:0.000771s ]
INFO: [ app_begin ] --START--
INFO: Run ReadHtmlCache Behavior [ RunTime:0.000489s ]
INFO: [ app_begin ] --END-- [ RunTime:0.000615s ]
SQL: SHOW COLUMNS FROM `tp_brief` [ RunTime:0.002821s ]
SQL: SELECT * FROM `tp_brief` WHERE ( id=3 ) LIMIT 1   [ RunTime:0.000270s ]
INFO: [ view_template ] --START--
INFO: Run LocationTemplate Behavior [ RunTime:0.005197s ]
INFO: [ view_template ] --END-- [ RunTime:0.005392s ]
INFO: [ view_parse ] --START--
INFO: Run ParseTemplate Behavior [ RunTime:0.008805s ]
INFO: [ view_parse ] --END-- [ RunTime:0.008935s ]
INFO: [ view_filter ] --START--
INFO: Run ContentReplace Behavior [ RunTime:0.000425s ]
INFO: Run TokenBuild Behavior [ RunTime:0.000366s ]
INFO: Run WriteHtmlCache Behavior [ RunTime:0.000252s ]
INFO: Run ShowRuntime Behavior [ RunTime:0.000457s ]
INFO: [ view_filter ] --END-- [ RunTime:0.001819s ]
INFO: [ view_end ] --START--
INFO: Run ShowPageTrace Behavior [ RunTime:0.000557s ]
INFO: [ view_end ] --END-- [ RunTime:0.000639s ]

[ 2014-10-07T18:20:07+08:00 ] 0.0.0.0 /tp_jun/index.php/Military/index
INFO: [ route_check ] --START--
INFO: Run CheckRoute Behavior [ RunTime:0.000662s ]
INFO: [ route_check ] --END-- [ RunTime:0.000769s ]
INFO: [ app_begin ] --START--
INFO: Run ReadHtmlCache Behavior [ RunTime:0.000484s ]
INFO: [ app_begin ] --END-- [ RunTime:0.000571s ]
SQL: SHOW COLUMNS FROM `tp_military` [ RunTime:0.003076s ]
SQL: SELECT COUNT(*) AS tp_count FROM `tp_military` LIMIT 1   [ RunTime:0.000225s ]
SQL: SELECT * FROM `tp_military` ORDER BY id LIMIT 0,14   [ RunTime:0.000396s ]
INFO: [ view_template ] --START--
INFO: Run LocationTemplate Behavior [ RunTime:0.001445s ]
INFO: [ view_template ] --END-- [ RunTime:0.001602s ]
INFO: [ view_parse ] --START--
INFO: Run ParseTemplate Behavior [ RunTime:0.011104s ]
INFO: [ view_parse ] --END-- [ RunTime:0.011236s ]
INFO: [ view_filter ] --START--
INFO: Run ContentReplace Behavior [ RunTime:0.000627s ]
INFO: Run TokenBuild Behavior [ RunTime:0.000559s ]
INFO: Run WriteHtmlCache Behavior [ RunTime:0.000539s ]
INFO: Run ShowRuntime Behavior [ RunTime:0.000673s ]
INFO: [ view_filter ] --END-- [ RunTime:0.002769s ]
INFO: [ view_end ] --START--
INFO: Run ShowPageTrace Behavior [ RunTime:0.000878s ]
INFO: [ view_end ] --END-- [ RunTime:0.000973s ]

[ 2014-10-07T18:20:09+08:00 ] 0.0.0.0 /tp_jun/index.php/Education/index
INFO: [ route_check ] --START--
INFO: Run CheckRoute Behavior [ RunTime:0.001172s ]
INFO: [ route_check ] --END-- [ RunTime:0.001338s ]
INFO: [ app_begin ] --START--
INFO: Run ReadHtmlCache Behavior [ RunTime:0.000525s ]
INFO: [ app_begin ] --END-- [ RunTime:0.000633s ]
SQL: SHOW COLUMNS FROM `tp_education` [ RunTime:0.002804s ]
SQL: SELECT COUNT(*) AS tp_count FROM `tp_education` LIMIT 1   [ RunTime:0.000249s ]
SQL: SELECT * FROM `tp_education` ORDER BY id LIMIT 0,14   [ RunTime:0.000455s ]
INFO: [ view_template ] --START--
INFO: Run LocationTemplate Behavior [ RunTime:0.000827s ]
INFO: [ view_template ] --END-- [ RunTime:0.000927s ]
INFO: [ view_parse ] --START--
INFO: Run ParseTemplate Behavior [ RunTime:0.010107s ]
INFO: [ view_parse ] --END-- [ RunTime:0.010223s ]
INFO: [ view_filter ] --START--
INFO: Run ContentReplace Behavior [ RunTime:0.000515s ]
INFO: Run TokenBuild Behavior [ RunTime:0.000477s ]
INFO: Run WriteHtmlCache Behavior [ RunTime:0.000809s ]
INFO: Run ShowRuntime Behavior [ RunTime:0.000816s ]
INFO: [ view_filter ] --END-- [ RunTime:0.003059s ]
INFO: [ view_end ] --START--
INFO: Run ShowPageTrace Behavior [ RunTime:0.000993s ]
INFO: [ view_end ] --END-- [ RunTime:0.001125s ]

[ 2014-10-07T18:20:17+08:00 ] 0.0.0.0 /tp_jun/index.php/Album/index
INFO: [ route_check ] --START--
INFO: Run CheckRoute Behavior [ RunTime:0.000772s ]
INFO: [ route_check ] --END-- [ RunTime:0.000901s ]
INFO: [ app_begin ] --START--
INFO: Run ReadHtmlCache Behavior [ RunTime:0.000581s ]
INFO: [ app_begin ] --END-- [ RunTime:0.000684s ]
SQL: SHOW COLUMNS FROM `tp_photofc` [ RunTime:0.002788s ]
SQL: SELECT * FROM `tp_photofc`  [ RunTime:0.000436s ]
INFO: [ view_template ] --START--
INFO: Run LocationTemplate Behavior [ RunTime:0.001044s ]
INFO: [ view_template ] --END-- [ RunTime:0.001186s ]
INFO: [ view_parse ] --START--
INFO: Run ParseTemplate Behavior [ RunTime:0.010488s ]
INFO: [ view_parse ] --END-- [ RunTime:0.010666s ]
INFO: [ view_filter ] --START--
INFO: Run ContentReplace Behavior [ RunTime:0.000674s ]
INFO: Run TokenBuild Behavior [ RunTime:0.000421s ]
INFO: Run WriteHtmlCache Behavior [ RunTime:0.000268s ]
INFO: Run ShowRuntime Behavior [ RunTime:0.000583s ]
INFO: [ view_filter ] --END-- [ RunTime:0.002274s ]
INFO: [ view_end ] --START--
INFO: Run ShowPageTrace Behavior [ RunTime:0.000747s ]
INFO: [ view_end ] --END-- [ RunTime:0.000831s ]

[ 2014-10-07T18:20:18+08:00 ] 0.0.0.0 /tp_jun/index.php/Work/index
INFO: [ route_check ] --START--
INFO: Run CheckRoute Behavior [ RunTime:0.000774s ]
INFO: [ route_check ] --END-- [ RunTime:0.000903s ]
INFO: [ app_begin ] --START--
INFO: Run ReadHtmlCache Behavior [ RunTime:0.000558s ]
INFO: [ app_begin ] --END-- [ RunTime:0.000674s ]
SQL: SHOW COLUMNS FROM `tp_workdynamic` [ RunTime:0.002752s ]
SQL: SELECT COUNT(*) AS tp_count FROM `tp_workdynamic` LIMIT 1   [ RunTime:0.000217s ]
SQL: SELECT * FROM `tp_workdynamic` ORDER BY id LIMIT 0,14   [ RunTime:0.000490s ]
INFO: [ view_template ] --START--
INFO: Run LocationTemplate Behavior [ RunTime:0.001261s ]
INFO: [ view_template ] --END-- [ RunTime:0.001470s ]
INFO: [ view_parse ] --START--
INFO: Run ParseTemplate Behavior [ RunTime:0.011772s ]
INFO: [ view_parse ] --END-- [ RunTime:0.011981s ]
INFO: [ view_filter ] --START--
INFO: Run ContentReplace Behavior [ RunTime:0.000566s ]
INFO: Run TokenBuild Behavior [ RunTime:0.000419s ]
INFO: Run WriteHtmlCache Behavior [ RunTime:0.000256s ]
INFO: Run ShowRuntime Behavior [ RunTime:0.000606s ]
INFO: [ view_filter ] --END-- [ RunTime:0.002143s ]
INFO: [ view_end ] --START--
INFO: Run ShowPageTrace Behavior [ RunTime:0.000660s ]
INFO: [ view_end ] --END-- [ RunTime:0.000760s ]

[ 2014-10-07T18:20:20+08:00 ] 0.0.0.0 /tp_jun/index.php/Notice/index
INFO: [ route_check ] --START--
INFO: Run CheckRoute Behavior [ RunTime:0.000826s ]
INFO: [ route_check ] --END-- [ RunTime:0.000972s ]
INFO: [ app_begin ] --START--
INFO: Run ReadHtmlCache Behavior [ RunTime:0.000526s ]
INFO: [ app_begin ] --END-- [ RunTime:0.000620s ]
SQL: SHOW COLUMNS FROM `tp_notice` [ RunTime:0.002737s ]
SQL: SELECT COUNT(*) AS tp_count FROM `tp_notice` LIMIT 1   [ RunTime:0.000274s ]
SQL: SELECT * FROM `tp_notice` ORDER BY id LIMIT 0,14   [ RunTime:0.000384s ]
INFO: [ view_template ] --START--
INFO: Run LocationTemplate Behavior [ RunTime:0.001176s ]
INFO: [ view_template ] --END-- [ RunTime:0.001299s ]
INFO: [ view_parse ] --START--
INFO: Run ParseTemplate Behavior [ RunTime:0.010873s ]
INFO: [ view_parse ] --END-- [ RunTime:0.010998s ]
INFO: [ view_filter ] --START--
INFO: Run ContentReplace Behavior [ RunTime:0.000527s ]
INFO: Run TokenBuild Behavior [ RunTime:0.000449s ]
INFO: Run WriteHtmlCache Behavior [ RunTime:0.000354s ]
INFO: Run ShowRuntime Behavior [ RunTime:0.000529s ]
INFO: [ view_filter ] --END-- [ RunTime:0.002135s ]
INFO: [ view_end ] --START--
INFO: Run ShowPageTrace Behavior [ RunTime:0.000639s ]
INFO: [ view_end ] --END-- [ RunTime:0.000730s ]

[ 2014-10-07T18:20:21+08:00 ] 0.0.0.0 /tp_jun/index.php/Serve/index
INFO: [ route_check ] --START--
INFO: Run CheckRoute Behavior [ RunTime:0.000809s ]
INFO: [ route_check ] --END-- [ RunTime:0.000936s ]
INFO: [ app_begin ] --START--
INFO: Run ReadHtmlCache Behavior [ RunTime:0.000580s ]
INFO: [ app_begin ] --END-- [ RunTime:0.000697s ]
INFO: [ view_template ] --START--
INFO: Run LocationTemplate Behavior [ RunTime:0.000577s ]
INFO: [ view_template ] --END-- [ RunTime:0.000685s ]
INFO: [ view_parse ] --START--
INFO: Run ParseTemplate Behavior [ RunTime:0.008443s ]
INFO: [ view_parse ] --END-- [ RunTime:0.008588s ]
INFO: [ view_filter ] --START--
INFO: Run ContentReplace Behavior [ RunTime:0.000500s ]
INFO: Run TokenBuild Behavior [ RunTime:0.000360s ]
INFO: Run WriteHtmlCache Behavior [ RunTime:0.000254s ]
INFO: Run ShowRuntime Behavior [ RunTime:0.000512s ]
INFO: [ view_filter ] --END-- [ RunTime:0.001959s ]
INFO: [ view_end ] --START--
INFO: Run ShowPageTrace Behavior [ RunTime:0.000690s ]
INFO: [ view_end ] --END-- [ RunTime:0.000813s ]

[ 2014-10-07T18:20:22+08:00 ] 0.0.0.0 /tp_jun/index.php/Public/code
INFO: [ route_check ] --START--
INFO: Run CheckRoute Behavior [ RunTime:0.001532s ]
INFO: [ route_check ] --END-- [ RunTime:0.001756s ]
INFO: [ app_begin ] --START--
INFO: Run ReadHtmlCache Behavior [ RunTime:0.000995s ]
INFO: [ app_begin ] --END-- [ RunTime:0.001216s ]

[ 2014-10-07T18:20:44+08:00 ] 0.0.0.0 /tp_jun/index.php/Brief/index
INFO: [ route_check ] --START--
INFO: Run CheckRoute Behavior [ RunTime:0.000842s ]
INFO: [ route_check ] --END-- [ RunTime:0.000950s ]
INFO: [ app_begin ] --START--
INFO: Run ReadHtmlCache Behavior [ RunTime:0.000484s ]
INFO: [ app_begin ] --END-- [ RunTime:0.000634s ]
SQL: SHOW COLUMNS FROM `tp_brief` [ RunTime:0.002431s ]
SQL: SELECT * FROM `tp_brief` WHERE ( id=1 ) LIMIT 1   [ RunTime:0.000368s ]
INFO: [ view_template ] --START--
INFO: Run LocationTemplate Behavior [ RunTime:0.000662s ]
INFO: [ view_template ] --END-- [ RunTime:0.000770s ]
INFO: [ view_parse ] --START--
INFO: Run ParseTemplate Behavior [ RunTime:0.008193s ]
INFO: [ view_parse ] --END-- [ RunTime:0.008344s ]
INFO: [ view_filter ] --START--
INFO: Run ContentReplace Behavior [ RunTime:0.000461s ]
INFO: Run TokenBuild Behavior [ RunTime:0.000434s ]
INFO: Run WriteHtmlCache Behavior [ RunTime:0.000302s ]
INFO: Run ShowRuntime Behavior [ RunTime:0.000501s ]
INFO: [ view_filter ] --END-- [ RunTime:0.002001s ]
INFO: [ view_end ] --START--
INFO: Run ShowPageTrace Behavior [ RunTime:0.000609s ]
INFO: [ view_end ] --END-- [ RunTime:0.000702s ]

[ 2014-10-07T18:22:13+08:00 ] 0.0.0.0 /tp_jun/index.php/Brief/index
INFO: [ route_check ] --START--
INFO: Run CheckRoute Behavior [ RunTime:0.000631s ]
INFO: [ route_check ] --END-- [ RunTime:0.000740s ]
INFO: [ app_begin ] --START--
INFO: Run ReadHtmlCache Behavior [ RunTime:0.000461s ]
INFO: [ app_begin ] --END-- [ RunTime:0.000554s ]
SQL: SHOW COLUMNS FROM `tp_brief` [ RunTime:0.002698s ]
SQL: SELECT * FROM `tp_brief` WHERE ( id=1 ) LIMIT 1   [ RunTime:0.000555s ]
INFO: [ view_template ] --START--
INFO: Run LocationTemplate Behavior [ RunTime:0.001361s ]
INFO: [ view_template ] --END-- [ RunTime:0.001545s ]
INFO: [ view_parse ] --START--
INFO: Run ParseTemplate Behavior [ RunTime:0.008606s ]
INFO: [ view_parse ] --END-- [ RunTime:0.008772s ]
INFO: [ view_filter ] --START--
INFO: Run ContentReplace Behavior [ RunTime:0.000497s ]
INFO: Run TokenBuild Behavior [ RunTime:0.000436s ]
INFO: Run WriteHtmlCache Behavior [ RunTime:0.000316s ]
INFO: Run ShowRuntime Behavior [ RunTime:0.000512s ]
INFO: [ view_filter ] --END-- [ RunTime:0.002036s ]
INFO: [ view_end ] --START--
INFO: Run ShowPageTrace Behavior [ RunTime:0.000937s ]
INFO: [ view_end ] --END-- [ RunTime:0.001045s ]

[ 2014-10-07T18:22:53+08:00 ] 0.0.0.0 /tp_jun/index.php/Brief/index
INFO: [ route_check ] --START--
INFO: Run CheckRoute Behavior [ RunTime:0.000692s ]
INFO: [ route_check ] --END-- [ RunTime:0.000798s ]
INFO: [ app_begin ] --START--
INFO: Run ReadHtmlCache Behavior [ RunTime:0.001673s ]
INFO: [ app_begin ] --END-- [ RunTime:0.001797s ]
SQL: SHOW COLUMNS FROM `tp_brief` [ RunTime:0.002561s ]
SQL: SELECT * FROM `tp_brief` WHERE ( id=1 ) LIMIT 1   [ RunTime:0.000297s ]
INFO: [ view_template ] --START--
INFO: Run LocationTemplate Behavior [ RunTime:0.000769s ]
INFO: [ view_template ] --END-- [ RunTime:0.000874s ]
INFO: [ view_parse ] --START--
INFO: Run ParseTemplate Behavior [ RunTime:0.007247s ]
INFO: [ view_parse ] --END-- [ RunTime:0.007357s ]
INFO: [ view_filter ] --START--
INFO: Run ContentReplace Behavior [ RunTime:0.000523s ]
INFO: Run TokenBuild Behavior [ RunTime:0.000460s ]
INFO: Run WriteHtmlCache Behavior [ RunTime:0.000349s ]
INFO: Run ShowRuntime Behavior [ RunTime:0.000513s ]
INFO: [ view_filter ] --END-- [ RunTime:0.002133s ]
INFO: [ view_end ] --START--
INFO: Run ShowPageTrace Behavior [ RunTime:0.000824s ]
INFO: [ view_end ] --END-- [ RunTime:0.000966s ]

[ 2014-10-07T19:19:57+08:00 ] 0.0.0.0 /tp_jun/index.php/Index/index
INFO: [ route_check ] --START--
INFO: Run CheckRoute Behavior [ RunTime:0.000871s ]
INFO: [ route_check ] --END-- [ RunTime:0.000983s ]
INFO: [ app_begin ] --START--
INFO: Run ReadHtmlCache Behavior [ RunTime:0.000650s ]
INFO: [ app_begin ] --END-- [ RunTime:0.000783s ]
SQL: SHOW COLUMNS FROM `tp_workdynamic` [ RunTime:0.008247s ]
SQL: SELECT * FROM `tp_workdynamic` ORDER BY time LIMIT 8   [ RunTime:0.000704s ]
SQL: SHOW COLUMNS FROM `tp_education` [ RunTime:0.003773s ]
SQL: SELECT * FROM `tp_education` ORDER BY time LIMIT 8   [ RunTime:0.000576s ]
SQL: SHOW COLUMNS FROM `tp_notice` [ RunTime:0.003438s ]
SQL: SELECT * FROM `tp_notice` ORDER BY time LIMIT 8   [ RunTime:0.000403s ]
SQL: SHOW COLUMNS FROM `tp_military` [ RunTime:0.003527s ]
SQL: SELECT * FROM `tp_military` ORDER BY time LIMIT 8   [ RunTime:0.000439s ]
SQL: SHOW COLUMNS FROM `tp_photo` [ RunTime:0.002915s ]
ERR: Table 'web_jxt.tp_photo' doesn't exist
 [ SQL语句 ] : SHOW COLUMNS FROM `tp_photo`
SQL: SELECT * FROM `tp_photo`  [ RunTime:0.000365s ]
ERR: Table 'web_jxt.tp_photo' doesn't exist
 [ SQL语句 ] : SELECT * FROM `tp_photo` 
INFO: [ view_template ] --START--
INFO: Run LocationTemplate Behavior [ RunTime:0.001057s ]
INFO: [ view_template ] --END-- [ RunTime:0.001158s ]
INFO: [ view_parse ] --START--
INFO: Run ParseTemplate Behavior [ RunTime:0.016633s ]
INFO: [ view_parse ] --END-- [ RunTime:0.016749s ]
INFO: [ view_filter ] --START--
INFO: Run ContentReplace Behavior [ RunTime:0.000679s ]
INFO: Run TokenBuild Behavior [ RunTime:0.000465s ]
INFO: Run WriteHtmlCache Behavior [ RunTime:0.000365s ]
INFO: Run ShowRuntime Behavior [ RunTime:0.000630s ]
INFO: [ view_filter ] --END-- [ RunTime:0.002385s ]
INFO: [ view_end ] --START--
INFO: Run ShowPageTrace Behavior [ RunTime:0.001128s ]
INFO: [ view_end ] --END-- [ RunTime:0.001287s ]

[ 2014-10-07T22:55:25+08:00 ] 0.0.0.0 /tp_jun/index.php/Serve/index
INFO: [ route_check ] --START--
INFO: Run CheckRoute Behavior [ RunTime:0.005204s ]
INFO: [ route_check ] --END-- [ RunTime:0.005437s ]
INFO: [ app_begin ] --START--
INFO: Run ReadHtmlCache Behavior [ RunTime:0.001389s ]
INFO: [ app_begin ] --END-- [ RunTime:0.001557s ]
INFO: [ view_template ] --START--
INFO: Run LocationTemplate Behavior [ RunTime:0.002327s ]
INFO: [ view_template ] --END-- [ RunTime:0.002545s ]
INFO: [ view_parse ] --START--
INFO: Run ParseTemplate Behavior [ RunTime:0.013396s ]
INFO: [ view_parse ] --END-- [ RunTime:0.013547s ]
INFO: [ view_filter ] --START--
INFO: Run ContentReplace Behavior [ RunTime:0.000743s ]
INFO: Run TokenBuild Behavior [ RunTime:0.000742s ]
INFO: Run WriteHtmlCache Behavior [ RunTime:0.000643s ]
INFO: Run ShowRuntime Behavior [ RunTime:0.000899s ]
INFO: [ view_filter ] --END-- [ RunTime:0.003303s ]
INFO: [ view_end ] --START--
INFO: Run ShowPageTrace Behavior [ RunTime:0.001184s ]
INFO: [ view_end ] --END-- [ RunTime:0.001284s ]

[ 2014-10-07T22:55:25+08:00 ] 0.0.0.0 /tp_jun/index.php/Public/code
INFO: [ route_check ] --START--
INFO: Run CheckRoute Behavior [ RunTime:0.001179s ]
INFO: [ route_check ] --END-- [ RunTime:0.001387s ]
INFO: [ app_begin ] --START--
INFO: Run ReadHtmlCache Behavior [ RunTime:0.001540s ]
INFO: [ app_begin ] --END-- [ RunTime:0.001747s ]

[ 2014-10-07T22:55:27+08:00 ] 0.0.0.0 /tp_jun/index.php/Notice/index
INFO: [ route_check ] --START--
INFO: Run CheckRoute Behavior [ RunTime:0.000652s ]
INFO: [ route_check ] --END-- [ RunTime:0.000758s ]
INFO: [ app_begin ] --START--
INFO: Run ReadHtmlCache Behavior [ RunTime:0.000483s ]
INFO: [ app_begin ] --END-- [ RunTime:0.000569s ]
SQL: SHOW COLUMNS FROM `tp_notice` [ RunTime:0.004950s ]
SQL: SELECT COUNT(*) AS tp_count FROM `tp_notice` LIMIT 1   [ RunTime:0.000989s ]
SQL: SELECT * FROM `tp_notice` ORDER BY id LIMIT 0,14   [ RunTime:0.000671s ]
INFO: [ view_template ] --START--
INFO: Run LocationTemplate Behavior [ RunTime:0.001105s ]
INFO: [ view_template ] --END-- [ RunTime:0.001246s ]
INFO: [ view_parse ] --START--
INFO: Run ParseTemplate Behavior [ RunTime:0.013511s ]
INFO: [ view_parse ] --END-- [ RunTime:0.013641s ]
INFO: [ view_filter ] --START--
INFO: Run ContentReplace Behavior [ RunTime:0.000492s ]
INFO: Run TokenBuild Behavior [ RunTime:0.000474s ]
INFO: Run WriteHtmlCache Behavior [ RunTime:0.000301s ]
INFO: Run ShowRuntime Behavior [ RunTime:0.000431s ]
INFO: [ view_filter ] --END-- [ RunTime:0.001973s ]
INFO: [ view_end ] --START--
INFO: Run ShowPageTrace Behavior [ RunTime:0.000581s ]
INFO: [ view_end ] --END-- [ RunTime:0.000663s ]

[ 2014-10-07T22:55:29+08:00 ] 0.0.0.0 /tp_jun/index.php/Work/index
INFO: [ route_check ] --START--
INFO: Run CheckRoute Behavior [ RunTime:0.000830s ]
INFO: [ route_check ] --END-- [ RunTime:0.000962s ]
INFO: [ app_begin ] --START--
INFO: Run ReadHtmlCache Behavior [ RunTime:0.000572s ]
INFO: [ app_begin ] --END-- [ RunTime:0.000689s ]
SQL: SHOW COLUMNS FROM `tp_workdynamic` [ RunTime:0.004681s ]
SQL: SELECT COUNT(*) AS tp_count FROM `tp_workdynamic` LIMIT 1   [ RunTime:0.000223s ]
SQL: SELECT * FROM `tp_workdynamic` ORDER BY id LIMIT 0,14   [ RunTime:0.001215s ]
INFO: [ view_template ] --START--
INFO: Run LocationTemplate Behavior [ RunTime:0.001108s ]
INFO: [ view_template ] --END-- [ RunTime:0.001239s ]
INFO: [ view_parse ] --START--
INFO: Run ParseTemplate Behavior [ RunTime:0.010934s ]
INFO: [ view_parse ] --END-- [ RunTime:0.011059s ]
INFO: [ view_filter ] --START--
INFO: Run ContentReplace Behavior [ RunTime:0.000511s ]
INFO: Run TokenBuild Behavior [ RunTime:0.000428s ]
INFO: Run WriteHtmlCache Behavior [ RunTime:0.000294s ]
INFO: Run ShowRuntime Behavior [ RunTime:0.000500s ]
INFO: [ view_filter ] --END-- [ RunTime:0.002032s ]
INFO: [ view_end ] --START--
INFO: Run ShowPageTrace Behavior [ RunTime:0.000659s ]
INFO: [ view_end ] --END-- [ RunTime:0.000745s ]

[ 2014-10-07T22:55:29+08:00 ] 0.0.0.0 /tp_jun/index.php/Album/index
INFO: [ route_check ] --START--
INFO: Run CheckRoute Behavior [ RunTime:0.000603s ]
INFO: [ route_check ] --END-- [ RunTime:0.000708s ]
INFO: [ app_begin ] --START--
INFO: Run ReadHtmlCache Behavior [ RunTime:0.000463s ]
INFO: [ app_begin ] --END-- [ RunTime:0.000556s ]
SQL: SHOW COLUMNS FROM `tp_photofc` [ RunTime:0.007705s ]
SQL: SELECT * FROM `tp_photofc`  [ RunTime:0.000397s ]
INFO: [ view_template ] --START--
INFO: Run LocationTemplate Behavior [ RunTime:0.000928s ]
INFO: [ view_template ] --END-- [ RunTime:0.001042s ]
INFO: [ view_parse ] --START--
INFO: Run ParseTemplate Behavior [ RunTime:0.009845s ]
INFO: [ view_parse ] --END-- [ RunTime:0.009981s ]
INFO: [ view_filter ] --START--
INFO: Run ContentReplace Behavior [ RunTime:0.000559s ]
INFO: Run TokenBuild Behavior [ RunTime:0.000390s ]
INFO: Run WriteHtmlCache Behavior [ RunTime:0.000303s ]
INFO: Run ShowRuntime Behavior [ RunTime:0.000444s ]
INFO: [ view_filter ] --END-- [ RunTime:0.001944s ]
INFO: [ view_end ] --START--
INFO: Run ShowPageTrace Behavior [ RunTime:0.000624s ]
INFO: [ view_end ] --END-- [ RunTime:0.000706s ]

[ 2014-10-07T22:55:31+08:00 ] 0.0.0.0 /tp_jun/index.php/Education/index
INFO: [ route_check ] --START--
INFO: Run CheckRoute Behavior [ RunTime:0.000919s ]
INFO: [ route_check ] --END-- [ RunTime:0.001066s ]
INFO: [ app_begin ] --START--
INFO: Run ReadHtmlCache Behavior [ RunTime:0.000523s ]
INFO: [ app_begin ] --END-- [ RunTime:0.000626s ]
SQL: SHOW COLUMNS FROM `tp_education` [ RunTime:0.004021s ]
SQL: SELECT COUNT(*) AS tp_count FROM `tp_education` LIMIT 1   [ RunTime:0.000226s ]
SQL: SELECT * FROM `tp_education` ORDER BY id LIMIT 0,14   [ RunTime:0.001133s ]
INFO: [ view_template ] --START--
INFO: Run LocationTemplate Behavior [ RunTime:0.001180s ]
INFO: [ view_template ] --END-- [ RunTime:0.001298s ]
INFO: [ view_parse ] --START--
INFO: Run ParseTemplate Behavior [ RunTime:0.010648s ]
INFO: [ view_parse ] --END-- [ RunTime:0.010794s ]
INFO: [ view_filter ] --START--
INFO: Run ContentReplace Behavior [ RunTime:0.000596s ]
INFO: Run TokenBuild Behavior [ RunTime:0.000370s ]
INFO: Run WriteHtmlCache Behavior [ RunTime:0.000369s ]
INFO: Run ShowRuntime Behavior [ RunTime:0.000515s ]
INFO: [ view_filter ] --END-- [ RunTime:0.002116s ]
INFO: [ view_end ] --START--
INFO: Run ShowPageTrace Behavior [ RunTime:0.000606s ]
INFO: [ view_end ] --END-- [ RunTime:0.000712s ]

[ 2014-10-07T22:55:32+08:00 ] 0.0.0.0 /tp_jun/index.php/Album/index
INFO: [ route_check ] --START--
INFO: Run CheckRoute Behavior [ RunTime:0.000625s ]
INFO: [ route_check ] --END-- [ RunTime:0.000746s ]
INFO: [ app_begin ] --START--
INFO: Run ReadHtmlCache Behavior [ RunTime:0.000480s ]
INFO: [ app_begin ] --END-- [ RunTime:0.000569s ]
SQL: SHOW COLUMNS FROM `tp_photofc` [ RunTime:0.002870s ]
SQL: SELECT * FROM `tp_photofc`  [ RunTime:0.000276s ]
INFO: [ view_template ] --START--
INFO: Run LocationTemplate Behavior [ RunTime:0.000713s ]
INFO: [ view_template ] --END-- [ RunTime:0.000841s ]
INFO: [ view_parse ] --START--
INFO: Run ParseTemplate Behavior [ RunTime:0.010638s ]
INFO: [ view_parse ] --END-- [ RunTime:0.010778s ]
INFO: [ view_filter ] --START--
INFO: Run ContentReplace Behavior [ RunTime:0.000457s ]
INFO: Run TokenBuild Behavior [ RunTime:0.000500s ]
INFO: Run WriteHtmlCache Behavior [ RunTime:0.000352s ]
INFO: Run ShowRuntime Behavior [ RunTime:0.000664s ]
INFO: [ view_filter ] --END-- [ RunTime:0.002352s ]
INFO: [ view_end ] --START--
INFO: Run ShowPageTrace Behavior [ RunTime:0.001008s ]
INFO: [ view_end ] --END-- [ RunTime:0.001126s ]

[ 2014-10-07T22:55:33+08:00 ] 0.0.0.0 /tp_jun/index.php/Military/index
INFO: [ route_check ] --START--
INFO: Run CheckRoute Behavior [ RunTime:0.000623s ]
INFO: [ route_check ] --END-- [ RunTime:0.000729s ]
INFO: [ app_begin ] --START--
INFO: Run ReadHtmlCache Behavior [ RunTime:0.000453s ]
INFO: [ app_begin ] --END-- [ RunTime:0.000542s ]
SQL: SHOW COLUMNS FROM `tp_military` [ RunTime:0.004016s ]
SQL: SELECT COUNT(*) AS tp_count FROM `tp_military` LIMIT 1   [ RunTime:0.000255s ]
SQL: SELECT * FROM `tp_military` ORDER BY id LIMIT 0,14   [ RunTime:0.001011s ]
INFO: [ view_template ] --START--
INFO: Run LocationTemplate Behavior [ RunTime:0.001179s ]
INFO: [ view_template ] --END-- [ RunTime:0.001323s ]
INFO: [ view_parse ] --START--
INFO: Run ParseTemplate Behavior [ RunTime:0.011490s ]
INFO: [ view_parse ] --END-- [ RunTime:0.011643s ]
INFO: [ view_filter ] --START--
INFO: Run ContentReplace Behavior [ RunTime:0.000568s ]
INFO: Run TokenBuild Behavior [ RunTime:0.000530s ]
INFO: Run WriteHtmlCache Behavior [ RunTime:0.000341s ]
INFO: Run ShowRuntime Behavior [ RunTime:0.000470s ]
INFO: [ view_filter ] --END-- [ RunTime:0.002199s ]
INFO: [ view_end ] --START--
INFO: Run ShowPageTrace Behavior [ RunTime:0.000603s ]
INFO: [ view_end ] --END-- [ RunTime:0.000690s ]

[ 2014-10-07T22:55:34+08:00 ] 0.0.0.0 /tp_jun/index.php/Military/index
INFO: [ route_check ] --START--
INFO: Run CheckRoute Behavior [ RunTime:0.000663s ]
INFO: [ route_check ] --END-- [ RunTime:0.000770s ]
INFO: [ app_begin ] --START--
INFO: Run ReadHtmlCache Behavior [ RunTime:0.000502s ]
INFO: [ app_begin ] --END-- [ RunTime:0.000597s ]
SQL: SHOW COLUMNS FROM `tp_military` [ RunTime:0.002690s ]
SQL: SELECT COUNT(*) AS tp_count FROM `tp_military` LIMIT 1   [ RunTime:0.000280s ]
SQL: SELECT * FROM `tp_military` ORDER BY id LIMIT 0,14   [ RunTime:0.000446s ]
INFO: [ view_template ] --START--
INFO: Run LocationTemplate Behavior [ RunTime:0.000789s ]
INFO: [ view_template ] --END-- [ RunTime:0.000901s ]
INFO: [ view_parse ] --START--
INFO: Run ParseTemplate Behavior [ RunTime:0.010106s ]
INFO: [ view_parse ] --END-- [ RunTime:0.010218s ]
INFO: [ view_filter ] --START--
INFO: Run ContentReplace Behavior [ RunTime:0.000396s ]
INFO: Run TokenBuild Behavior [ RunTime:0.000392s ]
INFO: Run WriteHtmlCache Behavior [ RunTime:0.000251s ]
INFO: Run ShowRuntime Behavior [ RunTime:0.000442s ]
INFO: [ view_filter ] --END-- [ RunTime:0.001717s ]
INFO: [ view_end ] --START--
INFO: Run ShowPageTrace Behavior [ RunTime:0.000721s ]
INFO: [ view_end ] --END-- [ RunTime:0.000811s ]

[ 2014-10-07T22:55:35+08:00 ] 0.0.0.0 /tp_jun/index.php/Brief/index
INFO: [ route_check ] --START--
INFO: Run CheckRoute Behavior [ RunTime:0.000659s ]
INFO: [ route_check ] --END-- [ RunTime:0.000792s ]
INFO: [ app_begin ] --START--
INFO: Run ReadHtmlCache Behavior [ RunTime:0.000487s ]
INFO: [ app_begin ] --END-- [ RunTime:0.000577s ]
SQL: SHOW COLUMNS FROM `tp_brief` [ RunTime:0.008010s ]
SQL: SELECT * FROM `tp_brief` WHERE ( id=1 ) LIMIT 1   [ RunTime:0.001880s ]
INFO: [ view_template ] --START--
INFO: Run LocationTemplate Behavior [ RunTime:0.001763s ]
INFO: [ view_template ] --END-- [ RunTime:0.001935s ]
INFO: [ view_parse ] --START--
INFO: Run ParseTemplate Behavior [ RunTime:0.008716s ]
INFO: [ view_parse ] --END-- [ RunTime:0.008872s ]
INFO: [ view_filter ] --START--
INFO: Run ContentReplace Behavior [ RunTime:0.000417s ]
INFO: Run TokenBuild Behavior [ RunTime:0.000444s ]
INFO: Run WriteHtmlCache Behavior [ RunTime:0.000261s ]
INFO: Run ShowRuntime Behavior [ RunTime:0.000602s ]
INFO: [ view_filter ] --END-- [ RunTime:0.001985s ]
INFO: [ view_end ] --START--
INFO: Run ShowPageTrace Behavior [ RunTime:0.000694s ]
INFO: [ view_end ] --END-- [ RunTime:0.000801s ]

[ 2014-10-07T22:55:36+08:00 ] 0.0.0.0 /tp_jun/index.php/Index/index
INFO: [ route_check ] --START--
INFO: Run CheckRoute Behavior [ RunTime:0.000686s ]
INFO: [ route_check ] --END-- [ RunTime:0.000796s ]
INFO: [ app_begin ] --START--
INFO: Run ReadHtmlCache Behavior [ RunTime:0.000817s ]
INFO: [ app_begin ] --END-- [ RunTime:0.000947s ]
SQL: SHOW COLUMNS FROM `tp_workdynamic` [ RunTime:0.002752s ]
SQL: SELECT * FROM `tp_workdynamic` ORDER BY time LIMIT 8   [ RunTime:0.000540s ]
SQL: SHOW COLUMNS FROM `tp_education` [ RunTime:0.002844s ]
SQL: SELECT * FROM `tp_education` ORDER BY time LIMIT 8   [ RunTime:0.000520s ]
SQL: SHOW COLUMNS FROM `tp_notice` [ RunTime:0.002804s ]
SQL: SELECT * FROM `tp_notice` ORDER BY time LIMIT 8   [ RunTime:0.000390s ]
SQL: SHOW COLUMNS FROM `tp_military` [ RunTime:0.002659s ]
SQL: SELECT * FROM `tp_military` ORDER BY time LIMIT 8   [ RunTime:0.000426s ]
SQL: SHOW COLUMNS FROM `tp_photo` [ RunTime:0.002357s ]
ERR: Table 'web_jxt.tp_photo' doesn't exist
 [ SQL语句 ] : SHOW COLUMNS FROM `tp_photo`
SQL: SELECT * FROM `tp_photo`  [ RunTime:0.000322s ]
ERR: Table 'web_jxt.tp_photo' doesn't exist
 [ SQL语句 ] : SELECT * FROM `tp_photo` 
INFO: [ view_template ] --START--
INFO: Run LocationTemplate Behavior [ RunTime:0.000927s ]
INFO: [ view_template ] --END-- [ RunTime:0.001044s ]
INFO: [ view_parse ] --START--
INFO: Run ParseTemplate Behavior [ RunTime:0.016192s ]
INFO: [ view_parse ] --END-- [ RunTime:0.016303s ]
INFO: [ view_filter ] --START--
INFO: Run ContentReplace Behavior [ RunTime:0.000585s ]
INFO: Run TokenBuild Behavior [ RunTime:0.000377s ]
INFO: Run WriteHtmlCache Behavior [ RunTime:0.000255s ]
INFO: Run ShowRuntime Behavior [ RunTime:0.000438s ]
INFO: [ view_filter ] --END-- [ RunTime:0.001924s ]
INFO: [ view_end ] --START--
INFO: Run ShowPageTrace Behavior [ RunTime:0.000644s ]
INFO: [ view_end ] --END-- [ RunTime:0.000725s ]

