[ 2014-10-13T20:51:04+08:00 ] 0.0.0.0 /tp_jun/
INFO: [ app_begin ] --START--
INFO: Run ReadHtmlCache Behavior [ RunTime:0.001289s ]
INFO: [ app_begin ] --END-- [ RunTime:0.001429s ]
SQL: SHOW COLUMNS FROM `tp_workdynamic` [ RunTime:0.005799s ]
SQL: SELECT * FROM `tp_workdynamic` ORDER BY time desc LIMIT 8   [ RunTime:0.001069s ]
SQL: SHOW COLUMNS FROM `tp_education` [ RunTime:0.005355s ]
SQL: SELECT * FROM `tp_education` ORDER BY time desc LIMIT 8   [ RunTime:0.001236s ]
SQL: SHOW COLUMNS FROM `tp_notice` [ RunTime:0.006214s ]
SQL: SELECT * FROM `tp_notice` ORDER BY time desc LIMIT 8   [ RunTime:0.000696s ]
SQL: SHOW COLUMNS FROM `tp_military` [ RunTime:0.005360s ]
SQL: SELECT * FROM `tp_military` ORDER BY time desc LIMIT 8   [ RunTime:0.001018s ]
SQL: SHOW COLUMNS FROM `tp_photo` [ RunTime:0.002872s ]
ERR: Table 'web_jxt.tp_photo' doesn't exist
 [ SQL语句 ] : SHOW COLUMNS FROM `tp_photo`
SQL: SELECT * FROM `tp_photo`  [ RunTime:0.000470s ]
ERR: Table 'web_jxt.tp_photo' doesn't exist
 [ SQL语句 ] : SELECT * FROM `tp_photo` 
INFO: [ view_template ] --START--
INFO: Run LocationTemplate Behavior [ RunTime:0.002000s ]
INFO: [ view_template ] --END-- [ RunTime:0.002174s ]
INFO: [ view_parse ] --START--
INFO: Run ParseTemplate Behavior [ RunTime:0.024597s ]
INFO: [ view_parse ] --END-- [ RunTime:0.024740s ]
INFO: [ view_filter ] --START--
INFO: Run ContentReplace Behavior [ RunTime:0.000979s ]
INFO: Run TokenBuild Behavior [ RunTime:0.001035s ]
INFO: Run WriteHtmlCache Behavior [ RunTime:0.000729s ]
INFO: Run ShowRuntime Behavior [ RunTime:0.000891s ]
INFO: [ view_filter ] --END-- [ RunTime:0.003944s ]
INFO: [ view_end ] --START--
INFO: Run ShowPageTrace Behavior [ RunTime:0.001014s ]
INFO: [ view_end ] --END-- [ RunTime:0.001116s ]

