[ 2014-08-28T15:06:57+08:00 ] 0.0.0.0 /tp_jun/admin.php/Login/index
INFO: [ route_check ] --START--
INFO: Run CheckRoute Behavior [ RunTime:0.001231s ]
INFO: [ route_check ] --END-- [ RunTime:0.001457s ]
INFO: [ app_begin ] --START--
INFO: Run ReadHtmlCache Behavior [ RunTime:0.000751s ]
INFO: [ app_begin ] --END-- [ RunTime:0.000924s ]
INFO: [ view_template ] --START--
INFO: Run LocationTemplate Behavior [ RunTime:0.001171s ]
INFO: [ view_template ] --END-- [ RunTime:0.001368s ]
INFO: [ view_parse ] --START--
INFO: Run ParseTemplate Behavior [ RunTime:0.010700s ]
INFO: [ view_parse ] --END-- [ RunTime:0.010898s ]
INFO: [ view_filter ] --START--
INFO: Run ContentReplace Behavior [ RunTime:0.000649s ]
INFO: Run TokenBuild Behavior [ RunTime:0.000662s ]
INFO: Run WriteHtmlCache Behavior [ RunTime:0.000441s ]
INFO: Run ShowRuntime Behavior [ RunTime:0.000826s ]
INFO: [ view_filter ] --END-- [ RunTime:0.003054s ]
INFO: [ view_end ] --START--
INFO: Run ShowPageTrace Behavior [ RunTime:0.001158s ]
INFO: [ view_end ] --END-- [ RunTime:0.001314s ]

[ 2014-08-28T15:06:58+08:00 ] 0.0.0.0 /tp_jun/admin.php/Public/code
INFO: [ route_check ] --START--
INFO: Run CheckRoute Behavior [ RunTime:0.001205s ]
INFO: [ route_check ] --END-- [ RunTime:0.001419s ]
INFO: [ app_begin ] --START--
INFO: Run ReadHtmlCache Behavior [ RunTime:0.000909s ]
INFO: [ app_begin ] --END-- [ RunTime:0.001090s ]

[ 2014-08-28T15:07:24+08:00 ] 0.0.0.0 /tp_jun/admin.php/Login/doLogin
INFO: [ route_check ] --START--
INFO: Run CheckRoute Behavior [ RunTime:0.002005s ]
INFO: [ route_check ] --END-- [ RunTime:0.002213s ]
INFO: [ app_begin ] --START--
INFO: Run ReadHtmlCache Behavior [ RunTime:0.000951s ]
INFO: [ app_begin ] --END-- [ RunTime:0.001149s ]
SQL: SHOW COLUMNS FROM `tp_manager` [ RunTime:0.043747s ]
SQL: SELECT `id` FROM `tp_manager` WHERE ( `username` = 'dh' ) AND ( `password` = '123' ) LIMIT 1   [ RunTime:0.056323s ]
INFO: [ view_template ] --START--
INFO: Run LocationTemplate Behavior [ RunTime:0.001145s ]
INFO: [ view_template ] --END-- [ RunTime:0.001312s ]
INFO: [ view_parse ] --START--
INFO: Run ParseTemplate Behavior [ RunTime:0.014231s ]
INFO: [ view_parse ] --END-- [ RunTime:0.014473s ]
INFO: [ view_filter ] --START--
INFO: Run ContentReplace Behavior [ RunTime:0.000784s ]
INFO: Run TokenBuild Behavior [ RunTime:0.000786s ]
INFO: Run WriteHtmlCache Behavior [ RunTime:0.000642s ]
INFO: Run ShowRuntime Behavior [ RunTime:0.001366s ]
INFO: [ view_filter ] --END-- [ RunTime:0.004095s ]
INFO: [ view_end ] --START--
INFO: Run ShowPageTrace Behavior [ RunTime:0.000995s ]
INFO: [ view_end ] --END-- [ RunTime:0.001151s ]

[ 2014-08-28T15:07:25+08:00 ] 0.0.0.0 /tp_jun/admin.php/Index/index
INFO: [ route_check ] --START--
INFO: Run CheckRoute Behavior [ RunTime:0.001883s ]
INFO: [ route_check ] --END-- [ RunTime:0.002170s ]
INFO: [ app_begin ] --START--
INFO: Run ReadHtmlCache Behavior [ RunTime:0.001025s ]
INFO: [ app_begin ] --END-- [ RunTime:0.001223s ]
INFO: [ view_template ] --START--
INFO: Run LocationTemplate Behavior [ RunTime:0.001345s ]
INFO: [ view_template ] --END-- [ RunTime:0.001547s ]
INFO: [ view_parse ] --START--
INFO: Run ParseTemplate Behavior [ RunTime:0.017022s ]
INFO: [ view_parse ] --END-- [ RunTime:0.017256s ]
INFO: [ view_filter ] --START--
INFO: Run ContentReplace Behavior [ RunTime:0.000549s ]
INFO: Run TokenBuild Behavior [ RunTime:0.000520s ]
INFO: Run WriteHtmlCache Behavior [ RunTime:0.000300s ]
INFO: Run ShowRuntime Behavior [ RunTime:0.000535s ]
INFO: [ view_filter ] --END-- [ RunTime:0.002205s ]
INFO: [ view_end ] --START--
INFO: Run ShowPageTrace Behavior [ RunTime:0.001911s ]
INFO: [ view_end ] --END-- [ RunTime:0.002100s ]

[ 2014-08-28T15:07:25+08:00 ] 0.0.0.0 /tp_jun/admin.php/Index/content
INFO: [ route_check ] --START--
INFO: Run CheckRoute Behavior [ RunTime:0.000786s ]
INFO: [ route_check ] --END-- [ RunTime:0.000938s ]
INFO: [ app_begin ] --START--
INFO: Run ReadHtmlCache Behavior [ RunTime:0.000633s ]
INFO: [ app_begin ] --END-- [ RunTime:0.000753s ]
INFO: [ view_template ] --START--
INFO: Run LocationTemplate Behavior [ RunTime:0.000863s ]
INFO: [ view_template ] --END-- [ RunTime:0.000996s ]
INFO: [ view_parse ] --START--
INFO: Run ParseTemplate Behavior [ RunTime:0.012867s ]
INFO: [ view_parse ] --END-- [ RunTime:0.013083s ]
INFO: [ view_filter ] --START--
INFO: Run ContentReplace Behavior [ RunTime:0.002291s ]
INFO: Run TokenBuild Behavior [ RunTime:0.000594s ]
INFO: Run WriteHtmlCache Behavior [ RunTime:0.000333s ]
INFO: Run ShowRuntime Behavior [ RunTime:0.000560s ]
INFO: [ view_filter ] --END-- [ RunTime:0.004180s ]
INFO: [ view_end ] --START--
INFO: Run ShowPageTrace Behavior [ RunTime:0.000811s ]
INFO: [ view_end ] --END-- [ RunTime:0.000902s ]

[ 2014-08-28T15:07:30+08:00 ] 0.0.0.0 /tp_jun/admin.php/LiuYan/checkMessage
INFO: [ route_check ] --START--
INFO: Run CheckRoute Behavior [ RunTime:0.000942s ]
INFO: [ route_check ] --END-- [ RunTime:0.001079s ]
INFO: [ app_begin ] --START--
INFO: Run ReadHtmlCache Behavior [ RunTime:0.000600s ]
INFO: [ app_begin ] --END-- [ RunTime:0.000703s ]
SQL: SHOW COLUMNS FROM `tp_message` [ RunTime:0.004181s ]
SQL: SELECT * FROM `tp_message`  [ RunTime:0.000301s ]
INFO: [ view_template ] --START--
INFO: Run LocationTemplate Behavior [ RunTime:0.001164s ]
INFO: [ view_template ] --END-- [ RunTime:0.001348s ]
INFO: [ view_parse ] --START--
INFO: Run ParseTemplate Behavior [ RunTime:0.008831s ]
INFO: [ view_parse ] --END-- [ RunTime:0.008966s ]
INFO: [ view_filter ] --START--
INFO: Run ContentReplace Behavior [ RunTime:0.000369s ]
INFO: Run TokenBuild Behavior [ RunTime:0.000423s ]
INFO: Run WriteHtmlCache Behavior [ RunTime:0.000391s ]
INFO: Run ShowRuntime Behavior [ RunTime:0.000484s ]
INFO: [ view_filter ] --END-- [ RunTime:0.001931s ]
INFO: [ view_end ] --START--
INFO: Run ShowPageTrace Behavior [ RunTime:0.000591s ]
INFO: [ view_end ] --END-- [ RunTime:0.000671s ]

[ 2014-08-28T15:07:48+08:00 ] 0.0.0.0 /tp_jun/admin.php/Index/workDynamic
INFO: [ route_check ] --START--
INFO: Run CheckRoute Behavior [ RunTime:0.000923s ]
INFO: [ route_check ] --END-- [ RunTime:0.001074s ]
INFO: [ app_begin ] --START--
INFO: Run ReadHtmlCache Behavior [ RunTime:0.000484s ]
INFO: [ app_begin ] --END-- [ RunTime:0.000576s ]
INFO: [ view_template ] --START--
INFO: Run LocationTemplate Behavior [ RunTime:0.000847s ]
INFO: [ view_template ] --END-- [ RunTime:0.000960s ]
INFO: [ view_parse ] --START--
INFO: Run ParseTemplate Behavior [ RunTime:0.006159s ]
INFO: [ view_parse ] --END-- [ RunTime:0.006298s ]
INFO: [ view_filter ] --START--
INFO: Run ContentReplace Behavior [ RunTime:0.000383s ]
INFO: Run TokenBuild Behavior [ RunTime:0.000398s ]
INFO: Run WriteHtmlCache Behavior [ RunTime:0.000289s ]
INFO: Run ShowRuntime Behavior [ RunTime:0.000473s ]
INFO: [ view_filter ] --END-- [ RunTime:0.001803s ]
INFO: [ view_end ] --START--
INFO: Run ShowPageTrace Behavior [ RunTime:0.000668s ]
INFO: [ view_end ] --END-- [ RunTime:0.000757s ]

[ 2014-08-28T15:07:49+08:00 ] 0.0.0.0 /tp_jun/admin.php/Work/addwork
INFO: [ route_check ] --START--
INFO: Run CheckRoute Behavior [ RunTime:0.000729s ]
INFO: [ route_check ] --END-- [ RunTime:0.000855s ]
INFO: [ app_begin ] --START--
INFO: Run ReadHtmlCache Behavior [ RunTime:0.000550s ]
INFO: [ app_begin ] --END-- [ RunTime:0.000654s ]
INFO: [ view_template ] --START--
INFO: Run LocationTemplate Behavior [ RunTime:0.000757s ]
INFO: [ view_template ] --END-- [ RunTime:0.000868s ]
INFO: [ view_parse ] --START--
INFO: Run ParseTemplate Behavior [ RunTime:0.007604s ]
INFO: [ view_parse ] --END-- [ RunTime:0.007778s ]
INFO: [ view_filter ] --START--
INFO: Run ContentReplace Behavior [ RunTime:0.000490s ]
INFO: Run TokenBuild Behavior [ RunTime:0.000441s ]
INFO: Run WriteHtmlCache Behavior [ RunTime:0.000293s ]
INFO: Run ShowRuntime Behavior [ RunTime:0.000507s ]
INFO: [ view_filter ] --END-- [ RunTime:0.002031s ]
INFO: [ view_end ] --START--
INFO: Run ShowPageTrace Behavior [ RunTime:0.000728s ]
INFO: [ view_end ] --END-- [ RunTime:0.000820s ]

