[ 2014-08-19T20:00:13+08:00 ] 0.0.0.0 /tp_jun/admin.php/Login/index
INFO: [ route_check ] --START--
INFO: Run CheckRoute Behavior [ RunTime:0.001020s ]
INFO: [ route_check ] --END-- [ RunTime:0.001143s ]
INFO: [ app_begin ] --START--
INFO: Run ReadHtmlCache Behavior [ RunTime:0.000794s ]
INFO: [ app_begin ] --END-- [ RunTime:0.000886s ]
INFO: [ view_template ] --START--
INFO: Run LocationTemplate Behavior [ RunTime:0.001864s ]
INFO: [ view_template ] --END-- [ RunTime:0.002046s ]
INFO: [ view_parse ] --START--
INFO: Run ParseTemplate Behavior [ RunTime:0.009591s ]
INFO: [ view_parse ] --END-- [ RunTime:0.009726s ]
INFO: [ view_filter ] --START--
INFO: Run ContentReplace Behavior [ RunTime:0.000819s ]
INFO: Run TokenBuild Behavior [ RunTime:0.000819s ]
INFO: Run WriteHtmlCache Behavior [ RunTime:0.000715s ]
INFO: Run ShowRuntime Behavior [ RunTime:0.001126s ]
INFO: [ view_filter ] --END-- [ RunTime:0.003822s ]
INFO: [ view_end ] --START--
INFO: Run ShowPageTrace Behavior [ RunTime:0.000811s ]
INFO: [ view_end ] --END-- [ RunTime:0.000912s ]

[ 2014-08-19T20:00:13+08:00 ] 0.0.0.0 /tp_jun/admin.php/Public/code
INFO: [ route_check ] --START--
INFO: Run CheckRoute Behavior [ RunTime:0.000954s ]
INFO: [ route_check ] --END-- [ RunTime:0.001080s ]
INFO: [ app_begin ] --START--
INFO: Run ReadHtmlCache Behavior [ RunTime:0.000870s ]
INFO: [ app_begin ] --END-- [ RunTime:0.000995s ]

[ 2014-08-19T20:00:23+08:00 ] 0.0.0.0 /tp_jun/admin.php/Login/doLogin
INFO: [ route_check ] --START--
INFO: Run CheckRoute Behavior [ RunTime:0.001186s ]
INFO: [ route_check ] --END-- [ RunTime:0.001320s ]
INFO: [ app_begin ] --START--
INFO: Run ReadHtmlCache Behavior [ RunTime:0.000767s ]
INFO: [ app_begin ] --END-- [ RunTime:0.000860s ]
SQL: SHOW COLUMNS FROM `tp_manager` [ RunTime:0.003644s ]
SQL: SELECT `id` FROM `tp_manager` WHERE ( `username` = 'dh' ) AND ( `password` = '123' ) LIMIT 1   [ RunTime:0.000324s ]
INFO: [ view_template ] --START--
INFO: Run LocationTemplate Behavior [ RunTime:0.000977s ]
INFO: [ view_template ] --END-- [ RunTime:0.001079s ]
INFO: [ view_parse ] --START--
INFO: Run ParseTemplate Behavior [ RunTime:0.007420s ]
INFO: [ view_parse ] --END-- [ RunTime:0.007539s ]
INFO: [ view_filter ] --START--
INFO: Run ContentReplace Behavior [ RunTime:0.000808s ]
INFO: Run TokenBuild Behavior [ RunTime:0.000868s ]
INFO: Run WriteHtmlCache Behavior [ RunTime:0.000547s ]
INFO: Run ShowRuntime Behavior [ RunTime:0.000738s ]
INFO: [ view_filter ] --END-- [ RunTime:0.003307s ]
INFO: [ view_end ] --START--
INFO: Run ShowPageTrace Behavior [ RunTime:0.001090s ]
INFO: [ view_end ] --END-- [ RunTime:0.001193s ]

[ 2014-08-19T20:00:24+08:00 ] 0.0.0.0 /tp_jun/admin.php/Index/index
INFO: [ route_check ] --START--
INFO: Run CheckRoute Behavior [ RunTime:0.002263s ]
INFO: [ route_check ] --END-- [ RunTime:0.002532s ]
INFO: [ app_begin ] --START--
INFO: Run ReadHtmlCache Behavior [ RunTime:0.001984s ]
INFO: [ app_begin ] --END-- [ RunTime:0.002198s ]
INFO: [ view_template ] --START--
INFO: Run LocationTemplate Behavior [ RunTime:0.002057s ]
INFO: [ view_template ] --END-- [ RunTime:0.002311s ]
INFO: [ view_parse ] --START--
INFO: Run ParseTemplate Behavior [ RunTime:0.019326s ]
INFO: [ view_parse ] --END-- [ RunTime:0.019567s ]
INFO: [ view_filter ] --START--
INFO: Run ContentReplace Behavior [ RunTime:0.001189s ]
INFO: Run TokenBuild Behavior [ RunTime:0.001234s ]
INFO: Run WriteHtmlCache Behavior [ RunTime:0.000978s ]
INFO: Run ShowRuntime Behavior [ RunTime:0.001482s ]
INFO: [ view_filter ] --END-- [ RunTime:0.005397s ]
INFO: [ view_end ] --START--
INFO: Run ShowPageTrace Behavior [ RunTime:0.001525s ]
INFO: [ view_end ] --END-- [ RunTime:0.001704s ]

[ 2014-08-19T20:00:24+08:00 ] 0.0.0.0 /tp_jun/admin.php/Index/content
INFO: [ route_check ] --START--
INFO: Run CheckRoute Behavior [ RunTime:0.001419s ]
INFO: [ route_check ] --END-- [ RunTime:0.001583s ]
INFO: [ app_begin ] --START--
INFO: Run ReadHtmlCache Behavior [ RunTime:0.001016s ]
INFO: [ app_begin ] --END-- [ RunTime:0.001168s ]
INFO: [ view_template ] --START--
INFO: Run LocationTemplate Behavior [ RunTime:0.001793s ]
INFO: [ view_template ] --END-- [ RunTime:0.001990s ]
INFO: [ view_parse ] --START--
INFO: Run ParseTemplate Behavior [ RunTime:0.013510s ]
INFO: [ view_parse ] --END-- [ RunTime:0.013771s ]
INFO: [ view_filter ] --START--
INFO: Run ContentReplace Behavior [ RunTime:0.001176s ]
INFO: Run TokenBuild Behavior [ RunTime:0.001023s ]
INFO: Run WriteHtmlCache Behavior [ RunTime:0.000556s ]
INFO: Run ShowRuntime Behavior [ RunTime:0.000757s ]
INFO: [ view_filter ] --END-- [ RunTime:0.003895s ]
INFO: [ view_end ] --START--
INFO: Run ShowPageTrace Behavior [ RunTime:0.001289s ]
INFO: [ view_end ] --END-- [ RunTime:0.001459s ]

[ 2014-08-19T20:00:29+08:00 ] 0.0.0.0 /tp_jun/admin.php/Index/index
INFO: [ route_check ] --START--
INFO: Run CheckRoute Behavior [ RunTime:0.000804s ]
INFO: [ route_check ] --END-- [ RunTime:0.000931s ]
INFO: [ app_begin ] --START--
INFO: Run ReadHtmlCache Behavior [ RunTime:0.000769s ]
INFO: [ app_begin ] --END-- [ RunTime:0.000876s ]
INFO: [ view_template ] --START--
INFO: Run LocationTemplate Behavior [ RunTime:0.000831s ]
INFO: [ view_template ] --END-- [ RunTime:0.000928s ]
INFO: [ view_parse ] --START--
INFO: Run ParseTemplate Behavior [ RunTime:0.007526s ]
INFO: [ view_parse ] --END-- [ RunTime:0.007648s ]
INFO: [ view_filter ] --START--
INFO: Run ContentReplace Behavior [ RunTime:0.000618s ]
INFO: Run TokenBuild Behavior [ RunTime:0.000621s ]
INFO: Run WriteHtmlCache Behavior [ RunTime:0.000460s ]
INFO: Run ShowRuntime Behavior [ RunTime:0.000681s ]
INFO: [ view_filter ] --END-- [ RunTime:0.002628s ]
INFO: [ view_end ] --START--
INFO: Run ShowPageTrace Behavior [ RunTime:0.000781s ]
INFO: [ view_end ] --END-- [ RunTime:0.000874s ]

[ 2014-08-19T20:00:29+08:00 ] 0.0.0.0 /tp_jun/admin.php/Index/content
INFO: [ route_check ] --START--
INFO: Run CheckRoute Behavior [ RunTime:0.000871s ]
INFO: [ route_check ] --END-- [ RunTime:0.000992s ]
INFO: [ app_begin ] --START--
INFO: Run ReadHtmlCache Behavior [ RunTime:0.001753s ]
INFO: [ app_begin ] --END-- [ RunTime:0.001945s ]
INFO: [ view_template ] --START--
INFO: Run LocationTemplate Behavior [ RunTime:0.000835s ]
INFO: [ view_template ] --END-- [ RunTime:0.000943s ]
INFO: [ view_parse ] --START--
INFO: Run ParseTemplate Behavior [ RunTime:0.006648s ]
INFO: [ view_parse ] --END-- [ RunTime:0.006786s ]
INFO: [ view_filter ] --START--
INFO: Run ContentReplace Behavior [ RunTime:0.000608s ]
INFO: Run TokenBuild Behavior [ RunTime:0.000599s ]
INFO: Run WriteHtmlCache Behavior [ RunTime:0.000457s ]
INFO: Run ShowRuntime Behavior [ RunTime:0.000686s ]
INFO: [ view_filter ] --END-- [ RunTime:0.002609s ]
INFO: [ view_end ] --START--
INFO: Run ShowPageTrace Behavior [ RunTime:0.000808s ]
INFO: [ view_end ] --END-- [ RunTime:0.000903s ]

[ 2014-08-19T20:00:31+08:00 ] 0.0.0.0 /tp_jun/admin.php/Index/education
INFO: [ route_check ] --START--
INFO: Run CheckRoute Behavior [ RunTime:0.000946s ]
INFO: [ route_check ] --END-- [ RunTime:0.001056s ]
INFO: [ app_begin ] --START--
INFO: Run ReadHtmlCache Behavior [ RunTime:0.000708s ]
INFO: [ app_begin ] --END-- [ RunTime:0.000800s ]
INFO: [ view_template ] --START--
INFO: Run LocationTemplate Behavior [ RunTime:0.000815s ]
INFO: [ view_template ] --END-- [ RunTime:0.000913s ]
INFO: [ view_parse ] --START--
INFO: Run ParseTemplate Behavior [ RunTime:0.007428s ]
INFO: [ view_parse ] --END-- [ RunTime:0.007590s ]
INFO: [ view_filter ] --START--
INFO: Run ContentReplace Behavior [ RunTime:0.000633s ]
INFO: Run TokenBuild Behavior [ RunTime:0.000642s ]
INFO: Run WriteHtmlCache Behavior [ RunTime:0.000466s ]
INFO: Run ShowRuntime Behavior [ RunTime:0.000750s ]
INFO: [ view_filter ] --END-- [ RunTime:0.002756s ]
INFO: [ view_end ] --START--
INFO: Run ShowPageTrace Behavior [ RunTime:0.000819s ]
INFO: [ view_end ] --END-- [ RunTime:0.000913s ]

[ 2014-08-19T20:00:35+08:00 ] ERR: (ThinkException) 无法加载模块:Education
[ 2014-08-19T20:02:34+08:00 ] 0.0.0.0 /tp_jun/admin.php/Index/index
INFO: [ route_check ] --START--
INFO: Run CheckRoute Behavior [ RunTime:0.003203s ]
INFO: [ route_check ] --END-- [ RunTime:0.003701s ]
INFO: [ app_begin ] --START--
INFO: Run ReadHtmlCache Behavior [ RunTime:0.002221s ]
INFO: [ app_begin ] --END-- [ RunTime:0.002577s ]
INFO: [ view_template ] --START--
INFO: Run LocationTemplate Behavior [ RunTime:0.002669s ]
INFO: [ view_template ] --END-- [ RunTime:0.002993s ]
INFO: [ view_parse ] --START--
INFO: Run ParseTemplate Behavior [ RunTime:0.026345s ]
INFO: [ view_parse ] --END-- [ RunTime:0.026721s ]
INFO: [ view_filter ] --START--
INFO: Run ContentReplace Behavior [ RunTime:0.002571s ]
INFO: Run TokenBuild Behavior [ RunTime:0.001874s ]
INFO: Run WriteHtmlCache Behavior [ RunTime:0.001451s ]
INFO: Run ShowRuntime Behavior [ RunTime:0.003070s ]
INFO: [ view_filter ] --END-- [ RunTime:0.009855s ]
INFO: [ view_end ] --START--
INFO: Run ShowPageTrace Behavior [ RunTime:0.003165s ]
INFO: [ view_end ] --END-- [ RunTime:0.003524s ]

[ 2014-08-19T20:02:34+08:00 ] 0.0.0.0 /tp_jun/admin.php/Index/content
INFO: [ route_check ] --START--
INFO: Run CheckRoute Behavior [ RunTime:0.003165s ]
INFO: [ route_check ] --END-- [ RunTime:0.003582s ]
INFO: [ app_begin ] --START--
INFO: Run ReadHtmlCache Behavior [ RunTime:0.002220s ]
INFO: [ app_begin ] --END-- [ RunTime:0.002451s ]
INFO: [ view_template ] --START--
INFO: Run LocationTemplate Behavior [ RunTime:0.001976s ]
INFO: [ view_template ] --END-- [ RunTime:0.002256s ]
INFO: [ view_parse ] --START--
INFO: Run ParseTemplate Behavior [ RunTime:0.017160s ]
INFO: [ view_parse ] --END-- [ RunTime:0.017443s ]
INFO: [ view_filter ] --START--
INFO: Run ContentReplace Behavior [ RunTime:0.001295s ]
INFO: Run TokenBuild Behavior [ RunTime:0.001331s ]
INFO: Run WriteHtmlCache Behavior [ RunTime:0.000965s ]
INFO: Run ShowRuntime Behavior [ RunTime:0.001736s ]
INFO: [ view_filter ] --END-- [ RunTime:0.005985s ]
INFO: [ view_end ] --START--
INFO: Run ShowPageTrace Behavior [ RunTime:0.001897s ]
INFO: [ view_end ] --END-- [ RunTime:0.002080s ]

[ 2014-08-19T20:02:41+08:00 ] 0.0.0.0 /tp_jun/admin.php/Index/education
INFO: [ route_check ] --START--
INFO: Run CheckRoute Behavior [ RunTime:0.000878s ]
INFO: [ route_check ] --END-- [ RunTime:0.001006s ]
INFO: [ app_begin ] --START--
INFO: Run ReadHtmlCache Behavior [ RunTime:0.000690s ]
INFO: [ app_begin ] --END-- [ RunTime:0.000781s ]
INFO: [ view_template ] --START--
INFO: Run LocationTemplate Behavior [ RunTime:0.000717s ]
INFO: [ view_template ] --END-- [ RunTime:0.000831s ]
INFO: [ view_parse ] --START--
INFO: Run ParseTemplate Behavior [ RunTime:0.006687s ]
INFO: [ view_parse ] --END-- [ RunTime:0.006837s ]
INFO: [ view_filter ] --START--
INFO: Run ContentReplace Behavior [ RunTime:0.000535s ]
INFO: Run TokenBuild Behavior [ RunTime:0.000614s ]
INFO: Run WriteHtmlCache Behavior [ RunTime:0.000402s ]
INFO: Run ShowRuntime Behavior [ RunTime:0.000633s ]
INFO: [ view_filter ] --END-- [ RunTime:0.002446s ]
INFO: [ view_end ] --START--
INFO: Run ShowPageTrace Behavior [ RunTime:0.000869s ]
INFO: [ view_end ] --END-- [ RunTime:0.000977s ]

[ 2014-08-19T20:02:42+08:00 ] 0.0.0.0 /tp_jun/admin.php/Education/addEdu
INFO: [ route_check ] --START--
INFO: Run CheckRoute Behavior [ RunTime:0.000790s ]
INFO: [ route_check ] --END-- [ RunTime:0.000915s ]
INFO: [ app_begin ] --START--
INFO: Run ReadHtmlCache Behavior [ RunTime:0.000695s ]
INFO: [ app_begin ] --END-- [ RunTime:0.000822s ]
INFO: [ view_template ] --START--
INFO: Run LocationTemplate Behavior [ RunTime:0.000683s ]
INFO: [ view_template ] --END-- [ RunTime:0.000787s ]
INFO: [ view_parse ] --START--
INFO: Run ParseTemplate Behavior [ RunTime:0.006859s ]
INFO: [ view_parse ] --END-- [ RunTime:0.007000s ]
INFO: [ view_filter ] --START--
INFO: Run ContentReplace Behavior [ RunTime:0.000572s ]
INFO: Run TokenBuild Behavior [ RunTime:0.000494s ]
INFO: Run WriteHtmlCache Behavior [ RunTime:0.000382s ]
INFO: Run ShowRuntime Behavior [ RunTime:0.000650s ]
INFO: [ view_filter ] --END-- [ RunTime:0.002376s ]
INFO: [ view_end ] --START--
INFO: Run ShowPageTrace Behavior [ RunTime:0.000646s ]
INFO: [ view_end ] --END-- [ RunTime:0.000752s ]

[ 2014-08-19T20:02:42+08:00 ] 0.0.0.0 /tp_jun/admin.php/Education/addEdu
INFO: [ route_check ] --START--
INFO: Run CheckRoute Behavior [ RunTime:0.001230s ]
INFO: [ route_check ] --END-- [ RunTime:0.001408s ]
INFO: [ app_begin ] --START--
INFO: Run ReadHtmlCache Behavior [ RunTime:0.001005s ]
INFO: [ app_begin ] --END-- [ RunTime:0.001152s ]
INFO: [ view_template ] --START--
INFO: Run LocationTemplate Behavior [ RunTime:0.001148s ]
INFO: [ view_template ] --END-- [ RunTime:0.001323s ]
INFO: [ view_parse ] --START--
INFO: Run ParseTemplate Behavior [ RunTime:0.009047s ]
INFO: [ view_parse ] --END-- [ RunTime:0.009223s ]
INFO: [ view_filter ] --START--
INFO: Run ContentReplace Behavior [ RunTime:0.000548s ]
INFO: Run TokenBuild Behavior [ RunTime:0.000542s ]
INFO: Run WriteHtmlCache Behavior [ RunTime:0.000425s ]
INFO: Run ShowRuntime Behavior [ RunTime:0.000659s ]
INFO: [ view_filter ] --END-- [ RunTime:0.002453s ]
INFO: [ view_end ] --START--
INFO: Run ShowPageTrace Behavior [ RunTime:0.000875s ]
INFO: [ view_end ] --END-- [ RunTime:0.000986s ]

[ 2014-08-19T20:04:00+08:00 ] 0.0.0.0 /tp_jun/admin.php/Education/doadd
INFO: [ route_check ] --START--
INFO: Run CheckRoute Behavior [ RunTime:0.000756s ]
INFO: [ route_check ] --END-- [ RunTime:0.000868s ]
INFO: [ app_begin ] --START--
INFO: Run ReadHtmlCache Behavior [ RunTime:0.000590s ]
INFO: [ app_begin ] --END-- [ RunTime:0.000682s ]
SQL: SHOW COLUMNS FROM `tp_education` [ RunTime:0.003343s ]
SQL: INSERT INTO `tp_education` (`title`,`author`,`content`,`time`) VALUES ('军训在学生培养中的重要作用','邓慧','<p style=\"margin: 15px 0 13px;text-align: center;border: none;padding: 0\"><strong><span style=\"font-size: 24px;font-family: 黑体;color: navy\">军训在学生培养中的重要作用</span></strong></p><p style=\"margin-bottom:10px;text-align:center;line-height:21px;background:#F8F8F8;text-autospace:ideograph-other\"><span style=\"font-size: 12px;font-family: 宋体\">加入日期：</span><span style=\"font-size: 12px\">2006-12-8</span></p><p style=\"line-height: 24px;border: none;padding: 0\"><span style=\"font-size: 14px;color: rgb(51, 51, 51)\">&nbsp;</span></p><p style=\"line-height: 24px;border: none;padding: 0\">　</p><p style=\"text-indent: 32px;line-height: 27px;border: none;padding: 0\"><span style=\"font-family: 黑体;color: rgb(51, 51, 51)\">1.</span><span style=\"font-family: 黑体;color: rgb(51, 51, 51)\">树立了正确的政治方向</span></p><p style=\"line-height: 27px;border: none;padding: 0\"><span style=\"color: rgb(51, 51, 51)\">&nbsp;&nbsp; </span><span style=\"font-family: 宋体;color: rgb(51, 51, 51)\">通过社会主义信念教育、专业思想教育、校规校纪教育，为学生今后的学习、生活打下了一个良好的思想基础。</span></p><p style=\"text-indent: 32px;line-height: 27px;border: none;padding: 0\"><span style=\"font-family: 黑体;color: rgb(51, 51, 51)\">2.</span><span style=\"font-family: 黑体;color: rgb(51, 51, 51)\">增强了爱国观念和爱国意识</span></p><p style=\"line-height: 27px;border: none;padding: 0\"><span style=\"color: rgb(51, 51, 51)\">&nbsp;&nbsp; </span><span style=\"font-family: 宋体;color: rgb(51, 51, 51)\">通过爱国主义教育和国防教育，使学生全面的了解了当前国际形势和基本的军事科学知识，提高了学生理论联系实际的军事技能，增强了爱国观念和爱国意识。</span></p><p style=\"text-indent: 32px;line-height: 27px;border: none;padding: 0\"><span style=\"font-family: 黑体;color: rgb(51, 51, 51)\">3.</span><span style=\"font-family: 黑体;color: rgb(51, 51, 51)\">培养了高尚的道德情操</span></p><p style=\"line-height: 27px;border: none;padding: 0\"><span style=\"color: rgb(51, 51, 51)\">&nbsp;&nbsp; </span><span style=\"font-family: 宋体;color: rgb(51, 51, 51)\">通过优良传统和作风教育，使学生逐步养成关心同学、助人为乐的高尚品质。</span><span style=\"color: rgb(51, 51, 51)\">&nbsp;&nbsp;&nbsp; </span></p><p style=\"text-indent: 32px;line-height: 27px;border: none;padding: 0\"><span style=\"font-family: 黑体;color: rgb(51, 51, 51)\">4.</span><span style=\"font-family: 黑体;color: rgb(51, 51, 51)\">增强了集体荣誉感和组织纪律性</span></p><p style=\"line-height: 27px;border: none;padding: 0\"><span style=\"color: rgb(51, 51, 51)\">&nbsp;&nbsp; </span><span style=\"font-family: 宋体;color: rgb(51, 51, 51)\">通过一日生活准军事化和内务卫生、军容军姿、队列训练等一系列活动，使学生加强了遵守各项规章制度的自觉性，并增强了组织纪律性。</span></p><p style=\"text-indent: 32px;line-height: 27px;border: none;padding: 0\"><span style=\"font-family: 黑体;color: rgb(51, 51, 51)\">5.</span><span style=\"font-family: 黑体;color: rgb(51, 51, 51)\">培养了勇于吃苦耐劳精神</span></p><p style=\"line-height: 27px;border: none;padding: 0\"><span style=\"color: rgb(51, 51, 51)\">&nbsp;&nbsp; </span><span style=\"font-family: 宋体;color: rgb(51, 51, 51)\">通过军训磨练，锻炼了他们的意志，使一个娇生惯养的独生子女变成一个能吃苦耐劳的大学生，为今后的成长打下了坚实的基础。</span></p><p style=\"text-indent: 32px;line-height: 27px;border: none;padding: 0\"><span style=\"font-family: 黑体;color: rgb(51, 51, 51)\">6.</span><span style=\"font-family: 黑体;color: rgb(51, 51, 51)\">增强了“好学力行”的校风</span></p><p style=\"text-indent: 29px;line-height: 27px;border: none;padding: 0\"><span style=\"font-family: 宋体;color: rgb(51, 51, 51)\">通过一系列的训练和活动，使学生进一步明确了学习的目的，增强了学习的动力，发扬了学校</span><span style=\"color: rgb(51, 51, 51)\">“</span><span style=\"font-family: 宋体;color: rgb(51, 51, 51)\">好学力行</span><span style=\"color: rgb(51, 51, 51)\">”</span><span style=\"font-family: 宋体;color: rgb(51, 51, 51)\">的校风，自强不息、奋发向上、勤奋学习。</span></p><p>&nbsp;</p><p>&nbsp; &nbsp;&nbsp;<br/></p>','2014-8-19') [ RunTime:0.000774s ]
INFO: [ view_template ] --START--
INFO: Run LocationTemplate Behavior [ RunTime:0.001034s ]
INFO: [ view_template ] --END-- [ RunTime:0.001188s ]
INFO: [ view_parse ] --START--
INFO: Run ParseTemplate Behavior [ RunTime:0.007118s ]
INFO: [ view_parse ] --END-- [ RunTime:0.007249s ]
INFO: [ view_filter ] --START--
INFO: Run ContentReplace Behavior [ RunTime:0.000508s ]
INFO: Run TokenBuild Behavior [ RunTime:0.000447s ]
INFO: Run WriteHtmlCache Behavior [ RunTime:0.000372s ]
INFO: Run ShowRuntime Behavior [ RunTime:0.000581s ]
INFO: [ view_filter ] --END-- [ RunTime:0.002194s ]
INFO: [ view_end ] --START--
INFO: Run ShowPageTrace Behavior [ RunTime:0.000617s ]
INFO: [ view_end ] --END-- [ RunTime:0.000697s ]

[ 2014-08-19T20:04:01+08:00 ] 0.0.0.0 /tp_jun/admin.php/Education/addEdu
INFO: [ route_check ] --START--
INFO: Run CheckRoute Behavior [ RunTime:0.003082s ]
INFO: [ route_check ] --END-- [ RunTime:0.003384s ]
INFO: [ app_begin ] --START--
INFO: Run ReadHtmlCache Behavior [ RunTime:0.001526s ]
INFO: [ app_begin ] --END-- [ RunTime:0.001736s ]
INFO: [ view_template ] --START--
INFO: Run LocationTemplate Behavior [ RunTime:0.001538s ]
INFO: [ view_template ] --END-- [ RunTime:0.001776s ]
INFO: [ view_parse ] --START--
INFO: Run ParseTemplate Behavior [ RunTime:0.015150s ]
INFO: [ view_parse ] --END-- [ RunTime:0.015414s ]
INFO: [ view_filter ] --START--
INFO: Run ContentReplace Behavior [ RunTime:0.001065s ]
INFO: Run TokenBuild Behavior [ RunTime:0.001021s ]
INFO: Run WriteHtmlCache Behavior [ RunTime:0.000815s ]
INFO: Run ShowRuntime Behavior [ RunTime:0.001257s ]
INFO: [ view_filter ] --END-- [ RunTime:0.004698s ]
INFO: [ view_end ] --START--
INFO: Run ShowPageTrace Behavior [ RunTime:0.001597s ]
INFO: [ view_end ] --END-- [ RunTime:0.001817s ]

[ 2014-08-19T20:04:55+08:00 ] 0.0.0.0 /tp_jun/admin.php/Education/doadd
INFO: [ route_check ] --START--
INFO: Run CheckRoute Behavior [ RunTime:0.000821s ]
INFO: [ route_check ] --END-- [ RunTime:0.000930s ]
INFO: [ app_begin ] --START--
INFO: Run ReadHtmlCache Behavior [ RunTime:0.000810s ]
INFO: [ app_begin ] --END-- [ RunTime:0.000989s ]
SQL: SHOW COLUMNS FROM `tp_education` [ RunTime:0.003293s ]
SQL: INSERT INTO `tp_education` (`title`,`author`,`content`,`time`) VALUES ('中华人民共和国国防教育法','邓慧','<p style=\"margin: 15px 0 13px;text-align: center;border: none;padding: 0\"><strong><span style=\"font-size: 24px;font-family: 黑体;color: navy\">中华人民共和国国防教育法</span></strong></p><p style=\"line-height: 24px;border: none;padding: 0\"><span style=\"font-size: 14px;color: rgb(51, 51, 51)\">&nbsp;</span></p><p style=\"line-height: 24px;border: none;padding: 0\">　</p><p style=\"text-align: center;line-height: 24px;border: none;padding: 0\"><span style=\"font-family: 宋体;color: rgb(51, 51, 51)\">（</span><span style=\"color: rgb(51, 51, 51)\">2001</span><span style=\"font-family: 宋体;color: rgb(51, 51, 51)\">年</span><span style=\"color: rgb(51, 51, 51)\">4</span><span style=\"font-family: 宋体;color: rgb(51, 51, 51)\">月</span><span style=\"color: rgb(51, 51, 51)\">8</span><span style=\"font-family: 宋体;color: rgb(51, 51, 51)\">日第九届全国人民代表大会常务委员会第二十一次会议通过）</span> </p><p style=\"line-height: 24px;border: none;padding: 0\"><span style=\"color: rgb(51, 51, 51)\">&nbsp;</span></p><p style=\"line-height: 24px;border: none;padding: 0\"><span style=\"font-family: 宋体;color: rgb(51, 51, 51)\">第一章</span> <span style=\"font-family: 宋体;color: rgb(51, 51, 51)\">总则</span></p><p style=\"line-height: 24px;border: none;padding: 0\"><span style=\"font-family: 宋体;color: rgb(51, 51, 51)\">第二章</span> <span style=\"font-family: 宋体;color: rgb(51, 51, 51)\">学校国防教育</span></p><p style=\"line-height: 24px;border: none;padding: 0\"><span style=\"font-family: 宋体;color: rgb(51, 51, 51)\">第三章</span> <span style=\"font-family: 宋体;color: rgb(51, 51, 51)\">社会国防教育</span></p><p style=\"line-height: 24px;border: none;padding: 0\"><span style=\"font-family: 宋体;color: rgb(51, 51, 51)\">第四章</span> <span style=\"font-family: 宋体;color: rgb(51, 51, 51)\">国防教育的保障</span></p><p style=\"line-height: 24px;border: none;padding: 0\"><span style=\"font-family: 宋体;color: rgb(51, 51, 51)\">第五章</span> <span style=\"font-family: 宋体;color: rgb(51, 51, 51)\">法律责任</span></p><p style=\"line-height: 24px;border: none;padding: 0\"><span style=\"font-family: 宋体;color: rgb(51, 51, 51)\">第六章</span> <span style=\"font-family: 宋体;color: rgb(51, 51, 51)\">附则</span></p><p style=\"line-height: 24px;border: none;padding: 0\"><span style=\"color: rgb(51, 51, 51)\">&nbsp;</span></p><p style=\"text-align: center;line-height: 24px;border: none;padding: 0\"><span style=\"font-family: 黑体;color: rgb(51, 51, 51)\">第一章 总 则</span></p><p style=\"line-height: 24px;border: none;padding: 0\"><span style=\"color: rgb(51, 51, 51)\">&nbsp;</span></p><p style=\"line-height: 24px;border: none;padding: 0\"><span style=\"font-family: 宋体;color: rgb(51, 51, 51)\">　　第一条</span></p><p style=\"line-height: 24px;border: none;padding: 0\"><span style=\"font-family: 宋体;color: rgb(51, 51, 51)\">　　为了普及和加强国防教育，发扬爱国主义精神，促进国防建设和社会主义精神文明建设，根据国防法和教育法，制定本法。</span></p><p style=\"line-height: 24px;border: none;padding: 0\"><span style=\"font-family: 宋体;color: rgb(51, 51, 51)\">　　第二条</span></p><p style=\"line-height: 24px;border: none;padding: 0\"><span style=\"font-family: 宋体;color: rgb(51, 51, 51)\">　　国防教育是建设和巩固国防的基础，是增强民族凝聚力、提高全民素质的重要途径。</span></p><p style=\"line-height: 24px;border: none;padding: 0\"><span style=\"font-family: 宋体;color: rgb(51, 51, 51)\">　　第三条</span></p><p style=\"line-height: 24px;border: none;padding: 0\"><span style=\"font-family: 宋体;color: rgb(51, 51, 51)\">　　国家通过开展国防教育，使公民增强国防观念，掌握基本的国防知识，学习必要的军事技能，激发爱国热情，自觉履行国防义务。</span></p><p style=\"line-height: 24px;border: none;padding: 0\"><span style=\"font-family: 宋体;color: rgb(51, 51, 51)\">　　第四条</span></p><p style=\"line-height: 24px;border: none;padding: 0\"><span style=\"font-family: 宋体;color: rgb(51, 51, 51)\">　　国防教育贯彻全民参与、长期坚持、讲求实效的方针，实行经常教育与集中教育相结合、普及教育与重点教育相结合、理论教育与行为教育相合的原则，针对不同对象确定相应的教育内容分类组织实施。</span></p><p style=\"line-height: 24px;border: none;padding: 0\"><span style=\"font-family: 宋体;color: rgb(51, 51, 51)\">　　第五条</span></p><p style=\"line-height: 24px;border: none;padding: 0\"><span style=\"font-family: 宋体;color: rgb(51, 51, 51)\">　　中华人民共和国公民都有接受国防教育的权利和义务。</span></p><p style=\"line-height: 24px;border: none;padding: 0\"><span style=\"font-family: 宋体;color: rgb(51, 51, 51)\">　　普及和加强国防教育是全社会的共同责任。</span></p><p style=\"line-height: 24px;border: none;padding: 0\"><span style=\"font-family: 宋体;color: rgb(51, 51, 51)\">　　一切国家机关和武装力量、各政党和各社会团体、各企业事业组织以及基层群众性自治组织，都应当根据各自的实际情况组织本地区、本部门、本单位开展国防教育。</span></p><p style=\"line-height: 24px;border: none;padding: 0\"><span style=\"font-family: 宋体;color: rgb(51, 51, 51)\">　　第六条</span></p><p style=\"line-height: 24px;border: none;padding: 0\"><span style=\"font-family: 宋体;color: rgb(51, 51, 51)\">　　国务院领导全国的国防教育工作。中央军事委员会协同国务院开展全民国防教育。</span></p><p style=\"line-height: 24px;border: none;padding: 0\"><span style=\"font-family: 宋体;color: rgb(51, 51, 51)\">　　地方各级人民政府领导本行政区域内的国防教育工作。驻地军事机关协助和支持地方人民政府开展国防教育。</span></p><p style=\"line-height: 24px;border: none;padding: 0\"><span style=\"font-family: 宋体;color: rgb(51, 51, 51)\">　　第七条</span></p><p style=\"line-height: 24px;border: none;padding: 0\"><span style=\"font-family: 宋体;color: rgb(51, 51, 51)\">　　国家国防教育工作机构规划、组织、指导和协调全国的国防教育工作。</span></p><p style=\"line-height: 24px;border: none;padding: 0\"><span style=\"font-family: 宋体;color: rgb(51, 51, 51)\">县级以上地方负责国防教育工作的机构组织、指导、协调和检查本行政区域内的国防教育工作。</span></p><p style=\"line-height: 24px;border: none;padding: 0\"><span style=\"font-family: 宋体;color: rgb(51, 51, 51)\">　　第八条</span></p><p style=\"line-height: 24px;border: none;padding: 0\"><span style=\"font-family: 宋体;color: rgb(51, 51, 51)\">　　教育、民政、文化宣传等部门，在各自职责范围内负责国防教育工作。</span></p><p style=\"line-height: 24px;border: none;padding: 0\"><span style=\"font-family: 宋体;color: rgb(51, 51, 51)\">　　征兵、国防科研生产、国民经济动员、人民防空、国防交通、军事设施保护等工作的主管部门，依照本法和有关法律、法规的规定，负责国防教育工作。</span></p><p style=\"line-height: 24px;border: none;padding: 0\"><span style=\"font-family: 宋体;color: rgb(51, 51, 51)\">工会、共产主义青年团、妇女联合会以及其他有关社会团体，协助人民政府开展国防教育。</span></p><p style=\"line-height: 24px;border: none;padding: 0\"><span style=\"font-family: 宋体;color: rgb(51, 51, 51)\">　　第九条</span></p><p style=\"line-height: 24px;border: none;padding: 0\"><span style=\"font-family: 宋体;color: rgb(51, 51, 51)\">　　中国人民解放军、中国人民武装警察部队按照中央军事委员会的有关规定开展国防教育。</span></p><p style=\"line-height: 24px;border: none;padding: 0\"><span style=\"font-family: 宋体;color: rgb(51, 51, 51)\">　　第十条</span></p><p style=\"line-height: 24px;border: none;padding: 0\"><span style=\"font-family: 宋体;color: rgb(51, 51, 51)\">　　国家支持、鼓励社会组织和个人开展有益于国防教育的活动。</span></p><p style=\"line-height: 24px;border: none;padding: 0\"><span style=\"font-family: 宋体;color: rgb(51, 51, 51)\">　　第十一条</span> </p><p style=\"line-height: 24px;border: none;padding: 0\"><span style=\"font-family: 宋体;color: rgb(51, 51, 51)\">　　国家和社会对在国防教育工作中作出突出贡献的组织和个人，采取各种形式给予表彰和奖励。</span></p><p style=\"line-height: 24px;border: none;padding: 0\"><span style=\"font-family: 宋体;color: rgb(51, 51, 51)\">　　第十二条</span> </p><p style=\"line-height: 24px;border: none;padding: 0\"><span style=\"font-family: 宋体;color: rgb(51, 51, 51)\">　　国家设立全民国防教育日。</span> </p><p style=\"line-height: 24px;border: none;padding: 0\">　　</p><p style=\"line-height: 24px;border: none;padding: 0\"><span style=\"color: rgb(51, 51, 51)\">&nbsp;</span></p><p style=\"text-align: center;line-height: 24px;border: none;padding: 0\"><span style=\"font-family: 黑体;color: rgb(51, 51, 51)\">第二章 学校国防教育</span></p><p style=\"line-height: 24px;border: none;padding: 0\"><span style=\"color: rgb(51, 51, 51)\">&nbsp;</span></p><p style=\"line-height: 24px;border: none;padding: 0\"><span style=\"font-family: 宋体;color: rgb(51, 51, 51)\">　　第十三条</span></p><p style=\"line-height: 24px;border: none;padding: 0\"><span style=\"font-family: 宋体;color: rgb(51, 51, 51)\">　　学校的国防教育是全民国防教育的基础，是实施素质教育的重要内容。</span></p><p style=\"line-height: 24px;border: none;padding: 0\"><span style=\"font-family: 宋体;color: rgb(51, 51, 51)\">　　教育行政部门应当将国防教育列入工作计划，加强对学校国防教育的组织、指导和监督，并对学校国防教育工作定期进行考核。</span></p><p style=\"line-height: 24px;border: none;padding: 0\"><span style=\"font-family: 宋体;color: rgb(51, 51, 51)\">　　第十四条</span></p><p style=\"line-height: 24px;border: none;padding: 0\"><span style=\"font-family: 宋体;color: rgb(51, 51, 51)\">　　小学和初级中学应当将国防教育的内容纳入有关课程，将课堂教学与课外活动相结合，对学生进行国防教育。</span></p><p style=\"line-height: 24px;border: none;padding: 0\"><span style=\"font-family: 宋体;color: rgb(51, 51, 51)\">　　有条件的小学和初级中学可以组织学生开展以国防教育为主题的少年军校活动。教育行政部门、共产主义青年团组织和其他有关部门应当加强对少年军校活动的指导与管理。</span></p><p style=\"line-height: 24px;border: none;padding: 0\"><span style=\"font-family: 宋体;color: rgb(51, 51, 51)\">　　小学和初级中学可以根据需要聘请校外辅导员，协助学校开展多种形式的国防教育活动。</span></p><p style=\"line-height: 24px;border: none;padding: 0\"><span style=\"font-family: 宋体;color: rgb(51, 51, 51)\">　　第十五条</span></p><p style=\"line-height: 24px;border: none;padding: 0\"><span style=\"font-family: 宋体;color: rgb(51, 51, 51)\">　　高等学校、高级中学和相当于高级中学的学校应当将课堂教学与军事训练相结合，对学生进行国防教育。</span></p><p style=\"line-height: 24px;border: none;padding: 0\"><span style=\"font-family: 宋体;color: rgb(51, 51, 51)\">　　高等学校应当设置适当的国防教育课程，高级中学和相当于高级中学的学校应当在有关课程中安排专门的国防教育内容，并可以在学生中开展形式多样的国防教育活动。</span></p><p style=\"line-height: 24px;border: none;padding: 0\"><span style=\"font-family: 宋体;color: rgb(51, 51, 51)\">　　高等学校、高级中学和相当于高级中学的学校学生的军事训练，由学校负责军事训练的机构或者军事教员按照国家有关规定组织实施。军事机关应当协助学校组织学生的军事训练。</span></p><p style=\"line-height: 24px;border: none;padding: 0\"><span style=\"font-family: 宋体;color: rgb(51, 51, 51)\">　　第十六条</span></p><p style=\"line-height: 24px;border: none;padding: 0\"><span style=\"font-family: 宋体;color: rgb(51, 51, 51)\">　　学校应当将国防教育列入学校的工作和教学计划，采取有效措施，保证国防教育的质量和效果。</span></p><p style=\"line-height: 24px;border: none;padding: 0\"><span style=\"font-family: 宋体;color: rgb(51, 51, 51)\">　　学校组织军事训练活动，应当采取措施，加强安全保障。</span></p><p style=\"line-height: 24px;border: none;padding: 0\"><span style=\"font-family: 宋体;color: rgb(51, 51, 51)\">　　第十七条</span></p><p style=\"line-height: 24px;border: none;padding: 0\"><span style=\"font-family: 宋体;color: rgb(51, 51, 51)\">　　负责培训国家工作人员的各类教育机构，应当将国防教育纳入培训计划，设置适当的国防教育课程。</span></p><p style=\"line-height: 24px;border: none;padding: 0\"><span style=\"font-family: 宋体;color: rgb(51, 51, 51)\">　　国家根据需要选送地方和部门的负责人到有关军事院校接受培训，学习和掌握履行领导职责所必需的国防知识。</span></p><p style=\"line-height: 24px;border: none;padding: 0\"><span style=\"color: rgb(51, 51, 51)\">&nbsp;</span></p><p style=\"line-height: 24px;border: none;padding: 0\"><span style=\"color: rgb(51, 51, 51)\">&nbsp;</span></p><p style=\"text-align: center;line-height: 24px;border: none;padding: 0\"><span style=\"font-family: 黑体;color: rgb(51, 51, 51)\">第三章 社会国防教育</span></p><p style=\"line-height: 24px;border: none;padding: 0\"><span style=\"color: rgb(51, 51, 51)\">&nbsp;</span></p><p style=\"line-height: 24px;border: none;padding: 0\"><span style=\"font-family: 宋体;color: rgb(51, 51, 51)\">　　第十八条</span></p><p style=\"line-height: 24px;border: none;padding: 0\"><span style=\"font-family: 宋体;color: rgb(51, 51, 51)\">　　国家机关应当根据各自的工作性质和特点，采取多种形式对工作人员进行国防教育。</span></p><p style=\"line-height: 24px;border: none;padding: 0\"><span style=\"font-family: 宋体;color: rgb(51, 51, 51)\">　　国家机关工作人员应当具备基本的国防知识。从事国防建设事业的国家机关工作人员，必须学习和掌握履行职责所必需的国防知识。</span></p><p style=\"line-height: 24px;border: none;padding: 0\"><span style=\"font-family: 宋体;color: rgb(51, 51, 51)\">　　各地区、各部门的领导人员应当依法履行组织、领导本地区、本部门开展国防教育的职责。</span></p><p style=\"line-height: 24px;border: none;padding: 0\"><span style=\"font-family: 宋体;color: rgb(51, 51, 51)\">　　第十九条</span></p><p style=\"line-height: 24px;border: none;padding: 0\"><span style=\"font-family: 宋体;color: rgb(51, 51, 51)\">　　企业事业组织应当将国防教育列入职工教育计划，结合政治教育、业务培训、文化体育等活动，对职工进行国防教育。</span></p><p style=\"line-height: 24px;border: none;padding: 0\"><span style=\"font-family: 宋体;color: rgb(51, 51, 51)\">　　承担国防科研生产、国防设施建设、国防交通保障等任务的企业事业组织，应当根据所担负的任务，制定相应的国防教育计划，有针对性地对职工进行国防教育。</span></p><p style=\"line-height: 24px;border: none;padding: 0\"><span style=\"font-family: 宋体;color: rgb(51, 51, 51)\">　　社会团体应当根据各自的活动特点开展国防教育。</span></p><p style=\"line-height: 24px;border: none;padding: 0\"><span style=\"font-family: 宋体;color: rgb(51, 51, 51)\">　　第二十条</span></p><p style=\"line-height: 24px;border: none;padding: 0\"><span style=\"font-family: 宋体;color: rgb(51, 51, 51)\">　　军区、省军区（卫戍区、警备区）、军分区（警备区）和县、</span> <span style=\"font-family: 宋体;color: rgb(51, 51, 51)\">自治县、市、市辖区的人民武装部按照国家和军队的有关规定，结合政治教育和组织整顿、军事训练、执行勤务、征兵工作以及重大节日、纪念日活动，对民兵、预备役人员进行国防教育。</span></p><p style=\"line-height: 24px;border: none;padding: 0\"><span style=\"font-family: 宋体;color: rgb(51, 51, 51)\">　　民兵、预备役人员的国防教育，应当以基干民兵、第一类预备役人员和担任领导职务的民兵、预备役人员为重点，建立和完善制度，保证受教育的人员、教育时间和教育内容的落实。</span> </p><p style=\"line-height: 24px;border: none;padding: 0\"><span style=\"font-family: 宋体;color: rgb(51, 51, 51)\">　　第二十一条</span></p><p style=\"line-height: 24px;border: none;padding: 0\"><span style=\"font-family: 宋体;color: rgb(51, 51, 51)\">　　城市居民委员会、农村村民委员会应当将国防教育纳入社区、农村社会主义精神文明建设的内容，结合征兵工作、拥军优属以及重大节日、纪念日活动，对居民、村民进行国防教育。</span> </p><p style=\"line-height: 24px;border: none;padding: 0\"><span style=\"font-family: 宋体;color: rgb(51, 51, 51)\">　　城市居民委员会、农村村民委员会可以聘请退役军人协助开展国防教育。</span></p><p style=\"line-height: 24px;border: none;padding: 0\"><span style=\"font-family: 宋体;color: rgb(51, 51, 51)\">　　第二十二条</span></p><p style=\"line-height: 24px;border: none;padding: 0\"><span style=\"font-family: 宋体;color: rgb(51, 51, 51)\">　　文化、新闻、出版、广播、电影、电视等部门和单位应当根据形势和任务的要求，采取多种形式开展国防教育。</span></p><p style=\"line-height: 24px;border: none;padding: 0\"><span style=\"font-family: 宋体;color: rgb(51, 51, 51)\">　　中央和省、自治区、直辖市以及设区的市的广播电台、电视台、报刊应当开设国防教育节目或者栏目，普及国防知识。</span></p><p style=\"line-height: 24px;border: none;padding: 0\"><span style=\"font-family: 宋体;color: rgb(51, 51, 51)\">　　第二十三条</span></p><p style=\"line-height: 24px;border: none;padding: 0\"><span style=\"font-family: 宋体;color: rgb(51, 51, 51)\">　　烈士陵园、革命遗址和其他具有国防教育功能的博物馆、纪念馆、科技馆、文化馆、青少年宫等场所，应当为公民接受国防教育提供便利，对有组织的国防教育活动实行优惠或者免费；依照本法第二十八条的规定被命名为国防教育基地的，应当对有组织的中小学生免费开放；在全民国防教育日向社会免费开放。</span></p><p style=\"line-height: 24px;border: none;padding: 0\"><span style=\"color: rgb(51, 51, 51)\">&nbsp;</span></p><p style=\"line-height: 24px;border: none;padding: 0\"><span style=\"color: rgb(51, 51, 51)\">&nbsp;</span></p><p style=\"text-align: center;line-height: 24px;border: none;padding: 0\"><span style=\"font-family: 黑体;color: rgb(51, 51, 51)\">第四章 国防教育的保障</span></p><p style=\"line-height: 24px;border: none;padding: 0\"><span style=\"color: rgb(51, 51, 51)\">&nbsp;</span></p><p style=\"line-height: 24px;border: none;padding: 0\"><span style=\"font-family: 宋体;color: rgb(51, 51, 51)\">　　第二十四条</span></p><p style=\"line-height: 24px;border: none;padding: 0\"><span style=\"font-family: 宋体;color: rgb(51, 51, 51)\">　　各级人民政府应当将国防教育纳入国民经济和社会发展计划，并根据开展国防教育的需要，在财政预算中保障国防教育所需的经费。</span></p><p style=\"line-height: 24px;border: none;padding: 0\"><span style=\"font-family: 宋体;color: rgb(51, 51, 51)\">　　第二十五条</span></p><p style=\"line-height: 24px;border: none;padding: 0\"><span style=\"font-family: 宋体;color: rgb(51, 51, 51)\">　　国家机关、事业单位、社会团体开展国防教育所需的经费，在本单位预算经费内列支；企业开展国防教育所需经费，在本单位职工教育经费中列支。</span></p><p style=\"line-height: 24px;border: none;padding: 0\"><span style=\"font-family: 宋体;color: rgb(51, 51, 51)\">　　学校组织学生军事训练所需的经费，按照国家有关规定执行。</span></p><p style=\"line-height: 24px;border: none;padding: 0\"><span style=\"font-family: 宋体;color: rgb(51, 51, 51)\">　　第二十六条</span></p><p style=\"line-height: 24px;border: none;padding: 0\"><span style=\"font-family: 宋体;color: rgb(51, 51, 51)\">　　国家鼓励社会组织和个人捐赠财产，资助国防教育的开展。</span> </p><p style=\"line-height: 24px;border: none;padding: 0\"><span style=\"font-family: 宋体;color: rgb(51, 51, 51)\">　　社会组织和个人资助国防教育的财产，由依法成立的国防教育基金组织或者其他公益性社会组织依法管理。</span></p><p style=\"line-height: 24px;border: none;padding: 0\"><span style=\"font-family: 宋体;color: rgb(51, 51, 51)\">　　国家鼓励社会组织和个人提供或者捐赠所收藏的具有国防教育意义的实物用于国防教育。使用单位对提供使用的实物应当妥善保管，使用完毕，及时归还。</span></p><p style=\"line-height: 24px;border: none;padding: 0\"><span style=\"font-family: 宋体;color: rgb(51, 51, 51)\">　　第二十七条</span></p><p style=\"line-height: 24px;border: none;padding: 0\"><span style=\"font-family: 宋体;color: rgb(51, 51, 51)\">　　国防教育经费和社会组织、个人资助国防教育的财产，必须用于国防教育事业，任何单位或者个人不得挪用、克扣。</span></p><p style=\"line-height: 24px;border: none;padding: 0\"><span style=\"font-family: 宋体;color: rgb(51, 51, 51)\">　　第二十八条</span></p><p style=\"line-height: 24px;border: none;padding: 0\"><span style=\"font-family: 宋体;color: rgb(51, 51, 51)\">　　本法第二十三条规定的场所，具备下列条件的，经省、自治区、直辖市人民政府批准，可以命名为国防教育基地：</span> </p><p style=\"line-height: 24px;border: none;padding: 0\"><span style=\"font-family: 宋体;color: rgb(51, 51, 51)\">　　（一）有明确的国防教育主题内容；</span></p><p style=\"line-height: 24px;border: none;padding: 0\"><span style=\"font-family: 宋体;color: rgb(51, 51, 51)\">　　（二）有健全的管理机构和规章制度；</span></p><p style=\"line-height: 24px;border: none;padding: 0\"><span style=\"font-family: 宋体;color: rgb(51, 51, 51)\">　　（三）有相应的国防教育设施；</span></p><p style=\"line-height: 24px;border: none;padding: 0\"><span style=\"font-family: 宋体;color: rgb(51, 51, 51)\">　　（四）有必要的经费保障；</span></p><p style=\"line-height: 24px;border: none;padding: 0\"><span style=\"font-family: 宋体;color: rgb(51, 51, 51)\">　　（五）有显著的社会教育效果。</span></p><p style=\"line-height: 24px;border: none;padding: 0\"><span style=\"font-family: 宋体;color: rgb(51, 51, 51)\">　　国防教育基地应当加强建设，不断完善，充分发挥国防教育的功能。被命名的国防教育基地不再具备前款规定条件的，由原批准机关撤销命名。</span></p><p style=\"line-height: 24px;border: none;padding: 0\"><span style=\"font-family: 宋体;color: rgb(51, 51, 51)\">　　第二十九条</span></p><p style=\"line-height: 24px;border: none;padding: 0\"><span style=\"font-family: 宋体;color: rgb(51, 51, 51)\">　　各级人民政府应当加强对国防教育基地的规划、建设和管理，并为其发挥作用提供必要的保障。</span></p><p style=\"line-height: 24px;border: none;padding: 0\"><span style=\"font-family: 宋体;color: rgb(51, 51, 51)\">　　各级人民政府应当加强对具有国防教育意义的文物的收集、整理、保护工作。</span></p><p style=\"line-height: 24px;border: none;padding: 0\"><span style=\"font-family: 宋体;color: rgb(51, 51, 51)\">　　第三十条</span></p><p style=\"line-height: 24px;border: none;padding: 0\"><span style=\"font-family: 宋体;color: rgb(51, 51, 51)\">　　全民国防教育使用统一的国防教育大纲。国防教育大纲由国家国防教育工作机构组织制定。</span></p><p style=\"line-height: 24px;border: none;padding: 0\"><span style=\"font-family: 宋体;color: rgb(51, 51, 51)\">　　适用于不同地区、不同类别教育对象的国防教育教材，由有关部门或者地方依据国防教育大纲并结合本地区、本部门的特点组织编写。</span></p><p style=\"line-height: 24px;border: none;padding: 0\"><span style=\"font-family: 宋体;color: rgb(51, 51, 51)\">　　第三十一条</span></p><p style=\"line-height: 24px;border: none;padding: 0\"><span style=\"font-family: 宋体;color: rgb(51, 51, 51)\">　　各级国防教育工作机构应当组织、协调有关部门做好国防教育教员的选拔、培训和管理工作，加强国防教育师资队伍建设。</span></p><p style=\"line-height: 24px;border: none;padding: 0\"><span style=\"font-family: 宋体;color: rgb(51, 51, 51)\">　　国防教育教员应当从热爱国防教育事业、具有基本的国防知识和必要的军事技能的人员中选拔。</span> </p><p style=\"line-height: 24px;border: none;padding: 0\"><span style=\"font-family: 宋体;color: rgb(51, 51, 51)\">　　第三十二条</span></p><p style=\"line-height: 24px;border: none;padding: 0\"><span style=\"font-family: 宋体;color: rgb(51, 51, 51)\">　　中国人民解放军和中国人民武装警察部队应当根据需要和可能，为驻地有组织的国防教育活动选派军事教员，提供必要的军事训练场地、设施以及其他便利条件。</span></p><p style=\"line-height: 24px;border: none;padding: 0\"><span style=\"font-family: 宋体;color: rgb(51, 51, 51)\">　　在国庆节、中国人民解放军建军节和全民国防教育日，经批准的军营可以向社会开放。军营开放的办法由中央军事委员会规定。</span></p><p style=\"line-height: 24px;border: none;padding: 0\"><span style=\"color: rgb(51, 51, 51)\">&nbsp;</span></p><p style=\"line-height: 24px;border: none;padding: 0\"><span style=\"color: rgb(51, 51, 51)\">&nbsp;</span></p><p style=\"text-align: center;line-height: 24px;border: none;padding: 0\"><span style=\"font-family: 黑体;color: rgb(51, 51, 51)\">第五章 法律责任</span></p><p style=\"line-height: 24px;border: none;padding: 0\"><span style=\"color: rgb(51, 51, 51)\">&nbsp;</span></p><p style=\"line-height: 24px;border: none;padding: 0\"><span style=\"font-family: 宋体;color: rgb(51, 51, 51)\">　　第三十三条</span> </p><p style=\"line-height: 24px;border: none;padding: 0\"><span style=\"font-family: 宋体;color: rgb(51, 51, 51)\">　　国家机关、社会团体、企业事业组织以及其他社会组织违反本法规定，拒不开展国防教育活动的，由人民政府有关部门或者上级机关给予批评教育，并责令限期改正；拒不改正，造成恶劣影响的，对负有直接责任的主管人员依法给予行政处分。</span></p><p style=\"line-height: 24px;border: none;padding: 0\"><span style=\"font-family: 宋体;color: rgb(51, 51, 51)\">　　第三十四条</span> </p><p style=\"line-height: 24px;border: none;padding: 0\"><span style=\"font-family: 宋体;color: rgb(51, 51, 51)\">　　违反本法规定，挪用、克扣国防教育经费的，由有关主管部门责令限期归还；对负有直接责任的主管人员和其他直接责任人员依法给予行政处分；构成犯罪的，依法追究刑事责任。</span> </p><p style=\"line-height: 24px;border: none;padding: 0\"><span style=\"font-family: 宋体;color: rgb(51, 51, 51)\">　　第三十五条</span> </p><p style=\"line-height: 24px;border: none;padding: 0\"><span style=\"font-family: 宋体;color: rgb(51, 51, 51)\">　　侵占、破坏国防教育基地设施、损毁展品的，由有关主管部门给予批评教育，并责令限期改正；有关责任人应当依法承担相应的民事责任。</span></p><p style=\"line-height: 24px;border: none;padding: 0\"><span style=\"font-family: 宋体;color: rgb(51, 51, 51)\">　　有前款所列行为，违反治安管理规定的，由公安机关依法给予治安管理处罚；构成犯罪的，依法追究刑事责任。</span></p><p style=\"line-height: 24px;border: none;padding: 0\"><span style=\"font-family: 宋体;color: rgb(51, 51, 51)\">　　第三十六条</span> </p><p style=\"line-height: 24px;border: none;padding: 0\"><span style=\"font-family: 宋体;color: rgb(51, 51, 51)\">　　寻衅滋事，扰乱国防教育工作和活动秩序的，或者盗用国防教育名义骗取钱财的，由有关主管部门给予批评教育，并予以制止；违反治安管理规定的，由公安机关依法给予治安管理处罚；构成犯罪的，依法追究刑事责任。</span></p><p style=\"line-height: 24px;border: none;padding: 0\"><span style=\"font-family: 宋体;color: rgb(51, 51, 51)\">　　第三十七条</span> </p><p style=\"line-height: 24px;border: none;padding: 0\"><span style=\"font-family: 宋体;color: rgb(51, 51, 51)\">　　负责国防教育的国家工作人员玩忽职守、滥用职权、徇私舞弊的，依法给予行政处分；构成犯罪的，依法追究刑事责任。</span></p><p style=\"line-height: 24px;border: none;padding: 0\"><span style=\"color: rgb(51, 51, 51)\">&nbsp;</span></p><p style=\"line-height: 24px;border: none;padding: 0\"><span style=\"color: rgb(51, 51, 51)\">&nbsp;</span></p><p style=\"text-align: center;line-height: 24px;border: none;padding: 0\"><span style=\"font-family: 黑体;color: rgb(51, 51, 51)\">第六章 附 则</span></p><p style=\"line-height: 24px;border: none;padding: 0\"><span style=\"color: rgb(51, 51, 51)\">&nbsp;</span></p><p style=\"line-height: 24px;border: none;padding: 0\"><span style=\"font-family: 宋体;color: rgb(51, 51, 51)\">　　第三十八条</span> <span style=\"font-family: 宋体;color: rgb(51, 51, 51)\">本法自公布之日起施行。</span></p><p>&nbsp;</p><p><br/></p>','2014-8-19') [ RunTime:0.001243s ]
INFO: [ view_template ] --START--
INFO: Run LocationTemplate Behavior [ RunTime:0.000894s ]
INFO: [ view_template ] --END-- [ RunTime:0.001014s ]
INFO: [ view_parse ] --START--
INFO: Run ParseTemplate Behavior [ RunTime:0.007282s ]
INFO: [ view_parse ] --END-- [ RunTime:0.007401s ]
INFO: [ view_filter ] --START--
INFO: Run ContentReplace Behavior [ RunTime:0.000496s ]
INFO: Run TokenBuild Behavior [ RunTime:0.000518s ]
INFO: Run WriteHtmlCache Behavior [ RunTime:0.000377s ]
INFO: Run ShowRuntime Behavior [ RunTime:0.000569s ]
INFO: [ view_filter ] --END-- [ RunTime:0.002233s ]
INFO: [ view_end ] --START--
INFO: Run ShowPageTrace Behavior [ RunTime:0.000613s ]
INFO: [ view_end ] --END-- [ RunTime:0.000694s ]

[ 2014-08-19T20:04:56+08:00 ] 0.0.0.0 /tp_jun/admin.php/Education/addEdu
INFO: [ route_check ] --START--
INFO: Run CheckRoute Behavior [ RunTime:0.003071s ]
INFO: [ route_check ] --END-- [ RunTime:0.003416s ]
INFO: [ app_begin ] --START--
INFO: Run ReadHtmlCache Behavior [ RunTime:0.001851s ]
INFO: [ app_begin ] --END-- [ RunTime:0.002148s ]
INFO: [ view_template ] --START--
INFO: Run LocationTemplate Behavior [ RunTime:0.002371s ]
INFO: [ view_template ] --END-- [ RunTime:0.002845s ]
INFO: [ view_parse ] --START--
INFO: Run ParseTemplate Behavior [ RunTime:0.026186s ]
INFO: [ view_parse ] --END-- [ RunTime:0.026644s ]
INFO: [ view_filter ] --START--
INFO: Run ContentReplace Behavior [ RunTime:0.002306s ]
INFO: Run TokenBuild Behavior [ RunTime:0.002759s ]
INFO: Run WriteHtmlCache Behavior [ RunTime:0.002312s ]
INFO: Run ShowRuntime Behavior [ RunTime:0.003648s ]
INFO: [ view_filter ] --END-- [ RunTime:0.012248s ]
INFO: [ view_end ] --START--
INFO: Run ShowPageTrace Behavior [ RunTime:0.002202s ]
INFO: [ view_end ] --END-- [ RunTime:0.002503s ]

[ 2014-08-19T20:09:45+08:00 ] 0.0.0.0 /tp_jun/admin.php/Index/education
INFO: [ route_check ] --START--
INFO: Run CheckRoute Behavior [ RunTime:0.000973s ]
INFO: [ route_check ] --END-- [ RunTime:0.001119s ]
INFO: [ app_begin ] --START--
INFO: Run ReadHtmlCache Behavior [ RunTime:0.000809s ]
INFO: [ app_begin ] --END-- [ RunTime:0.000921s ]
INFO: [ view_template ] --START--
INFO: Run LocationTemplate Behavior [ RunTime:0.000946s ]
INFO: [ view_template ] --END-- [ RunTime:0.001070s ]
INFO: [ view_parse ] --START--
INFO: Run ParseTemplate Behavior [ RunTime:0.007471s ]
INFO: [ view_parse ] --END-- [ RunTime:0.007627s ]
INFO: [ view_filter ] --START--
INFO: Run ContentReplace Behavior [ RunTime:0.000653s ]
INFO: Run TokenBuild Behavior [ RunTime:0.000876s ]
INFO: Run WriteHtmlCache Behavior [ RunTime:0.000543s ]
INFO: Run ShowRuntime Behavior [ RunTime:0.000734s ]
INFO: [ view_filter ] --END-- [ RunTime:0.003103s ]
INFO: [ view_end ] --START--
INFO: Run ShowPageTrace Behavior [ RunTime:0.000851s ]
INFO: [ view_end ] --END-- [ RunTime:0.000941s ]

[ 2014-08-19T20:09:46+08:00 ] 0.0.0.0 /tp_jun/admin.php/Education/addEdu
INFO: [ route_check ] --START--
INFO: Run CheckRoute Behavior [ RunTime:0.000953s ]
INFO: [ route_check ] --END-- [ RunTime:0.001070s ]
INFO: [ app_begin ] --START--
INFO: Run ReadHtmlCache Behavior [ RunTime:0.000728s ]
INFO: [ app_begin ] --END-- [ RunTime:0.000832s ]
INFO: [ view_template ] --START--
INFO: Run LocationTemplate Behavior [ RunTime:0.000828s ]
INFO: [ view_template ] --END-- [ RunTime:0.000963s ]
INFO: [ view_parse ] --START--
INFO: Run ParseTemplate Behavior [ RunTime:0.007704s ]
INFO: [ view_parse ] --END-- [ RunTime:0.007825s ]
INFO: [ view_filter ] --START--
INFO: Run ContentReplace Behavior [ RunTime:0.000583s ]
INFO: Run TokenBuild Behavior [ RunTime:0.000559s ]
INFO: Run WriteHtmlCache Behavior [ RunTime:0.000803s ]
INFO: Run ShowRuntime Behavior [ RunTime:0.000888s ]
INFO: [ view_filter ] --END-- [ RunTime:0.003192s ]
INFO: [ view_end ] --START--
INFO: Run ShowPageTrace Behavior [ RunTime:0.000760s ]
INFO: [ view_end ] --END-- [ RunTime:0.000863s ]

[ 2014-08-19T20:09:47+08:00 ] 0.0.0.0 /tp_jun/admin.php/Index/education
INFO: [ route_check ] --START--
INFO: Run CheckRoute Behavior [ RunTime:0.000824s ]
INFO: [ route_check ] --END-- [ RunTime:0.000928s ]
INFO: [ app_begin ] --START--
INFO: Run ReadHtmlCache Behavior [ RunTime:0.000629s ]
INFO: [ app_begin ] --END-- [ RunTime:0.000719s ]
INFO: [ view_template ] --START--
INFO: Run LocationTemplate Behavior [ RunTime:0.000797s ]
INFO: [ view_template ] --END-- [ RunTime:0.000895s ]
INFO: [ view_parse ] --START--
INFO: Run ParseTemplate Behavior [ RunTime:0.006734s ]
INFO: [ view_parse ] --END-- [ RunTime:0.006853s ]
INFO: [ view_filter ] --START--
INFO: Run ContentReplace Behavior [ RunTime:0.000559s ]
INFO: Run TokenBuild Behavior [ RunTime:0.000555s ]
INFO: Run WriteHtmlCache Behavior [ RunTime:0.000470s ]
INFO: Run ShowRuntime Behavior [ RunTime:0.000631s ]
INFO: [ view_filter ] --END-- [ RunTime:0.002490s ]
INFO: [ view_end ] --START--
INFO: Run ShowPageTrace Behavior [ RunTime:0.000685s ]
INFO: [ view_end ] --END-- [ RunTime:0.000771s ]

[ 2014-08-19T20:09:49+08:00 ] 0.0.0.0 /tp_jun/admin.php/Index/index
INFO: [ route_check ] --START--
INFO: Run CheckRoute Behavior [ RunTime:0.000816s ]
INFO: [ route_check ] --END-- [ RunTime:0.000920s ]
INFO: [ app_begin ] --START--
INFO: Run ReadHtmlCache Behavior [ RunTime:0.000663s ]
INFO: [ app_begin ] --END-- [ RunTime:0.000754s ]
INFO: [ view_template ] --START--
INFO: Run LocationTemplate Behavior [ RunTime:0.000813s ]
INFO: [ view_template ] --END-- [ RunTime:0.000910s ]
INFO: [ view_parse ] --START--
INFO: Run ParseTemplate Behavior [ RunTime:0.007340s ]
INFO: [ view_parse ] --END-- [ RunTime:0.007517s ]
INFO: [ view_filter ] --START--
INFO: Run ContentReplace Behavior [ RunTime:0.000660s ]
INFO: Run TokenBuild Behavior [ RunTime:0.000564s ]
INFO: Run WriteHtmlCache Behavior [ RunTime:0.000463s ]
INFO: Run ShowRuntime Behavior [ RunTime:0.000632s ]
INFO: [ view_filter ] --END-- [ RunTime:0.002604s ]
INFO: [ view_end ] --START--
INFO: Run ShowPageTrace Behavior [ RunTime:0.000691s ]
INFO: [ view_end ] --END-- [ RunTime:0.000776s ]

[ 2014-08-19T20:09:50+08:00 ] 0.0.0.0 /tp_jun/admin.php/Index/content
INFO: [ route_check ] --START--
INFO: Run CheckRoute Behavior [ RunTime:0.001645s ]
INFO: [ route_check ] --END-- [ RunTime:0.001910s ]
INFO: [ app_begin ] --START--
INFO: Run ReadHtmlCache Behavior [ RunTime:0.000638s ]
INFO: [ app_begin ] --END-- [ RunTime:0.000730s ]
INFO: [ view_template ] --START--
INFO: Run LocationTemplate Behavior [ RunTime:0.000840s ]
INFO: [ view_template ] --END-- [ RunTime:0.000970s ]
INFO: [ view_parse ] --START--
INFO: Run ParseTemplate Behavior [ RunTime:0.008930s ]
INFO: [ view_parse ] --END-- [ RunTime:0.009068s ]
INFO: [ view_filter ] --START--
INFO: Run ContentReplace Behavior [ RunTime:0.000555s ]
INFO: Run TokenBuild Behavior [ RunTime:0.000580s ]
INFO: Run WriteHtmlCache Behavior [ RunTime:0.000474s ]
INFO: Run ShowRuntime Behavior [ RunTime:0.000642s ]
INFO: [ view_filter ] --END-- [ RunTime:0.002520s ]
INFO: [ view_end ] --START--
INFO: Run ShowPageTrace Behavior [ RunTime:0.000699s ]
INFO: [ view_end ] --END-- [ RunTime:0.000805s ]

[ 2014-08-19T20:09:52+08:00 ] 0.0.0.0 /tp_jun/admin.php/Index/workDynamic
INFO: [ route_check ] --START--
INFO: Run CheckRoute Behavior [ RunTime:0.001222s ]
INFO: [ route_check ] --END-- [ RunTime:0.001391s ]
INFO: [ app_begin ] --START--
INFO: Run ReadHtmlCache Behavior [ RunTime:0.000929s ]
INFO: [ app_begin ] --END-- [ RunTime:0.001074s ]
INFO: [ view_template ] --START--
INFO: Run LocationTemplate Behavior [ RunTime:0.000729s ]
INFO: [ view_template ] --END-- [ RunTime:0.000848s ]
INFO: [ view_parse ] --START--
INFO: Run ParseTemplate Behavior [ RunTime:0.010755s ]
INFO: [ view_parse ] --END-- [ RunTime:0.010941s ]
INFO: [ view_filter ] --START--
INFO: Run ContentReplace Behavior [ RunTime:0.000599s ]
INFO: Run TokenBuild Behavior [ RunTime:0.000726s ]
INFO: Run WriteHtmlCache Behavior [ RunTime:0.000463s ]
INFO: Run ShowRuntime Behavior [ RunTime:0.000641s ]
INFO: [ view_filter ] --END-- [ RunTime:0.002819s ]
INFO: [ view_end ] --START--
INFO: Run ShowPageTrace Behavior [ RunTime:0.000753s ]
INFO: [ view_end ] --END-- [ RunTime:0.000842s ]

[ 2014-08-19T20:09:53+08:00 ] 0.0.0.0 /tp_jun/admin.php/Work/addwork
INFO: [ route_check ] --START--
INFO: Run CheckRoute Behavior [ RunTime:0.000814s ]
INFO: [ route_check ] --END-- [ RunTime:0.000922s ]
INFO: [ app_begin ] --START--
INFO: Run ReadHtmlCache Behavior [ RunTime:0.000728s ]
INFO: [ app_begin ] --END-- [ RunTime:0.000819s ]
INFO: [ view_template ] --START--
INFO: Run LocationTemplate Behavior [ RunTime:0.000754s ]
INFO: [ view_template ] --END-- [ RunTime:0.000857s ]
INFO: [ view_parse ] --START--
INFO: Run ParseTemplate Behavior [ RunTime:0.012007s ]
INFO: [ view_parse ] --END-- [ RunTime:0.012191s ]
INFO: [ view_filter ] --START--
INFO: Run ContentReplace Behavior [ RunTime:0.001088s ]
INFO: Run TokenBuild Behavior [ RunTime:0.000909s ]
INFO: Run WriteHtmlCache Behavior [ RunTime:0.000454s ]
INFO: Run ShowRuntime Behavior [ RunTime:0.000649s ]
INFO: [ view_filter ] --END-- [ RunTime:0.003518s ]
INFO: [ view_end ] --START--
INFO: Run ShowPageTrace Behavior [ RunTime:0.000723s ]
INFO: [ view_end ] --END-- [ RunTime:0.000810s ]

[ 2014-08-19T20:09:55+08:00 ] 0.0.0.0 /tp_jun/admin.php/Index/index
INFO: [ route_check ] --START--
INFO: Run CheckRoute Behavior [ RunTime:0.000827s ]
INFO: [ route_check ] --END-- [ RunTime:0.000932s ]
INFO: [ app_begin ] --START--
INFO: Run ReadHtmlCache Behavior [ RunTime:0.000633s ]
INFO: [ app_begin ] --END-- [ RunTime:0.000723s ]
INFO: [ view_template ] --START--
INFO: Run LocationTemplate Behavior [ RunTime:0.000764s ]
INFO: [ view_template ] --END-- [ RunTime:0.000862s ]
INFO: [ view_parse ] --START--
INFO: Run ParseTemplate Behavior [ RunTime:0.007427s ]
INFO: [ view_parse ] --END-- [ RunTime:0.007549s ]
INFO: [ view_filter ] --START--
INFO: Run ContentReplace Behavior [ RunTime:0.000590s ]
INFO: Run TokenBuild Behavior [ RunTime:0.000585s ]
INFO: Run WriteHtmlCache Behavior [ RunTime:0.000439s ]
INFO: Run ShowRuntime Behavior [ RunTime:0.000654s ]
INFO: [ view_filter ] --END-- [ RunTime:0.002510s ]
INFO: [ view_end ] --START--
INFO: Run ShowPageTrace Behavior [ RunTime:0.000710s ]
INFO: [ view_end ] --END-- [ RunTime:0.000796s ]

[ 2014-08-19T20:09:55+08:00 ] 0.0.0.0 /tp_jun/admin.php/Index/content
INFO: [ route_check ] --START--
INFO: Run CheckRoute Behavior [ RunTime:0.000914s ]
INFO: [ route_check ] --END-- [ RunTime:0.001039s ]
INFO: [ app_begin ] --START--
INFO: Run ReadHtmlCache Behavior [ RunTime:0.001204s ]
INFO: [ app_begin ] --END-- [ RunTime:0.001580s ]
INFO: [ view_template ] --START--
INFO: Run LocationTemplate Behavior [ RunTime:0.001615s ]
INFO: [ view_template ] --END-- [ RunTime:0.001781s ]
INFO: [ view_parse ] --START--
INFO: Run ParseTemplate Behavior [ RunTime:0.006744s ]
INFO: [ view_parse ] --END-- [ RunTime:0.006881s ]
INFO: [ view_filter ] --START--
INFO: Run ContentReplace Behavior [ RunTime:0.000836s ]
INFO: Run TokenBuild Behavior [ RunTime:0.002175s ]
INFO: Run WriteHtmlCache Behavior [ RunTime:0.000676s ]
INFO: Run ShowRuntime Behavior [ RunTime:0.000793s ]
INFO: [ view_filter ] --END-- [ RunTime:0.005024s ]
INFO: [ view_end ] --START--
INFO: Run ShowPageTrace Behavior [ RunTime:0.000788s ]
INFO: [ view_end ] --END-- [ RunTime:0.000885s ]

[ 2014-08-19T20:09:55+08:00 ] 0.0.0.0 /tp_jun/admin.php/Work/addwork
INFO: [ route_check ] --START--
INFO: Run CheckRoute Behavior [ RunTime:0.000819s ]
INFO: [ route_check ] --END-- [ RunTime:0.000931s ]
INFO: [ app_begin ] --START--
INFO: Run ReadHtmlCache Behavior [ RunTime:0.000645s ]
INFO: [ app_begin ] --END-- [ RunTime:0.000757s ]
INFO: [ view_template ] --START--
INFO: Run LocationTemplate Behavior [ RunTime:0.000740s ]
INFO: [ view_template ] --END-- [ RunTime:0.000851s ]
INFO: [ view_parse ] --START--
INFO: Run ParseTemplate Behavior [ RunTime:0.007039s ]
INFO: [ view_parse ] --END-- [ RunTime:0.007162s ]
INFO: [ view_filter ] --START--
INFO: Run ContentReplace Behavior [ RunTime:0.000547s ]
INFO: Run TokenBuild Behavior [ RunTime:0.000568s ]
INFO: Run WriteHtmlCache Behavior [ RunTime:0.000465s ]
INFO: Run ShowRuntime Behavior [ RunTime:0.000635s ]
INFO: [ view_filter ] --END-- [ RunTime:0.002480s ]
INFO: [ view_end ] --START--
INFO: Run ShowPageTrace Behavior [ RunTime:0.001190s ]
INFO: [ view_end ] --END-- [ RunTime:0.001345s ]

[ 2014-08-19T20:09:56+08:00 ] 0.0.0.0 /tp_jun/admin.php/Index/workDynamic
INFO: [ route_check ] --START--
INFO: Run CheckRoute Behavior [ RunTime:0.000832s ]
INFO: [ route_check ] --END-- [ RunTime:0.000939s ]
INFO: [ app_begin ] --START--
INFO: Run ReadHtmlCache Behavior [ RunTime:0.000656s ]
INFO: [ app_begin ] --END-- [ RunTime:0.000748s ]
INFO: [ view_template ] --START--
INFO: Run LocationTemplate Behavior [ RunTime:0.000728s ]
INFO: [ view_template ] --END-- [ RunTime:0.000840s ]
INFO: [ view_parse ] --START--
INFO: Run ParseTemplate Behavior [ RunTime:0.006623s ]
INFO: [ view_parse ] --END-- [ RunTime:0.006743s ]
INFO: [ view_filter ] --START--
INFO: Run ContentReplace Behavior [ RunTime:0.000603s ]
INFO: Run TokenBuild Behavior [ RunTime:0.000616s ]
INFO: Run WriteHtmlCache Behavior [ RunTime:0.000450s ]
INFO: Run ShowRuntime Behavior [ RunTime:0.000670s ]
INFO: [ view_filter ] --END-- [ RunTime:0.002616s ]
INFO: [ view_end ] --START--
INFO: Run ShowPageTrace Behavior [ RunTime:0.000749s ]
INFO: [ view_end ] --END-- [ RunTime:0.000838s ]

[ 2014-08-19T20:11:13+08:00 ] 0.0.0.0 /tp_jun/admin.php/Index/index
INFO: [ route_check ] --START--
INFO: Run CheckRoute Behavior [ RunTime:0.000900s ]
INFO: [ route_check ] --END-- [ RunTime:0.001020s ]
INFO: [ app_begin ] --START--
INFO: Run ReadHtmlCache Behavior [ RunTime:0.000754s ]
INFO: [ app_begin ] --END-- [ RunTime:0.000890s ]
INFO: [ view_template ] --START--
INFO: Run LocationTemplate Behavior [ RunTime:0.000950s ]
INFO: [ view_template ] --END-- [ RunTime:0.001078s ]
INFO: [ view_parse ] --START--
INFO: Run ParseTemplate Behavior [ RunTime:0.008309s ]
INFO: [ view_parse ] --END-- [ RunTime:0.008475s ]
INFO: [ view_filter ] --START--
INFO: Run ContentReplace Behavior [ RunTime:0.000678s ]
INFO: Run TokenBuild Behavior [ RunTime:0.001128s ]
INFO: Run WriteHtmlCache Behavior [ RunTime:0.001114s ]
INFO: Run ShowRuntime Behavior [ RunTime:0.000870s ]
INFO: [ view_filter ] --END-- [ RunTime:0.004171s ]
INFO: [ view_end ] --START--
INFO: Run ShowPageTrace Behavior [ RunTime:0.000884s ]
INFO: [ view_end ] --END-- [ RunTime:0.000988s ]

[ 2014-08-19T20:11:13+08:00 ] 0.0.0.0 /tp_jun/admin.php/Index/content
INFO: [ route_check ] --START--
INFO: Run CheckRoute Behavior [ RunTime:0.001737s ]
INFO: [ route_check ] --END-- [ RunTime:0.001935s ]
INFO: [ app_begin ] --START--
INFO: Run ReadHtmlCache Behavior [ RunTime:0.000706s ]
INFO: [ app_begin ] --END-- [ RunTime:0.000835s ]
INFO: [ view_template ] --START--
INFO: Run LocationTemplate Behavior [ RunTime:0.002644s ]
INFO: [ view_template ] --END-- [ RunTime:0.002892s ]
INFO: [ view_parse ] --START--
INFO: Run ParseTemplate Behavior [ RunTime:0.008339s ]
INFO: [ view_parse ] --END-- [ RunTime:0.008507s ]
INFO: [ view_filter ] --START--
INFO: Run ContentReplace Behavior [ RunTime:0.000876s ]
INFO: Run TokenBuild Behavior [ RunTime:0.000854s ]
INFO: Run WriteHtmlCache Behavior [ RunTime:0.000467s ]
INFO: Run ShowRuntime Behavior [ RunTime:0.000741s ]
INFO: [ view_filter ] --END-- [ RunTime:0.003328s ]
INFO: [ view_end ] --START--
INFO: Run ShowPageTrace Behavior [ RunTime:0.001071s ]
INFO: [ view_end ] --END-- [ RunTime:0.001167s ]

[ 2014-08-19T20:11:16+08:00 ] 0.0.0.0 /tp_jun/admin.php/Index/education
INFO: [ route_check ] --START--
INFO: Run CheckRoute Behavior [ RunTime:0.000831s ]
INFO: [ route_check ] --END-- [ RunTime:0.000939s ]
INFO: [ app_begin ] --START--
INFO: Run ReadHtmlCache Behavior [ RunTime:0.000660s ]
INFO: [ app_begin ] --END-- [ RunTime:0.000751s ]
INFO: [ view_template ] --START--
INFO: Run LocationTemplate Behavior [ RunTime:0.000922s ]
INFO: [ view_template ] --END-- [ RunTime:0.001037s ]
INFO: [ view_parse ] --START--
INFO: Run ParseTemplate Behavior [ RunTime:0.006398s ]
INFO: [ view_parse ] --END-- [ RunTime:0.006516s ]
INFO: [ view_filter ] --START--
INFO: Run ContentReplace Behavior [ RunTime:0.000597s ]
INFO: Run TokenBuild Behavior [ RunTime:0.000584s ]
INFO: Run WriteHtmlCache Behavior [ RunTime:0.000441s ]
INFO: Run ShowRuntime Behavior [ RunTime:0.000652s ]
INFO: [ view_filter ] --END-- [ RunTime:0.002538s ]
INFO: [ view_end ] --START--
INFO: Run ShowPageTrace Behavior [ RunTime:0.000708s ]
INFO: [ view_end ] --END-- [ RunTime:0.000793s ]

[ 2014-08-19T20:11:16+08:00 ] 0.0.0.0 /tp_jun/admin.php/Education/addEdu
INFO: [ route_check ] --START--
INFO: Run CheckRoute Behavior [ RunTime:0.000809s ]
INFO: [ route_check ] --END-- [ RunTime:0.000915s ]
INFO: [ app_begin ] --START--
INFO: Run ReadHtmlCache Behavior [ RunTime:0.000662s ]
INFO: [ app_begin ] --END-- [ RunTime:0.000754s ]
INFO: [ view_template ] --START--
INFO: Run LocationTemplate Behavior [ RunTime:0.000947s ]
INFO: [ view_template ] --END-- [ RunTime:0.001101s ]
INFO: [ view_parse ] --START--
INFO: Run ParseTemplate Behavior [ RunTime:0.006882s ]
INFO: [ view_parse ] --END-- [ RunTime:0.007002s ]
INFO: [ view_filter ] --START--
INFO: Run ContentReplace Behavior [ RunTime:0.000579s ]
INFO: Run TokenBuild Behavior [ RunTime:0.000558s ]
INFO: Run WriteHtmlCache Behavior [ RunTime:0.000481s ]
INFO: Run ShowRuntime Behavior [ RunTime:0.000662s ]
INFO: [ view_filter ] --END-- [ RunTime:0.002526s ]
INFO: [ view_end ] --START--
INFO: Run ShowPageTrace Behavior [ RunTime:0.000686s ]
INFO: [ view_end ] --END-- [ RunTime:0.000772s ]

[ 2014-08-19T20:11:18+08:00 ] 0.0.0.0 /tp_jun/admin.php/Index/workDynamic
INFO: [ route_check ] --START--
INFO: Run CheckRoute Behavior [ RunTime:0.000815s ]
INFO: [ route_check ] --END-- [ RunTime:0.000921s ]
INFO: [ app_begin ] --START--
INFO: Run ReadHtmlCache Behavior [ RunTime:0.000629s ]
INFO: [ app_begin ] --END-- [ RunTime:0.000731s ]
INFO: [ view_template ] --START--
INFO: Run LocationTemplate Behavior [ RunTime:0.000736s ]
INFO: [ view_template ] --END-- [ RunTime:0.000832s ]
INFO: [ view_parse ] --START--
INFO: Run ParseTemplate Behavior [ RunTime:0.006820s ]
INFO: [ view_parse ] --END-- [ RunTime:0.006939s ]
INFO: [ view_filter ] --START--
INFO: Run ContentReplace Behavior [ RunTime:0.000573s ]
INFO: Run TokenBuild Behavior [ RunTime:0.000730s ]
INFO: Run WriteHtmlCache Behavior [ RunTime:0.000448s ]
INFO: Run ShowRuntime Behavior [ RunTime:0.000710s ]
INFO: [ view_filter ] --END-- [ RunTime:0.002747s ]
INFO: [ view_end ] --START--
INFO: Run ShowPageTrace Behavior [ RunTime:0.000832s ]
INFO: [ view_end ] --END-- [ RunTime:0.000923s ]

[ 2014-08-19T20:11:18+08:00 ] 0.0.0.0 /tp_jun/admin.php/Work/addwork
INFO: [ route_check ] --START--
INFO: Run CheckRoute Behavior [ RunTime:0.000821s ]
INFO: [ route_check ] --END-- [ RunTime:0.000928s ]
INFO: [ app_begin ] --START--
INFO: Run ReadHtmlCache Behavior [ RunTime:0.000628s ]
INFO: [ app_begin ] --END-- [ RunTime:0.000745s ]
INFO: [ view_template ] --START--
INFO: Run LocationTemplate Behavior [ RunTime:0.000758s ]
INFO: [ view_template ] --END-- [ RunTime:0.000854s ]
INFO: [ view_parse ] --START--
INFO: Run ParseTemplate Behavior [ RunTime:0.007019s ]
INFO: [ view_parse ] --END-- [ RunTime:0.007138s ]
INFO: [ view_filter ] --START--
INFO: Run ContentReplace Behavior [ RunTime:0.000568s ]
INFO: Run TokenBuild Behavior [ RunTime:0.000553s ]
INFO: Run WriteHtmlCache Behavior [ RunTime:0.000465s ]
INFO: Run ShowRuntime Behavior [ RunTime:0.000666s ]
INFO: [ view_filter ] --END-- [ RunTime:0.002498s ]
INFO: [ view_end ] --START--
INFO: Run ShowPageTrace Behavior [ RunTime:0.000685s ]
INFO: [ view_end ] --END-- [ RunTime:0.000844s ]

