[ 2014-11-02T14:22:15+08:00 ] 127.0.0.1 /myWeb/
INFO: [ app_init ] --START--
INFO: Run Behavior\BuildLiteBehavior [ RunTime:0.000033s ]
INFO: [ app_init ] --END-- [ RunTime:0.028178s ]
INFO: [ app_begin ] --START--
INFO: Run Behavior\ReadHtmlCacheBehavior [ RunTime:0.001670s ]
INFO: [ app_begin ] --END-- [ RunTime:0.001782s ]
NOTIC: [8192] mysql_connect(): The mysql extension is deprecated and will be removed in the future: use mysqli or PDO instead E:\xamp\htdocs\myWeb\ThinkPHP\Library\Think\Db\Driver\Mysql.class.php 第 52 行.
SQL: SHOW COLUMNS FROM `blog` [ RunTime:0.042324s ]
SQL: SELECT COUNT(*) AS tp_count FROM `blog` WHERE ( code=1 ) LIMIT 1   [ RunTime:0.041591s ]
SQL: SELECT * FROM `blog` WHERE ( code=1 ) ORDER BY time desc LIMIT 0,5   [ RunTime:0.001594s ]
INFO: [ view_parse ] --START--
INFO: [ template_filter ] --START--
INFO: Run Behavior\ContentReplaceBehavior [ RunTime:0.000173s ]
INFO: [ template_filter ] --END-- [ RunTime:0.000311s ]
INFO: Run Behavior\ParseTemplateBehavior [ RunTime:0.136605s ]
INFO: [ view_parse ] --END-- [ RunTime:0.136782s ]
INFO: [ view_filter ] --START--
INFO: Run Behavior\WriteHtmlCacheBehavior [ RunTime:0.009482s ]
INFO: [ view_filter ] --END-- [ RunTime:0.009622s ]
INFO: [ app_end ] --START--
INFO: Run Behavior\ShowPageTraceBehavior [ RunTime:0.002281s ]
INFO: [ app_end ] --END-- [ RunTime:0.002428s ]

[ 2014-11-02T14:22:31+08:00 ] 127.0.0.1 /myWeb/index.php/Home/Index/index/p/2.html
INFO: [ app_init ] --START--
INFO: Run Behavior\BuildLiteBehavior [ RunTime:0.000019s ]
INFO: [ app_init ] --END-- [ RunTime:0.000524s ]
INFO: [ app_begin ] --START--
INFO: Run Behavior\ReadHtmlCacheBehavior [ RunTime:0.000769s ]
INFO: [ app_begin ] --END-- [ RunTime:0.000854s ]
NOTIC: [8192] mysql_connect(): The mysql extension is deprecated and will be removed in the future: use mysqli or PDO instead E:\xamp\htdocs\myWeb\ThinkPHP\Library\Think\Db\Driver\Mysql.class.php 第 52 行.
SQL: SHOW COLUMNS FROM `blog` [ RunTime:0.002988s ]
SQL: SELECT COUNT(*) AS tp_count FROM `blog` WHERE ( code=1 ) LIMIT 1   [ RunTime:0.000459s ]
SQL: SELECT * FROM `blog` WHERE ( code=1 ) ORDER BY time desc LIMIT 5,5   [ RunTime:0.001015s ]
INFO: [ view_parse ] --START--
INFO: [ template_filter ] --START--
INFO: Run Behavior\ContentReplaceBehavior [ RunTime:0.000056s ]
INFO: [ template_filter ] --END-- [ RunTime:0.000108s ]
INFO: Run Behavior\ParseTemplateBehavior [ RunTime:0.009639s ]
INFO: [ view_parse ] --END-- [ RunTime:0.009702s ]
INFO: [ view_filter ] --START--
INFO: Run Behavior\WriteHtmlCacheBehavior [ RunTime:0.000263s ]
INFO: [ view_filter ] --END-- [ RunTime:0.000299s ]
INFO: [ app_end ] --START--
INFO: Run Behavior\ShowPageTraceBehavior [ RunTime:0.000528s ]
INFO: [ app_end ] --END-- [ RunTime:0.000580s ]

[ 2014-11-02T14:22:41+08:00 ] 127.0.0.1 /myWeb/index.php/Home/Index/docontent/?id=9
INFO: [ app_init ] --START--
INFO: Run Behavior\BuildLiteBehavior [ RunTime:0.000015s ]
INFO: [ app_init ] --END-- [ RunTime:0.000435s ]
INFO: [ app_begin ] --START--
INFO: Run Behavior\ReadHtmlCacheBehavior [ RunTime:0.000438s ]
INFO: [ app_begin ] --END-- [ RunTime:0.000489s ]
NOTIC: [8192] mysql_connect(): The mysql extension is deprecated and will be removed in the future: use mysqli or PDO instead E:\xamp\htdocs\myWeb\ThinkPHP\Library\Think\Db\Driver\Mysql.class.php 第 52 行.
SQL: SHOW COLUMNS FROM `blog` [ RunTime:0.003123s ]
SQL: SELECT `content` FROM `blog` WHERE `id` = 9 LIMIT 1   [ RunTime:0.000624s ]
INFO: [ view_parse ] --START--
INFO: [ template_filter ] --START--
INFO: Run Behavior\ContentReplaceBehavior [ RunTime:0.000045s ]
INFO: [ template_filter ] --END-- [ RunTime:0.000125s ]
INFO: Run Behavior\ParseTemplateBehavior [ RunTime:0.066473s ]
INFO: [ view_parse ] --END-- [ RunTime:0.066542s ]
INFO: [ view_filter ] --START--
INFO: Run Behavior\WriteHtmlCacheBehavior [ RunTime:0.000171s ]
INFO: [ view_filter ] --END-- [ RunTime:0.000215s ]
INFO: [ app_end ] --START--
INFO: Run Behavior\ShowPageTraceBehavior [ RunTime:0.000806s ]
INFO: [ app_end ] --END-- [ RunTime:0.000927s ]

[ 2014-11-02T14:44:32+08:00 ] 127.0.0.1 /myWeb/
INFO: [ app_init ] --START--
INFO: Run Behavior\BuildLiteBehavior [ RunTime:0.000012s ]
INFO: [ app_init ] --END-- [ RunTime:0.000311s ]
INFO: [ app_begin ] --START--
INFO: Run Behavior\ReadHtmlCacheBehavior [ RunTime:0.000441s ]
INFO: [ app_begin ] --END-- [ RunTime:0.000485s ]
NOTIC: [8192] mysql_connect(): The mysql extension is deprecated and will be removed in the future: use mysqli or PDO instead E:\xamp\htdocs\myWeb\ThinkPHP\Library\Think\Db\Driver\Mysql.class.php 第 52 行.
SQL: SHOW COLUMNS FROM `blog` [ RunTime:0.002431s ]
SQL: SELECT COUNT(*) AS tp_count FROM `blog` WHERE ( code=1 ) LIMIT 1   [ RunTime:0.000364s ]
SQL: SELECT * FROM `blog` WHERE ( code=1 ) ORDER BY time desc LIMIT 0,5   [ RunTime:0.000531s ]
INFO: [ view_parse ] --START--
INFO: [ template_filter ] --START--
INFO: Run Behavior\ContentReplaceBehavior [ RunTime:0.000061s ]
INFO: [ template_filter ] --END-- [ RunTime:0.000113s ]
INFO: Run Behavior\ParseTemplateBehavior [ RunTime:0.006968s ]
INFO: [ view_parse ] --END-- [ RunTime:0.007032s ]
INFO: [ view_filter ] --START--
INFO: Run Behavior\WriteHtmlCacheBehavior [ RunTime:0.000252s ]
INFO: [ view_filter ] --END-- [ RunTime:0.000286s ]
INFO: [ app_end ] --START--
INFO: Run Behavior\ShowPageTraceBehavior [ RunTime:0.000415s ]
INFO: [ app_end ] --END-- [ RunTime:0.000452s ]

[ 2014-11-02T14:44:40+08:00 ] 127.0.0.1 /myWeb/index.php/Home/Index/index/p/2.html
INFO: [ app_init ] --START--
INFO: Run Behavior\BuildLiteBehavior [ RunTime:0.000012s ]
INFO: [ app_init ] --END-- [ RunTime:0.000317s ]
INFO: [ app_begin ] --START--
INFO: Run Behavior\ReadHtmlCacheBehavior [ RunTime:0.000379s ]
INFO: [ app_begin ] --END-- [ RunTime:0.000422s ]
NOTIC: [8192] mysql_connect(): The mysql extension is deprecated and will be removed in the future: use mysqli or PDO instead E:\xamp\htdocs\myWeb\ThinkPHP\Library\Think\Db\Driver\Mysql.class.php 第 52 行.
SQL: SHOW COLUMNS FROM `blog` [ RunTime:0.002356s ]
SQL: SELECT COUNT(*) AS tp_count FROM `blog` WHERE ( code=1 ) LIMIT 1   [ RunTime:0.000321s ]
SQL: SELECT * FROM `blog` WHERE ( code=1 ) ORDER BY time desc LIMIT 5,5   [ RunTime:0.000780s ]
INFO: [ view_parse ] --START--
INFO: [ template_filter ] --START--
INFO: Run Behavior\ContentReplaceBehavior [ RunTime:0.000054s ]
INFO: [ template_filter ] --END-- [ RunTime:0.000096s ]
INFO: Run Behavior\ParseTemplateBehavior [ RunTime:0.006672s ]
INFO: [ view_parse ] --END-- [ RunTime:0.006734s ]
INFO: [ view_filter ] --START--
INFO: Run Behavior\WriteHtmlCacheBehavior [ RunTime:0.000169s ]
INFO: [ view_filter ] --END-- [ RunTime:0.000201s ]
INFO: [ app_end ] --START--
INFO: Run Behavior\ShowPageTraceBehavior [ RunTime:0.000351s ]
INFO: [ app_end ] --END-- [ RunTime:0.000387s ]

[ 2014-11-02T14:44:56+08:00 ] 127.0.0.1 /myWeb/index.php/Home/Index/docontent/?id=7
INFO: [ app_init ] --START--
INFO: Run Behavior\BuildLiteBehavior [ RunTime:0.000021s ]
INFO: [ app_init ] --END-- [ RunTime:0.000549s ]
INFO: [ app_begin ] --START--
INFO: Run Behavior\ReadHtmlCacheBehavior [ RunTime:0.000727s ]
INFO: [ app_begin ] --END-- [ RunTime:0.000829s ]
NOTIC: [8192] mysql_connect(): The mysql extension is deprecated and will be removed in the future: use mysqli or PDO instead E:\xamp\htdocs\myWeb\ThinkPHP\Library\Think\Db\Driver\Mysql.class.php 第 52 行.
SQL: SHOW COLUMNS FROM `blog` [ RunTime:0.003464s ]
SQL: SELECT `content` FROM `blog` WHERE `id` = 7 LIMIT 1   [ RunTime:0.000351s ]
INFO: [ view_parse ] --START--
INFO: [ template_filter ] --START--
INFO: Run Behavior\ContentReplaceBehavior [ RunTime:0.000085s ]
INFO: [ template_filter ] --END-- [ RunTime:0.000168s ]
INFO: Run Behavior\ParseTemplateBehavior [ RunTime:0.009992s ]
INFO: [ view_parse ] --END-- [ RunTime:0.061516s ]
INFO: [ view_filter ] --START--
INFO: Run Behavior\WriteHtmlCacheBehavior [ RunTime:0.000467s ]
INFO: [ view_filter ] --END-- [ RunTime:0.000539s ]
INFO: [ app_end ] --START--
INFO: Run Behavior\ShowPageTraceBehavior [ RunTime:0.000721s ]
INFO: [ app_end ] --END-- [ RunTime:0.000792s ]

[ 2014-11-02T14:45:13+08:00 ] 127.0.0.1 /myWeb/index.php/Home/Index/docontent/?id=8
INFO: [ app_init ] --START--
INFO: Run Behavior\BuildLiteBehavior [ RunTime:0.000012s ]
INFO: [ app_init ] --END-- [ RunTime:0.000296s ]
INFO: [ app_begin ] --START--
INFO: Run Behavior\ReadHtmlCacheBehavior [ RunTime:0.000356s ]
INFO: [ app_begin ] --END-- [ RunTime:0.000401s ]
NOTIC: [8192] mysql_connect(): The mysql extension is deprecated and will be removed in the future: use mysqli or PDO instead E:\xamp\htdocs\myWeb\ThinkPHP\Library\Think\Db\Driver\Mysql.class.php 第 52 行.
SQL: SHOW COLUMNS FROM `blog` [ RunTime:0.002359s ]
SQL: SELECT `content` FROM `blog` WHERE `id` = 8 LIMIT 1   [ RunTime:0.000474s ]
INFO: [ view_parse ] --START--
INFO: [ template_filter ] --START--
INFO: Run Behavior\ContentReplaceBehavior [ RunTime:0.000044s ]
INFO: [ template_filter ] --END-- [ RunTime:0.000089s ]
INFO: Run Behavior\ParseTemplateBehavior [ RunTime:0.005627s ]
INFO: [ view_parse ] --END-- [ RunTime:0.005675s ]
INFO: [ view_filter ] --START--
INFO: Run Behavior\WriteHtmlCacheBehavior [ RunTime:0.000175s ]
INFO: [ view_filter ] --END-- [ RunTime:0.000207s ]
INFO: [ app_end ] --START--
INFO: Run Behavior\ShowPageTraceBehavior [ RunTime:0.000517s ]
INFO: [ app_end ] --END-- [ RunTime:0.000578s ]

[ 2014-11-02T14:45:26+08:00 ] 127.0.0.1 /myWeb/index.php/Home/Index/docontent/?id=9
INFO: [ app_init ] --START--
INFO: Run Behavior\BuildLiteBehavior [ RunTime:0.000033s ]
INFO: [ app_init ] --END-- [ RunTime:0.000847s ]
INFO: [ app_begin ] --START--
INFO: Run Behavior\ReadHtmlCacheBehavior [ RunTime:0.001116s ]
INFO: [ app_begin ] --END-- [ RunTime:0.001257s ]
NOTIC: [8192] mysql_connect(): The mysql extension is deprecated and will be removed in the future: use mysqli or PDO instead E:\xamp\htdocs\myWeb\ThinkPHP\Library\Think\Db\Driver\Mysql.class.php 第 52 行.
SQL: SHOW COLUMNS FROM `blog` [ RunTime:0.003680s ]
SQL: SELECT `content` FROM `blog` WHERE `id` = 9 LIMIT 1   [ RunTime:0.000471s ]
INFO: [ view_parse ] --START--
INFO: [ template_filter ] --START--
INFO: Run Behavior\ContentReplaceBehavior [ RunTime:0.000105s ]
INFO: [ template_filter ] --END-- [ RunTime:0.000199s ]
INFO: Run Behavior\ParseTemplateBehavior [ RunTime:0.010396s ]
INFO: [ view_parse ] --END-- [ RunTime:0.010502s ]
INFO: [ view_filter ] --START--
INFO: Run Behavior\WriteHtmlCacheBehavior [ RunTime:0.000348s ]
INFO: [ view_filter ] --END-- [ RunTime:0.000413s ]
INFO: [ app_end ] --START--
INFO: Run Behavior\ShowPageTraceBehavior [ RunTime:0.000826s ]
INFO: [ app_end ] --END-- [ RunTime:0.000921s ]

[ 2014-11-02T14:46:38+08:00 ] 127.0.0.1 /myWeb/index.php/Home/Album/index
INFO: [ app_init ] --START--
INFO: Run Behavior\BuildLiteBehavior [ RunTime:0.000035s ]
INFO: [ app_init ] --END-- [ RunTime:0.000967s ]
INFO: [ app_begin ] --START--
INFO: Run Behavior\ReadHtmlCacheBehavior [ RunTime:0.000929s ]
INFO: [ app_begin ] --END-- [ RunTime:0.001024s ]
INFO: [ view_parse ] --START--
INFO: [ template_filter ] --START--
INFO: Run Behavior\ContentReplaceBehavior [ RunTime:0.000083s ]
INFO: [ template_filter ] --END-- [ RunTime:0.000170s ]
INFO: Run Behavior\ParseTemplateBehavior [ RunTime:0.063716s ]
INFO: [ view_parse ] --END-- [ RunTime:0.063845s ]
INFO: [ view_filter ] --START--
INFO: Run Behavior\WriteHtmlCacheBehavior [ RunTime:0.000443s ]
INFO: [ view_filter ] --END-- [ RunTime:0.000508s ]
INFO: [ app_end ] --START--
INFO: Run Behavior\ShowPageTraceBehavior [ RunTime:0.000795s ]
INFO: [ app_end ] --END-- [ RunTime:0.000872s ]

[ 2014-11-02T14:48:01+08:00 ] 127.0.0.1 /myWeb/index.php/Home/Index/index
INFO: [ app_init ] --START--
INFO: Run Behavior\BuildLiteBehavior [ RunTime:0.000034s ]
INFO: [ app_init ] --END-- [ RunTime:0.001029s ]
INFO: [ app_begin ] --START--
INFO: Run Behavior\ReadHtmlCacheBehavior [ RunTime:0.002525s ]
INFO: [ app_begin ] --END-- [ RunTime:0.002944s ]
NOTIC: [8192] mysql_connect(): The mysql extension is deprecated and will be removed in the future: use mysqli or PDO instead E:\xamp\htdocs\myWeb\ThinkPHP\Library\Think\Db\Driver\Mysql.class.php 第 52 行.
SQL: SHOW COLUMNS FROM `blog` [ RunTime:0.004051s ]
SQL: SELECT COUNT(*) AS tp_count FROM `blog` WHERE ( code=1 ) LIMIT 1   [ RunTime:0.000458s ]
SQL: SELECT * FROM `blog` WHERE ( code=1 ) ORDER BY time desc LIMIT 0,5   [ RunTime:0.000717s ]
INFO: [ view_parse ] --START--
INFO: [ template_filter ] --START--
INFO: Run Behavior\ContentReplaceBehavior [ RunTime:0.000093s ]
INFO: [ template_filter ] --END-- [ RunTime:0.000173s ]
INFO: Run Behavior\ParseTemplateBehavior [ RunTime:0.012431s ]
INFO: [ view_parse ] --END-- [ RunTime:0.012556s ]
INFO: [ view_filter ] --START--
INFO: Run Behavior\WriteHtmlCacheBehavior [ RunTime:0.000584s ]
INFO: [ view_filter ] --END-- [ RunTime:0.000650s ]
INFO: [ app_end ] --START--
INFO: Run Behavior\ShowPageTraceBehavior [ RunTime:0.000971s ]
INFO: [ app_end ] --END-- [ RunTime:0.001043s ]

[ 2014-11-02T14:48:22+08:00 ] 127.0.0.1 /myWeb/index.php/Home/Index/index/p/2.html
INFO: [ app_init ] --START--
INFO: Run Behavior\BuildLiteBehavior [ RunTime:0.000020s ]
INFO: [ app_init ] --END-- [ RunTime:0.000661s ]
INFO: [ app_begin ] --START--
INFO: Run Behavior\ReadHtmlCacheBehavior [ RunTime:0.000384s ]
INFO: [ app_begin ] --END-- [ RunTime:0.000440s ]
NOTIC: [8192] mysql_connect(): The mysql extension is deprecated and will be removed in the future: use mysqli or PDO instead E:\xamp\htdocs\myWeb\ThinkPHP\Library\Think\Db\Driver\Mysql.class.php 第 52 行.
SQL: SHOW COLUMNS FROM `blog` [ RunTime:0.002390s ]
SQL: SELECT COUNT(*) AS tp_count FROM `blog` WHERE ( code=1 ) LIMIT 1   [ RunTime:0.000278s ]
SQL: SELECT * FROM `blog` WHERE ( code=1 ) ORDER BY time desc LIMIT 5,5   [ RunTime:0.000660s ]
INFO: [ view_parse ] --START--
INFO: [ template_filter ] --START--
INFO: Run Behavior\ContentReplaceBehavior [ RunTime:0.000068s ]
INFO: [ template_filter ] --END-- [ RunTime:0.000123s ]
INFO: Run Behavior\ParseTemplateBehavior [ RunTime:0.008078s ]
INFO: [ view_parse ] --END-- [ RunTime:0.008155s ]
INFO: [ view_filter ] --START--
INFO: Run Behavior\WriteHtmlCacheBehavior [ RunTime:0.000316s ]
INFO: [ view_filter ] --END-- [ RunTime:0.000364s ]
INFO: [ app_end ] --START--
INFO: Run Behavior\ShowPageTraceBehavior [ RunTime:0.000420s ]
INFO: [ app_end ] --END-- [ RunTime:0.000458s ]

[ 2014-11-02T14:48:29+08:00 ] 127.0.0.1 /myWeb/index.php/Home/Index/docontent/?id=8
INFO: [ app_init ] --START--
INFO: Run Behavior\BuildLiteBehavior [ RunTime:0.000036s ]
INFO: [ app_init ] --END-- [ RunTime:0.000916s ]
INFO: [ app_begin ] --START--
INFO: Run Behavior\ReadHtmlCacheBehavior [ RunTime:0.001201s ]
INFO: [ app_begin ] --END-- [ RunTime:0.001345s ]
NOTIC: [8192] mysql_connect(): The mysql extension is deprecated and will be removed in the future: use mysqli or PDO instead E:\xamp\htdocs\myWeb\ThinkPHP\Library\Think\Db\Driver\Mysql.class.php 第 52 行.
SQL: SHOW COLUMNS FROM `blog` [ RunTime:0.002209s ]
SQL: SELECT `content` FROM `blog` WHERE `id` = 8 LIMIT 1   [ RunTime:0.000430s ]
INFO: [ view_parse ] --START--
INFO: [ template_filter ] --START--
INFO: Run Behavior\ContentReplaceBehavior [ RunTime:0.000053s ]
INFO: [ template_filter ] --END-- [ RunTime:0.000111s ]
INFO: Run Behavior\ParseTemplateBehavior [ RunTime:0.006521s ]
INFO: [ view_parse ] --END-- [ RunTime:0.006569s ]
INFO: [ view_filter ] --START--
INFO: Run Behavior\WriteHtmlCacheBehavior [ RunTime:0.000175s ]
INFO: [ view_filter ] --END-- [ RunTime:0.000218s ]
INFO: [ app_end ] --START--
INFO: Run Behavior\ShowPageTraceBehavior [ RunTime:0.000538s ]
INFO: [ app_end ] --END-- [ RunTime:0.000609s ]

[ 2014-11-02T14:49:38+08:00 ] 127.0.0.1 /myWeb/index.php/Home/Index/docontent/?id=9
INFO: [ app_init ] --START--
INFO: Run Behavior\BuildLiteBehavior [ RunTime:0.000036s ]
INFO: [ app_init ] --END-- [ RunTime:0.000857s ]
INFO: [ app_begin ] --START--
INFO: Run Behavior\ReadHtmlCacheBehavior [ RunTime:0.000991s ]
INFO: [ app_begin ] --END-- [ RunTime:0.001114s ]
NOTIC: [8192] mysql_connect(): The mysql extension is deprecated and will be removed in the future: use mysqli or PDO instead E:\xamp\htdocs\myWeb\ThinkPHP\Library\Think\Db\Driver\Mysql.class.php 第 52 行.
SQL: SHOW COLUMNS FROM `blog` [ RunTime:0.003516s ]
SQL: SELECT `content` FROM `blog` WHERE `id` = 9 LIMIT 1   [ RunTime:0.000386s ]
INFO: [ view_parse ] --START--
INFO: [ template_filter ] --START--
INFO: Run Behavior\ContentReplaceBehavior [ RunTime:0.000044s ]
INFO: [ template_filter ] --END-- [ RunTime:0.000090s ]
INFO: Run Behavior\ParseTemplateBehavior [ RunTime:0.006293s ]
INFO: [ view_parse ] --END-- [ RunTime:0.006343s ]
INFO: [ view_filter ] --START--
INFO: Run Behavior\WriteHtmlCacheBehavior [ RunTime:0.000237s ]
INFO: [ view_filter ] --END-- [ RunTime:0.000269s ]
INFO: [ app_end ] --START--
INFO: Run Behavior\ShowPageTraceBehavior [ RunTime:0.000762s ]
INFO: [ app_end ] --END-- [ RunTime:0.000832s ]

[ 2014-11-02T14:53:41+08:00 ] 127.0.0.1 /myWeb/index.php/Home/Index/docontent/?id=6
INFO: [ app_init ] --START--
INFO: Run Behavior\BuildLiteBehavior [ RunTime:0.000013s ]
INFO: [ app_init ] --END-- [ RunTime:0.000448s ]
INFO: [ app_begin ] --START--
INFO: Run Behavior\ReadHtmlCacheBehavior [ RunTime:0.000479s ]
INFO: [ app_begin ] --END-- [ RunTime:0.000532s ]
NOTIC: [8192] mysql_connect(): The mysql extension is deprecated and will be removed in the future: use mysqli or PDO instead E:\xamp\htdocs\myWeb\ThinkPHP\Library\Think\Db\Driver\Mysql.class.php 第 52 行.
SQL: SHOW COLUMNS FROM `blog` [ RunTime:0.002427s ]
SQL: SELECT `content` FROM `blog` WHERE `id` = 6 LIMIT 1   [ RunTime:0.000216s ]
INFO: [ view_parse ] --START--
INFO: [ template_filter ] --START--
INFO: Run Behavior\ContentReplaceBehavior [ RunTime:0.000043s ]
INFO: [ template_filter ] --END-- [ RunTime:0.000085s ]
INFO: Run Behavior\ParseTemplateBehavior [ RunTime:0.006013s ]
INFO: [ view_parse ] --END-- [ RunTime:0.006068s ]
INFO: [ view_filter ] --START--
INFO: Run Behavior\WriteHtmlCacheBehavior [ RunTime:0.000233s ]
INFO: [ view_filter ] --END-- [ RunTime:0.000267s ]
INFO: [ app_end ] --START--
INFO: Run Behavior\ShowPageTraceBehavior [ RunTime:0.000472s ]
INFO: [ app_end ] --END-- [ RunTime:0.000512s ]

[ 2014-11-02T15:44:43+08:00 ] 127.0.0.1 /myWeb/index.php/Home/Index/docontent/?id=7
INFO: [ app_init ] --START--
INFO: Run Behavior\BuildLiteBehavior [ RunTime:0.000021s ]
INFO: [ app_init ] --END-- [ RunTime:0.020742s ]
INFO: [ app_begin ] --START--
INFO: Run Behavior\ReadHtmlCacheBehavior [ RunTime:0.001139s ]
INFO: [ app_begin ] --END-- [ RunTime:0.001235s ]
NOTIC: [8192] mysql_connect(): The mysql extension is deprecated and will be removed in the future: use mysqli or PDO instead E:\xamp\htdocs\myWeb\ThinkPHP\Library\Think\Db\Driver\Mysql.class.php 第 52 行.
SQL: SHOW COLUMNS FROM `blog` [ RunTime:0.003147s ]
SQL: SELECT `content` FROM `blog` WHERE `id` = 7 LIMIT 1   [ RunTime:0.000396s ]
INFO: [ view_parse ] --START--
INFO: [ template_filter ] --START--
INFO: Run Behavior\ContentReplaceBehavior [ RunTime:0.000046s ]
INFO: [ template_filter ] --END-- [ RunTime:0.000095s ]
INFO: Run Behavior\ParseTemplateBehavior [ RunTime:0.108365s ]
INFO: [ view_parse ] --END-- [ RunTime:0.108415s ]
INFO: [ view_filter ] --START--
INFO: Run Behavior\WriteHtmlCacheBehavior [ RunTime:0.005592s ]
INFO: [ view_filter ] --END-- [ RunTime:0.005657s ]
INFO: [ app_end ] --START--
INFO: Run Behavior\ShowPageTraceBehavior [ RunTime:0.001349s ]
INFO: [ app_end ] --END-- [ RunTime:0.001441s ]

[ 2014-11-02T15:44:57+08:00 ] 127.0.0.1 /myWeb/index.php/Home/Index/docontent/?id=8
INFO: [ app_init ] --START--
INFO: Run Behavior\BuildLiteBehavior [ RunTime:0.000020s ]
INFO: [ app_init ] --END-- [ RunTime:0.000498s ]
INFO: [ app_begin ] --START--
INFO: Run Behavior\ReadHtmlCacheBehavior [ RunTime:0.000441s ]
INFO: [ app_begin ] --END-- [ RunTime:0.000492s ]
NOTIC: [8192] mysql_connect(): The mysql extension is deprecated and will be removed in the future: use mysqli or PDO instead E:\xamp\htdocs\myWeb\ThinkPHP\Library\Think\Db\Driver\Mysql.class.php 第 52 行.
SQL: SHOW COLUMNS FROM `blog` [ RunTime:0.002730s ]
SQL: SELECT `content` FROM `blog` WHERE `id` = 8 LIMIT 1   [ RunTime:0.002195s ]
INFO: [ view_parse ] --START--
INFO: [ template_filter ] --START--
INFO: Run Behavior\ContentReplaceBehavior [ RunTime:0.000045s ]
INFO: [ template_filter ] --END-- [ RunTime:0.000093s ]
INFO: Run Behavior\ParseTemplateBehavior [ RunTime:0.007452s ]
INFO: [ view_parse ] --END-- [ RunTime:0.007510s ]
INFO: [ view_filter ] --START--
INFO: Run Behavior\WriteHtmlCacheBehavior [ RunTime:0.000175s ]
INFO: [ view_filter ] --END-- [ RunTime:0.000207s ]
INFO: [ app_end ] --START--
INFO: Run Behavior\ShowPageTraceBehavior [ RunTime:0.000547s ]
INFO: [ app_end ] --END-- [ RunTime:0.000618s ]

[ 2014-11-02T15:45:25+08:00 ] 127.0.0.1 /myWeb/index.php/Home/Index/docontent/?id=9
INFO: [ app_init ] --START--
INFO: Run Behavior\BuildLiteBehavior [ RunTime:0.000024s ]
INFO: [ app_init ] --END-- [ RunTime:0.000603s ]
INFO: [ app_begin ] --START--
INFO: Run Behavior\ReadHtmlCacheBehavior [ RunTime:0.000760s ]
INFO: [ app_begin ] --END-- [ RunTime:0.000855s ]
NOTIC: [8192] mysql_connect(): The mysql extension is deprecated and will be removed in the future: use mysqli or PDO instead E:\xamp\htdocs\myWeb\ThinkPHP\Library\Think\Db\Driver\Mysql.class.php 第 52 行.
SQL: SHOW COLUMNS FROM `blog` [ RunTime:0.003631s ]
SQL: SELECT `content` FROM `blog` WHERE `id` = 9 LIMIT 1   [ RunTime:0.001197s ]
INFO: [ view_parse ] --START--
INFO: [ template_filter ] --START--
INFO: Run Behavior\ContentReplaceBehavior [ RunTime:0.000045s ]
INFO: [ template_filter ] --END-- [ RunTime:0.000093s ]
INFO: Run Behavior\ParseTemplateBehavior [ RunTime:0.008725s ]
INFO: [ view_parse ] --END-- [ RunTime:0.008787s ]
INFO: [ view_filter ] --START--
INFO: Run Behavior\WriteHtmlCacheBehavior [ RunTime:0.000165s ]
INFO: [ view_filter ] --END-- [ RunTime:0.000197s ]
INFO: [ app_end ] --START--
INFO: Run Behavior\ShowPageTraceBehavior [ RunTime:0.000481s ]
INFO: [ app_end ] --END-- [ RunTime:0.000537s ]

[ 2014-11-02T20:18:59+08:00 ] 127.0.0.1 /myWeb/
INFO: [ app_init ] --START--
INFO: Run Behavior\BuildLiteBehavior [ RunTime:0.000024s ]
INFO: [ app_init ] --END-- [ RunTime:0.001751s ]
INFO: [ app_begin ] --START--
INFO: Run Behavior\ReadHtmlCacheBehavior [ RunTime:0.001548s ]
INFO: [ app_begin ] --END-- [ RunTime:0.001649s ]
NOTIC: [8192] mysql_connect(): The mysql extension is deprecated and will be removed in the future: use mysqli or PDO instead E:\xamp\htdocs\myWeb\ThinkPHP\Library\Think\Db\Driver\Mysql.class.php 第 52 行.
SQL: SHOW COLUMNS FROM `blog` [ RunTime:0.051606s ]
SQL: SELECT COUNT(*) AS tp_count FROM `blog` WHERE ( code=1 ) LIMIT 1   [ RunTime:0.001930s ]
SQL: SELECT * FROM `blog` WHERE ( code=1 ) ORDER BY time desc LIMIT 0,5   [ RunTime:0.012658s ]
INFO: [ view_parse ] --START--
INFO: [ template_filter ] --START--
INFO: Run Behavior\ContentReplaceBehavior [ RunTime:0.000172s ]
INFO: [ template_filter ] --END-- [ RunTime:0.000320s ]
INFO: Run Behavior\ParseTemplateBehavior [ RunTime:0.104036s ]
INFO: [ view_parse ] --END-- [ RunTime:0.104204s ]
INFO: [ view_filter ] --START--
INFO: Run Behavior\WriteHtmlCacheBehavior [ RunTime:0.009518s ]
INFO: [ view_filter ] --END-- [ RunTime:0.009858s ]
INFO: [ app_end ] --START--
INFO: Run Behavior\ShowPageTraceBehavior [ RunTime:0.002719s ]
INFO: [ app_end ] --END-- [ RunTime:0.002926s ]

[ 2014-11-02T20:19:15+08:00 ] 127.0.0.1 /myWeb/index.php/Home/Index/index/p/2.html
INFO: [ app_init ] --START--
INFO: Run Behavior\BuildLiteBehavior [ RunTime:0.000020s ]
INFO: [ app_init ] --END-- [ RunTime:0.000815s ]
INFO: [ app_begin ] --START--
INFO: Run Behavior\ReadHtmlCacheBehavior [ RunTime:0.000815s ]
INFO: [ app_begin ] --END-- [ RunTime:0.000909s ]
NOTIC: [8192] mysql_connect(): The mysql extension is deprecated and will be removed in the future: use mysqli or PDO instead E:\xamp\htdocs\myWeb\ThinkPHP\Library\Think\Db\Driver\Mysql.class.php 第 52 行.
SQL: SHOW COLUMNS FROM `blog` [ RunTime:0.003008s ]
SQL: SELECT COUNT(*) AS tp_count FROM `blog` WHERE ( code=1 ) LIMIT 1   [ RunTime:0.000364s ]
SQL: SELECT * FROM `blog` WHERE ( code=1 ) ORDER BY time desc LIMIT 5,5   [ RunTime:0.004954s ]
INFO: [ view_parse ] --START--
INFO: [ template_filter ] --START--
INFO: Run Behavior\ContentReplaceBehavior [ RunTime:0.000106s ]
INFO: [ template_filter ] --END-- [ RunTime:0.000181s ]
INFO: Run Behavior\ParseTemplateBehavior [ RunTime:0.011394s ]
INFO: [ view_parse ] --END-- [ RunTime:0.011477s ]
INFO: [ view_filter ] --START--
INFO: Run Behavior\WriteHtmlCacheBehavior [ RunTime:0.000315s ]
INFO: [ view_filter ] --END-- [ RunTime:0.000376s ]
INFO: [ app_end ] --START--
INFO: Run Behavior\ShowPageTraceBehavior [ RunTime:0.000657s ]
INFO: [ app_end ] --END-- [ RunTime:0.000723s ]

[ 2014-11-02T20:19:20+08:00 ] 127.0.0.1 /myWeb/index.php/Home/Index/docontent/?id=8
INFO: [ app_init ] --START--
INFO: Run Behavior\BuildLiteBehavior [ RunTime:0.000023s ]
INFO: [ app_init ] --END-- [ RunTime:0.000608s ]
INFO: [ app_begin ] --START--
INFO: Run Behavior\ReadHtmlCacheBehavior [ RunTime:0.001469s ]
INFO: [ app_begin ] --END-- [ RunTime:0.001727s ]
NOTIC: [8192] mysql_connect(): The mysql extension is deprecated and will be removed in the future: use mysqli or PDO instead E:\xamp\htdocs\myWeb\ThinkPHP\Library\Think\Db\Driver\Mysql.class.php 第 52 行.
SQL: SHOW COLUMNS FROM `blog` [ RunTime:0.002174s ]
SQL: SELECT `content` FROM `blog` WHERE `id` = 8 LIMIT 1   [ RunTime:0.000552s ]
INFO: [ view_parse ] --START--
INFO: [ template_filter ] --START--
INFO: Run Behavior\ContentReplaceBehavior [ RunTime:0.000045s ]
INFO: [ template_filter ] --END-- [ RunTime:0.000091s ]
INFO: Run Behavior\ParseTemplateBehavior [ RunTime:0.062445s ]
INFO: [ view_parse ] --END-- [ RunTime:0.062500s ]
INFO: [ view_filter ] --START--
INFO: Run Behavior\WriteHtmlCacheBehavior [ RunTime:0.000167s ]
INFO: [ view_filter ] --END-- [ RunTime:0.000201s ]
INFO: [ app_end ] --START--
INFO: Run Behavior\ShowPageTraceBehavior [ RunTime:0.000670s ]
INFO: [ app_end ] --END-- [ RunTime:0.000747s ]

[ 2014-11-02T20:20:43+08:00 ] 127.0.0.1 /myWeb/index.php/Home/Index/docontent/?id=8
INFO: [ app_init ] --START--
INFO: Run Behavior\BuildLiteBehavior [ RunTime:0.000022s ]
INFO: [ app_init ] --END-- [ RunTime:0.000592s ]
INFO: [ app_begin ] --START--
INFO: Run Behavior\ReadHtmlCacheBehavior [ RunTime:0.000995s ]
INFO: [ app_begin ] --END-- [ RunTime:0.006382s ]
NOTIC: [8192] mysql_connect(): The mysql extension is deprecated and will be removed in the future: use mysqli or PDO instead E:\xamp\htdocs\myWeb\ThinkPHP\Library\Think\Db\Driver\Mysql.class.php 第 52 行.
SQL: SHOW COLUMNS FROM `blog` [ RunTime:0.002919s ]
SQL: SELECT `content` FROM `blog` WHERE `id` = 8 LIMIT 1   [ RunTime:0.000506s ]
INFO: [ view_parse ] --START--
INFO: [ template_filter ] --START--
INFO: Run Behavior\ContentReplaceBehavior [ RunTime:0.000049s ]
INFO: [ template_filter ] --END-- [ RunTime:0.000103s ]
INFO: Run Behavior\ParseTemplateBehavior [ RunTime:0.009900s ]
INFO: [ view_parse ] --END-- [ RunTime:0.009959s ]
INFO: [ view_filter ] --START--
INFO: Run Behavior\WriteHtmlCacheBehavior [ RunTime:0.000298s ]
INFO: [ view_filter ] --END-- [ RunTime:0.000336s ]
INFO: [ app_end ] --START--
INFO: Run Behavior\ShowPageTraceBehavior [ RunTime:0.000587s ]
INFO: [ app_end ] --END-- [ RunTime:0.000652s ]

[ 2014-11-02T20:21:02+08:00 ] 127.0.0.1 /myWeb/index.php/Home/Index/index/p/2.html
INFO: [ app_init ] --START--
INFO: Run Behavior\BuildLiteBehavior [ RunTime:0.000034s ]
INFO: [ app_init ] --END-- [ RunTime:0.001010s ]
INFO: [ app_begin ] --START--
INFO: Run Behavior\ReadHtmlCacheBehavior [ RunTime:0.002520s ]
INFO: [ app_begin ] --END-- [ RunTime:0.002759s ]
NOTIC: [8192] mysql_connect(): The mysql extension is deprecated and will be removed in the future: use mysqli or PDO instead E:\xamp\htdocs\myWeb\ThinkPHP\Library\Think\Db\Driver\Mysql.class.php 第 52 行.
SQL: SHOW COLUMNS FROM `blog` [ RunTime:0.003219s ]
SQL: SELECT COUNT(*) AS tp_count FROM `blog` WHERE ( code=1 ) LIMIT 1   [ RunTime:0.000430s ]
SQL: SELECT * FROM `blog` WHERE ( code=1 ) ORDER BY time desc LIMIT 5,5   [ RunTime:0.000910s ]
INFO: [ view_parse ] --START--
INFO: [ template_filter ] --START--
INFO: Run Behavior\ContentReplaceBehavior [ RunTime:0.000099s ]
INFO: [ template_filter ] --END-- [ RunTime:0.000176s ]
INFO: Run Behavior\ParseTemplateBehavior [ RunTime:0.012980s ]
INFO: [ view_parse ] --END-- [ RunTime:0.013065s ]
INFO: [ view_filter ] --START--
INFO: Run Behavior\WriteHtmlCacheBehavior [ RunTime:0.000497s ]
INFO: [ view_filter ] --END-- [ RunTime:0.000573s ]
INFO: [ app_end ] --START--
INFO: Run Behavior\ShowPageTraceBehavior [ RunTime:0.000789s ]
INFO: [ app_end ] --END-- [ RunTime:0.000859s ]

[ 2014-11-02T20:21:11+08:00 ] 127.0.0.1 /myWeb/
INFO: [ app_init ] --START--
INFO: Run Behavior\BuildLiteBehavior [ RunTime:0.000019s ]
INFO: [ app_init ] --END-- [ RunTime:0.000496s ]
INFO: [ app_begin ] --START--
INFO: Run Behavior\ReadHtmlCacheBehavior [ RunTime:0.000670s ]
INFO: [ app_begin ] --END-- [ RunTime:0.000750s ]
NOTIC: [8192] mysql_connect(): The mysql extension is deprecated and will be removed in the future: use mysqli or PDO instead E:\xamp\htdocs\myWeb\ThinkPHP\Library\Think\Db\Driver\Mysql.class.php 第 52 行.
SQL: SHOW COLUMNS FROM `blog` [ RunTime:0.001866s ]
SQL: SELECT COUNT(*) AS tp_count FROM `blog` WHERE ( code=1 ) LIMIT 1   [ RunTime:0.000272s ]
SQL: SELECT * FROM `blog` WHERE ( code=1 ) ORDER BY time desc LIMIT 0,5   [ RunTime:0.000469s ]
INFO: [ view_parse ] --START--
INFO: [ template_filter ] --START--
INFO: Run Behavior\ContentReplaceBehavior [ RunTime:0.000052s ]
INFO: [ template_filter ] --END-- [ RunTime:0.000095s ]
INFO: Run Behavior\ParseTemplateBehavior [ RunTime:0.006516s ]
INFO: [ view_parse ] --END-- [ RunTime:0.006569s ]
INFO: [ view_filter ] --START--
INFO: Run Behavior\WriteHtmlCacheBehavior [ RunTime:0.000166s ]
INFO: [ view_filter ] --END-- [ RunTime:0.000200s ]
INFO: [ app_end ] --START--
INFO: Run Behavior\ShowPageTraceBehavior [ RunTime:0.000345s ]
INFO: [ app_end ] --END-- [ RunTime:0.000381s ]

