[ 2014-11-23T21:07:50+08:00 ] ::1 /myWeb/
INFO: [ app_init ] --START--
INFO: Run Behavior\BuildLiteBehavior [ RunTime:0.000040s ]
INFO: [ app_init ] --END-- [ RunTime:0.002045s ]
INFO: [ app_begin ] --START--
INFO: Run Behavior\ReadHtmlCacheBehavior [ RunTime:0.003345s ]
INFO: [ app_begin ] --END-- [ RunTime:0.003519s ]
NOTIC: [8192] mysql_connect(): The mysql extension is deprecated and will be removed in the future: use mysqli or PDO instead E:\xamp\htdocs\myWeb\ThinkPHP\Library\Think\Db\Driver\Mysql.class.php 第 52 行.
SQL: SHOW COLUMNS FROM `blog` [ RunTime:0.028412s ]
SQL: SELECT COUNT(*) AS tp_count FROM `blog` WHERE ( code=1 ) LIMIT 1   [ RunTime:0.016870s ]
SQL: SELECT * FROM `blog` WHERE ( code=1 ) ORDER BY time desc LIMIT 0,5   [ RunTime:0.001734s ]
INFO: [ view_parse ] --START--
INFO: [ template_filter ] --START--
INFO: Run Behavior\ContentReplaceBehavior [ RunTime:0.000255s ]
INFO: [ template_filter ] --END-- [ RunTime:0.000473s ]
INFO: Run Behavior\ParseTemplateBehavior [ RunTime:0.039080s ]
INFO: [ view_parse ] --END-- [ RunTime:0.039274s ]
INFO: [ view_filter ] --START--
INFO: Run Behavior\WriteHtmlCacheBehavior [ RunTime:0.005562s ]
INFO: [ view_filter ] --END-- [ RunTime:0.005702s ]
INFO: [ app_end ] --START--
INFO: Run Behavior\ShowPageTraceBehavior [ RunTime:0.005818s ]
INFO: [ app_end ] --END-- [ RunTime:0.005958s ]

[ 2014-11-23T21:07:53+08:00 ] ::1 /myWeb/index.php/Home/Android/index
INFO: [ app_init ] --START--
INFO: Run Behavior\BuildLiteBehavior [ RunTime:0.000012s ]
INFO: [ app_init ] --END-- [ RunTime:0.000332s ]
INFO: [ app_begin ] --START--
INFO: Run Behavior\ReadHtmlCacheBehavior [ RunTime:0.000804s ]
INFO: [ app_begin ] --END-- [ RunTime:0.000874s ]
NOTIC: [8192] mysql_connect(): The mysql extension is deprecated and will be removed in the future: use mysqli or PDO instead E:\xamp\htdocs\myWeb\ThinkPHP\Library\Think\Db\Driver\Mysql.class.php 第 52 行.
SQL: SHOW COLUMNS FROM `dialog` [ RunTime:0.053682s ]
SQL: SELECT * FROM `dialog` WHERE ( id=1 ) LIMIT 1   [ RunTime:0.009183s ]
INFO: [ view_parse ] --START--
INFO: [ template_filter ] --START--
INFO: Run Behavior\ContentReplaceBehavior [ RunTime:0.000062s ]
INFO: [ template_filter ] --END-- [ RunTime:0.000115s ]
INFO: Run Behavior\ParseTemplateBehavior [ RunTime:0.008705s ]
INFO: [ view_parse ] --END-- [ RunTime:0.008767s ]
INFO: [ view_filter ] --START--
INFO: Run Behavior\WriteHtmlCacheBehavior [ RunTime:0.000426s ]
INFO: [ view_filter ] --END-- [ RunTime:0.000466s ]
INFO: [ app_end ] --START--
INFO: Run Behavior\ShowPageTraceBehavior [ RunTime:0.000627s ]
INFO: [ app_end ] --END-- [ RunTime:0.000681s ]

[ 2014-11-23T21:08:04+08:00 ] ::1 /myWeb/index.php/Home/Android/doGet
INFO: [ app_init ] --START--
INFO: Run Behavior\BuildLiteBehavior [ RunTime:0.000013s ]
INFO: [ app_init ] --END-- [ RunTime:0.000406s ]
INFO: [ app_begin ] --START--
INFO: Run Behavior\ReadHtmlCacheBehavior [ RunTime:0.000635s ]
INFO: [ app_begin ] --END-- [ RunTime:0.000683s ]
NOTIC: [2] file_get_contents(http://www.tuling123.com/openapi/api?key=2926a7182d3be0d8623c57f7d5931869&amp;info=fuck off): failed to open stream: HTTP request failed! {&quot;code&quot;:100000,&quot;text&quot;:&quot;请文明用语，，，，，&quot;} E:\xamp\htdocs\myWeb\Application\Home\Controller\AndroidController.class.php 第 24 行.
NOTIC: [8] Trying to get property of non-object E:\xamp\htdocs\myWeb\Application\Home\Controller\AndroidController.class.php 第 28 行.
NOTIC: [8192] mysql_connect(): The mysql extension is deprecated and will be removed in the future: use mysqli or PDO instead E:\xamp\htdocs\myWeb\ThinkPHP\Library\Think\Db\Driver\Mysql.class.php 第 52 行.
SQL: SHOW COLUMNS FROM `dialog` [ RunTime:0.003543s ]
SQL: SELECT * FROM `dialog` WHERE ( id=1 ) LIMIT 1   [ RunTime:0.000412s ]
SQL: UPDATE `dialog` SET `html`='<div class = \'zero\'><span class=\'glyphicon glyphicon-eye-open zero_icon\'></span>您好！我是小泽！可爱的你有什么烦恼呢？</div><div class = \'user\'><div class = \'user_c\'>fuck off<span class=\'glyphicon glyphicon-user zero_icon\'></span></div></div><div class = \'zero\'>\r\n			<span class=\'glyphicon glyphicon-eye-open zero_icon\'></span></div>' WHERE `id` = 1 [ RunTime:0.000705s ]

[ 2014-11-23T21:08:04+08:00 ] ::1 /myWeb/index.php/Home/Android/index.html
INFO: [ app_init ] --START--
INFO: Run Behavior\BuildLiteBehavior [ RunTime:0.000011s ]
INFO: [ app_init ] --END-- [ RunTime:0.000380s ]
INFO: [ app_begin ] --START--
INFO: Run Behavior\ReadHtmlCacheBehavior [ RunTime:0.000563s ]
INFO: [ app_begin ] --END-- [ RunTime:0.000609s ]
NOTIC: [8192] mysql_connect(): The mysql extension is deprecated and will be removed in the future: use mysqli or PDO instead E:\xamp\htdocs\myWeb\ThinkPHP\Library\Think\Db\Driver\Mysql.class.php 第 52 行.
SQL: SHOW COLUMNS FROM `dialog` [ RunTime:0.002524s ]
SQL: SELECT * FROM `dialog` WHERE ( id=1 ) LIMIT 1   [ RunTime:0.000279s ]
INFO: [ view_parse ] --START--
INFO: [ template_filter ] --START--
INFO: Run Behavior\ContentReplaceBehavior [ RunTime:0.000055s ]
INFO: [ template_filter ] --END-- [ RunTime:0.000145s ]
INFO: Run Behavior\ParseTemplateBehavior [ RunTime:0.007445s ]
INFO: [ view_parse ] --END-- [ RunTime:0.007490s ]
INFO: [ view_filter ] --START--
INFO: Run Behavior\WriteHtmlCacheBehavior [ RunTime:0.000370s ]
INFO: [ view_filter ] --END-- [ RunTime:0.000418s ]
INFO: [ app_end ] --START--
INFO: Run Behavior\ShowPageTraceBehavior [ RunTime:0.000584s ]
INFO: [ app_end ] --END-- [ RunTime:0.000622s ]

[ 2014-11-23T21:08:13+08:00 ] ::1 /myWeb/index.php/Home/Android/doGet
INFO: [ app_init ] --START--
INFO: Run Behavior\BuildLiteBehavior [ RunTime:0.000023s ]
INFO: [ app_init ] --END-- [ RunTime:0.000844s ]
INFO: [ app_begin ] --START--
INFO: Run Behavior\ReadHtmlCacheBehavior [ RunTime:0.000846s ]
INFO: [ app_begin ] --END-- [ RunTime:0.000917s ]
NOTIC: [8192] mysql_connect(): The mysql extension is deprecated and will be removed in the future: use mysqli or PDO instead E:\xamp\htdocs\myWeb\ThinkPHP\Library\Think\Db\Driver\Mysql.class.php 第 52 行.
SQL: SHOW COLUMNS FROM `dialog` [ RunTime:0.001882s ]
SQL: SELECT * FROM `dialog` WHERE ( id=1 ) LIMIT 1   [ RunTime:0.000240s ]
SQL: UPDATE `dialog` SET `html`='<div class = \'zero\'><span class=\'glyphicon glyphicon-eye-open zero_icon\'></span>您好！我是小泽！可爱的你有什么烦恼呢？</div><div class = \'user\'><div class = \'user_c\'>fuck off<span class=\'glyphicon glyphicon-user zero_icon\'></span></div></div><div class = \'zero\'>\r\n			<span class=\'glyphicon glyphicon-eye-open zero_icon\'></span></div><div class = \'user\'><div class = \'user_c\'>怎么了？<span class=\'glyphicon glyphicon-user zero_icon\'></span></div></div><div class = \'zero\'>\r\n			<span class=\'glyphicon glyphicon-eye-open zero_icon\'></span>额，没有什么啊，呵呵</div>' WHERE `id` = 1 [ RunTime:0.000312s ]

[ 2014-11-23T21:08:13+08:00 ] ::1 /myWeb/index.php/Home/Android/index.html
INFO: [ app_init ] --START--
INFO: Run Behavior\BuildLiteBehavior [ RunTime:0.000012s ]
INFO: [ app_init ] --END-- [ RunTime:0.000338s ]
INFO: [ app_begin ] --START--
INFO: Run Behavior\ReadHtmlCacheBehavior [ RunTime:0.000531s ]
INFO: [ app_begin ] --END-- [ RunTime:0.000575s ]
NOTIC: [8192] mysql_connect(): The mysql extension is deprecated and will be removed in the future: use mysqli or PDO instead E:\xamp\htdocs\myWeb\ThinkPHP\Library\Think\Db\Driver\Mysql.class.php 第 52 行.
SQL: SHOW COLUMNS FROM `dialog` [ RunTime:0.002070s ]
SQL: SELECT * FROM `dialog` WHERE ( id=1 ) LIMIT 1   [ RunTime:0.000265s ]
INFO: [ view_parse ] --START--
INFO: [ template_filter ] --START--
INFO: Run Behavior\ContentReplaceBehavior [ RunTime:0.000071s ]
INFO: [ template_filter ] --END-- [ RunTime:0.000121s ]
INFO: Run Behavior\ParseTemplateBehavior [ RunTime:0.007013s ]
INFO: [ view_parse ] --END-- [ RunTime:0.007062s ]
INFO: [ view_filter ] --START--
INFO: Run Behavior\WriteHtmlCacheBehavior [ RunTime:0.000361s ]
INFO: [ view_filter ] --END-- [ RunTime:0.000397s ]
INFO: [ app_end ] --START--
INFO: Run Behavior\ShowPageTraceBehavior [ RunTime:0.000574s ]
INFO: [ app_end ] --END-- [ RunTime:0.000649s ]

[ 2014-11-23T21:08:31+08:00 ] ::1 /myWeb/index.php/Home/Android/doGet
INFO: [ app_init ] --START--
INFO: Run Behavior\BuildLiteBehavior [ RunTime:0.000028s ]
INFO: [ app_init ] --END-- [ RunTime:0.000811s ]
INFO: [ app_begin ] --START--
INFO: Run Behavior\ReadHtmlCacheBehavior [ RunTime:0.001122s ]
INFO: [ app_begin ] --END-- [ RunTime:0.001244s ]
NOTIC: [8192] mysql_connect(): The mysql extension is deprecated and will be removed in the future: use mysqli or PDO instead E:\xamp\htdocs\myWeb\ThinkPHP\Library\Think\Db\Driver\Mysql.class.php 第 52 行.
SQL: SHOW COLUMNS FROM `dialog` [ RunTime:0.003922s ]
SQL: SELECT * FROM `dialog` WHERE ( id=1 ) LIMIT 1   [ RunTime:0.000389s ]
SQL: UPDATE `dialog` SET `html`='<div class = \'zero\'><span class=\'glyphicon glyphicon-eye-open zero_icon\'></span>您好！我是小泽！可爱的你有什么烦恼呢？</div><div class = \'user\'><div class = \'user_c\'>fuck off<span class=\'glyphicon glyphicon-user zero_icon\'></span></div></div><div class = \'zero\'>\r\n			<span class=\'glyphicon glyphicon-eye-open zero_icon\'></span></div><div class = \'user\'><div class = \'user_c\'>怎么了？<span class=\'glyphicon glyphicon-user zero_icon\'></span></div></div><div class = \'zero\'>\r\n			<span class=\'glyphicon glyphicon-eye-open zero_icon\'></span>额，没有什么啊，呵呵</div><div class = \'user\'><div class = \'user_c\'>为什么不回复我？<span class=\'glyphicon glyphicon-user zero_icon\'></span></div></div><div class = \'zero\'>\r\n			<span class=\'glyphicon glyphicon-eye-open zero_icon\'></span>你要把提问描述清楚。这样回答的人才多，回答的才精准。 要不然大家也不知道如何来回答</div>' WHERE `id` = 1 [ RunTime:0.000413s ]

[ 2014-11-23T21:08:31+08:00 ] ::1 /myWeb/index.php/Home/Android/index.html
INFO: [ app_init ] --START--
INFO: Run Behavior\BuildLiteBehavior [ RunTime:0.000022s ]
INFO: [ app_init ] --END-- [ RunTime:0.000387s ]
INFO: [ app_begin ] --START--
INFO: Run Behavior\ReadHtmlCacheBehavior [ RunTime:0.000546s ]
INFO: [ app_begin ] --END-- [ RunTime:0.000602s ]
NOTIC: [8192] mysql_connect(): The mysql extension is deprecated and will be removed in the future: use mysqli or PDO instead E:\xamp\htdocs\myWeb\ThinkPHP\Library\Think\Db\Driver\Mysql.class.php 第 52 行.
SQL: SHOW COLUMNS FROM `dialog` [ RunTime:0.002149s ]
SQL: SELECT * FROM `dialog` WHERE ( id=1 ) LIMIT 1   [ RunTime:0.000210s ]
INFO: [ view_parse ] --START--
INFO: [ template_filter ] --START--
INFO: Run Behavior\ContentReplaceBehavior [ RunTime:0.000055s ]
INFO: [ template_filter ] --END-- [ RunTime:0.000100s ]
INFO: Run Behavior\ParseTemplateBehavior [ RunTime:0.007490s ]
INFO: [ view_parse ] --END-- [ RunTime:0.007576s ]
INFO: [ view_filter ] --START--
INFO: Run Behavior\WriteHtmlCacheBehavior [ RunTime:0.000346s ]
INFO: [ view_filter ] --END-- [ RunTime:0.000380s ]
INFO: [ app_end ] --START--
INFO: Run Behavior\ShowPageTraceBehavior [ RunTime:0.000573s ]
INFO: [ app_end ] --END-- [ RunTime:0.000611s ]

[ 2014-11-23T21:08:47+08:00 ] ::1 /myWeb/index.php/Home/Android/doGet
INFO: [ app_init ] --START--
INFO: Run Behavior\BuildLiteBehavior [ RunTime:0.000011s ]
INFO: [ app_init ] --END-- [ RunTime:0.000342s ]
INFO: [ app_begin ] --START--
INFO: Run Behavior\ReadHtmlCacheBehavior [ RunTime:0.000550s ]
INFO: [ app_begin ] --END-- [ RunTime:0.000596s ]
NOTIC: [8192] mysql_connect(): The mysql extension is deprecated and will be removed in the future: use mysqli or PDO instead E:\xamp\htdocs\myWeb\ThinkPHP\Library\Think\Db\Driver\Mysql.class.php 第 52 行.
SQL: SHOW COLUMNS FROM `dialog` [ RunTime:0.005014s ]
SQL: SELECT * FROM `dialog` WHERE ( id=1 ) LIMIT 1   [ RunTime:0.000600s ]
SQL: UPDATE `dialog` SET `html`='<div class = \'zero\'><span class=\'glyphicon glyphicon-eye-open zero_icon\'></span>您好！我是小泽！可爱的你有什么烦恼呢？</div><div class = \'user\'><div class = \'user_c\'>fuck off<span class=\'glyphicon glyphicon-user zero_icon\'></span></div></div><div class = \'zero\'>\r\n			<span class=\'glyphicon glyphicon-eye-open zero_icon\'></span></div><div class = \'user\'><div class = \'user_c\'>怎么了？<span class=\'glyphicon glyphicon-user zero_icon\'></span></div></div><div class = \'zero\'>\r\n			<span class=\'glyphicon glyphicon-eye-open zero_icon\'></span>额，没有什么啊，呵呵</div><div class = \'user\'><div class = \'user_c\'>为什么不回复我？<span class=\'glyphicon glyphicon-user zero_icon\'></span></div></div><div class = \'zero\'>\r\n			<span class=\'glyphicon glyphicon-eye-open zero_icon\'></span>你要把提问描述清楚。这样回答的人才多，回答的才精准。 要不然大家也不知道如何来回答</div><div class = \'user\'><div class = \'user_c\'>原来是这样啊<span class=\'glyphicon glyphicon-user zero_icon\'></span></div></div><div class = \'zero\'>\r\n			<span class=\'glyphicon glyphicon-eye-open zero_icon\'></span>你说来就来啊，你谁啊</div>' WHERE `id` = 1 [ RunTime:0.000711s ]

[ 2014-11-23T21:08:47+08:00 ] ::1 /myWeb/index.php/Home/Android/index.html
INFO: [ app_init ] --START--
INFO: Run Behavior\BuildLiteBehavior [ RunTime:0.000022s ]
INFO: [ app_init ] --END-- [ RunTime:0.000631s ]
INFO: [ app_begin ] --START--
INFO: Run Behavior\ReadHtmlCacheBehavior [ RunTime:0.001107s ]
INFO: [ app_begin ] --END-- [ RunTime:0.001199s ]
NOTIC: [8192] mysql_connect(): The mysql extension is deprecated and will be removed in the future: use mysqli or PDO instead E:\xamp\htdocs\myWeb\ThinkPHP\Library\Think\Db\Driver\Mysql.class.php 第 52 行.
SQL: SHOW COLUMNS FROM `dialog` [ RunTime:0.002755s ]
SQL: SELECT * FROM `dialog` WHERE ( id=1 ) LIMIT 1   [ RunTime:0.000341s ]
INFO: [ view_parse ] --START--
INFO: [ template_filter ] --START--
INFO: Run Behavior\ContentReplaceBehavior [ RunTime:0.000167s ]
INFO: [ template_filter ] --END-- [ RunTime:0.000255s ]
INFO: Run Behavior\ParseTemplateBehavior [ RunTime:0.012912s ]
INFO: [ view_parse ] --END-- [ RunTime:0.012998s ]
INFO: [ view_filter ] --START--
INFO: Run Behavior\WriteHtmlCacheBehavior [ RunTime:0.000857s ]
INFO: [ view_filter ] --END-- [ RunTime:0.000942s ]
INFO: [ app_end ] --START--
INFO: Run Behavior\ShowPageTraceBehavior [ RunTime:0.001289s ]
INFO: [ app_end ] --END-- [ RunTime:0.001384s ]

[ 2014-11-23T21:08:55+08:00 ] ::1 /myWeb/index.php/Home/Android/initialize?
INFO: [ app_init ] --START--
INFO: Run Behavior\BuildLiteBehavior [ RunTime:0.000012s ]
INFO: [ app_init ] --END-- [ RunTime:0.000339s ]
INFO: [ app_begin ] --START--
INFO: Run Behavior\ReadHtmlCacheBehavior [ RunTime:0.000568s ]
INFO: [ app_begin ] --END-- [ RunTime:0.000614s ]
NOTIC: [8192] mysql_connect(): The mysql extension is deprecated and will be removed in the future: use mysqli or PDO instead E:\xamp\htdocs\myWeb\ThinkPHP\Library\Think\Db\Driver\Mysql.class.php 第 52 行.
SQL: SHOW COLUMNS FROM `dialog` [ RunTime:0.002216s ]
SQL: SELECT * FROM `dialog` WHERE ( id=1 ) LIMIT 1   [ RunTime:0.000180s ]
SQL: UPDATE `dialog` SET `html`='<div class = \'zero\'><span class=\'glyphicon glyphicon-eye-open zero_icon\'></span>您好！我是小泽！可爱的你有什么烦恼呢？</div>' WHERE `id` = 1 [ RunTime:0.000174s ]

[ 2014-11-23T21:08:55+08:00 ] ::1 /myWeb/index.php/Home/Android/index.html
INFO: [ app_init ] --START--
INFO: Run Behavior\BuildLiteBehavior [ RunTime:0.000012s ]
INFO: [ app_init ] --END-- [ RunTime:0.000331s ]
INFO: [ app_begin ] --START--
INFO: Run Behavior\ReadHtmlCacheBehavior [ RunTime:0.000557s ]
INFO: [ app_begin ] --END-- [ RunTime:0.000605s ]
NOTIC: [8192] mysql_connect(): The mysql extension is deprecated and will be removed in the future: use mysqli or PDO instead E:\xamp\htdocs\myWeb\ThinkPHP\Library\Think\Db\Driver\Mysql.class.php 第 52 行.
SQL: SHOW COLUMNS FROM `dialog` [ RunTime:0.006608s ]
SQL: SELECT * FROM `dialog` WHERE ( id=1 ) LIMIT 1   [ RunTime:0.000231s ]
INFO: [ view_parse ] --START--
INFO: [ template_filter ] --START--
INFO: Run Behavior\ContentReplaceBehavior [ RunTime:0.000097s ]
INFO: [ template_filter ] --END-- [ RunTime:0.000153s ]
INFO: Run Behavior\ParseTemplateBehavior [ RunTime:0.007244s ]
INFO: [ view_parse ] --END-- [ RunTime:0.007299s ]
INFO: [ view_filter ] --START--
INFO: Run Behavior\WriteHtmlCacheBehavior [ RunTime:0.000418s ]
INFO: [ view_filter ] --END-- [ RunTime:0.000453s ]
INFO: [ app_end ] --START--
INFO: Run Behavior\ShowPageTraceBehavior [ RunTime:0.000577s ]
INFO: [ app_end ] --END-- [ RunTime:0.000615s ]

[ 2014-11-23T21:08:58+08:00 ] ::1 /myWeb/index.php/Home/Album/index
INFO: [ app_init ] --START--
INFO: Run Behavior\BuildLiteBehavior [ RunTime:0.000012s ]
INFO: [ app_init ] --END-- [ RunTime:0.000473s ]
INFO: [ app_begin ] --START--
INFO: Run Behavior\ReadHtmlCacheBehavior [ RunTime:0.000550s ]
INFO: [ app_begin ] --END-- [ RunTime:0.000595s ]
INFO: [ view_parse ] --START--
INFO: [ template_filter ] --START--
INFO: Run Behavior\ContentReplaceBehavior [ RunTime:0.000065s ]
INFO: [ template_filter ] --END-- [ RunTime:0.000123s ]
INFO: Run Behavior\ParseTemplateBehavior [ RunTime:0.008310s ]
INFO: [ view_parse ] --END-- [ RunTime:0.008361s ]
INFO: [ view_filter ] --START--
INFO: Run Behavior\WriteHtmlCacheBehavior [ RunTime:0.000420s ]
INFO: [ view_filter ] --END-- [ RunTime:0.000459s ]
INFO: [ app_end ] --START--
INFO: Run Behavior\ShowPageTraceBehavior [ RunTime:0.000664s ]
INFO: [ app_end ] --END-- [ RunTime:0.000707s ]

[ 2014-11-23T21:20:36+08:00 ] ::1 /myWeb/index.php/Home/Index/index
INFO: [ app_init ] --START--
INFO: Run Behavior\BuildLiteBehavior [ RunTime:0.000011s ]
INFO: [ app_init ] --END-- [ RunTime:0.000380s ]
INFO: [ app_begin ] --START--
INFO: Run Behavior\ReadHtmlCacheBehavior [ RunTime:0.000647s ]
INFO: [ app_begin ] --END-- [ RunTime:0.000693s ]
NOTIC: [8192] mysql_connect(): The mysql extension is deprecated and will be removed in the future: use mysqli or PDO instead E:\xamp\htdocs\myWeb\ThinkPHP\Library\Think\Db\Driver\Mysql.class.php 第 52 行.
SQL: SHOW COLUMNS FROM `blog` [ RunTime:0.002524s ]
SQL: SELECT COUNT(*) AS tp_count FROM `blog` WHERE ( code=1 ) LIMIT 1   [ RunTime:0.000381s ]
SQL: SELECT * FROM `blog` WHERE ( code=1 ) ORDER BY time desc LIMIT 0,5   [ RunTime:0.000620s ]
INFO: [ view_parse ] --START--
INFO: [ template_filter ] --START--
INFO: Run Behavior\ContentReplaceBehavior [ RunTime:0.000055s ]
INFO: [ template_filter ] --END-- [ RunTime:0.000102s ]
INFO: Run Behavior\ParseTemplateBehavior [ RunTime:0.008504s ]
INFO: [ view_parse ] --END-- [ RunTime:0.008567s ]
INFO: [ view_filter ] --START--
INFO: Run Behavior\WriteHtmlCacheBehavior [ RunTime:0.000400s ]
INFO: [ view_filter ] --END-- [ RunTime:0.000436s ]
INFO: [ app_end ] --START--
INFO: Run Behavior\ShowPageTraceBehavior [ RunTime:0.000591s ]
INFO: [ app_end ] --END-- [ RunTime:0.000642s ]

[ 2014-11-23T21:20:40+08:00 ] ::1 /myWeb/index.php/Home/Index/index/p/2.html
INFO: [ app_init ] --START--
INFO: Run Behavior\BuildLiteBehavior [ RunTime:0.000012s ]
INFO: [ app_init ] --END-- [ RunTime:0.000341s ]
INFO: [ app_begin ] --START--
INFO: Run Behavior\ReadHtmlCacheBehavior [ RunTime:0.000559s ]
INFO: [ app_begin ] --END-- [ RunTime:0.000619s ]
NOTIC: [8192] mysql_connect(): The mysql extension is deprecated and will be removed in the future: use mysqli or PDO instead E:\xamp\htdocs\myWeb\ThinkPHP\Library\Think\Db\Driver\Mysql.class.php 第 52 行.
SQL: SHOW COLUMNS FROM `blog` [ RunTime:0.002586s ]
SQL: SELECT COUNT(*) AS tp_count FROM `blog` WHERE ( code=1 ) LIMIT 1   [ RunTime:0.000352s ]
SQL: SELECT * FROM `blog` WHERE ( code=1 ) ORDER BY time desc LIMIT 5,5   [ RunTime:0.000765s ]
INFO: [ view_parse ] --START--
INFO: [ template_filter ] --START--
INFO: Run Behavior\ContentReplaceBehavior [ RunTime:0.000055s ]
INFO: [ template_filter ] --END-- [ RunTime:0.000101s ]
INFO: Run Behavior\ParseTemplateBehavior [ RunTime:0.008983s ]
INFO: [ view_parse ] --END-- [ RunTime:0.009056s ]
INFO: [ view_filter ] --START--
INFO: Run Behavior\WriteHtmlCacheBehavior [ RunTime:0.000827s ]
INFO: [ view_filter ] --END-- [ RunTime:0.000927s ]
INFO: [ app_end ] --START--
INFO: Run Behavior\ShowPageTraceBehavior [ RunTime:0.000619s ]
INFO: [ app_end ] --END-- [ RunTime:0.000661s ]

[ 2014-11-23T21:20:48+08:00 ] ::1 /myWeb/index.php/Home/Index/docontent/?id=8
INFO: [ app_init ] --START--
INFO: Run Behavior\BuildLiteBehavior [ RunTime:0.000079s ]
INFO: [ app_init ] --END-- [ RunTime:0.001280s ]
INFO: [ app_begin ] --START--
INFO: Run Behavior\ReadHtmlCacheBehavior [ RunTime:0.000564s ]
INFO: [ app_begin ] --END-- [ RunTime:0.000623s ]
NOTIC: [8192] mysql_connect(): The mysql extension is deprecated and will be removed in the future: use mysqli or PDO instead E:\xamp\htdocs\myWeb\ThinkPHP\Library\Think\Db\Driver\Mysql.class.php 第 52 行.
SQL: SHOW COLUMNS FROM `blog` [ RunTime:0.002858s ]
SQL: SELECT `content` FROM `blog` WHERE `id` = 8 LIMIT 1   [ RunTime:0.000461s ]
INFO: [ view_parse ] --START--
INFO: [ template_filter ] --START--
INFO: Run Behavior\ContentReplaceBehavior [ RunTime:0.000047s ]
INFO: [ template_filter ] --END-- [ RunTime:0.000106s ]
INFO: Run Behavior\ParseTemplateBehavior [ RunTime:0.006808s ]
INFO: [ view_parse ] --END-- [ RunTime:0.006890s ]
INFO: [ view_filter ] --START--
INFO: Run Behavior\WriteHtmlCacheBehavior [ RunTime:0.000419s ]
INFO: [ view_filter ] --END-- [ RunTime:0.000454s ]
INFO: [ app_end ] --START--
INFO: Run Behavior\ShowPageTraceBehavior [ RunTime:0.000908s ]
INFO: [ app_end ] --END-- [ RunTime:0.000965s ]

